16.06.17 12:10:16 vkbitrix24@gmail.com Вызван метод: crm.dealcategory.stage.list с параметрами: {"auth":"uwine55hlozsq6q0vp7rctxyw3xrbnbm"} 
16.06.17 12:10:16 vkbitrix24@gmail.com Вызван метод: user.get с параметрами: {"auth":"uwine55hlozsq6q0vp7rctxyw3xrbnbm","order":"ASC","filter":{"ACTIVE":"1"},"start":0} 
16.06.17 12:10:29 vkbitrix24@gmail.com Вызван метод: user.current с параметрами: {"auth":"feh2nnalph0oz4y3bkduru7u32zhqog9"} 
16.06.17 12:10:29 vkbitrix24@gmail.com Вызван метод: crm.dealcategory.stage.list с параметрами: {"auth":"feh2nnalph0oz4y3bkduru7u32zhqog9"} 
16.06.17 12:10:29 vkbitrix24@gmail.com Вызван метод: user.get с параметрами: {"auth":"feh2nnalph0oz4y3bkduru7u32zhqog9","order":"ASC","filter":{"ACTIVE":"1"},"start":0} 
16.06.17 12:12:59 vkbitrix24@gmail.com Вызван метод: user.current с параметрами: {"auth":"u8gd73dxnj5kh1g2w01cywv3ouikpar2"} 
16.06.17 12:13:00 vkbitrix24@gmail.com Вызван метод: crm.dealcategory.stage.list с параметрами: {"auth":"u8gd73dxnj5kh1g2w01cywv3ouikpar2"} 
16.06.17 12:13:01 vkbitrix24@gmail.com Вызван метод: user.get с параметрами: {"auth":"u8gd73dxnj5kh1g2w01cywv3ouikpar2","order":"ASC","filter":{"ACTIVE":"1"},"start":0} 
16.06.17 12:50:05 vkbitrix24@gmail.com Вызван метод: user.current с параметрами: {"auth":"l1q4en3p66cvjkp4ppjfpbc9y2vdbzt5"} 
16.06.17 12:50:06 vkbitrix24@gmail.com Вызван метод: crm.dealcategory.stage.list с параметрами: {"auth":"l1q4en3p66cvjkp4ppjfpbc9y2vdbzt5"} 
16.06.17 12:50:06 vkbitrix24@gmail.com Вызван метод: user.get с параметрами: {"auth":"l1q4en3p66cvjkp4ppjfpbc9y2vdbzt5","order":"ASC","filter":{"ACTIVE":"1"},"start":0} 
16.06.17 13:14:05 vkbitrix24@gmail.com Вызван метод: user.current с параметрами: {"auth":"fs6w8qpzapberqb3atgaoz2u45v8u6fh"} 
16.06.17 13:14:06 vkbitrix24@gmail.com Вызван метод: crm.dealcategory.stage.list с параметрами: {"auth":"fs6w8qpzapberqb3atgaoz2u45v8u6fh"} 
16.06.17 13:14:06 vkbitrix24@gmail.com Вызван метод: user.get с параметрами: {"auth":"fs6w8qpzapberqb3atgaoz2u45v8u6fh","order":"ASC","filter":{"ACTIVE":"1"},"start":0} 
16.06.17 14:12:36 vkbitrix24@gmail.com Вызван метод: user.current с параметрами: {"auth":"mibvbnlwtmvaumkl4xs2ml1gna1hbtqd"} 
16.06.17 14:12:37 vkbitrix24@gmail.com Вызван метод: crm.dealcategory.stage.list с параметрами: {"auth":"mibvbnlwtmvaumkl4xs2ml1gna1hbtqd"} 
16.06.17 14:12:37 vkbitrix24@gmail.com Вызван метод: user.get с параметрами: {"auth":"mibvbnlwtmvaumkl4xs2ml1gna1hbtqd","order":"ASC","filter":{"ACTIVE":"1"},"start":0} 
16.06.17 14:52:05 vkbitrix24@gmail.com Вызван метод: user.current с параметрами: {"auth":"n1ds38ie7wbtcqu3zuyh5c70ub21d8aj"} 
16.06.17 14:52:05 vkbitrix24@gmail.com Вызван метод: crm.dealcategory.stage.list с параметрами: {"auth":"n1ds38ie7wbtcqu3zuyh5c70ub21d8aj"} 
16.06.17 14:52:06 vkbitrix24@gmail.com Вызван метод: user.get с параметрами: {"auth":"n1ds38ie7wbtcqu3zuyh5c70ub21d8aj","order":"ASC","filter":{"ACTIVE":"1"},"start":0} 
16.06.17 14:52:38 vkbitrix24@gmail.com Вызван метод: user.current с параметрами: {"auth":"9m5fvs4we7bo0v9wwvrs1dytv63sibot"} 
16.06.17 14:52:39 vkbitrix24@gmail.com Вызван метод: crm.dealcategory.stage.list с параметрами: {"auth":"9m5fvs4we7bo0v9wwvrs1dytv63sibot"} 
16.06.17 14:52:39 vkbitrix24@gmail.com Вызван метод: user.get с параметрами: {"auth":"9m5fvs4we7bo0v9wwvrs1dytv63sibot","order":"ASC","filter":{"ACTIVE":"1"},"start":0} 
16.06.17 14:53:19 vkbitrix24@gmail.com Вызван метод: user.current с параметрами: {"auth":"10o4t6bwjs9j4jq75c403qah5slk2l3y"} 
16.06.17 14:53:19 vkbitrix24@gmail.com Вызван метод: crm.dealcategory.stage.list с параметрами: {"auth":"10o4t6bwjs9j4jq75c403qah5slk2l3y"} 
16.06.17 14:53:20 vkbitrix24@gmail.com Вызван метод: user.get с параметрами: {"auth":"10o4t6bwjs9j4jq75c403qah5slk2l3y","order":"ASC","filter":{"ACTIVE":"1"},"start":0} 
16.06.17 14:53:37 vkbitrix24@gmail.com Вызван метод: user.current с параметрами: {"auth":"b0xg7uiqcphs1s3o8cy0fpb3to0p63my"} 
16.06.17 14:53:38 vkbitrix24@gmail.com Вызван метод: crm.dealcategory.stage.list с параметрами: {"auth":"b0xg7uiqcphs1s3o8cy0fpb3to0p63my"} 
16.06.17 14:53:38 vkbitrix24@gmail.com Вызван метод: user.get с параметрами: {"auth":"b0xg7uiqcphs1s3o8cy0fpb3to0p63my","order":"ASC","filter":{"ACTIVE":"1"},"start":0} 
16.06.17 14:53:56 vkbitrix24@gmail.com Вызван метод: user.current с параметрами: {"auth":"cwz3d31uh1pltaeuqqfq9xnxmrfsz450"} 
16.06.17 14:53:57 vkbitrix24@gmail.com Вызван метод: crm.dealcategory.stage.list с параметрами: {"auth":"cwz3d31uh1pltaeuqqfq9xnxmrfsz450"} 
16.06.17 14:53:57 vkbitrix24@gmail.com Вызван метод: user.get с параметрами: {"auth":"cwz3d31uh1pltaeuqqfq9xnxmrfsz450","order":"ASC","filter":{"ACTIVE":"1"},"start":0} 
16.06.17 14:59:44 vkbitrix24@gmail.com Вызван метод: user.current с параметрами: {"auth":"icdujoxwqkmp2qiulhobjartb41t7npy"} 
16.06.17 14:59:45 vkbitrix24@gmail.com Вызван метод: crm.dealcategory.stage.list с параметрами: {"auth":"icdujoxwqkmp2qiulhobjartb41t7npy"} 
16.06.17 14:59:45 vkbitrix24@gmail.com Вызван метод: user.get с параметрами: {"auth":"icdujoxwqkmp2qiulhobjartb41t7npy","order":"ASC","filter":{"ACTIVE":"1"},"start":0} 
16.06.17 15:01:08 vkbitrix24@gmail.com Вызван метод: user.current с параметрами: {"auth":"iwr95h7o0a5ys51e16budpiel9kim2cq"} 
16.06.17 15:01:08 vkbitrix24@gmail.com Вызван метод: crm.dealcategory.stage.list с параметрами: {"auth":"iwr95h7o0a5ys51e16budpiel9kim2cq"} 
16.06.17 15:01:09 vkbitrix24@gmail.com Вызван метод: user.get с параметрами: {"auth":"iwr95h7o0a5ys51e16budpiel9kim2cq","order":"ASC","filter":{"ACTIVE":"1"},"start":0} 
16.06.17 15:02:55 vkbitrix24@gmail.com Вызван метод: user.current с параметрами: {"auth":"yygj0n8a75win649pmzgkoe9sjlbbmdg"} 
16.06.17 15:02:55 vkbitrix24@gmail.com Вызван метод: crm.dealcategory.stage.list с параметрами: {"auth":"yygj0n8a75win649pmzgkoe9sjlbbmdg"} 
16.06.17 15:02:56 vkbitrix24@gmail.com Вызван метод: user.get с параметрами: {"auth":"yygj0n8a75win649pmzgkoe9sjlbbmdg","order":"ASC","filter":{"ACTIVE":"1"},"start":0} 
16.06.17 15:03:22 vkbitrix24@gmail.com Вызван метод: user.current с параметрами: {"auth":"vtdg06ft06x5i261ucj0tka54sv7mg19"} 
16.06.17 15:03:23 vkbitrix24@gmail.com Вызван метод: crm.dealcategory.stage.list с параметрами: {"auth":"vtdg06ft06x5i261ucj0tka54sv7mg19"} 
16.06.17 15:03:23 vkbitrix24@gmail.com Вызван метод: user.get с параметрами: {"auth":"vtdg06ft06x5i261ucj0tka54sv7mg19","order":"ASC","filter":{"ACTIVE":"1"},"start":0} 
16.06.17 15:05:09 vkbitrix24@gmail.com Вызван метод: user.current с параметрами: {"auth":"cpnvk178yzcs8vpwexjt47552xi49h97"} 
16.06.17 15:05:09 vkbitrix24@gmail.com Вызван метод: crm.dealcategory.stage.list с параметрами: {"auth":"cpnvk178yzcs8vpwexjt47552xi49h97"} 
16.06.17 15:05:09 vkbitrix24@gmail.com Вызван метод: user.get с параметрами: {"auth":"cpnvk178yzcs8vpwexjt47552xi49h97","order":"ASC","filter":{"ACTIVE":"1"},"start":0} 
16.06.17 15:06:27 vkbitrix24@gmail.com Вызван метод: user.current с параметрами: {"auth":"0x4zz59gzmgdu6hh30nlbfvgd54wb6rk"} 
16.06.17 15:06:28 vkbitrix24@gmail.com Вызван метод: crm.dealcategory.stage.list с параметрами: {"auth":"0x4zz59gzmgdu6hh30nlbfvgd54wb6rk"} 
16.06.17 15:06:28 vkbitrix24@gmail.com Вызван метод: user.get с параметрами: {"auth":"0x4zz59gzmgdu6hh30nlbfvgd54wb6rk","order":"ASC","filter":{"ACTIVE":"1"},"start":0} 
16.06.17 15:06:39 vkbitrix24@gmail.com Вызван метод: user.current с параметрами: {"auth":"ajt3wlfpd5aclpdg23rfdwy6bevt0h9q"} 
16.06.17 15:06:39 vkbitrix24@gmail.com Вызван метод: crm.dealcategory.stage.list с параметрами: {"auth":"ajt3wlfpd5aclpdg23rfdwy6bevt0h9q"} 
16.06.17 15:06:41 vkbitrix24@gmail.com Вызван метод: user.get с параметрами: {"auth":"ajt3wlfpd5aclpdg23rfdwy6bevt0h9q","order":"ASC","filter":{"ACTIVE":"1"},"start":0} 
16.06.17 15:07:44 vkbitrix24@gmail.com Вызван метод: user.current с параметрами: {"auth":"4aw12eo4k494i6glfmj04ez3van4q4ep"} 
16.06.17 15:07:45 vkbitrix24@gmail.com Вызван метод: crm.dealcategory.stage.list с параметрами: {"auth":"4aw12eo4k494i6glfmj04ez3van4q4ep"} 
16.06.17 15:07:45 vkbitrix24@gmail.com Вызван метод: user.get с параметрами: {"auth":"4aw12eo4k494i6glfmj04ez3van4q4ep","order":"ASC","filter":{"ACTIVE":"1"},"start":0} 
16.06.17 15:10:39 vkbitrix24@gmail.com Вызван метод: user.current с параметрами: {"auth":"a11tcasmvozjrni32dm58vlte4nsuhv5"} 
16.06.17 15:10:39 vkbitrix24@gmail.com Вызван метод: crm.dealcategory.stage.list с параметрами: {"auth":"a11tcasmvozjrni32dm58vlte4nsuhv5"} 
16.06.17 15:10:40 vkbitrix24@gmail.com Вызван метод: user.get с параметрами: {"auth":"a11tcasmvozjrni32dm58vlte4nsuhv5","order":"ASC","filter":{"ACTIVE":"1"},"start":0} 
16.06.17 15:13:41 vkbitrix24@gmail.com Вызван метод: user.current с параметрами: {"auth":"zbpruu1owspw5m9u4kbo9su90yenu7d6"} 
16.06.17 15:13:41 vkbitrix24@gmail.com Вызван метод: crm.dealcategory.stage.list с параметрами: {"auth":"zbpruu1owspw5m9u4kbo9su90yenu7d6"} 
16.06.17 15:13:42 vkbitrix24@gmail.com Вызван метод: user.get с параметрами: {"auth":"zbpruu1owspw5m9u4kbo9su90yenu7d6","order":"ASC","filter":{"ACTIVE":"1"},"start":0} 
16.06.17 15:15:54 vkbitrix24@gmail.com Вызван метод: user.current с параметрами: {"auth":"8l23hov99gfno00v42bht7f7rl4fmt4h"} 
16.06.17 15:15:54 vkbitrix24@gmail.com Вызван метод: crm.dealcategory.stage.list с параметрами: {"auth":"8l23hov99gfno00v42bht7f7rl4fmt4h"} 
16.06.17 15:15:54 vkbitrix24@gmail.com Вызван метод: user.get с параметрами: {"auth":"8l23hov99gfno00v42bht7f7rl4fmt4h","order":"ASC","filter":{"ACTIVE":"1"},"start":0} 
16.06.17 15:16:24 vkbitrix24@gmail.com Вызван метод: user.current с параметрами: {"auth":"bqydom4n9e8f26xknx9gua78va1626tr"} 
16.06.17 15:16:24 vkbitrix24@gmail.com Вызван метод: crm.dealcategory.stage.list с параметрами: {"auth":"bqydom4n9e8f26xknx9gua78va1626tr"} 
16.06.17 15:16:24 vkbitrix24@gmail.com Вызван метод: user.get с параметрами: {"auth":"bqydom4n9e8f26xknx9gua78va1626tr","order":"ASC","filter":{"ACTIVE":"1"},"start":0} 
16.06.17 15:16:41 vkbitrix24@gmail.com Вызван метод: user.current с параметрами: {"auth":"w91v00nk9g6b50ionhcc0vqqyrls45u9"} 
16.06.17 15:16:41 vkbitrix24@gmail.com Вызван метод: crm.dealcategory.stage.list с параметрами: {"auth":"w91v00nk9g6b50ionhcc0vqqyrls45u9"} 
16.06.17 15:16:41 vkbitrix24@gmail.com Вызван метод: user.get с параметрами: {"auth":"w91v00nk9g6b50ionhcc0vqqyrls45u9","order":"ASC","filter":{"ACTIVE":"1"},"start":0} 
16.06.17 15:22:22 vkbitrix24@gmail.com Вызван метод: user.current с параметрами: {"auth":"6ovnqq2q9eg7wnibwud9zeqd9a8hz2pg"} 
16.06.17 15:22:22 vkbitrix24@gmail.com Вызван метод: crm.dealcategory.stage.list с параметрами: {"auth":"6ovnqq2q9eg7wnibwud9zeqd9a8hz2pg"} 
16.06.17 15:22:23 vkbitrix24@gmail.com Вызван метод: user.get с параметрами: {"auth":"6ovnqq2q9eg7wnibwud9zeqd9a8hz2pg","order":"ASC","filter":{"ACTIVE":"1"},"start":0} 
16.06.17 15:22:43 vkbitrix24@gmail.com Вызван метод: user.current с параметрами: {"auth":"cl1ll7wvdqt1ia3ycx74ty0zc10m1ivw"} 
16.06.17 15:22:43 vkbitrix24@gmail.com Вызван метод: crm.dealcategory.stage.list с параметрами: {"auth":"cl1ll7wvdqt1ia3ycx74ty0zc10m1ivw"} 
16.06.17 15:22:44 vkbitrix24@gmail.com Вызван метод: user.get с параметрами: {"auth":"cl1ll7wvdqt1ia3ycx74ty0zc10m1ivw","order":"ASC","filter":{"ACTIVE":"1"},"start":0} 
16.06.17 15:24:52 vkbitrix24@gmail.com Вызван метод: user.current с параметрами: {"auth":"7l8oomqltgjoe8awdgraockt2qvag9su"} 
16.06.17 15:24:53 vkbitrix24@gmail.com Вызван метод: crm.dealcategory.stage.list с параметрами: {"auth":"7l8oomqltgjoe8awdgraockt2qvag9su"} 
16.06.17 15:24:53 vkbitrix24@gmail.com Вызван метод: user.get с параметрами: {"auth":"7l8oomqltgjoe8awdgraockt2qvag9su","order":"ASC","filter":{"ACTIVE":"1"},"start":0} 
16.06.17 15:29:22 vkbitrix24@gmail.com Вызван метод: user.current с параметрами: {"auth":"3vhh7wiajylu18ag4l9vd7gn72smx3lx"} 
16.06.17 15:29:22 vkbitrix24@gmail.com Вызван метод: crm.dealcategory.stage.list с параметрами: {"auth":"3vhh7wiajylu18ag4l9vd7gn72smx3lx"} 
16.06.17 15:29:23 vkbitrix24@gmail.com Вызван метод: user.get с параметрами: {"auth":"3vhh7wiajylu18ag4l9vd7gn72smx3lx","order":"ASC","filter":{"ACTIVE":"1"},"start":0} 
16.06.17 15:29:57 vkbitrix24@gmail.com Вызван метод: user.current с параметрами: {"auth":"u3btks170v8woqdq5yy6syb65ba9s63d"} 
16.06.17 15:29:58 vkbitrix24@gmail.com Вызван метод: crm.dealcategory.stage.list с параметрами: {"auth":"u3btks170v8woqdq5yy6syb65ba9s63d"} 
16.06.17 15:29:58 vkbitrix24@gmail.com Вызван метод: user.get с параметрами: {"auth":"u3btks170v8woqdq5yy6syb65ba9s63d","order":"ASC","filter":{"ACTIVE":"1"},"start":0} 
16.06.17 15:34:13 vkbitrix24@gmail.com Вызван метод: user.current с параметрами: {"auth":"k35bbbo2lk6begcdk6ajuctkss63x7pl"} 
16.06.17 15:34:14 vkbitrix24@gmail.com Вызван метод: crm.dealcategory.stage.list с параметрами: {"auth":"k35bbbo2lk6begcdk6ajuctkss63x7pl"} 
16.06.17 15:34:14 vkbitrix24@gmail.com Вызван метод: user.get с параметрами: {"auth":"k35bbbo2lk6begcdk6ajuctkss63x7pl","order":"ASC","filter":{"ACTIVE":"1"},"start":0} 
16.06.17 15:34:23 vkbitrix24@gmail.com Вызван метод: user.current с параметрами: {"auth":"4iw1gbn09qpanr5iqqxxgqx2afwjanxx"} 
16.06.17 15:34:23 vkbitrix24@gmail.com Вызван метод: crm.dealcategory.stage.list с параметрами: {"auth":"4iw1gbn09qpanr5iqqxxgqx2afwjanxx"} 
16.06.17 15:34:23 vkbitrix24@gmail.com Вызван метод: user.get с параметрами: {"auth":"4iw1gbn09qpanr5iqqxxgqx2afwjanxx","order":"ASC","filter":{"ACTIVE":"1"},"start":0} 
16.06.17 15:36:26 vkbitrix24@gmail.com Вызван метод: user.current с параметрами: {"auth":"m9w8jdkixm2gxavf24r253w25poa33nq"} 
16.06.17 15:36:26 vkbitrix24@gmail.com Вызван метод: crm.dealcategory.stage.list с параметрами: {"auth":"m9w8jdkixm2gxavf24r253w25poa33nq"} 
16.06.17 15:36:27 vkbitrix24@gmail.com Вызван метод: user.get с параметрами: {"auth":"m9w8jdkixm2gxavf24r253w25poa33nq","order":"ASC","filter":{"ACTIVE":"1"},"start":0} 
16.06.17 15:37:10 vkbitrix24@gmail.com Вызван метод: user.current с параметрами: {"auth":"t12vdyk06qdbsel76xf9a3lnctsm3ks4"} 
16.06.17 15:37:10 vkbitrix24@gmail.com Вызван метод: crm.dealcategory.stage.list с параметрами: {"auth":"t12vdyk06qdbsel76xf9a3lnctsm3ks4"} 
16.06.17 15:37:10 vkbitrix24@gmail.com Вызван метод: user.get с параметрами: {"auth":"t12vdyk06qdbsel76xf9a3lnctsm3ks4","order":"ASC","filter":{"ACTIVE":"1"},"start":0} 
16.06.17 15:37:31 vkbitrix24@gmail.com Вызван метод: user.current с параметрами: {"auth":"dmsswoetcj7nh4zm8q6c7j8xbpvvs4y5"} 
16.06.17 15:37:31 vkbitrix24@gmail.com Вызван метод: crm.dealcategory.stage.list с параметрами: {"auth":"dmsswoetcj7nh4zm8q6c7j8xbpvvs4y5"} 
16.06.17 15:37:32 vkbitrix24@gmail.com Вызван метод: user.get с параметрами: {"auth":"dmsswoetcj7nh4zm8q6c7j8xbpvvs4y5","order":"ASC","filter":{"ACTIVE":"1"},"start":0} 
16.06.17 15:38:51 vkbitrix24@gmail.com Вызван метод: user.current с параметрами: {"auth":"iwgrcl38o1gaa6czqlifxxpij301awws"} 
16.06.17 15:38:51 vkbitrix24@gmail.com Вызван метод: crm.dealcategory.stage.list с параметрами: {"auth":"iwgrcl38o1gaa6czqlifxxpij301awws"} 
16.06.17 15:38:52 vkbitrix24@gmail.com Вызван метод: user.get с параметрами: {"auth":"iwgrcl38o1gaa6czqlifxxpij301awws","order":"ASC","filter":{"ACTIVE":"1"},"start":0} 
16.06.17 15:39:27 vkbitrix24@gmail.com Вызван метод: user.current с параметрами: {"auth":"s7uo73hwg1cocb56s494aqlciog717eg"} 
16.06.17 15:39:27 vkbitrix24@gmail.com Вызван метод: crm.dealcategory.stage.list с параметрами: {"auth":"s7uo73hwg1cocb56s494aqlciog717eg"} 
16.06.17 15:39:27 vkbitrix24@gmail.com Вызван метод: user.get с параметрами: {"auth":"s7uo73hwg1cocb56s494aqlciog717eg","order":"ASC","filter":{"ACTIVE":"1"},"start":0} 
16.06.17 15:40:47 vkbitrix24@gmail.com Вызван метод: user.current с параметрами: {"auth":"9lp0kcxqb16gr871040smcp930q4n21e"} 
16.06.17 15:40:47 vkbitrix24@gmail.com Вызван метод: crm.dealcategory.stage.list с параметрами: {"auth":"9lp0kcxqb16gr871040smcp930q4n21e"} 
16.06.17 15:40:48 vkbitrix24@gmail.com Вызван метод: user.get с параметрами: {"auth":"9lp0kcxqb16gr871040smcp930q4n21e","order":"ASC","filter":{"ACTIVE":"1"},"start":0} 
16.06.17 15:41:24 vkbitrix24@gmail.com Вызван метод: user.current с параметрами: {"auth":"q6qp77cw4pw800vt5we3opuoua06ca8m"} 
16.06.17 15:41:26 vkbitrix24@gmail.com Вызван метод: crm.dealcategory.stage.list с параметрами: {"auth":"q6qp77cw4pw800vt5we3opuoua06ca8m"} 
16.06.17 15:41:26 vkbitrix24@gmail.com Вызван метод: user.get с параметрами: {"auth":"q6qp77cw4pw800vt5we3opuoua06ca8m","order":"ASC","filter":{"ACTIVE":"1"},"start":0} 
16.06.17 15:41:55 vkbitrix24@gmail.com Вызван метод: user.current с параметрами: {"auth":"ihzh4vmsqkhc8r6gg2n9685hqhp2nemb"} 
16.06.17 15:41:55 vkbitrix24@gmail.com Вызван метод: crm.dealcategory.stage.list с параметрами: {"auth":"ihzh4vmsqkhc8r6gg2n9685hqhp2nemb"} 
16.06.17 15:41:55 vkbitrix24@gmail.com Вызван метод: user.get с параметрами: {"auth":"ihzh4vmsqkhc8r6gg2n9685hqhp2nemb","order":"ASC","filter":{"ACTIVE":"1"},"start":0} 
16.06.17 15:42:32 vkbitrix24@gmail.com Вызван метод: user.current с параметрами: {"auth":"g2ovf9rmd4960s9ev3ddb5i7lbdcojtr"} 
16.06.17 15:42:32 vkbitrix24@gmail.com Вызван метод: crm.dealcategory.stage.list с параметрами: {"auth":"g2ovf9rmd4960s9ev3ddb5i7lbdcojtr"} 
16.06.17 15:42:33 vkbitrix24@gmail.com Вызван метод: user.get с параметрами: {"auth":"g2ovf9rmd4960s9ev3ddb5i7lbdcojtr","order":"ASC","filter":{"ACTIVE":"1"},"start":0} 
16.06.17 15:43:24 vkbitrix24@gmail.com Вызван метод: user.current с параметрами: {"auth":"o96clmndn9nfea3ehijvkxhlfxdgmv87"} 
16.06.17 15:43:24 vkbitrix24@gmail.com Вызван метод: crm.dealcategory.stage.list с параметрами: {"auth":"o96clmndn9nfea3ehijvkxhlfxdgmv87"} 
16.06.17 15:43:25 vkbitrix24@gmail.com Вызван метод: user.get с параметрами: {"auth":"o96clmndn9nfea3ehijvkxhlfxdgmv87","order":"ASC","filter":{"ACTIVE":"1"},"start":0} 
16.06.17 15:44:09 vkbitrix24@gmail.com Вызван метод: user.current с параметрами: {"auth":"jqwyxxd8cmkl663o786xro135wuysi04"} 
16.06.17 15:44:10 vkbitrix24@gmail.com Вызван метод: crm.dealcategory.stage.list с параметрами: {"auth":"jqwyxxd8cmkl663o786xro135wuysi04"} 
16.06.17 15:44:10 vkbitrix24@gmail.com Вызван метод: user.get с параметрами: {"auth":"jqwyxxd8cmkl663o786xro135wuysi04","order":"ASC","filter":{"ACTIVE":"1"},"start":0} 
16.06.17 15:45:26 vkbitrix24@gmail.com Вызван метод: user.current с параметрами: {"auth":"bps4jjnpzrk68quynz6vx0w1zrq0xlr5"} 
16.06.17 15:45:26 vkbitrix24@gmail.com Вызван метод: crm.dealcategory.stage.list с параметрами: {"auth":"bps4jjnpzrk68quynz6vx0w1zrq0xlr5"} 
16.06.17 15:45:27 vkbitrix24@gmail.com Вызван метод: user.get с параметрами: {"auth":"bps4jjnpzrk68quynz6vx0w1zrq0xlr5","order":"ASC","filter":{"ACTIVE":"1"},"start":0} 
16.06.17 15:46:06 vkbitrix24@gmail.com Вызван метод: user.current с параметрами: {"auth":"5uu40kro1oj95ne245s48aldqitodyq6"} 
16.06.17 15:46:06 vkbitrix24@gmail.com Вызван метод: crm.dealcategory.stage.list с параметрами: {"auth":"5uu40kro1oj95ne245s48aldqitodyq6"} 
16.06.17 15:46:06 vkbitrix24@gmail.com Вызван метод: user.get с параметрами: {"auth":"5uu40kro1oj95ne245s48aldqitodyq6","order":"ASC","filter":{"ACTIVE":"1"},"start":0} 
16.06.17 15:46:31 vkbitrix24@gmail.com Вызван метод: user.current с параметрами: {"auth":"x8ol4zj7kscsiy3aw217i0m9pupyl9ml"} 
16.06.17 15:46:31 vkbitrix24@gmail.com Вызван метод: crm.dealcategory.stage.list с параметрами: {"auth":"x8ol4zj7kscsiy3aw217i0m9pupyl9ml"} 
16.06.17 15:46:32 vkbitrix24@gmail.com Вызван метод: user.get с параметрами: {"auth":"x8ol4zj7kscsiy3aw217i0m9pupyl9ml","order":"ASC","filter":{"ACTIVE":"1"},"start":0} 
16.06.17 15:47:01 vkbitrix24@gmail.com Вызван метод: user.current с параметрами: {"auth":"50jxs2ae3t9di6vjj93j53bznita3o7u"} 
16.06.17 15:47:01 vkbitrix24@gmail.com Вызван метод: crm.dealcategory.stage.list с параметрами: {"auth":"50jxs2ae3t9di6vjj93j53bznita3o7u"} 
16.06.17 15:47:01 vkbitrix24@gmail.com Вызван метод: user.get с параметрами: {"auth":"50jxs2ae3t9di6vjj93j53bznita3o7u","order":"ASC","filter":{"ACTIVE":"1"},"start":0} 
16.06.17 15:47:52 vkbitrix24@gmail.com Вызван метод: user.current с параметрами: {"auth":"vgjcvc5m6se2zsq6f3wuuoa3or3kzen3"} 
16.06.17 15:47:52 vkbitrix24@gmail.com Вызван метод: crm.dealcategory.stage.list с параметрами: {"auth":"vgjcvc5m6se2zsq6f3wuuoa3or3kzen3"} 
16.06.17 15:47:53 vkbitrix24@gmail.com Вызван метод: user.get с параметрами: {"auth":"vgjcvc5m6se2zsq6f3wuuoa3or3kzen3","order":"ASC","filter":{"ACTIVE":"1"},"start":0} 
16.06.17 15:48:30 vkbitrix24@gmail.com Вызван метод: user.current с параметрами: {"auth":"rnhpkjzyg9xhnyubrnawpl233os7d9fc"} 
16.06.17 15:48:31 vkbitrix24@gmail.com Вызван метод: crm.dealcategory.stage.list с параметрами: {"auth":"rnhpkjzyg9xhnyubrnawpl233os7d9fc"} 
16.06.17 15:48:31 vkbitrix24@gmail.com Вызван метод: user.get с параметрами: {"auth":"rnhpkjzyg9xhnyubrnawpl233os7d9fc","order":"ASC","filter":{"ACTIVE":"1"},"start":0} 
16.06.17 15:48:36 vkbitrix24@gmail.com Вызван метод: user.current с параметрами: {"auth":"ouqc3drz3yq053wtrr8o90shidu2ngva"} 
16.06.17 15:48:37 vkbitrix24@gmail.com Вызван метод: crm.dealcategory.stage.list с параметрами: {"auth":"ouqc3drz3yq053wtrr8o90shidu2ngva"} 
16.06.17 15:48:37 vkbitrix24@gmail.com Вызван метод: user.get с параметрами: {"auth":"ouqc3drz3yq053wtrr8o90shidu2ngva","order":"ASC","filter":{"ACTIVE":"1"},"start":0} 
16.06.17 15:49:51 vkbitrix24@gmail.com Вызван метод: user.current с параметрами: {"auth":"z9n3pyh41jig8cjse9okzqj65owz16m2"} 
16.06.17 15:49:52 vkbitrix24@gmail.com Вызван метод: crm.dealcategory.stage.list с параметрами: {"auth":"z9n3pyh41jig8cjse9okzqj65owz16m2"} 
16.06.17 15:49:52 vkbitrix24@gmail.com Вызван метод: user.get с параметрами: {"auth":"z9n3pyh41jig8cjse9okzqj65owz16m2","order":"ASC","filter":{"ACTIVE":"1"},"start":0} 
16.06.17 15:50:56 vkbitrix24@gmail.com Вызван метод: user.current с параметрами: {"auth":"vd7v72p9y2k0mccy7syhhknp7vwzvu7g"} 
16.06.17 15:50:56 vkbitrix24@gmail.com Вызван метод: crm.dealcategory.stage.list с параметрами: {"auth":"vd7v72p9y2k0mccy7syhhknp7vwzvu7g"} 
16.06.17 15:50:56 vkbitrix24@gmail.com Вызван метод: user.get с параметрами: {"auth":"vd7v72p9y2k0mccy7syhhknp7vwzvu7g","order":"ASC","filter":{"ACTIVE":"1"},"start":0} 
16.06.17 15:51:20 vkbitrix24@gmail.com Вызван метод: user.current с параметрами: {"auth":"g6t75ln4yazw7zv2wn5h2qt74oxzgkzc"} 
16.06.17 15:51:21 vkbitrix24@gmail.com Вызван метод: crm.dealcategory.stage.list с параметрами: {"auth":"g6t75ln4yazw7zv2wn5h2qt74oxzgkzc"} 
16.06.17 15:51:21 vkbitrix24@gmail.com Вызван метод: user.get с параметрами: {"auth":"g6t75ln4yazw7zv2wn5h2qt74oxzgkzc","order":"ASC","filter":{"ACTIVE":"1"},"start":0} 
16.06.17 15:55:42 vkbitrix24@gmail.com Вызван метод: user.current с параметрами: {"auth":"2gf50ntgwti2uh4oxtxsy1z3wb7hvmeg"} 
16.06.17 15:55:42 vkbitrix24@gmail.com Вызван метод: crm.dealcategory.stage.list с параметрами: {"auth":"2gf50ntgwti2uh4oxtxsy1z3wb7hvmeg"} 
16.06.17 15:55:43 vkbitrix24@gmail.com Вызван метод: user.get с параметрами: {"auth":"2gf50ntgwti2uh4oxtxsy1z3wb7hvmeg","order":"ASC","filter":{"ACTIVE":"1"},"start":0} 
16.06.17 15:56:29 vkbitrix24@gmail.com Вызван метод: user.current с параметрами: {"auth":"4do3c41gh37quqxxr7hsvi1jp1b4s7c4"} 
16.06.17 15:56:31 vkbitrix24@gmail.com Вызван метод: crm.dealcategory.stage.list с параметрами: {"auth":"4do3c41gh37quqxxr7hsvi1jp1b4s7c4"} 
16.06.17 15:56:31 vkbitrix24@gmail.com Вызван метод: user.get с параметрами: {"auth":"4do3c41gh37quqxxr7hsvi1jp1b4s7c4","order":"ASC","filter":{"ACTIVE":"1"},"start":0} 
16.06.17 15:56:55 vkbitrix24@gmail.com Вызван метод: user.current с параметрами: {"auth":"jmstw6j3omf1sfremd0puk612i17enba"} 
16.06.17 15:56:55 vkbitrix24@gmail.com Вызван метод: crm.dealcategory.stage.list с параметрами: {"auth":"jmstw6j3omf1sfremd0puk612i17enba"} 
16.06.17 15:56:56 vkbitrix24@gmail.com Вызван метод: user.get с параметрами: {"auth":"jmstw6j3omf1sfremd0puk612i17enba","order":"ASC","filter":{"ACTIVE":"1"},"start":0} 
16.06.17 15:57:50 vkbitrix24@gmail.com Вызван метод: user.current с параметрами: {"auth":"4b3jabuz3oinvwcuv3yuz89fyyu632ld"} 
16.06.17 15:57:51 vkbitrix24@gmail.com Вызван метод: crm.dealcategory.stage.list с параметрами: {"auth":"4b3jabuz3oinvwcuv3yuz89fyyu632ld"} 
16.06.17 15:57:51 vkbitrix24@gmail.com Вызван метод: user.get с параметрами: {"auth":"4b3jabuz3oinvwcuv3yuz89fyyu632ld","order":"ASC","filter":{"ACTIVE":"1"},"start":0} 
16.06.17 15:58:59 vkbitrix24@gmail.com Вызван метод: user.current с параметрами: {"auth":"l6r4fan8l939bz6l8zz3yxod6z7lhmns"} 
16.06.17 15:58:59 vkbitrix24@gmail.com Вызван метод: crm.dealcategory.stage.list с параметрами: {"auth":"l6r4fan8l939bz6l8zz3yxod6z7lhmns"} 
16.06.17 15:59:00 vkbitrix24@gmail.com Вызван метод: user.get с параметрами: {"auth":"l6r4fan8l939bz6l8zz3yxod6z7lhmns","order":"ASC","filter":{"ACTIVE":"1"},"start":0} 
16.06.17 15:59:50 vkbitrix24@gmail.com Вызван метод: user.current с параметрами: {"auth":"gzwduot9a7dnsw1bhzpg86zr8lrunm1p"} 
16.06.17 15:59:50 vkbitrix24@gmail.com Вызван метод: crm.dealcategory.stage.list с параметрами: {"auth":"gzwduot9a7dnsw1bhzpg86zr8lrunm1p"} 
16.06.17 15:59:51 vkbitrix24@gmail.com Вызван метод: user.get с параметрами: {"auth":"gzwduot9a7dnsw1bhzpg86zr8lrunm1p","order":"ASC","filter":{"ACTIVE":"1"},"start":0} 
16.06.17 16:00:56 vkbitrix24@gmail.com Вызван метод: user.current с параметрами: {"auth":"6xwt4elq6e09murk3ppyvzvm4uy9vpac"} 
16.06.17 16:00:57 vkbitrix24@gmail.com Вызван метод: crm.dealcategory.stage.list с параметрами: {"auth":"6xwt4elq6e09murk3ppyvzvm4uy9vpac"} 
16.06.17 16:00:57 vkbitrix24@gmail.com Вызван метод: user.get с параметрами: {"auth":"6xwt4elq6e09murk3ppyvzvm4uy9vpac","order":"ASC","filter":{"ACTIVE":"1"},"start":0} 
16.06.17 16:02:01 vkbitrix24@gmail.com Вызван метод: user.current с параметрами: {"auth":"28b6bih56r8vzn7uppiya2j8lv790l51"} 
16.06.17 16:02:01 vkbitrix24@gmail.com Вызван метод: crm.dealcategory.stage.list с параметрами: {"auth":"28b6bih56r8vzn7uppiya2j8lv790l51"} 
16.06.17 16:02:02 vkbitrix24@gmail.com Вызван метод: user.get с параметрами: {"auth":"28b6bih56r8vzn7uppiya2j8lv790l51","order":"ASC","filter":{"ACTIVE":"1"},"start":0} 
16.06.17 16:03:09 vkbitrix24@gmail.com Вызван метод: user.current с параметрами: {"auth":"f1zk3qfe62dm4etr6z8s334x3xvmerju"} 
16.06.17 16:03:10 vkbitrix24@gmail.com Вызван метод: crm.dealcategory.stage.list с параметрами: {"auth":"f1zk3qfe62dm4etr6z8s334x3xvmerju"} 
16.06.17 16:03:10 vkbitrix24@gmail.com Вызван метод: user.get с параметрами: {"auth":"f1zk3qfe62dm4etr6z8s334x3xvmerju","order":"ASC","filter":{"ACTIVE":"1"},"start":0} 
16.06.17 16:40:02 vkbitrix24@gmail.com Вызван метод: user.current с параметрами: {"auth":"jvts4be0vfkpl5190ost5ce1rvx0lpk9"} 
16.06.17 16:40:03 vkbitrix24@gmail.com Вызван метод: crm.dealcategory.stage.list с параметрами: {"auth":"jvts4be0vfkpl5190ost5ce1rvx0lpk9"} 
16.06.17 16:40:03 vkbitrix24@gmail.com Вызван метод: user.get с параметрами: {"auth":"jvts4be0vfkpl5190ost5ce1rvx0lpk9","order":"ASC","filter":{"ACTIVE":"1"},"start":0} 
