20.06.17 07:41:31 vkbitrix24@gmail.com Вызван метод: user.current с параметрами: {"auth":"d7u2985k24bbo7g7s1rwogoy1f6cbju2"} 
20.06.17 07:41:31 vkbitrix24@gmail.com Вызван метод: crm.dealcategory.stage.list с параметрами: {"auth":"d7u2985k24bbo7g7s1rwogoy1f6cbju2"} 
20.06.17 07:41:31 vkbitrix24@gmail.com Вызван метод: user.get с параметрами: {"auth":"d7u2985k24bbo7g7s1rwogoy1f6cbju2","order":"ASC","filter":{"ACTIVE":"1"},"start":0} 
20.06.17 10:52:02 vkbitrix24@gmail.com Вызван метод: crm.dealcategory.stage.list с параметрами: {"auth":"ybihzz9ou25gmji20a3l2bi8kxaacl9f"} 
20.06.17 10:52:03 vkbitrix24@gmail.com Вызван метод: user.get с параметрами: {"auth":"ybihzz9ou25gmji20a3l2bi8kxaacl9f","order":"ASC","filter":{"ACTIVE":"1"},"start":0} 
20.06.17 10:56:54 vkbitrix24@gmail.com Вызван метод: user.current с параметрами: {"auth":"ewupftmx2r4dk6ps3t3o2oljmyiutocx"} 
20.06.17 10:56:55 vkbitrix24@gmail.com Вызван метод: crm.dealcategory.stage.list с параметрами: {"auth":"ewupftmx2r4dk6ps3t3o2oljmyiutocx"} 
20.06.17 10:56:55 vkbitrix24@gmail.com Вызван метод: user.get с параметрами: {"auth":"ewupftmx2r4dk6ps3t3o2oljmyiutocx","order":"ASC","filter":{"ACTIVE":"1"},"start":0} 
20.06.17 11:10:17 vkbitrix24@gmail.com Вызван метод: user.current с параметрами: {"auth":"coz9s1hsh5veszo1yd16qbaqxwyv51ky"} 
20.06.17 11:10:17 vkbitrix24@gmail.com Вызван метод: crm.dealcategory.stage.list с параметрами: {"auth":"coz9s1hsh5veszo1yd16qbaqxwyv51ky"} 
20.06.17 11:10:18 vkbitrix24@gmail.com Вызван метод: user.get с параметрами: {"auth":"coz9s1hsh5veszo1yd16qbaqxwyv51ky","order":"ASC","filter":{"ACTIVE":"1"},"start":0} 
20.06.17 11:11:16 vkbitrix24@gmail.com Вызван метод: user.current с параметрами: {"auth":"d7vupra7zqmag1knuk9xjqrnh6apqwsf"} 
20.06.17 11:11:16 vkbitrix24@gmail.com Вызван метод: crm.dealcategory.stage.list с параметрами: {"auth":"d7vupra7zqmag1knuk9xjqrnh6apqwsf"} 
20.06.17 11:11:17 vkbitrix24@gmail.com Вызван метод: user.get с параметрами: {"auth":"d7vupra7zqmag1knuk9xjqrnh6apqwsf","order":"ASC","filter":{"ACTIVE":"1"},"start":0} 
20.06.17 11:12:38 vkbitrix24@gmail.com Вызван метод: user.current с параметрами: {"auth":"b5g57oxix1pghrxgr239be858v3zenu0"} 
20.06.17 11:12:38 vkbitrix24@gmail.com Вызван метод: crm.dealcategory.stage.list с параметрами: {"auth":"b5g57oxix1pghrxgr239be858v3zenu0"} 
20.06.17 11:12:39 vkbitrix24@gmail.com Вызван метод: user.get с параметрами: {"auth":"b5g57oxix1pghrxgr239be858v3zenu0","order":"ASC","filter":{"ACTIVE":"1"},"start":0} 
20.06.17 11:12:39 vkbitrix24@gmail.com Вызван метод: sonet_group.get с параметрами: {"auth":"b5g57oxix1pghrxgr239be858v3zenu0","order":"ASC","filter":{"ACTIVE":"1"},"start":0} 
20.06.17 11:15:12 vkbitrix24@gmail.com Вызван метод: user.current с параметрами: {"auth":"xn5cjprui1p3tabsg60f2r60ws12ehuk"} 
20.06.17 11:15:13 vkbitrix24@gmail.com Вызван метод: crm.dealcategory.stage.list с параметрами: {"auth":"xn5cjprui1p3tabsg60f2r60ws12ehuk"} 
20.06.17 11:15:14 vkbitrix24@gmail.com Вызван метод: user.get с параметрами: {"auth":"xn5cjprui1p3tabsg60f2r60ws12ehuk","order":"ASC","filter":{"ACTIVE":"1"},"start":0} 
20.06.17 11:15:14 vkbitrix24@gmail.com Вызван метод: sonet_group.get с параметрами: {"auth":"xn5cjprui1p3tabsg60f2r60ws12ehuk","order":"ASC","filter":{"ACTIVE":"1"},"start":0} 
20.06.17 11:21:08 vkbitrix24@gmail.com Вызван метод: user.current с параметрами: {"auth":"pylj8s12j94ygu275pki52qlsyf1zwc0"} 
20.06.17 11:21:08 vkbitrix24@gmail.com Вызван метод: crm.dealcategory.stage.list с параметрами: {"auth":"pylj8s12j94ygu275pki52qlsyf1zwc0"} 
20.06.17 11:21:09 vkbitrix24@gmail.com Вызван метод: user.get с параметрами: {"auth":"pylj8s12j94ygu275pki52qlsyf1zwc0","order":"ASC","filter":{"ACTIVE":"1"},"start":0} 
20.06.17 11:21:09 vkbitrix24@gmail.com Вызван метод: sonet_group.get с параметрами: {"auth":"pylj8s12j94ygu275pki52qlsyf1zwc0","order":"ASC","filter":{"ACTIVE":"1"},"start":0} 
20.06.17 11:22:03 vkbitrix24@gmail.com Вызван метод: user.current с параметрами: {"auth":"lj03l5t1dnab4vzsg6d81n275fp8k63p"} 
20.06.17 11:22:04 vkbitrix24@gmail.com Вызван метод: crm.dealcategory.stage.list с параметрами: {"auth":"lj03l5t1dnab4vzsg6d81n275fp8k63p"} 
20.06.17 11:22:04 vkbitrix24@gmail.com Вызван метод: user.get с параметрами: {"auth":"lj03l5t1dnab4vzsg6d81n275fp8k63p","order":"ASC","filter":{"ACTIVE":"1"},"start":0} 
20.06.17 11:22:06 vkbitrix24@gmail.com Вызван метод: sonet_group.get с параметрами: {"auth":"lj03l5t1dnab4vzsg6d81n275fp8k63p","order":"ASC","filter":{"ACTIVE":"1"},"start":0} 
20.06.17 11:22:52 vkbitrix24@gmail.com Вызван метод: user.current с параметрами: {"auth":"dka5ccdu9jm9w8zj55rtqr7uv87r2maq"} 
20.06.17 11:22:53 vkbitrix24@gmail.com Вызван метод: crm.dealcategory.stage.list с параметрами: {"auth":"dka5ccdu9jm9w8zj55rtqr7uv87r2maq"} 
20.06.17 11:22:54 vkbitrix24@gmail.com Вызван метод: user.get с параметрами: {"auth":"dka5ccdu9jm9w8zj55rtqr7uv87r2maq","order":"ASC","filter":{"ACTIVE":"1"},"start":0} 
20.06.17 11:22:54 vkbitrix24@gmail.com Вызван метод: sonet_group.get с параметрами: {"auth":"dka5ccdu9jm9w8zj55rtqr7uv87r2maq","order":"ASC","filter":{"ACTIVE":"1"},"start":0} 
20.06.17 11:23:02 vkbitrix24@gmail.com Вызван метод: user.current с параметрами: {"auth":"jp392e5xhe2unz6w66ms4ovri0113r8u"} 
20.06.17 11:23:02 vkbitrix24@gmail.com Вызван метод: crm.dealcategory.stage.list с параметрами: {"auth":"jp392e5xhe2unz6w66ms4ovri0113r8u"} 
20.06.17 11:23:03 vkbitrix24@gmail.com Вызван метод: user.get с параметрами: {"auth":"jp392e5xhe2unz6w66ms4ovri0113r8u","order":"ASC","filter":{"ACTIVE":"1"},"start":0} 
20.06.17 11:23:03 vkbitrix24@gmail.com Вызван метод: sonet_group.get с параметрами: {"auth":"jp392e5xhe2unz6w66ms4ovri0113r8u","order":"ASC","filter":{"ACTIVE":"1"},"start":0} 
20.06.17 11:23:32 vkbitrix24@gmail.com Вызван метод: user.current с параметрами: {"auth":"a4301ziy7k0kxe64n4b8fesw8odtq635"} 
20.06.17 11:23:32 vkbitrix24@gmail.com Вызван метод: crm.dealcategory.stage.list с параметрами: {"auth":"a4301ziy7k0kxe64n4b8fesw8odtq635"} 
20.06.17 11:23:33 vkbitrix24@gmail.com Вызван метод: user.get с параметрами: {"auth":"a4301ziy7k0kxe64n4b8fesw8odtq635","order":"ASC","filter":{"ACTIVE":"1"},"start":0} 
20.06.17 11:23:33 vkbitrix24@gmail.com Вызван метод: sonet_group.get с параметрами: {"auth":"a4301ziy7k0kxe64n4b8fesw8odtq635","order":"ASC","filter":{"ACTIVE":"1"},"start":0} 
20.06.17 11:24:05 vkbitrix24@gmail.com Вызван метод: user.current с параметрами: {"auth":"noqu05jztoea69cs71o6ma0d9dyjw8z7"} 
20.06.17 11:24:06 vkbitrix24@gmail.com Вызван метод: crm.dealcategory.stage.list с параметрами: {"auth":"noqu05jztoea69cs71o6ma0d9dyjw8z7"} 
20.06.17 11:24:07 vkbitrix24@gmail.com Вызван метод: user.get с параметрами: {"auth":"noqu05jztoea69cs71o6ma0d9dyjw8z7","order":"ASC","filter":{"ACTIVE":"1"},"start":0} 
20.06.17 11:24:08 vkbitrix24@gmail.com Вызван метод: sonet_group.get с параметрами: {"auth":"noqu05jztoea69cs71o6ma0d9dyjw8z7","order":"ASC","filter":{"ACTIVE":"1"},"start":0} 
20.06.17 11:26:02 vkbitrix24@gmail.com Вызван метод: user.current с параметрами: {"auth":"nhry6atw3ej2umq621lv8ft11utdnyia"} 
20.06.17 11:26:02 vkbitrix24@gmail.com Вызван метод: crm.dealcategory.stage.list с параметрами: {"auth":"nhry6atw3ej2umq621lv8ft11utdnyia"} 
20.06.17 11:26:03 vkbitrix24@gmail.com Вызван метод: user.get с параметрами: {"auth":"nhry6atw3ej2umq621lv8ft11utdnyia","order":"ASC","filter":{"ACTIVE":"1"},"start":0} 
20.06.17 11:26:03 vkbitrix24@gmail.com Вызван метод: sonet_group.get с параметрами: {"auth":"nhry6atw3ej2umq621lv8ft11utdnyia","order":"ASC","filter":{"ACTIVE":"1"},"start":0} 
20.06.17 11:27:19 vkbitrix24@gmail.com Вызван метод: user.current с параметрами: {"auth":"n6l9c1qx5b1sndc83dob8d9qcom09x2h"} 
20.06.17 11:27:20 vkbitrix24@gmail.com Вызван метод: crm.dealcategory.stage.list с параметрами: {"auth":"n6l9c1qx5b1sndc83dob8d9qcom09x2h"} 
20.06.17 11:27:21 vkbitrix24@gmail.com Вызван метод: user.get с параметрами: {"auth":"n6l9c1qx5b1sndc83dob8d9qcom09x2h","order":"ASC","filter":{"ACTIVE":"1"},"start":0} 
20.06.17 11:27:21 vkbitrix24@gmail.com Вызван метод: sonet_group.get с параметрами: {"auth":"n6l9c1qx5b1sndc83dob8d9qcom09x2h","order":"ASC","filter":{"ACTIVE":"1"},"start":0} 
20.06.17 11:30:30 vkbitrix24@gmail.com Вызван метод: user.current с параметрами: {"auth":"2iuwsrczw2q0ozxo4jccnhohvu11tyiy"} 
20.06.17 11:30:30 vkbitrix24@gmail.com Вызван метод: crm.dealcategory.stage.list с параметрами: {"auth":"2iuwsrczw2q0ozxo4jccnhohvu11tyiy"} 
20.06.17 11:30:31 vkbitrix24@gmail.com Вызван метод: user.get с параметрами: {"auth":"2iuwsrczw2q0ozxo4jccnhohvu11tyiy","order":"ASC","filter":{"ACTIVE":"1"},"start":0} 
20.06.17 11:30:31 vkbitrix24@gmail.com Вызван метод: sonet_group.get с параметрами: {"auth":"2iuwsrczw2q0ozxo4jccnhohvu11tyiy","order":"ASC","filter":{"ACTIVE":"1"},"start":0} 
20.06.17 13:15:31 vkbitrix24@gmail.com Вызван метод: crm.dealcategory.stage.list с параметрами: {"auth":"xpvilwgy9pcxm3uf4b62rh6ya18txle6"} 
20.06.17 13:15:32 vkbitrix24@gmail.com Вызван метод: user.get с параметрами: {"auth":"xpvilwgy9pcxm3uf4b62rh6ya18txle6","order":"ASC","filter":{"ACTIVE":"1"},"start":0} 
20.06.17 13:15:32 vkbitrix24@gmail.com Вызван метод: sonet_group.get с параметрами: {"auth":"xpvilwgy9pcxm3uf4b62rh6ya18txle6","order":"ASC","filter":{"ACTIVE":"1"},"start":0} 
20.06.17 13:26:56 vkbitrix24@gmail.com Вызван метод: user.current с параметрами: {"auth":"ze7lhwne71o6npg0x1e9c1alq4871gr7"} 
20.06.17 13:26:57 vkbitrix24@gmail.com Вызван метод: crm.dealcategory.stage.list с параметрами: {"auth":"ze7lhwne71o6npg0x1e9c1alq4871gr7"} 
20.06.17 13:26:58 vkbitrix24@gmail.com Вызван метод: user.get с параметрами: {"auth":"ze7lhwne71o6npg0x1e9c1alq4871gr7","order":"ASC","filter":{"ACTIVE":"1"},"start":0} 
20.06.17 13:26:58 vkbitrix24@gmail.com Вызван метод: sonet_group.get с параметрами: {"auth":"ze7lhwne71o6npg0x1e9c1alq4871gr7","order":"ASC","filter":{"ACTIVE":"1"},"start":0} 
20.06.17 13:27:09 vkbitrix24@gmail.com Вызван метод: user.current с параметрами: {"auth":"zc1u5gc3o0t0x90kjdm7zw6y33w6l2iy"} 
20.06.17 13:27:10 vkbitrix24@gmail.com Вызван метод: crm.dealcategory.stage.list с параметрами: {"auth":"zc1u5gc3o0t0x90kjdm7zw6y33w6l2iy"} 
20.06.17 13:27:10 vkbitrix24@gmail.com Вызван метод: user.get с параметрами: {"auth":"zc1u5gc3o0t0x90kjdm7zw6y33w6l2iy","order":"ASC","filter":{"ACTIVE":"1"},"start":0} 
20.06.17 13:27:10 vkbitrix24@gmail.com Вызван метод: sonet_group.get с параметрами: {"auth":"zc1u5gc3o0t0x90kjdm7zw6y33w6l2iy","order":"ASC","filter":{"ACTIVE":"1"},"start":0} 
20.06.17 13:27:30 vkbitrix24@gmail.com Вызван метод: user.current с параметрами: {"auth":"oad65yvxyamei7lyixzhvcam8ulin4op"} 
20.06.17 13:27:30 vkbitrix24@gmail.com Вызван метод: crm.dealcategory.stage.list с параметрами: {"auth":"oad65yvxyamei7lyixzhvcam8ulin4op"} 
20.06.17 13:27:31 vkbitrix24@gmail.com Вызван метод: user.get с параметрами: {"auth":"oad65yvxyamei7lyixzhvcam8ulin4op","order":"ASC","filter":{"ACTIVE":"1"},"start":0} 
20.06.17 13:27:31 vkbitrix24@gmail.com Вызван метод: sonet_group.get с параметрами: {"auth":"oad65yvxyamei7lyixzhvcam8ulin4op","order":"ASC","filter":{"ACTIVE":"1"},"start":0} 
20.06.17 13:28:15 vkbitrix24@gmail.com Вызван метод: user.current с параметрами: {"auth":"1xm676nck6khe0e9pt9bospoou8rtaeo"} 
20.06.17 13:28:16 vkbitrix24@gmail.com Вызван метод: crm.dealcategory.stage.list с параметрами: {"auth":"1xm676nck6khe0e9pt9bospoou8rtaeo"} 
20.06.17 13:28:17 vkbitrix24@gmail.com Вызван метод: user.get с параметрами: {"auth":"1xm676nck6khe0e9pt9bospoou8rtaeo","order":"ASC","filter":{"ACTIVE":"1"},"start":0} 
20.06.17 13:28:17 vkbitrix24@gmail.com Вызван метод: sonet_group.get с параметрами: {"auth":"1xm676nck6khe0e9pt9bospoou8rtaeo","order":"ASC","filter":{"ACTIVE":"1"},"start":0} 
20.06.17 13:28:51 vkbitrix24@gmail.com Вызван метод: user.current с параметрами: {"auth":"h2pwn8ztl3kecljmcn05496kysgs3hy5"} 
20.06.17 13:28:51 vkbitrix24@gmail.com Вызван метод: crm.dealcategory.stage.list с параметрами: {"auth":"h2pwn8ztl3kecljmcn05496kysgs3hy5"} 
20.06.17 13:28:52 vkbitrix24@gmail.com Вызван метод: user.get с параметрами: {"auth":"h2pwn8ztl3kecljmcn05496kysgs3hy5","order":"ASC","filter":{"ACTIVE":"1"},"start":0} 
20.06.17 13:28:52 vkbitrix24@gmail.com Вызван метод: sonet_group.get с параметрами: {"auth":"h2pwn8ztl3kecljmcn05496kysgs3hy5","order":"ASC","filter":{"ACTIVE":"1"},"start":0} 
20.06.17 13:29:15 vkbitrix24@gmail.com Вызван метод: user.current с параметрами: {"auth":"6r0tw70n3vfrijo2ppp1ab22xqaf1skf"} 
20.06.17 13:29:16 vkbitrix24@gmail.com Вызван метод: crm.dealcategory.stage.list с параметрами: {"auth":"6r0tw70n3vfrijo2ppp1ab22xqaf1skf"} 
20.06.17 13:29:16 vkbitrix24@gmail.com Вызван метод: user.get с параметрами: {"auth":"6r0tw70n3vfrijo2ppp1ab22xqaf1skf","order":"ASC","filter":{"ACTIVE":"1"},"start":0} 
20.06.17 13:29:16 vkbitrix24@gmail.com Вызван метод: sonet_group.get с параметрами: {"auth":"6r0tw70n3vfrijo2ppp1ab22xqaf1skf","order":"ASC","filter":{"ACTIVE":"1"},"start":0} 
20.06.17 13:29:42 vkbitrix24@gmail.com Вызван метод: user.current с параметрами: {"auth":"fgneesidmkci1inr0dhw3fkvi2l58m83"} 
20.06.17 13:29:42 vkbitrix24@gmail.com Вызван метод: crm.dealcategory.stage.list с параметрами: {"auth":"fgneesidmkci1inr0dhw3fkvi2l58m83"} 
20.06.17 13:29:43 vkbitrix24@gmail.com Вызван метод: user.get с параметрами: {"auth":"fgneesidmkci1inr0dhw3fkvi2l58m83","order":"ASC","filter":{"ACTIVE":"1"},"start":0} 
20.06.17 13:29:43 vkbitrix24@gmail.com Вызван метод: sonet_group.get с параметрами: {"auth":"fgneesidmkci1inr0dhw3fkvi2l58m83","order":"ASC","filter":{"ACTIVE":"1"},"start":0} 
20.06.17 13:30:09 vkbitrix24@gmail.com Вызван метод: user.current с параметрами: {"auth":"em8eyv5pvc0q5noe2c30f2kpnfrehqgx"} 
20.06.17 13:30:10 vkbitrix24@gmail.com Вызван метод: crm.dealcategory.stage.list с параметрами: {"auth":"em8eyv5pvc0q5noe2c30f2kpnfrehqgx"} 
20.06.17 13:30:11 vkbitrix24@gmail.com Вызван метод: user.get с параметрами: {"auth":"em8eyv5pvc0q5noe2c30f2kpnfrehqgx","order":"ASC","filter":{"ACTIVE":"1"},"start":0} 
20.06.17 13:30:11 vkbitrix24@gmail.com Вызван метод: sonet_group.get с параметрами: {"auth":"em8eyv5pvc0q5noe2c30f2kpnfrehqgx","order":"ASC","filter":{"ACTIVE":"1"},"start":0} 
20.06.17 13:32:58 vkbitrix24@gmail.com Вызван метод: user.current с параметрами: {"auth":"l9f88ekq3d47kgl0i51y1pp1gcbfnp8y"} 
20.06.17 13:32:59 vkbitrix24@gmail.com Вызван метод: crm.dealcategory.stage.list с параметрами: {"auth":"l9f88ekq3d47kgl0i51y1pp1gcbfnp8y"} 
20.06.17 13:32:59 vkbitrix24@gmail.com Вызван метод: user.get с параметрами: {"auth":"l9f88ekq3d47kgl0i51y1pp1gcbfnp8y","order":"ASC","filter":{"ACTIVE":"1"},"start":0} 
20.06.17 13:33:00 vkbitrix24@gmail.com Вызван метод: sonet_group.get с параметрами: {"auth":"l9f88ekq3d47kgl0i51y1pp1gcbfnp8y","order":"ASC","filter":{"ACTIVE":"1"},"start":0} 
20.06.17 13:33:33 vkbitrix24@gmail.com Вызван метод: user.current с параметрами: {"auth":"0o0xjv581t3cepjabi0z5rxv4v2ofx13"} 
20.06.17 13:33:33 vkbitrix24@gmail.com Вызван метод: crm.dealcategory.stage.list с параметрами: {"auth":"0o0xjv581t3cepjabi0z5rxv4v2ofx13"} 
20.06.17 13:33:34 vkbitrix24@gmail.com Вызван метод: user.get с параметрами: {"auth":"0o0xjv581t3cepjabi0z5rxv4v2ofx13","order":"ASC","filter":{"ACTIVE":"1"},"start":0} 
20.06.17 13:33:34 vkbitrix24@gmail.com Вызван метод: sonet_group.get с параметрами: {"auth":"0o0xjv581t3cepjabi0z5rxv4v2ofx13","order":"ASC","filter":{"ACTIVE":"1"},"start":0} 
20.06.17 13:34:36 vkbitrix24@gmail.com Вызван метод: user.current с параметрами: {"auth":"1fdnwkkz8c0w8kfvbjxm53v8rbjquivo"} 
20.06.17 13:34:38 vkbitrix24@gmail.com Вызван метод: crm.dealcategory.stage.list с параметрами: {"auth":"1fdnwkkz8c0w8kfvbjxm53v8rbjquivo"} 
20.06.17 13:34:39 vkbitrix24@gmail.com Вызван метод: user.get с параметрами: {"auth":"1fdnwkkz8c0w8kfvbjxm53v8rbjquivo","order":"ASC","filter":{"ACTIVE":"1"},"start":0} 
20.06.17 13:34:39 vkbitrix24@gmail.com Вызван метод: sonet_group.get с параметрами: {"auth":"1fdnwkkz8c0w8kfvbjxm53v8rbjquivo","order":"ASC","filter":{"ACTIVE":"1"},"start":0} 
20.06.17 13:39:16 vkbitrix24@gmail.com Вызван метод: user.current с параметрами: {"auth":"ymkkfeb37yt1w0fkoe2qqy0rv6o07aof"} 
20.06.17 13:39:17 vkbitrix24@gmail.com Вызван метод: crm.dealcategory.stage.list с параметрами: {"auth":"ymkkfeb37yt1w0fkoe2qqy0rv6o07aof"} 
20.06.17 13:39:17 vkbitrix24@gmail.com Вызван метод: user.get с параметрами: {"auth":"ymkkfeb37yt1w0fkoe2qqy0rv6o07aof","order":"ASC","filter":{"ACTIVE":"1"},"start":0} 
20.06.17 13:39:17 vkbitrix24@gmail.com Вызван метод: sonet_group.get с параметрами: {"auth":"ymkkfeb37yt1w0fkoe2qqy0rv6o07aof","order":"ASC","filter":{"ACTIVE":"1"},"start":0} 
20.06.17 13:39:42 vkbitrix24@gmail.com Вызван метод: user.current с параметрами: {"auth":"phu2jnav33yi066sg9cizd6qsfgnoyp9"} 
20.06.17 13:39:42 vkbitrix24@gmail.com Вызван метод: crm.dealcategory.stage.list с параметрами: {"auth":"phu2jnav33yi066sg9cizd6qsfgnoyp9"} 
20.06.17 13:39:43 vkbitrix24@gmail.com Вызван метод: user.get с параметрами: {"auth":"phu2jnav33yi066sg9cizd6qsfgnoyp9","order":"ASC","filter":{"ACTIVE":"1"},"start":0} 
20.06.17 13:39:43 vkbitrix24@gmail.com Вызван метод: sonet_group.get с параметрами: {"auth":"phu2jnav33yi066sg9cizd6qsfgnoyp9","order":"ASC","filter":{"ACTIVE":"1"},"start":0} 
20.06.17 13:40:14 vkbitrix24@gmail.com Вызван метод: user.current с параметрами: {"auth":"xsxw6u1vklqj35694nuawy6qakcmzbax"} 
20.06.17 13:40:15 vkbitrix24@gmail.com Вызван метод: crm.dealcategory.stage.list с параметрами: {"auth":"xsxw6u1vklqj35694nuawy6qakcmzbax"} 
20.06.17 13:40:15 vkbitrix24@gmail.com Вызван метод: user.get с параметрами: {"auth":"xsxw6u1vklqj35694nuawy6qakcmzbax","order":"ASC","filter":{"ACTIVE":"1"},"start":0} 
20.06.17 13:40:15 vkbitrix24@gmail.com Вызван метод: sonet_group.get с параметрами: {"auth":"xsxw6u1vklqj35694nuawy6qakcmzbax","order":"ASC","filter":{"ACTIVE":"1"},"start":0} 
20.06.17 13:40:52 vkbitrix24@gmail.com Вызван метод: user.current с параметрами: {"auth":"zjkr8rb42fy1x10ifesnfu6gdjsvfjmf"} 
20.06.17 13:40:52 vkbitrix24@gmail.com Вызван метод: crm.dealcategory.stage.list с параметрами: {"auth":"zjkr8rb42fy1x10ifesnfu6gdjsvfjmf"} 
20.06.17 13:40:53 vkbitrix24@gmail.com Вызван метод: user.get с параметрами: {"auth":"zjkr8rb42fy1x10ifesnfu6gdjsvfjmf","order":"ASC","filter":{"ACTIVE":"1"},"start":0} 
20.06.17 13:40:53 vkbitrix24@gmail.com Вызван метод: sonet_group.get с параметрами: {"auth":"zjkr8rb42fy1x10ifesnfu6gdjsvfjmf","order":"ASC","filter":{"ACTIVE":"1"},"start":0} 
20.06.17 13:46:07 vkbitrix24@gmail.com Вызван метод: user.current с параметрами: {"auth":"nq4322oz7p14e89oz08lxau53k716gex"} 
20.06.17 13:46:08 vkbitrix24@gmail.com Вызван метод: crm.dealcategory.stage.list с параметрами: {"auth":"nq4322oz7p14e89oz08lxau53k716gex"} 
20.06.17 13:46:08 vkbitrix24@gmail.com Вызван метод: user.get с параметрами: {"auth":"nq4322oz7p14e89oz08lxau53k716gex","order":"ASC","filter":{"ACTIVE":"1"},"start":0} 
20.06.17 13:46:09 vkbitrix24@gmail.com Вызван метод: sonet_group.get с параметрами: {"auth":"nq4322oz7p14e89oz08lxau53k716gex","order":"ASC","filter":{"ACTIVE":"1"},"start":0} 
20.06.17 13:46:40 vkbitrix24@gmail.com Вызван метод: user.current с параметрами: {"auth":"1r4vek9dlurs61n1edmuhnex8vbknlh9"} 
20.06.17 13:46:40 vkbitrix24@gmail.com Вызван метод: crm.dealcategory.stage.list с параметрами: {"auth":"1r4vek9dlurs61n1edmuhnex8vbknlh9"} 
20.06.17 13:46:41 vkbitrix24@gmail.com Вызван метод: user.get с параметрами: {"auth":"1r4vek9dlurs61n1edmuhnex8vbknlh9","order":"ASC","filter":{"ACTIVE":"1"},"start":0} 
20.06.17 13:46:41 vkbitrix24@gmail.com Вызван метод: sonet_group.get с параметрами: {"auth":"1r4vek9dlurs61n1edmuhnex8vbknlh9","order":"ASC","filter":{"ACTIVE":"1"},"start":0} 
20.06.17 13:47:33 vkbitrix24@gmail.com Вызван метод: user.current с параметрами: {"auth":"oer1sngw0db5ntnpk9bezhs2gn23irao"} 
20.06.17 13:47:33 vkbitrix24@gmail.com Вызван метод: crm.dealcategory.stage.list с параметрами: {"auth":"oer1sngw0db5ntnpk9bezhs2gn23irao"} 
20.06.17 13:47:34 vkbitrix24@gmail.com Вызван метод: user.get с параметрами: {"auth":"oer1sngw0db5ntnpk9bezhs2gn23irao","order":"ASC","filter":{"ACTIVE":"1"},"start":0} 
20.06.17 13:47:34 vkbitrix24@gmail.com Вызван метод: sonet_group.get с параметрами: {"auth":"oer1sngw0db5ntnpk9bezhs2gn23irao","order":"ASC","filter":{"ACTIVE":"1"},"start":0} 
20.06.17 13:48:40 vkbitrix24@gmail.com Вызван метод: user.current с параметрами: {"auth":"bd130l3m9cdwjh9gqfymyrqvmi8wudpi"} 
20.06.17 13:48:41 vkbitrix24@gmail.com Вызван метод: crm.dealcategory.stage.list с параметрами: {"auth":"bd130l3m9cdwjh9gqfymyrqvmi8wudpi"} 
20.06.17 13:48:42 vkbitrix24@gmail.com Вызван метод: user.get с параметрами: {"auth":"bd130l3m9cdwjh9gqfymyrqvmi8wudpi","order":"ASC","filter":{"ACTIVE":"1"},"start":0} 
20.06.17 13:48:42 vkbitrix24@gmail.com Вызван метод: sonet_group.get с параметрами: {"auth":"bd130l3m9cdwjh9gqfymyrqvmi8wudpi","order":"ASC","filter":{"ACTIVE":"1"},"start":0} 
20.06.17 13:49:31 vkbitrix24@gmail.com Вызван метод: user.current с параметрами: {"auth":"uxbfglsfq12o3qdd2jpisupp0yha4tv7"} 
20.06.17 13:49:32 vkbitrix24@gmail.com Вызван метод: crm.dealcategory.stage.list с параметрами: {"auth":"uxbfglsfq12o3qdd2jpisupp0yha4tv7"} 
20.06.17 13:49:32 vkbitrix24@gmail.com Вызван метод: user.get с параметрами: {"auth":"uxbfglsfq12o3qdd2jpisupp0yha4tv7","order":"ASC","filter":{"ACTIVE":"1"},"start":0} 
20.06.17 13:49:33 vkbitrix24@gmail.com Вызван метод: sonet_group.get с параметрами: {"auth":"uxbfglsfq12o3qdd2jpisupp0yha4tv7","order":"ASC","filter":{"ACTIVE":"1"},"start":0} 
20.06.17 13:52:38 vkbitrix24@gmail.com Вызван метод: user.current с параметрами: {"auth":"w7xcy6p2naodger3u9f482nidfwvgkvj"} 
20.06.17 13:52:39 vkbitrix24@gmail.com Вызван метод: crm.dealcategory.stage.list с параметрами: {"auth":"w7xcy6p2naodger3u9f482nidfwvgkvj"} 
20.06.17 13:52:39 vkbitrix24@gmail.com Вызван метод: user.get с параметрами: {"auth":"w7xcy6p2naodger3u9f482nidfwvgkvj","order":"ASC","filter":{"ACTIVE":"1"},"start":0} 
20.06.17 13:52:40 vkbitrix24@gmail.com Вызван метод: sonet_group.get с параметрами: {"auth":"w7xcy6p2naodger3u9f482nidfwvgkvj","order":"ASC","filter":{"ACTIVE":"1"},"start":0} 
20.06.17 13:53:26 vkbitrix24@gmail.com Вызван метод: user.current с параметрами: {"auth":"d0y7q7t4npokonen94y3iyw2jai2yo2h"} 
20.06.17 13:53:27 vkbitrix24@gmail.com Вызван метод: crm.dealcategory.stage.list с параметрами: {"auth":"d0y7q7t4npokonen94y3iyw2jai2yo2h"} 
20.06.17 13:53:28 vkbitrix24@gmail.com Вызван метод: user.get с параметрами: {"auth":"d0y7q7t4npokonen94y3iyw2jai2yo2h","order":"ASC","filter":{"ACTIVE":"1"},"start":0} 
20.06.17 13:53:28 vkbitrix24@gmail.com Вызван метод: sonet_group.get с параметрами: {"auth":"d0y7q7t4npokonen94y3iyw2jai2yo2h","order":"ASC","filter":{"ACTIVE":"1"},"start":0} 
20.06.17 13:57:31 vkbitrix24@gmail.com Вызван метод: user.current с параметрами: {"auth":"eibehglpe7kipda9btkxl9wa9ggacfsd"} 
20.06.17 13:57:32 vkbitrix24@gmail.com Вызван метод: crm.dealcategory.stage.list с параметрами: {"auth":"eibehglpe7kipda9btkxl9wa9ggacfsd"} 
20.06.17 13:57:33 vkbitrix24@gmail.com Вызван метод: user.get с параметрами: {"auth":"eibehglpe7kipda9btkxl9wa9ggacfsd","order":"ASC","filter":{"ACTIVE":"1"},"start":0} 
20.06.17 13:57:33 vkbitrix24@gmail.com Вызван метод: sonet_group.get с параметрами: {"auth":"eibehglpe7kipda9btkxl9wa9ggacfsd","order":"ASC","filter":{"ACTIVE":"1"},"start":0} 
20.06.17 13:58:13 vkbitrix24@gmail.com Вызван метод: user.current с параметрами: {"auth":"8xvqb6n6x8e5ck993xt7e5ygmk40vz00"} 
20.06.17 13:58:13 vkbitrix24@gmail.com Вызван метод: crm.dealcategory.stage.list с параметрами: {"auth":"8xvqb6n6x8e5ck993xt7e5ygmk40vz00"} 
20.06.17 13:58:14 vkbitrix24@gmail.com Вызван метод: user.get с параметрами: {"auth":"8xvqb6n6x8e5ck993xt7e5ygmk40vz00","order":"ASC","filter":{"ACTIVE":"1"},"start":0} 
20.06.17 13:58:14 vkbitrix24@gmail.com Вызван метод: sonet_group.get с параметрами: {"auth":"8xvqb6n6x8e5ck993xt7e5ygmk40vz00","order":"ASC","filter":{"ACTIVE":"1"},"start":0} 
20.06.17 13:59:20 vkbitrix24@gmail.com Вызван метод: user.current с параметрами: {"auth":"pebvx7rm02998fog2rqu70fh8onrvyig"} 
20.06.17 13:59:21 vkbitrix24@gmail.com Вызван метод: crm.dealcategory.stage.list с параметрами: {"auth":"pebvx7rm02998fog2rqu70fh8onrvyig"} 
20.06.17 13:59:22 vkbitrix24@gmail.com Вызван метод: user.get с параметрами: {"auth":"pebvx7rm02998fog2rqu70fh8onrvyig","order":"ASC","filter":{"ACTIVE":"1"},"start":0} 
20.06.17 13:59:22 vkbitrix24@gmail.com Вызван метод: sonet_group.get с параметрами: {"auth":"pebvx7rm02998fog2rqu70fh8onrvyig","order":"ASC","filter":{"ACTIVE":"1"},"start":0} 
20.06.17 17:37:14 vkbitrix24@gmail.com Вызван метод: user.current с параметрами: {"auth":"4fpceq2h7mv810q4bl95htirmhg39fof"} 
20.06.17 17:37:14 vkbitrix24@gmail.com Вызван метод: crm.dealcategory.stage.list с параметрами: {"auth":"4fpceq2h7mv810q4bl95htirmhg39fof"} 
20.06.17 17:37:15 vkbitrix24@gmail.com Вызван метод: user.get с параметрами: {"auth":"4fpceq2h7mv810q4bl95htirmhg39fof","order":"ASC","filter":{"ACTIVE":"1"},"start":0} 
20.06.17 17:37:15 vkbitrix24@gmail.com Вызван метод: sonet_group.get с параметрами: {"auth":"4fpceq2h7mv810q4bl95htirmhg39fof","order":"ASC","filter":{"ACTIVE":"1"},"start":0} 
20.06.17 17:37:26 vkbitrix24@gmail.com Вызван метод: event.get с параметрами: {"auth":"4fpceq2h7mv810q4bl95htirmhg39fof"} 
20.06.17 17:37:27 vkbitrix24@gmail.com Вызван метод: event.bind с параметрами: {"auth":"4fpceq2h7mv810q4bl95htirmhg39fof","event":"onCrmDealAdd","handler":"https:\/\/fishdayprod.ru\/stadia\/changeRespUser.php"} 
20.06.17 17:37:28 vkbitrix24@gmail.com Вызван метод: event.bind с параметрами: {"auth":"4fpceq2h7mv810q4bl95htirmhg39fof","event":"onCrmDealUpdate","handler":"https:\/\/fishdayprod.ru\/stadia\/changeRespUser.php"} 
20.06.17 17:37:30 vkbitrix24@gmail.com Вызван метод: event.bind с параметрами: {"auth":"4fpceq2h7mv810q4bl95htirmhg39fof","event":"OnAppUninstall","handler":"https:\/\/fishdayprod.ru\/stadia\/Uninstall.php"} 
20.06.17 17:37:35 vkbitrix24@gmail.com Вызван метод: user.current с параметрами: {"auth":"4cw0npxy5h6jb8ftbo6l640j7f7yvhbw"} 
20.06.17 17:37:35 vkbitrix24@gmail.com Вызван метод: crm.dealcategory.stage.list с параметрами: {"auth":"4cw0npxy5h6jb8ftbo6l640j7f7yvhbw"} 
20.06.17 17:37:36 vkbitrix24@gmail.com Вызван метод: user.get с параметрами: {"auth":"4cw0npxy5h6jb8ftbo6l640j7f7yvhbw","order":"ASC","filter":{"ACTIVE":"1"},"start":0} 
20.06.17 17:37:36 vkbitrix24@gmail.com Вызван метод: sonet_group.get с параметрами: {"auth":"4cw0npxy5h6jb8ftbo6l640j7f7yvhbw","order":"ASC","filter":{"ACTIVE":"1"},"start":0} 
20.06.17 17:37:57 vkbitrix24@gmail.com Вызван метод: user.current с параметрами: {"auth":"23dwu2tp91ophwm47qtpbi9x0a8pypou"} 
20.06.17 17:37:57 vkbitrix24@gmail.com Вызван метод: crm.dealcategory.stage.list с параметрами: {"auth":"23dwu2tp91ophwm47qtpbi9x0a8pypou"} 
20.06.17 17:37:58 vkbitrix24@gmail.com Вызван метод: user.get с параметрами: {"auth":"23dwu2tp91ophwm47qtpbi9x0a8pypou","order":"ASC","filter":{"ACTIVE":"1"},"start":0} 
20.06.17 17:37:58 vkbitrix24@gmail.com Вызван метод: sonet_group.get с параметрами: {"auth":"23dwu2tp91ophwm47qtpbi9x0a8pypou","order":"ASC","filter":{"ACTIVE":"1"},"start":0} 
20.06.17 17:54:50 vkbitrix24@gmail.com Вызван метод: user.current с параметрами: {"auth":"dy03mpt4awse6rkoynz5b5p6hkgzi9r1"} 
20.06.17 17:54:51 vkbitrix24@gmail.com Вызван метод: crm.dealcategory.stage.list с параметрами: {"auth":"dy03mpt4awse6rkoynz5b5p6hkgzi9r1"} 
20.06.17 17:54:51 vkbitrix24@gmail.com Вызван метод: user.get с параметрами: {"auth":"dy03mpt4awse6rkoynz5b5p6hkgzi9r1","order":"ASC","filter":{"ACTIVE":"1"},"start":0} 
20.06.17 17:54:52 vkbitrix24@gmail.com Вызван метод: sonet_group.get с параметрами: {"auth":"dy03mpt4awse6rkoynz5b5p6hkgzi9r1","order":"ASC","filter":{"ACTIVE":"1"},"start":0} 
20.06.17 17:55:05 vkbitrix24@gmail.com Вызван метод: user.current с параметрами: {"auth":"4v9cndip95kx1j5d5bf3tzfovc8kk1fd"} 
20.06.17 17:55:06 vkbitrix24@gmail.com Вызван метод: crm.dealcategory.stage.list с параметрами: {"auth":"4v9cndip95kx1j5d5bf3tzfovc8kk1fd"} 
20.06.17 17:55:06 vkbitrix24@gmail.com Вызван метод: user.get с параметрами: {"auth":"4v9cndip95kx1j5d5bf3tzfovc8kk1fd","order":"ASC","filter":{"ACTIVE":"1"},"start":0} 
20.06.17 17:55:06 vkbitrix24@gmail.com Вызван метод: sonet_group.get с параметрами: {"auth":"4v9cndip95kx1j5d5bf3tzfovc8kk1fd","order":"ASC","filter":{"ACTIVE":"1"},"start":0} 
20.06.17 17:57:02 vkbitrix24@gmail.com Вызван метод: user.current с параметрами: {"auth":"rmi9xhgw1wg5tx0xkd7tdlgdafxh2k25"} 
20.06.17 17:57:02 vkbitrix24@gmail.com Вызван метод: crm.dealcategory.stage.list с параметрами: {"auth":"rmi9xhgw1wg5tx0xkd7tdlgdafxh2k25"} 
20.06.17 17:57:03 vkbitrix24@gmail.com Вызван метод: user.get с параметрами: {"auth":"rmi9xhgw1wg5tx0xkd7tdlgdafxh2k25","order":"ASC","filter":{"ACTIVE":"1"},"start":0} 
20.06.17 17:57:03 vkbitrix24@gmail.com Вызван метод: sonet_group.get с параметрами: {"auth":"rmi9xhgw1wg5tx0xkd7tdlgdafxh2k25","order":"ASC","filter":{"ACTIVE":"1"},"start":0} 
20.06.17 17:57:15 vkbitrix24@gmail.com Вызван метод: event.get с параметрами: {"auth":"rmi9xhgw1wg5tx0xkd7tdlgdafxh2k25"} 
20.06.17 17:57:16 vkbitrix24@gmail.com ОШИБКА: ERROR_CORE(Unable to set event handler: Handler already binded) 
20.06.17 17:57:17 vkbitrix24@gmail.com ОШИБКА: ERROR_CORE(Unable to set event handler: Handler already binded) 
20.06.17 17:57:18 vkbitrix24@gmail.com ОШИБКА: ERROR_CORE(Unable to set event handler: Handler already binded) 
20.06.17 17:57:26 vkbitrix24@gmail.com Вызван метод: event.get с параметрами: {"auth":"rmi9xhgw1wg5tx0xkd7tdlgdafxh2k25"} 
20.06.17 17:57:28 vkbitrix24@gmail.com ОШИБКА: ERROR_CORE(Unable to set event handler: Handler already binded) 
20.06.17 17:57:29 vkbitrix24@gmail.com ОШИБКА: ERROR_CORE(Unable to set event handler: Handler already binded) 
20.06.17 17:57:30 vkbitrix24@gmail.com ОШИБКА: ERROR_CORE(Unable to set event handler: Handler already binded) 
20.06.17 17:57:35 vkbitrix24@gmail.com Вызван метод: user.current с параметрами: {"auth":"vv1pk9xqccc3eqb1zkul2goh86nby2q8"} 
20.06.17 17:57:36 vkbitrix24@gmail.com Вызван метод: crm.dealcategory.stage.list с параметрами: {"auth":"vv1pk9xqccc3eqb1zkul2goh86nby2q8"} 
20.06.17 17:57:36 vkbitrix24@gmail.com Вызван метод: user.get с параметрами: {"auth":"vv1pk9xqccc3eqb1zkul2goh86nby2q8","order":"ASC","filter":{"ACTIVE":"1"},"start":0} 
20.06.17 17:57:36 vkbitrix24@gmail.com Вызван метод: sonet_group.get с параметрами: {"auth":"vv1pk9xqccc3eqb1zkul2goh86nby2q8","order":"ASC","filter":{"ACTIVE":"1"},"start":0} 
20.06.17 21:12:28 vkbitrix24@gmail.com Вызван метод: crm.dealcategory.stage.list с параметрами: {"auth":"0qrvjdjnktamgop784yp2gtnlfdhjtns"} 
20.06.17 21:12:28 vkbitrix24@gmail.com Вызван метод: user.get с параметрами: {"auth":"0qrvjdjnktamgop784yp2gtnlfdhjtns","order":"ASC","filter":{"ACTIVE":"1"},"start":0} 
20.06.17 21:12:29 vkbitrix24@gmail.com Вызван метод: sonet_group.get с параметрами: {"auth":"0qrvjdjnktamgop784yp2gtnlfdhjtns","order":"ASC","filter":{"ACTIVE":"1"},"start":0} 
20.06.17 21:44:20 vkbitrix24@gmail.com Вызван метод: user.current с параметрами: {"auth":"2mvnt0upqh7v1g7zqmkqf16c60zv7clx"} 
20.06.17 21:44:20 vkbitrix24@gmail.com Вызван метод: crm.dealcategory.stage.list с параметрами: {"auth":"2mvnt0upqh7v1g7zqmkqf16c60zv7clx"} 
20.06.17 21:44:21 vkbitrix24@gmail.com Вызван метод: user.get с параметрами: {"auth":"2mvnt0upqh7v1g7zqmkqf16c60zv7clx","order":"ASC","filter":{"ACTIVE":"1"},"start":0} 
20.06.17 21:44:21 vkbitrix24@gmail.com Вызван метод: sonet_group.get с параметрами: {"auth":"2mvnt0upqh7v1g7zqmkqf16c60zv7clx","order":"ASC","filter":{"ACTIVE":"1"},"start":0} 
20.06.17 21:44:30 vkbitrix24@gmail.com Вызван метод: event.get с параметрами: {"auth":"2mvnt0upqh7v1g7zqmkqf16c60zv7clx"} 
20.06.17 21:44:32 vkbitrix24@gmail.com ОШИБКА: ERROR_CORE(Unable to set event handler: Handler already binded) 
20.06.17 21:44:33 vkbitrix24@gmail.com ОШИБКА: ERROR_CORE(Unable to set event handler: Handler already binded) 
20.06.17 21:44:34 vkbitrix24@gmail.com ОШИБКА: ERROR_CORE(Unable to set event handler: Handler already binded) 
20.06.17 21:44:53 vkbitrix24@gmail.com Вызван метод: user.current с параметрами: {"auth":"n6px0z0dg62s738ovjf8zou133t760ed"} 
20.06.17 21:44:54 vkbitrix24@gmail.com Вызван метод: crm.dealcategory.stage.list с параметрами: {"auth":"n6px0z0dg62s738ovjf8zou133t760ed"} 
20.06.17 21:44:54 vkbitrix24@gmail.com Вызван метод: user.get с параметрами: {"auth":"n6px0z0dg62s738ovjf8zou133t760ed","order":"ASC","filter":{"ACTIVE":"1"},"start":0} 
20.06.17 21:44:55 vkbitrix24@gmail.com Вызван метод: sonet_group.get с параметрами: {"auth":"n6px0z0dg62s738ovjf8zou133t760ed","order":"ASC","filter":{"ACTIVE":"1"},"start":0} 
20.06.17 21:46:03 vkbitrix24@gmail.com Вызван метод: user.current с параметрами: {"auth":"y2l6w6fsp1siwx78vmqdq68v3q2qumwn"} 
20.06.17 21:46:03 vkbitrix24@gmail.com Вызван метод: crm.dealcategory.stage.list с параметрами: {"auth":"y2l6w6fsp1siwx78vmqdq68v3q2qumwn"} 
20.06.17 21:46:04 vkbitrix24@gmail.com Вызван метод: user.get с параметрами: {"auth":"y2l6w6fsp1siwx78vmqdq68v3q2qumwn","order":"ASC","filter":{"ACTIVE":"1"},"start":0} 
20.06.17 21:46:04 vkbitrix24@gmail.com Вызван метод: sonet_group.get с параметрами: {"auth":"y2l6w6fsp1siwx78vmqdq68v3q2qumwn","order":"ASC","filter":{"ACTIVE":"1"},"start":0} 
20.06.17 21:46:12 vkbitrix24@gmail.com Вызван метод: event.get с параметрами: {"auth":"y2l6w6fsp1siwx78vmqdq68v3q2qumwn"} 
20.06.17 21:46:13 vkbitrix24@gmail.com ОШИБКА: ERROR_CORE(Unable to set event handler: Handler already binded) 
20.06.17 21:46:14 vkbitrix24@gmail.com ОШИБКА: ERROR_CORE(Unable to set event handler: Handler already binded) 
20.06.17 21:46:16 vkbitrix24@gmail.com ОШИБКА: ERROR_CORE(Unable to set event handler: Handler already binded) 
20.06.17 22:46:30 vkbitrix24@gmail.com Вызван метод: user.current с параметрами: {"auth":"ox5iqhuq7vvnfwylkrod9aogo95fe8uo"} 
20.06.17 22:46:30 vkbitrix24@gmail.com Вызван метод: crm.dealcategory.stage.list с параметрами: {"auth":"ox5iqhuq7vvnfwylkrod9aogo95fe8uo"} 
20.06.17 22:46:31 vkbitrix24@gmail.com Вызван метод: user.get с параметрами: {"auth":"ox5iqhuq7vvnfwylkrod9aogo95fe8uo","order":"ASC","filter":{"ACTIVE":"1"},"start":0} 
20.06.17 22:46:31 vkbitrix24@gmail.com Вызван метод: sonet_group.get с параметрами: {"auth":"ox5iqhuq7vvnfwylkrod9aogo95fe8uo","order":"ASC","filter":{"ACTIVE":"1"},"start":0} 
20.06.17 22:46:45 vkbitrix24@gmail.com Вызван метод: event.get с параметрами: {"auth":"ox5iqhuq7vvnfwylkrod9aogo95fe8uo"} 
20.06.17 22:46:46 vkbitrix24@gmail.com ОШИБКА: ERROR_CORE(Unable to set event handler: Handler already binded) 
20.06.17 22:46:47 vkbitrix24@gmail.com ОШИБКА: ERROR_CORE(Unable to set event handler: Handler already binded) 
20.06.17 22:46:48 vkbitrix24@gmail.com ОШИБКА: ERROR_CORE(Unable to set event handler: Handler already binded) 
20.06.17 22:47:32 vkbitrix24@gmail.com Вызван метод: user.current с параметрами: {"auth":"oq1picfxh01awzep2ur3ko899qoib94z"} 
20.06.17 22:47:33 vkbitrix24@gmail.com Вызван метод: crm.dealcategory.stage.list с параметрами: {"auth":"oq1picfxh01awzep2ur3ko899qoib94z"} 
20.06.17 22:47:33 vkbitrix24@gmail.com Вызван метод: user.get с параметрами: {"auth":"oq1picfxh01awzep2ur3ko899qoib94z","order":"ASC","filter":{"ACTIVE":"1"},"start":0} 
20.06.17 22:47:33 vkbitrix24@gmail.com Вызван метод: sonet_group.get с параметрами: {"auth":"oq1picfxh01awzep2ur3ko899qoib94z","order":"ASC","filter":{"ACTIVE":"1"},"start":0} 
20.06.17 22:47:42 vkbitrix24@gmail.com Вызван метод: event.get с параметрами: {"auth":"oq1picfxh01awzep2ur3ko899qoib94z"} 
20.06.17 22:47:43 vkbitrix24@gmail.com ОШИБКА: ERROR_CORE(Unable to set event handler: Handler already binded) 
20.06.17 22:47:44 vkbitrix24@gmail.com ОШИБКА: ERROR_CORE(Unable to set event handler: Handler already binded) 
20.06.17 22:47:45 vkbitrix24@gmail.com ОШИБКА: ERROR_CORE(Unable to set event handler: Handler already binded) 
20.06.17 22:48:43 vkbitrix24@gmail.com Вызван метод: user.current с параметрами: {"auth":"igzh0rb8x5xcsmowda80ulfcwqxozv82"} 
20.06.17 22:48:44 vkbitrix24@gmail.com Вызван метод: crm.dealcategory.stage.list с параметрами: {"auth":"igzh0rb8x5xcsmowda80ulfcwqxozv82"} 
20.06.17 22:48:44 vkbitrix24@gmail.com Вызван метод: user.get с параметрами: {"auth":"igzh0rb8x5xcsmowda80ulfcwqxozv82","order":"ASC","filter":{"ACTIVE":"1"},"start":0} 
20.06.17 22:48:44 vkbitrix24@gmail.com Вызван метод: sonet_group.get с параметрами: {"auth":"igzh0rb8x5xcsmowda80ulfcwqxozv82","order":"ASC","filter":{"ACTIVE":"1"},"start":0} 
20.06.17 22:48:52 vkbitrix24@gmail.com Вызван метод: event.get с параметрами: {"auth":"igzh0rb8x5xcsmowda80ulfcwqxozv82"} 
20.06.17 22:48:53 vkbitrix24@gmail.com ОШИБКА: ERROR_CORE(Unable to set event handler: Handler already binded) 
20.06.17 22:48:54 vkbitrix24@gmail.com ОШИБКА: ERROR_CORE(Unable to set event handler: Handler already binded) 
20.06.17 22:48:56 vkbitrix24@gmail.com ОШИБКА: ERROR_CORE(Unable to set event handler: Handler already binded) 
20.06.17 22:49:55 vkbitrix24@gmail.com Вызван метод: user.current с параметрами: {"auth":"h11h42q3ya3kgj9vft0vqb77s5n8lg1l"} 
20.06.17 22:49:55 vkbitrix24@gmail.com Вызван метод: crm.dealcategory.stage.list с параметрами: {"auth":"h11h42q3ya3kgj9vft0vqb77s5n8lg1l"} 
20.06.17 22:49:56 vkbitrix24@gmail.com Вызван метод: user.get с параметрами: {"auth":"h11h42q3ya3kgj9vft0vqb77s5n8lg1l","order":"ASC","filter":{"ACTIVE":"1"},"start":0} 
20.06.17 22:49:56 vkbitrix24@gmail.com Вызван метод: sonet_group.get с параметрами: {"auth":"h11h42q3ya3kgj9vft0vqb77s5n8lg1l","order":"ASC","filter":{"ACTIVE":"1"},"start":0} 
20.06.17 22:54:45 vkbitrix24@gmail.com Вызван метод: user.current с параметрами: {"auth":"xu0lh4g2v6sygzq68el80rmj80g1xpip"} 
20.06.17 22:54:45 vkbitrix24@gmail.com Вызван метод: crm.dealcategory.stage.list с параметрами: {"auth":"xu0lh4g2v6sygzq68el80rmj80g1xpip"} 
20.06.17 22:54:46 vkbitrix24@gmail.com Вызван метод: user.get с параметрами: {"auth":"xu0lh4g2v6sygzq68el80rmj80g1xpip","order":"ASC","filter":{"ACTIVE":"1"},"start":0} 
20.06.17 22:54:46 vkbitrix24@gmail.com Вызван метод: sonet_group.get с параметрами: {"auth":"xu0lh4g2v6sygzq68el80rmj80g1xpip","order":"ASC","filter":{"ACTIVE":"1"},"start":0} 
20.06.17 22:54:51 vkbitrix24@gmail.com Вызван метод: user.current с параметрами: {"auth":"cjmkt23yqwjdr428mi12s1uk7j8qalwv"} 
20.06.17 22:54:51 vkbitrix24@gmail.com Вызван метод: crm.dealcategory.stage.list с параметрами: {"auth":"cjmkt23yqwjdr428mi12s1uk7j8qalwv"} 
20.06.17 22:54:53 vkbitrix24@gmail.com Вызван метод: user.get с параметрами: {"auth":"cjmkt23yqwjdr428mi12s1uk7j8qalwv","order":"ASC","filter":{"ACTIVE":"1"},"start":0} 
20.06.17 22:54:54 vkbitrix24@gmail.com Вызван метод: sonet_group.get с параметрами: {"auth":"cjmkt23yqwjdr428mi12s1uk7j8qalwv","order":"ASC","filter":{"ACTIVE":"1"},"start":0} 
20.06.17 22:55:04 vkbitrix24@gmail.com Вызван метод: event.get с параметрами: {"auth":"cjmkt23yqwjdr428mi12s1uk7j8qalwv"} 
20.06.17 22:55:05 vkbitrix24@gmail.com ОШИБКА: ERROR_CORE(Unable to set event handler: Handler already binded) 
20.06.17 22:55:06 vkbitrix24@gmail.com ОШИБКА: ERROR_CORE(Unable to set event handler: Handler already binded) 
20.06.17 22:55:07 vkbitrix24@gmail.com ОШИБКА: ERROR_CORE(Unable to set event handler: Handler already binded) 
20.06.17 22:57:53 vkbitrix24@gmail.com Вызван метод: user.current с параметрами: {"auth":"rs4v40nrynahuvb6q4vac3rxjrqu3mrc"} 
20.06.17 22:57:53 vkbitrix24@gmail.com Вызван метод: crm.dealcategory.stage.list с параметрами: {"auth":"rs4v40nrynahuvb6q4vac3rxjrqu3mrc"} 
20.06.17 22:57:54 vkbitrix24@gmail.com Вызван метод: user.get с параметрами: {"auth":"rs4v40nrynahuvb6q4vac3rxjrqu3mrc","order":"ASC","filter":{"ACTIVE":"1"},"start":0} 
20.06.17 22:57:54 vkbitrix24@gmail.com Вызван метод: sonet_group.get с параметрами: {"auth":"rs4v40nrynahuvb6q4vac3rxjrqu3mrc","order":"ASC","filter":{"ACTIVE":"1"},"start":0} 
20.06.17 22:58:02 vkbitrix24@gmail.com Вызван метод: user.current с параметрами: {"auth":"belpegb4ckl02hkhjonyoizsvhxw5rwu"} 
20.06.17 22:58:03 vkbitrix24@gmail.com Вызван метод: crm.dealcategory.stage.list с параметрами: {"auth":"belpegb4ckl02hkhjonyoizsvhxw5rwu"} 
20.06.17 22:58:04 vkbitrix24@gmail.com Вызван метод: user.get с параметрами: {"auth":"belpegb4ckl02hkhjonyoizsvhxw5rwu","order":"ASC","filter":{"ACTIVE":"1"},"start":0} 
20.06.17 22:58:04 vkbitrix24@gmail.com Вызван метод: sonet_group.get с параметрами: {"auth":"belpegb4ckl02hkhjonyoizsvhxw5rwu","order":"ASC","filter":{"ACTIVE":"1"},"start":0} 
20.06.17 22:58:10 vkbitrix24@gmail.com Вызван метод: event.get с параметрами: {"auth":"belpegb4ckl02hkhjonyoizsvhxw5rwu"} 
20.06.17 22:58:11 vkbitrix24@gmail.com ОШИБКА: ERROR_CORE(Unable to set event handler: Handler already binded) 
20.06.17 22:58:12 vkbitrix24@gmail.com ОШИБКА: ERROR_CORE(Unable to set event handler: Handler already binded) 
20.06.17 22:58:13 vkbitrix24@gmail.com ОШИБКА: ERROR_CORE(Unable to set event handler: Handler already binded) 
20.06.17 23:02:22 vkbitrix24@gmail.com Вызван метод: user.current с параметрами: {"auth":"pq3p97oqtastjlqi355rgsygfmkiwadv"} 
20.06.17 23:02:22 vkbitrix24@gmail.com Вызван метод: crm.dealcategory.stage.list с параметрами: {"auth":"pq3p97oqtastjlqi355rgsygfmkiwadv"} 
20.06.17 23:02:23 vkbitrix24@gmail.com Вызван метод: user.get с параметрами: {"auth":"pq3p97oqtastjlqi355rgsygfmkiwadv","order":"ASC","filter":{"ACTIVE":"1"},"start":0} 
20.06.17 23:02:23 vkbitrix24@gmail.com Вызван метод: sonet_group.get с параметрами: {"auth":"pq3p97oqtastjlqi355rgsygfmkiwadv","order":"ASC","filter":{"ACTIVE":"1"},"start":0} 
20.06.17 23:02:31 vkbitrix24@gmail.com Вызван метод: event.get с параметрами: {"auth":"pq3p97oqtastjlqi355rgsygfmkiwadv"} 
20.06.17 23:02:32 vkbitrix24@gmail.com ОШИБКА: ERROR_CORE(Unable to set event handler: Handler already binded) 
20.06.17 23:02:34 vkbitrix24@gmail.com ОШИБКА: ERROR_CORE(Unable to set event handler: Handler already binded) 
20.06.17 23:02:35 vkbitrix24@gmail.com ОШИБКА: ERROR_CORE(Unable to set event handler: Handler already binded) 
20.06.17 23:02:52 vkbitrix24@gmail.com Вызван метод: user.current с параметрами: {"auth":"fud1irsnzi7wxzju7u2exn9ba4aoh29g"} 
20.06.17 23:02:52 vkbitrix24@gmail.com Вызван метод: crm.dealcategory.stage.list с параметрами: {"auth":"fud1irsnzi7wxzju7u2exn9ba4aoh29g"} 
20.06.17 23:02:53 vkbitrix24@gmail.com Вызван метод: user.get с параметрами: {"auth":"fud1irsnzi7wxzju7u2exn9ba4aoh29g","order":"ASC","filter":{"ACTIVE":"1"},"start":0} 
20.06.17 23:02:53 vkbitrix24@gmail.com Вызван метод: sonet_group.get с параметрами: {"auth":"fud1irsnzi7wxzju7u2exn9ba4aoh29g","order":"ASC","filter":{"ACTIVE":"1"},"start":0} 
20.06.17 23:09:38 vkbitrix24@gmail.com Вызван метод: user.current с параметрами: {"auth":"q823pgqlvv6aaydhpkxxrea0o7e9hlfe"} 
20.06.17 23:09:38 vkbitrix24@gmail.com Вызван метод: crm.dealcategory.stage.list с параметрами: {"auth":"q823pgqlvv6aaydhpkxxrea0o7e9hlfe"} 
20.06.17 23:09:39 vkbitrix24@gmail.com Вызван метод: user.get с параметрами: {"auth":"q823pgqlvv6aaydhpkxxrea0o7e9hlfe","order":"ASC","filter":{"ACTIVE":"1"},"start":0} 
20.06.17 23:09:39 vkbitrix24@gmail.com Вызван метод: sonet_group.get с параметрами: {"auth":"q823pgqlvv6aaydhpkxxrea0o7e9hlfe","order":"ASC","filter":{"ACTIVE":"1"},"start":0} 
20.06.17 23:09:56 vkbitrix24@gmail.com Вызван метод: event.get с параметрами: {"auth":"q823pgqlvv6aaydhpkxxrea0o7e9hlfe"} 
20.06.17 23:09:57 vkbitrix24@gmail.com ОШИБКА: ERROR_CORE(Unable to set event handler: Handler already binded) 
20.06.17 23:09:59 vkbitrix24@gmail.com ОШИБКА: ERROR_CORE(Unable to set event handler: Handler already binded) 
20.06.17 23:10:00 vkbitrix24@gmail.com ОШИБКА: ERROR_CORE(Unable to set event handler: Handler already binded) 
20.06.17 23:18:08 vkbitrix24@gmail.com Вызван метод: user.current с параметрами: {"auth":"7i3o09x82bbxriaq1dkwq72ql9jzxbgv"} 
20.06.17 23:18:08 vkbitrix24@gmail.com Вызван метод: crm.dealcategory.stage.list с параметрами: {"auth":"7i3o09x82bbxriaq1dkwq72ql9jzxbgv"} 
20.06.17 23:18:09 vkbitrix24@gmail.com Вызван метод: user.get с параметрами: {"auth":"7i3o09x82bbxriaq1dkwq72ql9jzxbgv","order":"ASC","filter":{"ACTIVE":"1"},"start":0} 
20.06.17 23:18:09 vkbitrix24@gmail.com Вызван метод: sonet_group.get с параметрами: {"auth":"7i3o09x82bbxriaq1dkwq72ql9jzxbgv","order":"ASC","filter":{"ACTIVE":"1"},"start":0} 
20.06.17 23:28:13 vkbitrix24@gmail.com Вызван метод: user.current с параметрами: {"auth":"28nrf75vnz3who7ve02cz0ek2fh4zx0y"} 
20.06.17 23:28:13 vkbitrix24@gmail.com Вызван метод: crm.dealcategory.stage.list с параметрами: {"auth":"28nrf75vnz3who7ve02cz0ek2fh4zx0y"} 
20.06.17 23:28:13 vkbitrix24@gmail.com Вызван метод: user.get с параметрами: {"auth":"28nrf75vnz3who7ve02cz0ek2fh4zx0y","order":"ASC","filter":{"ACTIVE":"1"},"start":0} 
20.06.17 23:28:25 vkbitrix24@gmail.com Вызван метод: event.get с параметрами: {"auth":"28nrf75vnz3who7ve02cz0ek2fh4zx0y"} 
20.06.17 23:28:26 vkbitrix24@gmail.com ОШИБКА: ERROR_CORE(Unable to set event handler: Handler already binded) 
20.06.17 23:28:27 vkbitrix24@gmail.com ОШИБКА: ERROR_CORE(Unable to set event handler: Handler already binded) 
20.06.17 23:28:28 vkbitrix24@gmail.com ОШИБКА: ERROR_CORE(Unable to set event handler: Handler already binded) 
20.06.17 23:28:48 vkbitrix24@gmail.com Вызван метод: event.get с параметрами: {"auth":"28nrf75vnz3who7ve02cz0ek2fh4zx0y"} 
20.06.17 23:28:49 vkbitrix24@gmail.com ОШИБКА: ERROR_CORE(Unable to set event handler: Handler already binded) 
20.06.17 23:28:50 vkbitrix24@gmail.com ОШИБКА: ERROR_CORE(Unable to set event handler: Handler already binded) 
20.06.17 23:28:52 vkbitrix24@gmail.com ОШИБКА: ERROR_CORE(Unable to set event handler: Handler already binded) 
20.06.17 23:29:41 vkbitrix24@gmail.com Вызван метод: user.current с параметрами: {"auth":"mmmcum0al56io8un529grze7yvjvj464"} 
20.06.17 23:29:41 vkbitrix24@gmail.com Вызван метод: crm.dealcategory.stage.list с параметрами: {"auth":"mmmcum0al56io8un529grze7yvjvj464"} 
20.06.17 23:29:42 vkbitrix24@gmail.com Вызван метод: user.get с параметрами: {"auth":"mmmcum0al56io8un529grze7yvjvj464","order":"ASC","filter":{"ACTIVE":"1"},"start":0} 
20.06.17 23:30:04 vkbitrix24@gmail.com Вызван метод: event.get с параметрами: {"auth":"mmmcum0al56io8un529grze7yvjvj464"} 
20.06.17 23:30:06 vkbitrix24@gmail.com ОШИБКА: ERROR_CORE(Unable to set event handler: Handler already binded) 
20.06.17 23:30:07 vkbitrix24@gmail.com ОШИБКА: ERROR_CORE(Unable to set event handler: Handler already binded) 
20.06.17 23:30:08 vkbitrix24@gmail.com ОШИБКА: ERROR_CORE(Unable to set event handler: Handler already binded) 
20.06.17 23:30:12 vkbitrix24@gmail.com Вызван метод: user.current с параметрами: {"auth":"bzznpcyzlx19hsmuhgrl4jq7a5r773cn"} 
20.06.17 23:30:12 vkbitrix24@gmail.com Вызван метод: crm.dealcategory.stage.list с параметрами: {"auth":"bzznpcyzlx19hsmuhgrl4jq7a5r773cn"} 
20.06.17 23:30:13 vkbitrix24@gmail.com Вызван метод: user.get с параметрами: {"auth":"bzznpcyzlx19hsmuhgrl4jq7a5r773cn","order":"ASC","filter":{"ACTIVE":"1"},"start":0} 
20.06.17 23:31:51 vkbitrix24@gmail.com Вызван метод: user.current с параметрами: {"auth":"pzr2mumfv5eegpgr4an32muxzjirezqj"} 
20.06.17 23:31:51 vkbitrix24@gmail.com Вызван метод: crm.dealcategory.stage.list с параметрами: {"auth":"pzr2mumfv5eegpgr4an32muxzjirezqj"} 
20.06.17 23:31:52 vkbitrix24@gmail.com Вызван метод: user.get с параметрами: {"auth":"pzr2mumfv5eegpgr4an32muxzjirezqj","order":"ASC","filter":{"ACTIVE":"1"},"start":0} 
20.06.17 23:32:56 vkbitrix24@gmail.com Вызван метод: user.current с параметрами: {"auth":"gzf0gfn7n93afuovk2lehy6rapl170ig"} 
20.06.17 23:32:56 vkbitrix24@gmail.com Вызван метод: crm.dealcategory.stage.list с параметрами: {"auth":"gzf0gfn7n93afuovk2lehy6rapl170ig"} 
20.06.17 23:32:57 vkbitrix24@gmail.com Вызван метод: user.get с параметрами: {"auth":"gzf0gfn7n93afuovk2lehy6rapl170ig","order":"ASC","filter":{"ACTIVE":"1"},"start":0} 
20.06.17 23:33:12 vkbitrix24@gmail.com Вызван метод: event.get с параметрами: {"auth":"gzf0gfn7n93afuovk2lehy6rapl170ig"} 
20.06.17 23:33:13 vkbitrix24@gmail.com ОШИБКА: ERROR_CORE(Unable to set event handler: Handler already binded) 
20.06.17 23:33:14 vkbitrix24@gmail.com ОШИБКА: ERROR_CORE(Unable to set event handler: Handler already binded) 
20.06.17 23:33:15 vkbitrix24@gmail.com ОШИБКА: ERROR_CORE(Unable to set event handler: Handler already binded) 
20.06.17 23:33:22 vkbitrix24@gmail.com Вызван метод: user.current с параметрами: {"auth":"qzuit646khoxtwfh3a5bb5e8gmct9vnm"} 
20.06.17 23:33:23 vkbitrix24@gmail.com Вызван метод: crm.dealcategory.stage.list с параметрами: {"auth":"qzuit646khoxtwfh3a5bb5e8gmct9vnm"} 
20.06.17 23:33:23 vkbitrix24@gmail.com Вызван метод: user.get с параметрами: {"auth":"qzuit646khoxtwfh3a5bb5e8gmct9vnm","order":"ASC","filter":{"ACTIVE":"1"},"start":0} 
20.06.17 23:35:43 vkbitrix24@gmail.com Вызван метод: user.current с параметрами: {"auth":"v7qsvqm8w60d8d83smo7qas0t1wrsqyh"} 
20.06.17 23:35:44 vkbitrix24@gmail.com Вызван метод: crm.dealcategory.stage.list с параметрами: {"auth":"v7qsvqm8w60d8d83smo7qas0t1wrsqyh"} 
20.06.17 23:35:44 vkbitrix24@gmail.com Вызван метод: user.get с параметрами: {"auth":"v7qsvqm8w60d8d83smo7qas0t1wrsqyh","order":"ASC","filter":{"ACTIVE":"1"},"start":0} 
20.06.17 23:36:01 vkbitrix24@gmail.com Вызван метод: user.current с параметрами: {"auth":"tbgzaawbu1eups7vtuuczdljwaj2jrx3"} 
20.06.17 23:36:01 vkbitrix24@gmail.com Вызван метод: crm.dealcategory.stage.list с параметрами: {"auth":"tbgzaawbu1eups7vtuuczdljwaj2jrx3"} 
20.06.17 23:36:02 vkbitrix24@gmail.com Вызван метод: user.get с параметрами: {"auth":"tbgzaawbu1eups7vtuuczdljwaj2jrx3","order":"ASC","filter":{"ACTIVE":"1"},"start":0} 
20.06.17 23:36:35 vkbitrix24@gmail.com Вызван метод: user.current с параметрами: {"auth":"tqy2l9bdza50r8n4wh233j77sout8jjs"} 
20.06.17 23:36:36 vkbitrix24@gmail.com Вызван метод: crm.dealcategory.stage.list с параметрами: {"auth":"tqy2l9bdza50r8n4wh233j77sout8jjs"} 
20.06.17 23:36:36 vkbitrix24@gmail.com Вызван метод: user.get с параметрами: {"auth":"tqy2l9bdza50r8n4wh233j77sout8jjs","order":"ASC","filter":{"ACTIVE":"1"},"start":0} 
20.06.17 23:36:36 vkbitrix24@gmail.com Вызван метод: sonet_group.get с параметрами: {"auth":"tqy2l9bdza50r8n4wh233j77sout8jjs","order":"ASC","filter":{"ACTIVE":"1"},"start":0} 
20.06.17 23:37:00 vkbitrix24@gmail.com Вызван метод: event.get с параметрами: {"auth":"tqy2l9bdza50r8n4wh233j77sout8jjs"} 
20.06.17 23:37:02 vkbitrix24@gmail.com ОШИБКА: ERROR_CORE(Unable to set event handler: Handler already binded) 
20.06.17 23:37:03 vkbitrix24@gmail.com ОШИБКА: ERROR_CORE(Unable to set event handler: Handler already binded) 
20.06.17 23:37:04 vkbitrix24@gmail.com ОШИБКА: ERROR_CORE(Unable to set event handler: Handler already binded) 
20.06.17 23:37:08 vkbitrix24@gmail.com Вызван метод: user.current с параметрами: {"auth":"fi7oagzel4m8depd1z68hlpgfgr821d6"} 
20.06.17 23:37:08 vkbitrix24@gmail.com Вызван метод: crm.dealcategory.stage.list с параметрами: {"auth":"fi7oagzel4m8depd1z68hlpgfgr821d6"} 
20.06.17 23:37:09 vkbitrix24@gmail.com Вызван метод: user.get с параметрами: {"auth":"fi7oagzel4m8depd1z68hlpgfgr821d6","order":"ASC","filter":{"ACTIVE":"1"},"start":0} 
20.06.17 23:37:09 vkbitrix24@gmail.com Вызван метод: sonet_group.get с параметрами: {"auth":"fi7oagzel4m8depd1z68hlpgfgr821d6","order":"ASC","filter":{"ACTIVE":"1"},"start":0} 
20.06.17 23:38:53 vkbitrix24@gmail.com Вызван метод: user.current с параметрами: {"auth":"0hfglhw3zab4jbe3nuuvy9g3nwy87fsl"} 
20.06.17 23:38:54 vkbitrix24@gmail.com Вызван метод: crm.dealcategory.stage.list с параметрами: {"auth":"0hfglhw3zab4jbe3nuuvy9g3nwy87fsl"} 
20.06.17 23:38:54 vkbitrix24@gmail.com Вызван метод: user.get с параметрами: {"auth":"0hfglhw3zab4jbe3nuuvy9g3nwy87fsl","order":"ASC","filter":{"ACTIVE":"1"},"start":0} 
20.06.17 23:38:55 vkbitrix24@gmail.com Вызван метод: sonet_group.get с параметрами: {"auth":"0hfglhw3zab4jbe3nuuvy9g3nwy87fsl","order":"ASC","filter":{"ACTIVE":"1"},"start":0} 
20.06.17 23:39:01 vkbitrix24@gmail.com Вызван метод: event.get с параметрами: {"auth":"0hfglhw3zab4jbe3nuuvy9g3nwy87fsl"} 
20.06.17 23:39:03 vkbitrix24@gmail.com ОШИБКА: ERROR_CORE(Unable to set event handler: Handler already binded) 
20.06.17 23:39:04 vkbitrix24@gmail.com ОШИБКА: ERROR_CORE(Unable to set event handler: Handler already binded) 
20.06.17 23:39:05 vkbitrix24@gmail.com ОШИБКА: ERROR_CORE(Unable to set event handler: Handler already binded) 
20.06.17 23:39:56 vkbitrix24@gmail.com Вызван метод: user.current с параметрами: {"auth":"ogc9dc8is0fp54vnjvi5oiavy5boa691"} 
20.06.17 23:39:56 vkbitrix24@gmail.com Вызван метод: crm.dealcategory.stage.list с параметрами: {"auth":"ogc9dc8is0fp54vnjvi5oiavy5boa691"} 
20.06.17 23:39:57 vkbitrix24@gmail.com Вызван метод: user.get с параметрами: {"auth":"ogc9dc8is0fp54vnjvi5oiavy5boa691","order":"ASC","filter":{"ACTIVE":"1"},"start":0} 
20.06.17 23:39:57 vkbitrix24@gmail.com Вызван метод: sonet_group.get с параметрами: {"auth":"ogc9dc8is0fp54vnjvi5oiavy5boa691","order":"ASC","filter":{"ACTIVE":"1"},"start":0} 
20.06.17 23:40:56 vkbitrix24@gmail.com Вызван метод: user.current с параметрами: {"auth":"lbql1vfwayd0di8e31m0aq31qr9b1ja7"} 
20.06.17 23:40:56 vkbitrix24@gmail.com Вызван метод: crm.dealcategory.stage.list с параметрами: {"auth":"lbql1vfwayd0di8e31m0aq31qr9b1ja7"} 
20.06.17 23:40:57 vkbitrix24@gmail.com Вызван метод: user.get с параметрами: {"auth":"lbql1vfwayd0di8e31m0aq31qr9b1ja7","order":"ASC","filter":{"ACTIVE":"1"},"start":0} 
20.06.17 23:41:11 vkbitrix24@gmail.com Вызван метод: event.get с параметрами: {"auth":"lbql1vfwayd0di8e31m0aq31qr9b1ja7"} 
20.06.17 23:41:12 vkbitrix24@gmail.com ОШИБКА: ERROR_CORE(Unable to set event handler: Handler already binded) 
20.06.17 23:41:14 vkbitrix24@gmail.com ОШИБКА: ERROR_CORE(Unable to set event handler: Handler already binded) 
20.06.17 23:41:15 vkbitrix24@gmail.com ОШИБКА: ERROR_CORE(Unable to set event handler: Handler already binded) 
20.06.17 23:41:29 vkbitrix24@gmail.com Вызван метод: user.current с параметрами: {"auth":"qpr49tnsrzt03e8kc85z3e6r07ch6faj"} 
20.06.17 23:41:30 vkbitrix24@gmail.com Вызван метод: crm.dealcategory.stage.list с параметрами: {"auth":"qpr49tnsrzt03e8kc85z3e6r07ch6faj"} 
20.06.17 23:41:30 vkbitrix24@gmail.com Вызван метод: user.get с параметрами: {"auth":"qpr49tnsrzt03e8kc85z3e6r07ch6faj","order":"ASC","filter":{"ACTIVE":"1"},"start":0} 
20.06.17 23:42:01 vkbitrix24@gmail.com Вызван метод: user.current с параметрами: {"auth":"9n9z2nth9k801ge3n5rzleri04a9p04g"} 
20.06.17 23:42:01 vkbitrix24@gmail.com Вызван метод: crm.dealcategory.stage.list с параметрами: {"auth":"9n9z2nth9k801ge3n5rzleri04a9p04g"} 
20.06.17 23:42:02 vkbitrix24@gmail.com Вызван метод: user.get с параметрами: {"auth":"9n9z2nth9k801ge3n5rzleri04a9p04g","order":"ASC","filter":{"ACTIVE":"1"},"start":0} 
20.06.17 23:43:05 vkbitrix24@gmail.com Вызван метод: user.current с параметрами: {"auth":"hf0qt52s10wkease938txdc2bjqyp0u4"} 
20.06.17 23:43:05 vkbitrix24@gmail.com Вызван метод: crm.dealcategory.stage.list с параметрами: {"auth":"hf0qt52s10wkease938txdc2bjqyp0u4"} 
20.06.17 23:43:06 vkbitrix24@gmail.com Вызван метод: user.get с параметрами: {"auth":"hf0qt52s10wkease938txdc2bjqyp0u4","order":"ASC","filter":{"ACTIVE":"1"},"start":0} 
20.06.17 23:43:06 vkbitrix24@gmail.com Вызван метод: sonet_group.get с параметрами: {"auth":"hf0qt52s10wkease938txdc2bjqyp0u4","order":"ASC","filter":{"ACTIVE":"1"},"start":0} 
20.06.17 23:43:13 vkbitrix24@gmail.com Вызван метод: event.get с параметрами: {"auth":"hf0qt52s10wkease938txdc2bjqyp0u4"} 
20.06.17 23:43:14 vkbitrix24@gmail.com ОШИБКА: ERROR_CORE(Unable to set event handler: Handler already binded) 
20.06.17 23:43:15 vkbitrix24@gmail.com ОШИБКА: ERROR_CORE(Unable to set event handler: Handler already binded) 
20.06.17 23:43:16 vkbitrix24@gmail.com ОШИБКА: ERROR_CORE(Unable to set event handler: Handler already binded) 
20.06.17 23:48:49 vkbitrix24@gmail.com Вызван метод: user.current с параметрами: {"auth":"xc4x6xbiokz0xzibff1jxpuai2v69uuc"} 
20.06.17 23:48:50 vkbitrix24@gmail.com Вызван метод: crm.dealcategory.stage.list с параметрами: {"auth":"xc4x6xbiokz0xzibff1jxpuai2v69uuc"} 
20.06.17 23:48:50 vkbitrix24@gmail.com Вызван метод: user.get с параметрами: {"auth":"xc4x6xbiokz0xzibff1jxpuai2v69uuc","order":"ASC","filter":{"ACTIVE":"1"},"start":0} 
20.06.17 23:48:51 vkbitrix24@gmail.com Вызван метод: sonet_group.get с параметрами: {"auth":"xc4x6xbiokz0xzibff1jxpuai2v69uuc","order":"ASC","filter":{"ACTIVE":"1"},"start":0} 
20.06.17 23:49:30 vkbitrix24@gmail.com Вызван метод: user.current с параметрами: {"auth":"ti2k22zi7oyjovanj8o34untaav22bxf"} 
20.06.17 23:49:31 vkbitrix24@gmail.com Вызван метод: crm.dealcategory.stage.list с параметрами: {"auth":"ti2k22zi7oyjovanj8o34untaav22bxf"} 
20.06.17 23:49:31 vkbitrix24@gmail.com Вызван метод: user.get с параметрами: {"auth":"ti2k22zi7oyjovanj8o34untaav22bxf","order":"ASC","filter":{"ACTIVE":"1"},"start":0} 
20.06.17 23:49:31 vkbitrix24@gmail.com Вызван метод: sonet_group.get с параметрами: {"auth":"ti2k22zi7oyjovanj8o34untaav22bxf","order":"ASC","filter":{"ACTIVE":"1"},"start":0} 
20.06.17 23:54:42 vkbitrix24@gmail.com Вызван метод: user.current с параметрами: {"auth":"t3etjnfgudf9fw8yiz3tg4emlxfi5z1v"} 
20.06.17 23:54:42 vkbitrix24@gmail.com Вызван метод: crm.dealcategory.stage.list с параметрами: {"auth":"t3etjnfgudf9fw8yiz3tg4emlxfi5z1v"} 
20.06.17 23:54:43 vkbitrix24@gmail.com Вызван метод: user.get с параметрами: {"auth":"t3etjnfgudf9fw8yiz3tg4emlxfi5z1v","order":"ASC","filter":{"ACTIVE":"1"},"start":0} 
20.06.17 23:54:43 vkbitrix24@gmail.com Вызван метод: sonet_group.get с параметрами: {"auth":"t3etjnfgudf9fw8yiz3tg4emlxfi5z1v","order":"ASC","filter":{"ACTIVE":"1"},"start":0} 
20.06.17 23:55:01 vkbitrix24@gmail.com Вызван метод: user.current с параметрами: {"auth":"twvvxltuabxqxrh6k739ns0j9f5j0iea"} 
20.06.17 23:55:01 vkbitrix24@gmail.com Вызван метод: crm.dealcategory.stage.list с параметрами: {"auth":"twvvxltuabxqxrh6k739ns0j9f5j0iea"} 
20.06.17 23:55:02 vkbitrix24@gmail.com Вызван метод: user.get с параметрами: {"auth":"twvvxltuabxqxrh6k739ns0j9f5j0iea","order":"ASC","filter":{"ACTIVE":"1"},"start":0} 
20.06.17 23:55:02 vkbitrix24@gmail.com Вызван метод: sonet_group.get с параметрами: {"auth":"twvvxltuabxqxrh6k739ns0j9f5j0iea","order":"ASC","filter":{"ACTIVE":"1"},"start":0} 
20.06.17 23:55:35 vkbitrix24@gmail.com Вызван метод: user.current с параметрами: {"auth":"lc31syndyitsorao5m7tv1k3nekhvwef"} 
20.06.17 23:55:35 vkbitrix24@gmail.com Вызван метод: crm.dealcategory.stage.list с параметрами: {"auth":"lc31syndyitsorao5m7tv1k3nekhvwef"} 
20.06.17 23:55:36 vkbitrix24@gmail.com Вызван метод: user.get с параметрами: {"auth":"lc31syndyitsorao5m7tv1k3nekhvwef","order":"ASC","filter":{"ACTIVE":"1"},"start":0} 
20.06.17 23:55:36 vkbitrix24@gmail.com Вызван метод: sonet_group.get с параметрами: {"auth":"lc31syndyitsorao5m7tv1k3nekhvwef","order":"ASC","filter":{"ACTIVE":"1"},"start":0} 
20.06.17 23:56:54 vkbitrix24@gmail.com Вызван метод: user.current с параметрами: {"auth":"1yicsq660ivxe83lrcfb4vnpdstyzka5"} 
20.06.17 23:56:55 vkbitrix24@gmail.com Вызван метод: crm.dealcategory.stage.list с параметрами: {"auth":"1yicsq660ivxe83lrcfb4vnpdstyzka5"} 
20.06.17 23:56:55 vkbitrix24@gmail.com Вызван метод: user.get с параметрами: {"auth":"1yicsq660ivxe83lrcfb4vnpdstyzka5","order":"ASC","filter":{"ACTIVE":"1"},"start":0} 
20.06.17 23:56:56 vkbitrix24@gmail.com Вызван метод: sonet_group.get с параметрами: {"auth":"1yicsq660ivxe83lrcfb4vnpdstyzka5","order":"ASC","filter":{"ACTIVE":"1"},"start":0} 
20.06.17 23:58:14 vkbitrix24@gmail.com Вызван метод: user.current с параметрами: {"auth":"d9bdfgxj5m3o5vot90vui1zzhl8dbjvg"} 
20.06.17 23:58:14 vkbitrix24@gmail.com Вызван метод: crm.dealcategory.stage.list с параметрами: {"auth":"d9bdfgxj5m3o5vot90vui1zzhl8dbjvg"} 
20.06.17 23:58:15 vkbitrix24@gmail.com Вызван метод: user.get с параметрами: {"auth":"d9bdfgxj5m3o5vot90vui1zzhl8dbjvg","order":"ASC","filter":{"ACTIVE":"1"},"start":0} 
20.06.17 23:58:15 vkbitrix24@gmail.com Вызван метод: sonet_group.get с параметрами: {"auth":"d9bdfgxj5m3o5vot90vui1zzhl8dbjvg","order":"ASC","filter":{"ACTIVE":"1"},"start":0} 
20.06.17 23:58:25 vkbitrix24@gmail.com Вызван метод: event.get с параметрами: {"auth":"d9bdfgxj5m3o5vot90vui1zzhl8dbjvg"} 
20.06.17 23:58:27 vkbitrix24@gmail.com ОШИБКА: ERROR_CORE(Unable to set event handler: Handler already binded) 
20.06.17 23:58:28 vkbitrix24@gmail.com ОШИБКА: ERROR_CORE(Unable to set event handler: Handler already binded) 
20.06.17 23:58:29 vkbitrix24@gmail.com ОШИБКА: ERROR_CORE(Unable to set event handler: Handler already binded) 
20.06.17 23:58:58 vkbitrix24@gmail.com Вызван метод: event.get с параметрами: {"auth":"d9bdfgxj5m3o5vot90vui1zzhl8dbjvg"} 
20.06.17 23:59:00 vkbitrix24@gmail.com ОШИБКА: ERROR_CORE(Unable to set event handler: Handler already binded) 
20.06.17 23:59:01 vkbitrix24@gmail.com ОШИБКА: ERROR_CORE(Unable to set event handler: Handler already binded) 
20.06.17 23:59:02 vkbitrix24@gmail.com ОШИБКА: ERROR_CORE(Unable to set event handler: Handler already binded) 
