21.06.17 00:00:59 vkbitrix24@gmail.com Вызван метод: user.current с параметрами: {"auth":"f3i6tmea4j0uj36gb7tkchhwpux27r3e"} 
21.06.17 00:01:00 vkbitrix24@gmail.com Вызван метод: crm.dealcategory.stage.list с параметрами: {"auth":"f3i6tmea4j0uj36gb7tkchhwpux27r3e"} 
21.06.17 00:01:00 vkbitrix24@gmail.com Вызван метод: user.get с параметрами: {"auth":"f3i6tmea4j0uj36gb7tkchhwpux27r3e","order":"ASC","filter":{"ACTIVE":"1"},"start":0} 
21.06.17 00:01:00 vkbitrix24@gmail.com Вызван метод: sonet_group.get с параметрами: {"auth":"f3i6tmea4j0uj36gb7tkchhwpux27r3e","order":"ASC","filter":{"ACTIVE":"1"},"start":0} 
21.06.17 00:01:06 vkbitrix24@gmail.com Вызван метод: user.current с параметрами: {"auth":"keftcc0ykptpwvkww6mfim7lcjxjkoju"} 
21.06.17 00:01:07 vkbitrix24@gmail.com Вызван метод: crm.dealcategory.stage.list с параметрами: {"auth":"keftcc0ykptpwvkww6mfim7lcjxjkoju"} 
21.06.17 00:01:07 vkbitrix24@gmail.com Вызван метод: user.get с параметрами: {"auth":"keftcc0ykptpwvkww6mfim7lcjxjkoju","order":"ASC","filter":{"ACTIVE":"1"},"start":0} 
21.06.17 00:01:08 vkbitrix24@gmail.com Вызван метод: sonet_group.get с параметрами: {"auth":"keftcc0ykptpwvkww6mfim7lcjxjkoju","order":"ASC","filter":{"ACTIVE":"1"},"start":0} 
21.06.17 00:02:29 vkbitrix24@gmail.com Вызван метод: user.current с параметрами: {"auth":"qw8aklf5zhi1f0td6rq1s2s1nslghu56"} 
21.06.17 00:02:30 vkbitrix24@gmail.com Вызван метод: crm.dealcategory.stage.list с параметрами: {"auth":"qw8aklf5zhi1f0td6rq1s2s1nslghu56"} 
21.06.17 00:02:31 vkbitrix24@gmail.com Вызван метод: user.get с параметрами: {"auth":"qw8aklf5zhi1f0td6rq1s2s1nslghu56","order":"ASC","filter":{"ACTIVE":"1"},"start":0} 
21.06.17 00:02:31 vkbitrix24@gmail.com Вызван метод: sonet_group.get с параметрами: {"auth":"qw8aklf5zhi1f0td6rq1s2s1nslghu56","order":"ASC","filter":{"ACTIVE":"1"},"start":0} 
21.06.17 00:02:38 vkbitrix24@gmail.com Вызван метод: user.current с параметрами: {"auth":"g7xop1ud5xfguuyokh5d5q29won07ora"} 
21.06.17 00:02:38 vkbitrix24@gmail.com Вызван метод: crm.dealcategory.stage.list с параметрами: {"auth":"g7xop1ud5xfguuyokh5d5q29won07ora"} 
21.06.17 00:02:39 vkbitrix24@gmail.com Вызван метод: user.get с параметрами: {"auth":"g7xop1ud5xfguuyokh5d5q29won07ora","order":"ASC","filter":{"ACTIVE":"1"},"start":0} 
21.06.17 00:02:39 vkbitrix24@gmail.com Вызван метод: sonet_group.get с параметрами: {"auth":"g7xop1ud5xfguuyokh5d5q29won07ora","order":"ASC","filter":{"ACTIVE":"1"},"start":0} 
21.06.17 00:03:52 vkbitrix24@gmail.com Вызван метод: user.current с параметрами: {"auth":"4emp3m6z0hblvovyu13xsjq2nvwr7rp9"} 
21.06.17 00:03:52 vkbitrix24@gmail.com Вызван метод: crm.dealcategory.stage.list с параметрами: {"auth":"4emp3m6z0hblvovyu13xsjq2nvwr7rp9"} 
21.06.17 00:03:53 vkbitrix24@gmail.com Вызван метод: user.get с параметрами: {"auth":"4emp3m6z0hblvovyu13xsjq2nvwr7rp9","order":"ASC","filter":{"ACTIVE":"1"},"start":0} 
21.06.17 00:03:53 vkbitrix24@gmail.com Вызван метод: sonet_group.get с параметрами: {"auth":"4emp3m6z0hblvovyu13xsjq2nvwr7rp9","order":"ASC","filter":{"ACTIVE":"1"},"start":0} 
21.06.17 00:05:27 vkbitrix24@gmail.com Вызван метод: user.current с параметрами: {"auth":"0r0unpkylutm4c0jmqhkbn0ank8g44qh"} 
21.06.17 00:05:27 vkbitrix24@gmail.com Вызван метод: crm.dealcategory.stage.list с параметрами: {"auth":"0r0unpkylutm4c0jmqhkbn0ank8g44qh"} 
21.06.17 00:05:28 vkbitrix24@gmail.com Вызван метод: user.get с параметрами: {"auth":"0r0unpkylutm4c0jmqhkbn0ank8g44qh","order":"ASC","filter":{"ACTIVE":"1"},"start":0} 
21.06.17 00:05:28 vkbitrix24@gmail.com Вызван метод: sonet_group.get с параметрами: {"auth":"0r0unpkylutm4c0jmqhkbn0ank8g44qh","order":"ASC","filter":{"ACTIVE":"1"},"start":0} 
21.06.17 00:05:45 vkbitrix24@gmail.com Вызван метод: user.current с параметрами: {"auth":"tvy5i6t0dprf2dop517c0oito1w6lald"} 
21.06.17 00:05:45 vkbitrix24@gmail.com Вызван метод: crm.dealcategory.stage.list с параметрами: {"auth":"tvy5i6t0dprf2dop517c0oito1w6lald"} 
21.06.17 00:05:46 vkbitrix24@gmail.com Вызван метод: user.get с параметрами: {"auth":"tvy5i6t0dprf2dop517c0oito1w6lald","order":"ASC","filter":{"ACTIVE":"1"},"start":0} 
21.06.17 00:05:46 vkbitrix24@gmail.com Вызван метод: sonet_group.get с параметрами: {"auth":"tvy5i6t0dprf2dop517c0oito1w6lald","order":"ASC","filter":{"ACTIVE":"1"},"start":0} 
21.06.17 00:06:20 vkbitrix24@gmail.com Вызван метод: user.current с параметрами: {"auth":"anvfe3pc6c2q3xi5f4vynnp8ks7uszb5"} 
21.06.17 00:06:20 vkbitrix24@gmail.com Вызван метод: crm.dealcategory.stage.list с параметрами: {"auth":"anvfe3pc6c2q3xi5f4vynnp8ks7uszb5"} 
21.06.17 00:06:21 vkbitrix24@gmail.com Вызван метод: user.get с параметрами: {"auth":"anvfe3pc6c2q3xi5f4vynnp8ks7uszb5","order":"ASC","filter":{"ACTIVE":"1"},"start":0} 
21.06.17 00:06:21 vkbitrix24@gmail.com Вызван метод: sonet_group.get с параметрами: {"auth":"anvfe3pc6c2q3xi5f4vynnp8ks7uszb5","order":"ASC","filter":{"ACTIVE":"1"},"start":0} 
21.06.17 00:06:28 vkbitrix24@gmail.com Вызван метод: event.get с параметрами: {"auth":"anvfe3pc6c2q3xi5f4vynnp8ks7uszb5"} 
21.06.17 00:06:29 vkbitrix24@gmail.com ОШИБКА: ERROR_CORE(Unable to set event handler: Handler already binded) 
21.06.17 00:06:30 vkbitrix24@gmail.com ОШИБКА: ERROR_CORE(Unable to set event handler: Handler already binded) 
21.06.17 00:06:31 vkbitrix24@gmail.com ОШИБКА: ERROR_CORE(Unable to set event handler: Handler already binded) 
21.06.17 00:06:44 vkbitrix24@gmail.com Вызван метод: event.get с параметрами: {"auth":"anvfe3pc6c2q3xi5f4vynnp8ks7uszb5"} 
21.06.17 00:06:45 vkbitrix24@gmail.com ОШИБКА: ERROR_CORE(Unable to set event handler: Handler already binded) 
21.06.17 00:06:46 vkbitrix24@gmail.com ОШИБКА: ERROR_CORE(Unable to set event handler: Handler already binded) 
21.06.17 00:06:47 vkbitrix24@gmail.com ОШИБКА: ERROR_CORE(Unable to set event handler: Handler already binded) 
21.06.17 00:09:44 vkbitrix24@gmail.com Вызван метод: user.current с параметрами: {"auth":"evgofpcc4rxa67bf4mq78rfs07sk0zbr"} 
21.06.17 00:09:45 vkbitrix24@gmail.com Вызван метод: crm.dealcategory.stage.list с параметрами: {"auth":"evgofpcc4rxa67bf4mq78rfs07sk0zbr"} 
21.06.17 00:09:45 vkbitrix24@gmail.com Вызван метод: user.get с параметрами: {"auth":"evgofpcc4rxa67bf4mq78rfs07sk0zbr","order":"ASC","filter":{"ACTIVE":"1"},"start":0} 
21.06.17 00:09:45 vkbitrix24@gmail.com Вызван метод: sonet_group.get с параметрами: {"auth":"evgofpcc4rxa67bf4mq78rfs07sk0zbr","order":"ASC","filter":{"ACTIVE":"1"},"start":0} 
21.06.17 00:16:42 vkbitrix24@gmail.com Вызван метод: user.current с параметрами: {"auth":"7hdipce05qfmk55p68434z4dd18jmusn"} 
21.06.17 00:16:42 vkbitrix24@gmail.com Вызван метод: crm.dealcategory.stage.list с параметрами: {"auth":"7hdipce05qfmk55p68434z4dd18jmusn"} 
21.06.17 00:16:43 vkbitrix24@gmail.com Вызван метод: user.get с параметрами: {"auth":"7hdipce05qfmk55p68434z4dd18jmusn","order":"ASC","filter":{"ACTIVE":"1"},"start":0} 
21.06.17 00:16:43 vkbitrix24@gmail.com Вызван метод: sonet_group.get с параметрами: {"auth":"7hdipce05qfmk55p68434z4dd18jmusn","order":"ASC","filter":{"ACTIVE":"1"},"start":0} 
21.06.17 00:18:57 vkbitrix24@gmail.com Вызван метод: user.current с параметрами: {"auth":"1rczrrlhh3rs1vqhsj0xcw3spzc39v0v"} 
21.06.17 00:18:57 vkbitrix24@gmail.com Вызван метод: crm.dealcategory.stage.list с параметрами: {"auth":"1rczrrlhh3rs1vqhsj0xcw3spzc39v0v"} 
21.06.17 00:18:58 vkbitrix24@gmail.com Вызван метод: user.get с параметрами: {"auth":"1rczrrlhh3rs1vqhsj0xcw3spzc39v0v","order":"ASC","filter":{"ACTIVE":"1"},"start":0} 
21.06.17 00:18:58 vkbitrix24@gmail.com Вызван метод: sonet_group.get с параметрами: {"auth":"1rczrrlhh3rs1vqhsj0xcw3spzc39v0v","order":"ASC","filter":{"ACTIVE":"1"},"start":0} 
21.06.17 00:19:07 vkbitrix24@gmail.com Вызван метод: user.current с параметрами: {"auth":"s4ntc30ydj62i9sntg9bkc1rb3r0s1j4"} 
21.06.17 00:19:07 vkbitrix24@gmail.com Вызван метод: crm.dealcategory.stage.list с параметрами: {"auth":"s4ntc30ydj62i9sntg9bkc1rb3r0s1j4"} 
21.06.17 00:19:08 vkbitrix24@gmail.com Вызван метод: user.get с параметрами: {"auth":"s4ntc30ydj62i9sntg9bkc1rb3r0s1j4","order":"ASC","filter":{"ACTIVE":"1"},"start":0} 
21.06.17 00:19:08 vkbitrix24@gmail.com Вызван метод: sonet_group.get с параметрами: {"auth":"s4ntc30ydj62i9sntg9bkc1rb3r0s1j4","order":"ASC","filter":{"ACTIVE":"1"},"start":0} 
21.06.17 00:24:22 vkbitrix24@gmail.com Вызван метод: user.current с параметрами: {"auth":"8gquter1e7d3kvkwi7g10uel9mbi9ag7"} 
21.06.17 00:24:23 vkbitrix24@gmail.com Вызван метод: crm.dealcategory.stage.list с параметрами: {"auth":"8gquter1e7d3kvkwi7g10uel9mbi9ag7"} 
21.06.17 00:24:23 vkbitrix24@gmail.com Вызван метод: user.get с параметрами: {"auth":"8gquter1e7d3kvkwi7g10uel9mbi9ag7","order":"ASC","filter":{"ACTIVE":"1"},"start":0} 
21.06.17 00:24:23 vkbitrix24@gmail.com Вызван метод: sonet_group.get с параметрами: {"auth":"8gquter1e7d3kvkwi7g10uel9mbi9ag7","order":"ASC","filter":{"ACTIVE":"1"},"start":0} 
21.06.17 00:24:33 vkbitrix24@gmail.com Вызван метод: event.get с параметрами: {"auth":"8gquter1e7d3kvkwi7g10uel9mbi9ag7"} 
21.06.17 00:24:34 vkbitrix24@gmail.com ОШИБКА: ERROR_CORE(Unable to set event handler: Handler already binded) 
21.06.17 00:24:35 vkbitrix24@gmail.com ОШИБКА: ERROR_CORE(Unable to set event handler: Handler already binded) 
21.06.17 00:24:37 vkbitrix24@gmail.com ОШИБКА: ERROR_CORE(Unable to set event handler: Handler already binded) 
21.06.17 00:29:27 vkbitrix24@gmail.com Вызван метод: user.current с параметрами: {"auth":"iktifs2po24y0y28lydosm78y72z94z3"} 
21.06.17 00:29:27 vkbitrix24@gmail.com Вызван метод: crm.dealcategory.stage.list с параметрами: {"auth":"iktifs2po24y0y28lydosm78y72z94z3"} 
21.06.17 00:29:28 vkbitrix24@gmail.com Вызван метод: user.get с параметрами: {"auth":"iktifs2po24y0y28lydosm78y72z94z3","order":"ASC","filter":{"ACTIVE":"1"},"start":0} 
21.06.17 00:29:28 vkbitrix24@gmail.com Вызван метод: sonet_group.get с параметрами: {"auth":"iktifs2po24y0y28lydosm78y72z94z3","order":"ASC","filter":{"ACTIVE":"1"},"start":0} 
21.06.17 00:29:47 vkbitrix24@gmail.com Вызван метод: event.get с параметрами: {"auth":"iktifs2po24y0y28lydosm78y72z94z3"} 
21.06.17 00:29:48 vkbitrix24@gmail.com ОШИБКА: ERROR_CORE(Unable to set event handler: Handler already binded) 
21.06.17 00:29:49 vkbitrix24@gmail.com ОШИБКА: ERROR_CORE(Unable to set event handler: Handler already binded) 
21.06.17 00:29:50 vkbitrix24@gmail.com ОШИБКА: ERROR_CORE(Unable to set event handler: Handler already binded) 
21.06.17 00:30:27 vkbitrix24@gmail.com Вызван метод: user.current с параметрами: {"auth":"z668csj459egly8a4rfo928uoi825380"} 
21.06.17 00:30:27 vkbitrix24@gmail.com Вызван метод: crm.dealcategory.stage.list с параметрами: {"auth":"z668csj459egly8a4rfo928uoi825380"} 
21.06.17 00:30:28 vkbitrix24@gmail.com Вызван метод: user.get с параметрами: {"auth":"z668csj459egly8a4rfo928uoi825380","order":"ASC","filter":{"ACTIVE":"1"},"start":0} 
21.06.17 00:30:28 vkbitrix24@gmail.com Вызван метод: sonet_group.get с параметрами: {"auth":"z668csj459egly8a4rfo928uoi825380","order":"ASC","filter":{"ACTIVE":"1"},"start":0} 
21.06.17 00:30:34 vkbitrix24@gmail.com Вызван метод: event.get с параметрами: {"auth":"z668csj459egly8a4rfo928uoi825380"} 
21.06.17 00:30:35 vkbitrix24@gmail.com ОШИБКА: ERROR_CORE(Unable to set event handler: Handler already binded) 
21.06.17 00:30:36 vkbitrix24@gmail.com ОШИБКА: ERROR_CORE(Unable to set event handler: Handler already binded) 
21.06.17 00:30:38 vkbitrix24@gmail.com ОШИБКА: ERROR_CORE(Unable to set event handler: Handler already binded) 
21.06.17 00:34:40 vkbitrix24@gmail.com Вызван метод: event.get с параметрами: {"auth":"z668csj459egly8a4rfo928uoi825380"} 
21.06.17 00:34:41 vkbitrix24@gmail.com ОШИБКА: ERROR_CORE(Unable to set event handler: Handler already binded) 
21.06.17 00:34:42 vkbitrix24@gmail.com ОШИБКА: ERROR_CORE(Unable to set event handler: Handler already binded) 
21.06.17 00:34:43 vkbitrix24@gmail.com ОШИБКА: ERROR_CORE(Unable to set event handler: Handler already binded) 
21.06.17 00:35:08 vkbitrix24@gmail.com Вызван метод: event.get с параметрами: {"auth":"z668csj459egly8a4rfo928uoi825380"} 
21.06.17 00:35:10 vkbitrix24@gmail.com ОШИБКА: ERROR_CORE(Unable to set event handler: Handler already binded) 
21.06.17 00:35:11 vkbitrix24@gmail.com ОШИБКА: ERROR_CORE(Unable to set event handler: Handler already binded) 
21.06.17 00:35:12 vkbitrix24@gmail.com ОШИБКА: ERROR_CORE(Unable to set event handler: Handler already binded) 
21.06.17 00:36:24 vkbitrix24@gmail.com Вызван метод: user.current с параметрами: {"auth":"jh7es0u0nup76uf5io55s0su7vf997vm"} 
21.06.17 00:36:25 vkbitrix24@gmail.com Вызван метод: crm.dealcategory.stage.list с параметрами: {"auth":"jh7es0u0nup76uf5io55s0su7vf997vm"} 
21.06.17 00:36:25 vkbitrix24@gmail.com Вызван метод: user.get с параметрами: {"auth":"jh7es0u0nup76uf5io55s0su7vf997vm","order":"ASC","filter":{"ACTIVE":"1"},"start":0} 
21.06.17 00:36:25 vkbitrix24@gmail.com Вызван метод: sonet_group.get с параметрами: {"auth":"jh7es0u0nup76uf5io55s0su7vf997vm","order":"ASC","filter":{"ACTIVE":"1"},"start":0} 
21.06.17 00:37:43 vkbitrix24@gmail.com Вызван метод: user.current с параметрами: {"auth":"yri97ibncb3p3qchu86yeenyseaa20s2"} 
21.06.17 00:37:43 vkbitrix24@gmail.com Вызван метод: crm.dealcategory.stage.list с параметрами: {"auth":"yri97ibncb3p3qchu86yeenyseaa20s2"} 
21.06.17 00:37:44 vkbitrix24@gmail.com Вызван метод: user.get с параметрами: {"auth":"yri97ibncb3p3qchu86yeenyseaa20s2","order":"ASC","filter":{"ACTIVE":"1"},"start":0} 
21.06.17 00:37:44 vkbitrix24@gmail.com Вызван метод: sonet_group.get с параметрами: {"auth":"yri97ibncb3p3qchu86yeenyseaa20s2","order":"ASC","filter":{"ACTIVE":"1"},"start":0} 
21.06.17 00:39:23 vkbitrix24@gmail.com Вызван метод: user.current с параметрами: {"auth":"cfjp2u8b56k4z0mld69k3vwuejnbkkpt"} 
21.06.17 00:39:24 vkbitrix24@gmail.com Вызван метод: crm.dealcategory.stage.list с параметрами: {"auth":"cfjp2u8b56k4z0mld69k3vwuejnbkkpt"} 
21.06.17 00:39:24 vkbitrix24@gmail.com Вызван метод: user.get с параметрами: {"auth":"cfjp2u8b56k4z0mld69k3vwuejnbkkpt","order":"ASC","filter":{"ACTIVE":"1"},"start":0} 
21.06.17 00:39:24 vkbitrix24@gmail.com Вызван метод: sonet_group.get с параметрами: {"auth":"cfjp2u8b56k4z0mld69k3vwuejnbkkpt","order":"ASC","filter":{"ACTIVE":"1"},"start":0} 
21.06.17 00:39:35 vkbitrix24@gmail.com Вызван метод: user.current с параметрами: {"auth":"uq7pso4j48br1whjzqytq0meih7xdr17"} 
21.06.17 00:39:36 vkbitrix24@gmail.com Вызван метод: crm.dealcategory.stage.list с параметрами: {"auth":"uq7pso4j48br1whjzqytq0meih7xdr17"} 
21.06.17 00:39:36 vkbitrix24@gmail.com Вызван метод: user.get с параметрами: {"auth":"uq7pso4j48br1whjzqytq0meih7xdr17","order":"ASC","filter":{"ACTIVE":"1"},"start":0} 
21.06.17 00:39:37 vkbitrix24@gmail.com Вызван метод: sonet_group.get с параметрами: {"auth":"uq7pso4j48br1whjzqytq0meih7xdr17","order":"ASC","filter":{"ACTIVE":"1"},"start":0} 
21.06.17 00:43:58 vkbitrix24@gmail.com Вызван метод: user.current с параметрами: {"auth":"vtedylrh98i7tq84pin5abjyqqxvk72t"} 
21.06.17 00:43:58 vkbitrix24@gmail.com Вызван метод: crm.dealcategory.stage.list с параметрами: {"auth":"vtedylrh98i7tq84pin5abjyqqxvk72t"} 
21.06.17 00:43:59 vkbitrix24@gmail.com Вызван метод: user.get с параметрами: {"auth":"vtedylrh98i7tq84pin5abjyqqxvk72t","order":"ASC","filter":{"ACTIVE":"1"},"start":0} 
21.06.17 00:43:59 vkbitrix24@gmail.com Вызван метод: sonet_group.get с параметрами: {"auth":"vtedylrh98i7tq84pin5abjyqqxvk72t","order":"ASC","filter":{"ACTIVE":"1"},"start":0} 
21.06.17 00:44:11 vkbitrix24@gmail.com Вызван метод: event.get с параметрами: {"auth":"vtedylrh98i7tq84pin5abjyqqxvk72t"} 
21.06.17 00:44:12 vkbitrix24@gmail.com ОШИБКА: ERROR_CORE(Unable to set event handler: Handler already binded) 
21.06.17 00:44:13 vkbitrix24@gmail.com ОШИБКА: ERROR_CORE(Unable to set event handler: Handler already binded) 
21.06.17 00:44:14 vkbitrix24@gmail.com ОШИБКА: ERROR_CORE(Unable to set event handler: Handler already binded) 
21.06.17 00:44:53 vkbitrix24@gmail.com Вызван метод: user.current с параметрами: {"auth":"ue7qa5uxy23ig12wjd3tv7ild2sqcvmn"} 
21.06.17 00:44:53 vkbitrix24@gmail.com Вызван метод: crm.dealcategory.stage.list с параметрами: {"auth":"ue7qa5uxy23ig12wjd3tv7ild2sqcvmn"} 
21.06.17 00:44:54 vkbitrix24@gmail.com Вызван метод: user.get с параметрами: {"auth":"ue7qa5uxy23ig12wjd3tv7ild2sqcvmn","order":"ASC","filter":{"ACTIVE":"1"},"start":0} 
21.06.17 00:44:54 vkbitrix24@gmail.com Вызван метод: sonet_group.get с параметрами: {"auth":"ue7qa5uxy23ig12wjd3tv7ild2sqcvmn","order":"ASC","filter":{"ACTIVE":"1"},"start":0} 
21.06.17 00:45:03 vkbitrix24@gmail.com Вызван метод: event.get с параметрами: {"auth":"ue7qa5uxy23ig12wjd3tv7ild2sqcvmn"} 
21.06.17 00:45:05 vkbitrix24@gmail.com ОШИБКА: ERROR_CORE(Unable to set event handler: Handler already binded) 
21.06.17 00:45:06 vkbitrix24@gmail.com ОШИБКА: ERROR_CORE(Unable to set event handler: Handler already binded) 
21.06.17 00:45:07 vkbitrix24@gmail.com ОШИБКА: ERROR_CORE(Unable to set event handler: Handler already binded) 
21.06.17 00:46:05 vkbitrix24@gmail.com Вызван метод: user.current с параметрами: {"auth":"yp433j2efeqbebeejdx3wgxcm839oti0"} 
21.06.17 00:46:06 vkbitrix24@gmail.com Вызван метод: crm.dealcategory.stage.list с параметрами: {"auth":"yp433j2efeqbebeejdx3wgxcm839oti0"} 
21.06.17 00:46:07 vkbitrix24@gmail.com Вызван метод: user.get с параметрами: {"auth":"yp433j2efeqbebeejdx3wgxcm839oti0","order":"ASC","filter":{"ACTIVE":"1"},"start":0} 
21.06.17 00:46:07 vkbitrix24@gmail.com Вызван метод: sonet_group.get с параметрами: {"auth":"yp433j2efeqbebeejdx3wgxcm839oti0","order":"ASC","filter":{"ACTIVE":"1"},"start":0} 
21.06.17 00:46:15 vkbitrix24@gmail.com Вызван метод: event.get с параметрами: {"auth":"yp433j2efeqbebeejdx3wgxcm839oti0"} 
21.06.17 00:46:17 vkbitrix24@gmail.com ОШИБКА: ERROR_CORE(Unable to set event handler: Handler already binded) 
21.06.17 00:46:18 vkbitrix24@gmail.com ОШИБКА: ERROR_CORE(Unable to set event handler: Handler already binded) 
21.06.17 00:46:19 vkbitrix24@gmail.com ОШИБКА: ERROR_CORE(Unable to set event handler: Handler already binded) 
21.06.17 00:46:45 vkbitrix24@gmail.com Вызван метод: user.current с параметрами: {"auth":"nd8km9bp8665twfso4xlfjkx4n3auilm"} 
21.06.17 00:46:46 vkbitrix24@gmail.com Вызван метод: crm.dealcategory.stage.list с параметрами: {"auth":"nd8km9bp8665twfso4xlfjkx4n3auilm"} 
21.06.17 00:46:46 vkbitrix24@gmail.com Вызван метод: user.get с параметрами: {"auth":"nd8km9bp8665twfso4xlfjkx4n3auilm","order":"ASC","filter":{"ACTIVE":"1"},"start":0} 
21.06.17 00:46:46 vkbitrix24@gmail.com Вызван метод: sonet_group.get с параметрами: {"auth":"nd8km9bp8665twfso4xlfjkx4n3auilm","order":"ASC","filter":{"ACTIVE":"1"},"start":0} 
21.06.17 00:47:05 vkbitrix24@gmail.com Вызван метод: event.get с параметрами: {"auth":"nd8km9bp8665twfso4xlfjkx4n3auilm"} 
21.06.17 00:47:06 vkbitrix24@gmail.com ОШИБКА: ERROR_CORE(Unable to set event handler: Handler already binded) 
21.06.17 00:47:07 vkbitrix24@gmail.com ОШИБКА: ERROR_CORE(Unable to set event handler: Handler already binded) 
21.06.17 00:47:08 vkbitrix24@gmail.com ОШИБКА: ERROR_CORE(Unable to set event handler: Handler already binded) 
21.06.17 00:51:51 vkbitrix24@gmail.com Вызван метод: user.current с параметрами: {"auth":"8ys6jt5x5gcu40onby5irk69gapx927s"} 
21.06.17 00:51:52 vkbitrix24@gmail.com Вызван метод: crm.dealcategory.stage.list с параметрами: {"auth":"8ys6jt5x5gcu40onby5irk69gapx927s"} 
21.06.17 00:51:52 vkbitrix24@gmail.com Вызван метод: user.get с параметрами: {"auth":"8ys6jt5x5gcu40onby5irk69gapx927s","order":"ASC","filter":{"ACTIVE":"1"},"start":0} 
21.06.17 00:51:52 vkbitrix24@gmail.com Вызван метод: sonet_group.get с параметрами: {"auth":"8ys6jt5x5gcu40onby5irk69gapx927s","order":"ASC","filter":{"ACTIVE":"1"},"start":0} 
21.06.17 00:52:19 vkbitrix24@gmail.com Вызван метод: event.get с параметрами: {"auth":"8ys6jt5x5gcu40onby5irk69gapx927s"} 
21.06.17 00:52:20 vkbitrix24@gmail.com ОШИБКА: ERROR_CORE(Unable to set event handler: Handler already binded) 
21.06.17 00:52:21 vkbitrix24@gmail.com ОШИБКА: ERROR_CORE(Unable to set event handler: Handler already binded) 
21.06.17 00:52:22 vkbitrix24@gmail.com ОШИБКА: ERROR_CORE(Unable to set event handler: Handler already binded) 
21.06.17 00:52:55 vkbitrix24@gmail.com Вызван метод: user.current с параметрами: {"auth":"9bmwo61f9pkem8y1mgjj0sccyyc5k8al"} 
21.06.17 00:52:55 vkbitrix24@gmail.com Вызван метод: crm.dealcategory.stage.list с параметрами: {"auth":"9bmwo61f9pkem8y1mgjj0sccyyc5k8al"} 
21.06.17 00:52:56 vkbitrix24@gmail.com Вызван метод: user.get с параметрами: {"auth":"9bmwo61f9pkem8y1mgjj0sccyyc5k8al","order":"ASC","filter":{"ACTIVE":"1"},"start":0} 
21.06.17 00:52:56 vkbitrix24@gmail.com Вызван метод: sonet_group.get с параметрами: {"auth":"9bmwo61f9pkem8y1mgjj0sccyyc5k8al","order":"ASC","filter":{"ACTIVE":"1"},"start":0} 
21.06.17 00:53:05 vkbitrix24@gmail.com Вызван метод: event.get с параметрами: {"auth":"9bmwo61f9pkem8y1mgjj0sccyyc5k8al"} 
21.06.17 00:53:06 vkbitrix24@gmail.com ОШИБКА: ERROR_CORE(Unable to set event handler: Handler already binded) 
21.06.17 00:53:08 vkbitrix24@gmail.com ОШИБКА: ERROR_CORE(Unable to set event handler: Handler already binded) 
21.06.17 00:53:09 vkbitrix24@gmail.com ОШИБКА: ERROR_CORE(Unable to set event handler: Handler already binded) 
21.06.17 00:57:06 vkbitrix24@gmail.com Вызван метод: user.current с параметрами: {"auth":"rv6hnk2hjmqnmzzw6nod9j3fjgf03m1j"} 
21.06.17 00:57:06 vkbitrix24@gmail.com Вызван метод: crm.dealcategory.stage.list с параметрами: {"auth":"rv6hnk2hjmqnmzzw6nod9j3fjgf03m1j"} 
21.06.17 00:57:07 vkbitrix24@gmail.com Вызван метод: user.get с параметрами: {"auth":"rv6hnk2hjmqnmzzw6nod9j3fjgf03m1j","order":"ASC","filter":{"ACTIVE":"1"},"start":0} 
21.06.17 00:57:07 vkbitrix24@gmail.com Вызван метод: sonet_group.get с параметрами: {"auth":"rv6hnk2hjmqnmzzw6nod9j3fjgf03m1j","order":"ASC","filter":{"ACTIVE":"1"},"start":0} 
21.06.17 00:57:19 vkbitrix24@gmail.com Вызван метод: event.get с параметрами: {"auth":"rv6hnk2hjmqnmzzw6nod9j3fjgf03m1j"} 
21.06.17 00:57:20 vkbitrix24@gmail.com ОШИБКА: ERROR_CORE(Unable to set event handler: Handler already binded) 
21.06.17 00:57:21 vkbitrix24@gmail.com ОШИБКА: ERROR_CORE(Unable to set event handler: Handler already binded) 
21.06.17 00:57:22 vkbitrix24@gmail.com ОШИБКА: ERROR_CORE(Unable to set event handler: Handler already binded) 
21.06.17 00:57:54 vkbitrix24@gmail.com Вызван метод: user.current с параметрами: {"auth":"4sxzo0dzqiaiv6cw2dhlrq61k97hj4d4"} 
21.06.17 00:57:55 vkbitrix24@gmail.com Вызван метод: crm.dealcategory.stage.list с параметрами: {"auth":"4sxzo0dzqiaiv6cw2dhlrq61k97hj4d4"} 
21.06.17 00:57:55 vkbitrix24@gmail.com Вызван метод: user.get с параметрами: {"auth":"4sxzo0dzqiaiv6cw2dhlrq61k97hj4d4","order":"ASC","filter":{"ACTIVE":"1"},"start":0} 
21.06.17 00:57:56 vkbitrix24@gmail.com Вызван метод: sonet_group.get с параметрами: {"auth":"4sxzo0dzqiaiv6cw2dhlrq61k97hj4d4","order":"ASC","filter":{"ACTIVE":"1"},"start":0} 
21.06.17 00:58:03 vkbitrix24@gmail.com Вызван метод: event.get с параметрами: {"auth":"4sxzo0dzqiaiv6cw2dhlrq61k97hj4d4"} 
21.06.17 00:58:04 vkbitrix24@gmail.com ОШИБКА: ERROR_CORE(Unable to set event handler: Handler already binded) 
21.06.17 00:58:06 vkbitrix24@gmail.com ОШИБКА: ERROR_CORE(Unable to set event handler: Handler already binded) 
21.06.17 00:58:07 vkbitrix24@gmail.com ОШИБКА: ERROR_CORE(Unable to set event handler: Handler already binded) 
21.06.17 01:00:29 vkbitrix24@gmail.com Вызван метод: user.current с параметрами: {"auth":"d8ggla830rlflwjqay0859xmpmacpo1f"} 
21.06.17 01:00:29 vkbitrix24@gmail.com Вызван метод: crm.dealcategory.stage.list с параметрами: {"auth":"d8ggla830rlflwjqay0859xmpmacpo1f"} 
21.06.17 01:00:30 vkbitrix24@gmail.com Вызван метод: user.get с параметрами: {"auth":"d8ggla830rlflwjqay0859xmpmacpo1f","order":"ASC","filter":{"ACTIVE":"1"},"start":0} 
21.06.17 01:00:30 vkbitrix24@gmail.com Вызван метод: sonet_group.get с параметрами: {"auth":"d8ggla830rlflwjqay0859xmpmacpo1f","order":"ASC","filter":{"ACTIVE":"1"},"start":0} 
21.06.17 01:01:01 vkbitrix24@gmail.com Вызван метод: user.current с параметрами: {"auth":"fph0j30wwsoya1wpsimxy1fv2w8q1eqo"} 
21.06.17 01:01:02 vkbitrix24@gmail.com Вызван метод: crm.dealcategory.stage.list с параметрами: {"auth":"fph0j30wwsoya1wpsimxy1fv2w8q1eqo"} 
21.06.17 01:01:03 vkbitrix24@gmail.com Вызван метод: user.get с параметрами: {"auth":"fph0j30wwsoya1wpsimxy1fv2w8q1eqo","order":"ASC","filter":{"ACTIVE":"1"},"start":0} 
21.06.17 01:01:03 vkbitrix24@gmail.com Вызван метод: sonet_group.get с параметрами: {"auth":"fph0j30wwsoya1wpsimxy1fv2w8q1eqo","order":"ASC","filter":{"ACTIVE":"1"},"start":0} 
21.06.17 01:03:52 vkbitrix24@gmail.com Вызван метод: user.current с параметрами: {"auth":"49f7vyguxnw87i4e882q9fx5bdj9xrst"} 
21.06.17 01:03:52 vkbitrix24@gmail.com Вызван метод: crm.dealcategory.stage.list с параметрами: {"auth":"49f7vyguxnw87i4e882q9fx5bdj9xrst"} 
21.06.17 01:03:53 vkbitrix24@gmail.com Вызван метод: user.get с параметрами: {"auth":"49f7vyguxnw87i4e882q9fx5bdj9xrst","order":"ASC","filter":{"ACTIVE":"1"},"start":0} 
21.06.17 01:03:53 vkbitrix24@gmail.com Вызван метод: sonet_group.get с параметрами: {"auth":"49f7vyguxnw87i4e882q9fx5bdj9xrst","order":"ASC","filter":{"ACTIVE":"1"},"start":0} 
21.06.17 01:03:57 vkbitrix24@gmail.com Вызван метод: user.current с параметрами: {"auth":"aev1ncrnw2kfau1lfhpligyaw74o9c7k"} 
21.06.17 01:03:57 vkbitrix24@gmail.com Вызван метод: crm.dealcategory.stage.list с параметрами: {"auth":"aev1ncrnw2kfau1lfhpligyaw74o9c7k"} 
21.06.17 01:03:58 vkbitrix24@gmail.com Вызван метод: user.get с параметрами: {"auth":"aev1ncrnw2kfau1lfhpligyaw74o9c7k","order":"ASC","filter":{"ACTIVE":"1"},"start":0} 
21.06.17 01:03:58 vkbitrix24@gmail.com Вызван метод: sonet_group.get с параметрами: {"auth":"aev1ncrnw2kfau1lfhpligyaw74o9c7k","order":"ASC","filter":{"ACTIVE":"1"},"start":0} 
21.06.17 01:04:14 vkbitrix24@gmail.com Вызван метод: event.get с параметрами: {"auth":"aev1ncrnw2kfau1lfhpligyaw74o9c7k"} 
21.06.17 01:04:15 vkbitrix24@gmail.com ОШИБКА: ERROR_CORE(Unable to set event handler: Handler already binded) 
21.06.17 01:04:16 vkbitrix24@gmail.com ОШИБКА: ERROR_CORE(Unable to set event handler: Handler already binded) 
21.06.17 01:04:18 vkbitrix24@gmail.com ОШИБКА: ERROR_CORE(Unable to set event handler: Handler already binded) 
21.06.17 01:07:44 vkbitrix24@gmail.com Вызван метод: user.current с параметрами: {"auth":"y9emz2f17hj8rqlgct5vqczp9c2ur14b"} 
21.06.17 01:07:45 vkbitrix24@gmail.com Вызван метод: crm.dealcategory.stage.list с параметрами: {"auth":"y9emz2f17hj8rqlgct5vqczp9c2ur14b"} 
21.06.17 01:07:45 vkbitrix24@gmail.com Вызван метод: user.get с параметрами: {"auth":"y9emz2f17hj8rqlgct5vqczp9c2ur14b","order":"ASC","filter":{"ACTIVE":"1"},"start":0} 
21.06.17 01:07:46 vkbitrix24@gmail.com Вызван метод: sonet_group.get с параметрами: {"auth":"y9emz2f17hj8rqlgct5vqczp9c2ur14b","order":"ASC","filter":{"ACTIVE":"1"},"start":0} 
21.06.17 01:07:54 vkbitrix24@gmail.com Вызван метод: event.get с параметрами: {"auth":"y9emz2f17hj8rqlgct5vqczp9c2ur14b"} 
21.06.17 01:07:55 vkbitrix24@gmail.com ОШИБКА: ERROR_CORE(Unable to set event handler: Handler already binded) 
21.06.17 01:07:56 vkbitrix24@gmail.com ОШИБКА: ERROR_CORE(Unable to set event handler: Handler already binded) 
21.06.17 01:07:57 vkbitrix24@gmail.com ОШИБКА: ERROR_CORE(Unable to set event handler: Handler already binded) 
21.06.17 01:09:12 vkbitrix24@gmail.com Вызван метод: user.current с параметрами: {"auth":"xlb9yq4jce0aereqpj50rr77bxgxgvib"} 
21.06.17 01:09:13 vkbitrix24@gmail.com Вызван метод: crm.dealcategory.stage.list с параметрами: {"auth":"xlb9yq4jce0aereqpj50rr77bxgxgvib"} 
21.06.17 01:09:13 vkbitrix24@gmail.com Вызван метод: user.get с параметрами: {"auth":"xlb9yq4jce0aereqpj50rr77bxgxgvib","order":"ASC","filter":{"ACTIVE":"1"},"start":0} 
21.06.17 01:09:13 vkbitrix24@gmail.com Вызван метод: sonet_group.get с параметрами: {"auth":"xlb9yq4jce0aereqpj50rr77bxgxgvib","order":"ASC","filter":{"ACTIVE":"1"},"start":0} 
21.06.17 01:09:36 vkbitrix24@gmail.com Вызван метод: event.get с параметрами: {"auth":"xlb9yq4jce0aereqpj50rr77bxgxgvib"} 
21.06.17 01:09:37 vkbitrix24@gmail.com ОШИБКА: ERROR_CORE(Unable to set event handler: Handler already binded) 
21.06.17 01:09:38 vkbitrix24@gmail.com ОШИБКА: ERROR_CORE(Unable to set event handler: Handler already binded) 
21.06.17 01:09:39 vkbitrix24@gmail.com ОШИБКА: ERROR_CORE(Unable to set event handler: Handler already binded) 
21.06.17 01:10:01 vkbitrix24@gmail.com Вызван метод: event.get с параметрами: {"auth":"xlb9yq4jce0aereqpj50rr77bxgxgvib"} 
21.06.17 01:10:02 vkbitrix24@gmail.com ОШИБКА: ERROR_CORE(Unable to set event handler: Handler already binded) 
21.06.17 01:10:03 vkbitrix24@gmail.com ОШИБКА: ERROR_CORE(Unable to set event handler: Handler already binded) 
21.06.17 01:10:04 vkbitrix24@gmail.com ОШИБКА: ERROR_CORE(Unable to set event handler: Handler already binded) 
21.06.17 01:10:22 vkbitrix24@gmail.com Вызван метод: event.get с параметрами: {"auth":"xlb9yq4jce0aereqpj50rr77bxgxgvib"} 
21.06.17 01:10:23 vkbitrix24@gmail.com ОШИБКА: ERROR_CORE(Unable to set event handler: Handler already binded) 
21.06.17 01:10:24 vkbitrix24@gmail.com ОШИБКА: ERROR_CORE(Unable to set event handler: Handler already binded) 
21.06.17 01:10:25 vkbitrix24@gmail.com ОШИБКА: ERROR_CORE(Unable to set event handler: Handler already binded) 
21.06.17 01:14:59 vkbitrix24@gmail.com Вызван метод: user.current с параметрами: {"auth":"pjtscc0z55uylt37kmjlboiuvdba0k5o"} 
21.06.17 01:14:59 vkbitrix24@gmail.com Вызван метод: crm.dealcategory.stage.list с параметрами: {"auth":"pjtscc0z55uylt37kmjlboiuvdba0k5o"} 
21.06.17 01:15:00 vkbitrix24@gmail.com Вызван метод: user.get с параметрами: {"auth":"pjtscc0z55uylt37kmjlboiuvdba0k5o","order":"ASC","filter":{"ACTIVE":"1"},"start":0} 
21.06.17 01:15:00 vkbitrix24@gmail.com Вызван метод: sonet_group.get с параметрами: {"auth":"pjtscc0z55uylt37kmjlboiuvdba0k5o","order":"ASC","filter":{"ACTIVE":"1"},"start":0} 
21.06.17 01:15:11 vkbitrix24@gmail.com Вызван метод: event.get с параметрами: {"auth":"pjtscc0z55uylt37kmjlboiuvdba0k5o"} 
21.06.17 01:15:12 vkbitrix24@gmail.com ОШИБКА: ERROR_CORE(Unable to set event handler: Handler already binded) 
21.06.17 01:15:13 vkbitrix24@gmail.com ОШИБКА: ERROR_CORE(Unable to set event handler: Handler already binded) 
21.06.17 01:15:14 vkbitrix24@gmail.com ОШИБКА: ERROR_CORE(Unable to set event handler: Handler already binded) 
21.06.17 01:18:20 vkbitrix24@gmail.com Вызван метод: event.get с параметрами: {"auth":"pjtscc0z55uylt37kmjlboiuvdba0k5o"} 
21.06.17 01:18:21 vkbitrix24@gmail.com ОШИБКА: ERROR_CORE(Unable to set event handler: Handler already binded) 
21.06.17 01:18:22 vkbitrix24@gmail.com ОШИБКА: ERROR_CORE(Unable to set event handler: Handler already binded) 
21.06.17 01:18:23 vkbitrix24@gmail.com ОШИБКА: ERROR_CORE(Unable to set event handler: Handler already binded) 
21.06.17 01:18:30 vkbitrix24@gmail.com Вызван метод: user.current с параметрами: {"auth":"6dzrgyhmjfg4m1qt456h9m969p1e021p"} 
21.06.17 01:18:30 vkbitrix24@gmail.com Вызван метод: crm.dealcategory.stage.list с параметрами: {"auth":"6dzrgyhmjfg4m1qt456h9m969p1e021p"} 
21.06.17 01:18:31 vkbitrix24@gmail.com Вызван метод: user.get с параметрами: {"auth":"6dzrgyhmjfg4m1qt456h9m969p1e021p","order":"ASC","filter":{"ACTIVE":"1"},"start":0} 
21.06.17 01:18:31 vkbitrix24@gmail.com Вызван метод: sonet_group.get с параметрами: {"auth":"6dzrgyhmjfg4m1qt456h9m969p1e021p","order":"ASC","filter":{"ACTIVE":"1"},"start":0} 
21.06.17 01:18:45 vkbitrix24@gmail.com Вызван метод: user.current с параметрами: {"auth":"v1atco3xe4yulodzs5m80k5ttmd1kbvc"} 
21.06.17 01:18:45 vkbitrix24@gmail.com Вызван метод: crm.dealcategory.stage.list с параметрами: {"auth":"v1atco3xe4yulodzs5m80k5ttmd1kbvc"} 
21.06.17 01:18:46 vkbitrix24@gmail.com Вызван метод: user.get с параметрами: {"auth":"v1atco3xe4yulodzs5m80k5ttmd1kbvc","order":"ASC","filter":{"ACTIVE":"1"},"start":0} 
21.06.17 01:18:46 vkbitrix24@gmail.com Вызван метод: sonet_group.get с параметрами: {"auth":"v1atco3xe4yulodzs5m80k5ttmd1kbvc","order":"ASC","filter":{"ACTIVE":"1"},"start":0} 
21.06.17 01:28:43 vkbitrix24@gmail.com Вызван метод: user.current с параметрами: {"auth":"1fctjs56uf8i5t1ursl8uwge23grrrg0"} 
21.06.17 01:28:43 vkbitrix24@gmail.com Вызван метод: crm.dealcategory.stage.list с параметрами: {"auth":"1fctjs56uf8i5t1ursl8uwge23grrrg0"} 
21.06.17 01:28:44 vkbitrix24@gmail.com Вызван метод: user.get с параметрами: {"auth":"1fctjs56uf8i5t1ursl8uwge23grrrg0","order":"ASC","filter":{"ACTIVE":"1"},"start":0} 
21.06.17 01:28:44 vkbitrix24@gmail.com Вызван метод: sonet_group.get с параметрами: {"auth":"1fctjs56uf8i5t1ursl8uwge23grrrg0","order":"ASC","filter":{"ACTIVE":"1"},"start":0} 
21.06.17 01:29:05 vkbitrix24@gmail.com Вызван метод: event.get с параметрами: {"auth":"1fctjs56uf8i5t1ursl8uwge23grrrg0"} 
21.06.17 01:29:06 vkbitrix24@gmail.com ОШИБКА: ERROR_CORE(Unable to set event handler: Handler already binded) 
21.06.17 01:29:07 vkbitrix24@gmail.com ОШИБКА: ERROR_CORE(Unable to set event handler: Handler already binded) 
21.06.17 01:29:08 vkbitrix24@gmail.com ОШИБКА: ERROR_CORE(Unable to set event handler: Handler already binded) 
21.06.17 01:29:13 vkbitrix24@gmail.com Вызван метод: event.get с параметрами: {"auth":"1fctjs56uf8i5t1ursl8uwge23grrrg0"} 
21.06.17 01:29:14 vkbitrix24@gmail.com ОШИБКА: ERROR_CORE(Unable to set event handler: Handler already binded) 
21.06.17 01:29:16 vkbitrix24@gmail.com ОШИБКА: ERROR_CORE(Unable to set event handler: Handler already binded) 
21.06.17 01:29:17 vkbitrix24@gmail.com ОШИБКА: ERROR_CORE(Unable to set event handler: Handler already binded) 
21.06.17 01:29:22 vkbitrix24@gmail.com Вызван метод: event.get с параметрами: {"auth":"1fctjs56uf8i5t1ursl8uwge23grrrg0"} 
21.06.17 01:29:23 vkbitrix24@gmail.com ОШИБКА: ERROR_CORE(Unable to set event handler: Handler already binded) 
21.06.17 01:29:24 vkbitrix24@gmail.com ОШИБКА: ERROR_CORE(Unable to set event handler: Handler already binded) 
21.06.17 01:29:25 vkbitrix24@gmail.com ОШИБКА: ERROR_CORE(Unable to set event handler: Handler already binded) 
21.06.17 01:29:34 vkbitrix24@gmail.com Вызван метод: user.current с параметрами: {"auth":"efyzxpsqio0kvhn3062no333jrfa9k6v"} 
21.06.17 01:29:34 vkbitrix24@gmail.com Вызван метод: crm.dealcategory.stage.list с параметрами: {"auth":"efyzxpsqio0kvhn3062no333jrfa9k6v"} 
21.06.17 01:29:35 vkbitrix24@gmail.com Вызван метод: user.get с параметрами: {"auth":"efyzxpsqio0kvhn3062no333jrfa9k6v","order":"ASC","filter":{"ACTIVE":"1"},"start":0} 
21.06.17 01:29:35 vkbitrix24@gmail.com Вызван метод: sonet_group.get с параметрами: {"auth":"efyzxpsqio0kvhn3062no333jrfa9k6v","order":"ASC","filter":{"ACTIVE":"1"},"start":0} 
21.06.17 01:39:14 vkbitrix24@gmail.com Вызван метод: user.current с параметрами: {"auth":"7kd6qv7p620fjjth88s9749v5333et9e"} 
21.06.17 01:39:15 vkbitrix24@gmail.com Вызван метод: crm.dealcategory.stage.list с параметрами: {"auth":"7kd6qv7p620fjjth88s9749v5333et9e"} 
21.06.17 01:39:16 vkbitrix24@gmail.com Вызван метод: user.get с параметрами: {"auth":"7kd6qv7p620fjjth88s9749v5333et9e","order":"ASC","filter":{"ACTIVE":"1"},"start":0} 
21.06.17 01:39:16 vkbitrix24@gmail.com Вызван метод: sonet_group.get с параметрами: {"auth":"7kd6qv7p620fjjth88s9749v5333et9e","order":"ASC","filter":{"ACTIVE":"1"},"start":0} 
21.06.17 16:04:45 vkbitrix24@gmail.com Вызван метод: user.current с параметрами: {"auth":"ihxshbtlu8oxxmj5l8gyb3092nqdfype"} 
21.06.17 16:04:45 vkbitrix24@gmail.com Вызван метод: crm.dealcategory.stage.list с параметрами: {"auth":"ihxshbtlu8oxxmj5l8gyb3092nqdfype"} 
21.06.17 16:04:46 vkbitrix24@gmail.com Вызван метод: user.get с параметрами: {"auth":"ihxshbtlu8oxxmj5l8gyb3092nqdfype","order":"ASC","filter":{"ACTIVE":"1"},"start":0} 
21.06.17 16:04:46 vkbitrix24@gmail.com Вызван метод: sonet_group.get с параметрами: {"auth":"ihxshbtlu8oxxmj5l8gyb3092nqdfype","order":"ASC","filter":{"ACTIVE":"1"},"start":0} 
21.06.17 16:05:03 vkbitrix24@gmail.com Вызван метод: event.get с параметрами: {"auth":"ihxshbtlu8oxxmj5l8gyb3092nqdfype"} 
21.06.17 16:05:04 vkbitrix24@gmail.com ОШИБКА: ERROR_CORE(Unable to set event handler: Handler already binded) 
21.06.17 16:05:05 vkbitrix24@gmail.com ОШИБКА: ERROR_CORE(Unable to set event handler: Handler already binded) 
21.06.17 16:05:07 vkbitrix24@gmail.com ОШИБКА: ERROR_CORE(Unable to set event handler: Handler already binded) 
21.06.17 16:06:18 vkbitrix24@gmail.com Вызван метод: event.get с параметрами: {"auth":"ihxshbtlu8oxxmj5l8gyb3092nqdfype"} 
21.06.17 16:06:20 vkbitrix24@gmail.com ОШИБКА: ERROR_CORE(Unable to set event handler: Handler already binded) 
21.06.17 16:06:21 vkbitrix24@gmail.com ОШИБКА: ERROR_CORE(Unable to set event handler: Handler already binded) 
21.06.17 16:06:22 vkbitrix24@gmail.com ОШИБКА: ERROR_CORE(Unable to set event handler: Handler already binded) 
21.06.17 16:24:43 vkbitrix24@gmail.com Вызван метод: crm.dealcategory.stage.list с параметрами: {"auth":"1c5fv7i40wffobrl3m9q2v9umw3fm3w8"} 
21.06.17 16:24:44 vkbitrix24@gmail.com Вызван метод: user.get с параметрами: {"auth":"1c5fv7i40wffobrl3m9q2v9umw3fm3w8","order":"ASC","filter":{"ACTIVE":"1"},"start":0} 
21.06.17 16:24:44 vkbitrix24@gmail.com Вызван метод: sonet_group.get с параметрами: {"auth":"1c5fv7i40wffobrl3m9q2v9umw3fm3w8","order":"ASC","filter":{"ACTIVE":"1"},"start":0} 
21.06.17 16:44:05 vkbitrix24@gmail.com Вызван метод: user.current с параметрами: {"auth":"xur6o1x17wkfpeab0jc6wvdzwkap21z2"} 
21.06.17 16:44:05 vkbitrix24@gmail.com Вызван метод: crm.dealcategory.stage.list с параметрами: {"auth":"xur6o1x17wkfpeab0jc6wvdzwkap21z2"} 
21.06.17 16:44:06 vkbitrix24@gmail.com Вызван метод: user.get с параметрами: {"auth":"xur6o1x17wkfpeab0jc6wvdzwkap21z2","order":"ASC","filter":{"ACTIVE":"1"},"start":0} 
21.06.17 16:44:07 vkbitrix24@gmail.com Вызван метод: sonet_group.get с параметрами: {"auth":"xur6o1x17wkfpeab0jc6wvdzwkap21z2","order":"ASC","filter":{"ACTIVE":"1"},"start":0} 
21.06.17 16:45:19 vkbitrix24@gmail.com Вызван метод: user.current с параметрами: {"auth":"3qs4dy3ak8wmuyjonibkxz0iwbnh60lf"} 
21.06.17 16:45:20 vkbitrix24@gmail.com Вызван метод: crm.dealcategory.stage.list с параметрами: {"auth":"3qs4dy3ak8wmuyjonibkxz0iwbnh60lf"} 
21.06.17 16:45:21 vkbitrix24@gmail.com Вызван метод: user.get с параметрами: {"auth":"3qs4dy3ak8wmuyjonibkxz0iwbnh60lf","order":"ASC","filter":{"ACTIVE":"1"},"start":0} 
21.06.17 16:45:21 vkbitrix24@gmail.com Вызван метод: sonet_group.get с параметрами: {"auth":"3qs4dy3ak8wmuyjonibkxz0iwbnh60lf","order":"ASC","filter":{"ACTIVE":"1"},"start":0} 
21.06.17 16:51:01 vkbitrix24@gmail.com Вызван метод: user.current с параметрами: {"auth":"pnsvmoo460y5t454jo84e8ul6vh8inpg"} 
21.06.17 16:51:01 vkbitrix24@gmail.com Вызван метод: crm.dealcategory.stage.list с параметрами: {"auth":"pnsvmoo460y5t454jo84e8ul6vh8inpg"} 
21.06.17 16:51:02 vkbitrix24@gmail.com Вызван метод: user.get с параметрами: {"auth":"pnsvmoo460y5t454jo84e8ul6vh8inpg","order":"ASC","filter":{"ACTIVE":"1"},"start":0} 
21.06.17 16:51:02 vkbitrix24@gmail.com Вызван метод: sonet_group.get с параметрами: {"auth":"pnsvmoo460y5t454jo84e8ul6vh8inpg","order":"ASC","filter":{"ACTIVE":"1"},"start":0} 
21.06.17 16:51:30 vkbitrix24@gmail.com Вызван метод: user.current с параметрами: {"auth":"276wygz2l53agzwg4u26ejybpsnuf8ze"} 
21.06.17 16:51:31 vkbitrix24@gmail.com Вызван метод: crm.dealcategory.stage.list с параметрами: {"auth":"276wygz2l53agzwg4u26ejybpsnuf8ze"} 
21.06.17 16:51:32 vkbitrix24@gmail.com Вызван метод: user.get с параметрами: {"auth":"276wygz2l53agzwg4u26ejybpsnuf8ze","order":"ASC","filter":{"ACTIVE":"1"},"start":0} 
21.06.17 16:51:32 vkbitrix24@gmail.com Вызван метод: sonet_group.get с параметрами: {"auth":"276wygz2l53agzwg4u26ejybpsnuf8ze","order":"ASC","filter":{"ACTIVE":"1"},"start":0} 
21.06.17 16:51:57 vkbitrix24@gmail.com Вызван метод: user.current с параметрами: {"auth":"r2iq5s3z4ka6gzxteomlwtoxqufv7och"} 
21.06.17 16:51:58 vkbitrix24@gmail.com Вызван метод: crm.dealcategory.stage.list с параметрами: {"auth":"r2iq5s3z4ka6gzxteomlwtoxqufv7och"} 
21.06.17 16:51:58 vkbitrix24@gmail.com Вызван метод: user.get с параметрами: {"auth":"r2iq5s3z4ka6gzxteomlwtoxqufv7och","order":"ASC","filter":{"ACTIVE":"1"},"start":0} 
21.06.17 16:51:59 vkbitrix24@gmail.com Вызван метод: sonet_group.get с параметрами: {"auth":"r2iq5s3z4ka6gzxteomlwtoxqufv7och","order":"ASC","filter":{"ACTIVE":"1"},"start":0} 
21.06.17 16:52:07 vkbitrix24@gmail.com Вызван метод: event.get с параметрами: {"auth":"r2iq5s3z4ka6gzxteomlwtoxqufv7och"} 
21.06.17 16:52:08 vkbitrix24@gmail.com ОШИБКА: ERROR_CORE(Unable to set event handler: Handler already binded) 
21.06.17 16:52:09 vkbitrix24@gmail.com ОШИБКА: ERROR_CORE(Unable to set event handler: Handler already binded) 
21.06.17 16:52:10 vkbitrix24@gmail.com ОШИБКА: ERROR_CORE(Unable to set event handler: Handler already binded) 
