23.05.17 08:53:58 vkbitrix24@gmail.com Вызван метод: crm.dealcategory.stage.list с параметрами: {"auth":"bih85t79mf7we0nngnw4zb8t9h7q0mns"} 
23.05.17 08:53:59 vkbitrix24@gmail.com Вызван метод: user.get с параметрами: {"auth":"bih85t79mf7we0nngnw4zb8t9h7q0mns"} 
23.05.17 12:13:21 vkbitrix24@gmail.com Вызван метод: crm.dealcategory.stage.list с параметрами: {"auth":"lqg828pe0lev29y06omq5l3aoj2ftl0a"} 
23.05.17 12:13:21 vkbitrix24@gmail.com Вызван метод: user.get с параметрами: {"auth":"lqg828pe0lev29y06omq5l3aoj2ftl0a"} 
23.05.17 12:17:20 vkbitrix24@gmail.com Вызван метод: crm.dealcategory.stage.list с параметрами: {"auth":"3ohwd54hvsumiavtne7i2suaz8hv5sy7"} 
23.05.17 12:17:21 vkbitrix24@gmail.com Вызван метод: user.get с параметрами: {"auth":"3ohwd54hvsumiavtne7i2suaz8hv5sy7"} 
23.05.17 12:30:08 vkbitrix24@gmail.com Вызван метод: user.current с параметрами: {"auth":"bnw8xidveql7bodz3kcro622mflpcw1y"} 
23.05.17 12:30:09 vkbitrix24@gmail.com Вызван метод: crm.dealcategory.stage.list с параметрами: {"auth":"bnw8xidveql7bodz3kcro622mflpcw1y"} 
23.05.17 12:30:10 vkbitrix24@gmail.com Вызван метод: user.get с параметрами: {"auth":"bnw8xidveql7bodz3kcro622mflpcw1y"} 
23.05.17 12:31:28 vkbitrix24@gmail.com Вызван метод: user.current с параметрами: {"auth":"jvy3twr8weq4mj8hdwuclk0ivol7auxu"} 
23.05.17 12:31:28 vkbitrix24@gmail.com Вызван метод: crm.dealcategory.stage.list с параметрами: {"auth":"jvy3twr8weq4mj8hdwuclk0ivol7auxu"} 
23.05.17 12:31:29 vkbitrix24@gmail.com Вызван метод: user.get с параметрами: {"auth":"jvy3twr8weq4mj8hdwuclk0ivol7auxu"} 
23.05.17 12:31:55 vkbitrix24@gmail.com Вызван метод: user.current с параметрами: {"auth":"ki3egvy13ybujx4zktu4ajretss4e4qm"} 
23.05.17 12:31:56 vkbitrix24@gmail.com Вызван метод: crm.dealcategory.stage.list с параметрами: {"auth":"ki3egvy13ybujx4zktu4ajretss4e4qm"} 
23.05.17 12:31:56 vkbitrix24@gmail.com Вызван метод: user.get с параметрами: {"auth":"ki3egvy13ybujx4zktu4ajretss4e4qm"} 
23.05.17 12:32:43 vkbitrix24@gmail.com Вызван метод: user.current с параметрами: {"auth":"rbsc3t0p68rvwf1tkpq6y2sdotpt27ie"} 
23.05.17 12:32:43 vkbitrix24@gmail.com Вызван метод: crm.dealcategory.stage.list с параметрами: {"auth":"rbsc3t0p68rvwf1tkpq6y2sdotpt27ie"} 
23.05.17 12:32:44 vkbitrix24@gmail.com Вызван метод: user.get с параметрами: {"auth":"rbsc3t0p68rvwf1tkpq6y2sdotpt27ie"} 
23.05.17 12:33:24 vkbitrix24@gmail.com Вызван метод: user.current с параметрами: {"auth":"tn079vnara0cwvfgc6i7afsl1htwsl8e"} 
23.05.17 12:33:25 vkbitrix24@gmail.com Вызван метод: crm.dealcategory.stage.list с параметрами: {"auth":"tn079vnara0cwvfgc6i7afsl1htwsl8e"} 
23.05.17 12:33:26 vkbitrix24@gmail.com Вызван метод: user.get с параметрами: {"auth":"tn079vnara0cwvfgc6i7afsl1htwsl8e"} 
23.05.17 12:38:43 vkbitrix24@gmail.com Вызван метод: user.current с параметрами: {"auth":"ll6yfydt4kf5psfgy9b40njtl7u92vmh"} 
23.05.17 12:38:43 vkbitrix24@gmail.com Вызван метод: crm.dealcategory.stage.list с параметрами: {"auth":"ll6yfydt4kf5psfgy9b40njtl7u92vmh"} 
23.05.17 12:38:44 vkbitrix24@gmail.com Вызван метод: user.get с параметрами: {"auth":"ll6yfydt4kf5psfgy9b40njtl7u92vmh"} 
23.05.17 12:42:47 vkbitrix24@gmail.com Вызван метод: user.current с параметрами: {"auth":"ebcpihhwpiogucxz2l1cmjlq092xvvmv"} 
23.05.17 12:42:48 vkbitrix24@gmail.com Вызван метод: crm.dealcategory.stage.list с параметрами: {"auth":"ebcpihhwpiogucxz2l1cmjlq092xvvmv"} 
23.05.17 12:42:48 vkbitrix24@gmail.com Вызван метод: user.get с параметрами: {"auth":"ebcpihhwpiogucxz2l1cmjlq092xvvmv"} 
23.05.17 12:44:07 vkbitrix24@gmail.com Вызван метод: user.current с параметрами: {"auth":"7usditeyiiok6nogydmyh32e1rj9bphr"} 
23.05.17 12:44:08 vkbitrix24@gmail.com Вызван метод: crm.dealcategory.stage.list с параметрами: {"auth":"7usditeyiiok6nogydmyh32e1rj9bphr"} 
23.05.17 12:44:09 vkbitrix24@gmail.com Вызван метод: user.get с параметрами: {"auth":"7usditeyiiok6nogydmyh32e1rj9bphr"} 
23.05.17 12:44:34 vkbitrix24@gmail.com Вызван метод: user.current с параметрами: {"auth":"22pitny4ap2mvxu3pia49pjinjwkm162"} 
23.05.17 12:44:34 vkbitrix24@gmail.com Вызван метод: crm.dealcategory.stage.list с параметрами: {"auth":"22pitny4ap2mvxu3pia49pjinjwkm162"} 
23.05.17 12:44:34 vkbitrix24@gmail.com Вызван метод: user.get с параметрами: {"auth":"22pitny4ap2mvxu3pia49pjinjwkm162"} 
23.05.17 12:51:06 vkbitrix24@gmail.com Вызван метод: user.current с параметрами: {"auth":"r0y2uc3xt5qlp41n9bdesmzsa22k7e77"} 
23.05.17 12:51:07 vkbitrix24@gmail.com Вызван метод: crm.dealcategory.stage.list с параметрами: {"auth":"r0y2uc3xt5qlp41n9bdesmzsa22k7e77"} 
23.05.17 12:51:09 vkbitrix24@gmail.com Вызван метод: user.get с параметрами: {"auth":"r0y2uc3xt5qlp41n9bdesmzsa22k7e77"} 
23.05.17 12:52:10 vkbitrix24@gmail.com Вызван метод: crm.dealcategory.stage.list с параметрами: {"auth":"oqppz35cgbyegfxglpfg0gop9n3u1kgr"} 
23.05.17 12:52:12 vkbitrix24@gmail.com Вызван метод: user.get с параметрами: {"auth":"oqppz35cgbyegfxglpfg0gop9n3u1kgr"} 
23.05.17 12:52:50 vkbitrix24@gmail.com Вызван метод: user.current с параметрами: {"auth":"erqp3ikxx2nzmou3r3mi3lko0ty983q0"} 
23.05.17 12:52:50 vkbitrix24@gmail.com Вызван метод: crm.dealcategory.stage.list с параметрами: {"auth":"erqp3ikxx2nzmou3r3mi3lko0ty983q0"} 
23.05.17 12:52:51 vkbitrix24@gmail.com Вызван метод: user.get с параметрами: {"auth":"erqp3ikxx2nzmou3r3mi3lko0ty983q0"} 
23.05.17 12:54:52 vkbitrix24@gmail.com Вызван метод: user.current с параметрами: {"auth":"z9ob96r1dl4w93kt0tiecjcvce5x2ymk"} 
23.05.17 12:54:53 vkbitrix24@gmail.com Вызван метод: crm.dealcategory.stage.list с параметрами: {"auth":"z9ob96r1dl4w93kt0tiecjcvce5x2ymk"} 
23.05.17 12:54:54 vkbitrix24@gmail.com Вызван метод: user.get с параметрами: {"auth":"z9ob96r1dl4w93kt0tiecjcvce5x2ymk"} 
23.05.17 12:55:49 vkbitrix24@gmail.com Вызван метод: crm.dealcategory.stage.list с параметрами: {"auth":"62amgf59g4rtb1s0tg494k0fu3ankkuo"} 
23.05.17 12:55:49 vkbitrix24@gmail.com Вызван метод: user.get с параметрами: {"auth":"62amgf59g4rtb1s0tg494k0fu3ankkuo"} 
23.05.17 13:26:13 vkbitrix24@gmail.com Вызван метод: user.current с параметрами: {"auth":"cde5o3d68mbdv7n8uw0fw5dam766160m"} 
23.05.17 13:26:13 vkbitrix24@gmail.com Вызван метод: crm.dealcategory.stage.list с параметрами: {"auth":"cde5o3d68mbdv7n8uw0fw5dam766160m"} 
23.05.17 13:26:14 vkbitrix24@gmail.com Вызван метод: user.get с параметрами: {"auth":"cde5o3d68mbdv7n8uw0fw5dam766160m"} 
23.05.17 13:28:34 vkbitrix24@gmail.com Вызван метод: user.current с параметрами: {"auth":"ce8todknnp3rrksybw3nm334d93b0302"} 
23.05.17 13:28:35 vkbitrix24@gmail.com Вызван метод: crm.dealcategory.stage.list с параметрами: {"auth":"ce8todknnp3rrksybw3nm334d93b0302"} 
23.05.17 13:28:36 vkbitrix24@gmail.com Вызван метод: user.get с параметрами: {"auth":"ce8todknnp3rrksybw3nm334d93b0302"} 
23.05.17 13:28:51 vkbitrix24@gmail.com Вызван метод: user.current с параметрами: {"auth":"qti1bdi66fp28nk0pvf5otyyek1b2mm0"} 
23.05.17 13:28:52 vkbitrix24@gmail.com Вызван метод: crm.dealcategory.stage.list с параметрами: {"auth":"qti1bdi66fp28nk0pvf5otyyek1b2mm0"} 
23.05.17 13:28:52 vkbitrix24@gmail.com Вызван метод: user.get с параметрами: {"auth":"qti1bdi66fp28nk0pvf5otyyek1b2mm0"} 
23.05.17 13:31:52 vkbitrix24@gmail.com Вызван метод: user.current с параметрами: {"auth":"u22w1e0ushr19jkiw6gmm1glm22vqr11"} 
23.05.17 13:31:52 vkbitrix24@gmail.com Вызван метод: crm.dealcategory.stage.list с параметрами: {"auth":"u22w1e0ushr19jkiw6gmm1glm22vqr11"} 
23.05.17 13:31:53 vkbitrix24@gmail.com Вызван метод: user.get с параметрами: {"auth":"u22w1e0ushr19jkiw6gmm1glm22vqr11"} 
23.05.17 13:32:53 vkbitrix24@gmail.com Вызван метод: user.current с параметрами: {"auth":"qk6i1zwdauvyluluj9j6simvpq7rwov1"} 
23.05.17 13:32:54 vkbitrix24@gmail.com Вызван метод: crm.dealcategory.stage.list с параметрами: {"auth":"qk6i1zwdauvyluluj9j6simvpq7rwov1"} 
23.05.17 13:32:54 vkbitrix24@gmail.com Вызван метод: user.get с параметрами: {"auth":"qk6i1zwdauvyluluj9j6simvpq7rwov1"} 
23.05.17 13:47:35 vkbitrix24@gmail.com Вызван метод: user.current с параметрами: {"auth":"ga2kglhoy8sm6jon3gwhx7fwzqao64j1"} 
23.05.17 13:47:35 vkbitrix24@gmail.com Вызван метод: crm.dealcategory.stage.list с параметрами: {"auth":"ga2kglhoy8sm6jon3gwhx7fwzqao64j1"} 
23.05.17 13:47:36 vkbitrix24@gmail.com Вызван метод: user.get с параметрами: {"auth":"ga2kglhoy8sm6jon3gwhx7fwzqao64j1"} 
23.05.17 14:16:30 vkbitrix24@gmail.com ОШИБКА: invalid_grant() 
23.05.17 14:16:31 vkbitrix24@gmail.com Вызван метод: user.current с параметрами: {"auth":"d661xqhm5thcfa3le11li7xf1qcbt8c3"} 
23.05.17 14:16:31 vkbitrix24@gmail.com ОШИБКА: invalid_grant() 
23.05.17 14:16:32 vkbitrix24@gmail.com Вызван метод: crm.dealcategory.stage.list с параметрами: {"auth":"d661xqhm5thcfa3le11li7xf1qcbt8c3"} 
23.05.17 14:16:32 vkbitrix24@gmail.com ОШИБКА: invalid_grant() 
23.05.17 14:16:32 vkbitrix24@gmail.com Вызван метод: user.get с параметрами: {"auth":"d661xqhm5thcfa3le11li7xf1qcbt8c3"} 
23.05.17 14:16:37 vkbitrix24@gmail.com ОШИБКА: invalid_grant() 
23.05.17 14:16:38 vkbitrix24@gmail.com Вызван метод: user.current с параметрами: {"auth":"dfoqla6yym05l21jxedg2ow6nmumab5i"} 
23.05.17 14:16:38 vkbitrix24@gmail.com ОШИБКА: invalid_grant() 
23.05.17 14:16:38 vkbitrix24@gmail.com Вызван метод: crm.dealcategory.stage.list с параметрами: {"auth":"dfoqla6yym05l21jxedg2ow6nmumab5i"} 
23.05.17 14:16:39 vkbitrix24@gmail.com ОШИБКА: invalid_grant() 
23.05.17 14:16:39 vkbitrix24@gmail.com Вызван метод: user.get с параметрами: {"auth":"dfoqla6yym05l21jxedg2ow6nmumab5i"} 
23.05.17 14:16:57 vkbitrix24@gmail.com Вызван метод: user.current с параметрами: {"auth":"ihi060n4v73v4dum62ratxncnyemm6do"} 
23.05.17 14:16:58 vkbitrix24@gmail.com Вызван метод: crm.dealcategory.stage.list с параметрами: {"auth":"ihi060n4v73v4dum62ratxncnyemm6do"} 
23.05.17 14:16:58 vkbitrix24@gmail.com Вызван метод: user.get с параметрами: {"auth":"ihi060n4v73v4dum62ratxncnyemm6do"} 
23.05.17 14:20:49 vkbitrix24@gmail.com ОШИБКА: invalid_grant() 
23.05.17 14:21:14 vkbitrix24@gmail.com ОШИБКА: invalid_grant() 
23.05.17 14:21:15 vkbitrix24@gmail.com ОШИБКА: invalid_grant() 
23.05.17 14:21:15 vkbitrix24@gmail.com Вызван метод: user.get с параметрами: {"auth":"rdhrzh43rif2krpkptb108wcts3q4ylr"} 
23.05.17 14:21:33 vkbitrix24@gmail.com ОШИБКА: invalid_grant() 
23.05.17 14:21:33 vkbitrix24@gmail.com ОШИБКА: invalid_grant() 
23.05.17 14:21:34 vkbitrix24@gmail.com Вызван метод: user.get с параметрами: {"auth":"2rxig1biwo4ystgoi48mekpn1vyxk0jc"} 
23.05.17 14:40:32 vkbitrix24@gmail.com ОШИБКА: invalid_grant() 
23.05.17 14:40:32 vkbitrix24@gmail.com ОШИБКА: invalid_grant() 
23.05.17 14:40:33 vkbitrix24@gmail.com Вызван метод: user.get с параметрами: {"auth":"l6lw4pne6dq1fwsjpd7x0wf6ng9hpg20","order":"ASC","filter":{"ACTIVE":"1"}} 
23.05.17 14:42:55 vkbitrix24@gmail.com ОШИБКА: invalid_grant() 
23.05.17 14:42:56 vkbitrix24@gmail.com ОШИБКА: invalid_grant() 
23.05.17 14:42:57 vkbitrix24@gmail.com Вызван метод: user.get с параметрами: {"auth":"6mz81g9xqliecs29m2e0gbrb7krg27u1","order":"ASC","filter":{"ACTIVE":"1"},"start":1} 
23.05.17 14:48:18 vkbitrix24@gmail.com ОШИБКА: invalid_grant() 
23.05.17 14:48:18 vkbitrix24@gmail.com ОШИБКА: invalid_grant() 
23.05.17 14:48:42 vkbitrix24@gmail.com ОШИБКА: invalid_grant() 
23.05.17 14:48:43 vkbitrix24@gmail.com ОШИБКА: invalid_grant() 
23.05.17 14:48:44 vkbitrix24@gmail.com Вызван метод: user.get с параметрами: {"auth":"9obmeagp65a9l7z0l5bdojacmrdhdwrn","order":"ASC","filter":{"ACTIVE":"1"},"start":0} 
23.05.17 14:49:30 vkbitrix24@gmail.com ОШИБКА: invalid_grant() 
23.05.17 14:49:30 vkbitrix24@gmail.com ОШИБКА: invalid_grant() 
23.05.17 14:49:31 vkbitrix24@gmail.com Вызван метод: user.get с параметрами: {"auth":"z8t060jynz1uvvyc1yef3eb151329m25","order":"ASC","filter":{"ACTIVE":"1"},"start":0} 
23.05.17 14:58:51 vkbitrix24@gmail.com ОШИБКА: invalid_grant() 
23.05.17 14:58:51 vkbitrix24@gmail.com ОШИБКА: invalid_grant() 
23.05.17 14:58:53 vkbitrix24@gmail.com Вызван метод: user.get с параметрами: {"auth":"aaa9gr84pf0jtsltrhr2ehd1kz4o5iuw","order":"ASC","filter":{"ACTIVE":"1"},"start":0} 
23.05.17 15:04:10 vkbitrix24@gmail.com ОШИБКА: invalid_grant() 
23.05.17 15:04:11 vkbitrix24@gmail.com ОШИБКА: invalid_grant() 
23.05.17 15:04:12 vkbitrix24@gmail.com Вызван метод: user.get с параметрами: {"auth":"37fmfglgyn4c1yjgt0hfeip0p5f3pg36","order":"ASC","filter":{"ACTIVE":"1"},"start":0} 
23.05.17 15:04:28 vkbitrix24@gmail.com ОШИБКА: invalid_grant() 
23.05.17 15:04:28 vkbitrix24@gmail.com ОШИБКА: invalid_grant() 
23.05.17 15:04:29 vkbitrix24@gmail.com Вызван метод: user.get с параметрами: {"auth":"41noix4sw5rlasi9idc0ltnyvrq2bvi1","order":"ASC","filter":{"ACTIVE":"1"},"start":0} 
23.05.17 15:04:52 vkbitrix24@gmail.com ОШИБКА: invalid_grant() 
23.05.17 15:04:52 vkbitrix24@gmail.com ОШИБКА: invalid_grant() 
23.05.17 15:04:53 vkbitrix24@gmail.com Вызван метод: user.get с параметрами: {"auth":"rwlw50815hgd6hr3ia537vv8sai11a2j","order":"ASC","filter":{"ACTIVE":"1"},"start":0} 
23.05.17 15:07:25 vkbitrix24@gmail.com Вызван метод: user.current с параметрами: {"auth":"3tdmvwmlqbh68unfzlckn8jdxgxkrle1"} 
23.05.17 15:07:25 vkbitrix24@gmail.com Вызван метод: crm.dealcategory.stage.list с параметрами: {"auth":"3tdmvwmlqbh68unfzlckn8jdxgxkrle1"} 
23.05.17 15:07:26 vkbitrix24@gmail.com Вызван метод: user.get с параметрами: {"auth":"3tdmvwmlqbh68unfzlckn8jdxgxkrle1","order":"ASC","filter":{"ACTIVE":"1"},"start":null} 
23.05.17 15:10:53 vkbitrix24@gmail.com Вызван метод: user.current с параметрами: {"auth":"9ivhm6pht2t9jvx4smrdcy9uryklwrrs"} 
23.05.17 15:10:54 vkbitrix24@gmail.com Вызван метод: crm.dealcategory.stage.list с параметрами: {"auth":"9ivhm6pht2t9jvx4smrdcy9uryklwrrs"} 
23.05.17 15:10:55 vkbitrix24@gmail.com Вызван метод: user.get с параметрами: {"auth":"9ivhm6pht2t9jvx4smrdcy9uryklwrrs","order":"ASC","filter":{"ACTIVE":"1"},"start":null} 
23.05.17 15:18:56 vkbitrix24@gmail.com Вызван метод: user.current с параметрами: {"auth":"52f905ra6wjb9bqgcxr9pgyr052b6p0q"} 
23.05.17 15:18:57 vkbitrix24@gmail.com Вызван метод: crm.dealcategory.stage.list с параметрами: {"auth":"52f905ra6wjb9bqgcxr9pgyr052b6p0q"} 
23.05.17 15:18:57 vkbitrix24@gmail.com Вызван метод: user.get с параметрами: {"auth":"52f905ra6wjb9bqgcxr9pgyr052b6p0q","order":"ASC","filter":{"ACTIVE":"1"},"start":0} 
23.05.17 15:19:16 vkbitrix24@gmail.com Вызван метод: user.current с параметрами: {"auth":"knh5enzuei1bdnsw0dyd2yv7tnfi2zl3"} 
23.05.17 15:19:17 vkbitrix24@gmail.com Вызван метод: crm.dealcategory.stage.list с параметрами: {"auth":"knh5enzuei1bdnsw0dyd2yv7tnfi2zl3"} 
23.05.17 15:19:17 vkbitrix24@gmail.com Вызван метод: user.get с параметрами: {"auth":"knh5enzuei1bdnsw0dyd2yv7tnfi2zl3","order":"ASC","filter":{"ACTIVE":"1"},"start":0} 
23.05.17 15:20:03 vkbitrix24@gmail.com Вызван метод: user.current с параметрами: {"auth":"3lkt5cy8e8o0pdi9wmoeh6cx1whnnulw"} 
23.05.17 15:20:04 vkbitrix24@gmail.com Вызван метод: crm.dealcategory.stage.list с параметрами: {"auth":"3lkt5cy8e8o0pdi9wmoeh6cx1whnnulw"} 
23.05.17 15:20:04 vkbitrix24@gmail.com Вызван метод: user.get с параметрами: {"auth":"3lkt5cy8e8o0pdi9wmoeh6cx1whnnulw","order":"ASC","filter":{"ACTIVE":"1"},"start":0} 
23.05.17 15:21:58 vkbitrix24@gmail.com Вызван метод: user.current с параметрами: {"auth":"7xaw76qsoxln8qzmyd4wnfswa3levdm5"} 
23.05.17 15:21:59 vkbitrix24@gmail.com Вызван метод: crm.dealcategory.stage.list с параметрами: {"auth":"7xaw76qsoxln8qzmyd4wnfswa3levdm5"} 
23.05.17 15:21:59 vkbitrix24@gmail.com Вызван метод: user.get с параметрами: {"auth":"7xaw76qsoxln8qzmyd4wnfswa3levdm5","order":"ASC","filter":{"ACTIVE":"1"},"start":0} 
23.05.17 15:22:30 vkbitrix24@gmail.com Вызван метод: user.current с параметрами: {"auth":"yl46d0i4kp3pqmegzkux6gk27hbue1l1"} 
23.05.17 15:22:30 vkbitrix24@gmail.com Вызван метод: crm.dealcategory.stage.list с параметрами: {"auth":"yl46d0i4kp3pqmegzkux6gk27hbue1l1"} 
23.05.17 15:22:31 vkbitrix24@gmail.com Вызван метод: user.get с параметрами: {"auth":"yl46d0i4kp3pqmegzkux6gk27hbue1l1","order":"ASC","filter":{"ACTIVE":"1"},"start":0} 
23.05.17 15:23:35 vkbitrix24@gmail.com Вызван метод: user.current с параметрами: {"auth":"un1azkw0qtsq3e44u2bkzi4vxp7mbi10"} 
23.05.17 15:23:36 vkbitrix24@gmail.com Вызван метод: crm.dealcategory.stage.list с параметрами: {"auth":"un1azkw0qtsq3e44u2bkzi4vxp7mbi10"} 
23.05.17 15:23:38 vkbitrix24@gmail.com Вызван метод: user.get с параметрами: {"auth":"un1azkw0qtsq3e44u2bkzi4vxp7mbi10","order":"ASC","filter":{"ACTIVE":"1"},"start":0} 
23.05.17 15:27:32 vkbitrix24@gmail.com Вызван метод: user.current с параметрами: {"auth":"rb0pga3aju0p2ohc1wn4asndvl4r2r47"} 
23.05.17 15:27:32 vkbitrix24@gmail.com Вызван метод: crm.dealcategory.stage.list с параметрами: {"auth":"rb0pga3aju0p2ohc1wn4asndvl4r2r47"} 
23.05.17 15:27:32 vkbitrix24@gmail.com Вызван метод: user.get с параметрами: {"auth":"rb0pga3aju0p2ohc1wn4asndvl4r2r47","order":"ASC","filter":{"ACTIVE":"1"},"start":0} 
23.05.17 15:28:01 vkbitrix24@gmail.com Вызван метод: user.current с параметрами: {"auth":"1wae6g0mpq9b0ucc9jjptlrtkg3xaj7c"} 
23.05.17 15:28:01 vkbitrix24@gmail.com Вызван метод: crm.dealcategory.stage.list с параметрами: {"auth":"1wae6g0mpq9b0ucc9jjptlrtkg3xaj7c"} 
23.05.17 15:28:02 vkbitrix24@gmail.com Вызван метод: user.get с параметрами: {"auth":"1wae6g0mpq9b0ucc9jjptlrtkg3xaj7c","order":"ASC","filter":{"ACTIVE":"1"},"start":0} 
23.05.17 15:28:45 vkbitrix24@gmail.com Вызван метод: user.current с параметрами: {"auth":"eoxxmzhkqhhuqezgh41m8dkpbpxoml3j"} 
23.05.17 15:28:45 vkbitrix24@gmail.com Вызван метод: crm.dealcategory.stage.list с параметрами: {"auth":"eoxxmzhkqhhuqezgh41m8dkpbpxoml3j"} 
23.05.17 15:28:46 vkbitrix24@gmail.com Вызван метод: user.get с параметрами: {"auth":"eoxxmzhkqhhuqezgh41m8dkpbpxoml3j","order":"ASC","filter":{"ACTIVE":"1"},"start":0} 
23.05.17 15:29:16 vkbitrix24@gmail.com Вызван метод: user.current с параметрами: {"auth":"ci6241uaivi05xke8r60yzv3m87ubs40"} 
23.05.17 15:29:17 vkbitrix24@gmail.com Вызван метод: crm.dealcategory.stage.list с параметрами: {"auth":"ci6241uaivi05xke8r60yzv3m87ubs40"} 
23.05.17 15:29:17 vkbitrix24@gmail.com Вызван метод: user.get с параметрами: {"auth":"ci6241uaivi05xke8r60yzv3m87ubs40","order":"ASC","filter":{"ACTIVE":"1"},"start":0} 
23.05.17 15:34:17 vkbitrix24@gmail.com Вызван метод: user.current с параметрами: {"auth":"3i3grb4tujk49druil7g90jzjt77ng5r"} 
23.05.17 15:34:17 vkbitrix24@gmail.com Вызван метод: crm.dealcategory.stage.list с параметрами: {"auth":"3i3grb4tujk49druil7g90jzjt77ng5r"} 
23.05.17 15:34:18 vkbitrix24@gmail.com Вызван метод: user.get с параметрами: {"auth":"3i3grb4tujk49druil7g90jzjt77ng5r","order":"ASC","filter":{"ACTIVE":"1"},"start":0} 
23.05.17 15:41:49 vkbitrix24@gmail.com Вызван метод: user.current с параметрами: {"auth":"2k81jh6ap1kkq7c3i3m7fo0oz4g6qqg3"} 
23.05.17 15:41:50 vkbitrix24@gmail.com Вызван метод: crm.dealcategory.stage.list с параметрами: {"auth":"2k81jh6ap1kkq7c3i3m7fo0oz4g6qqg3"} 
23.05.17 15:41:50 vkbitrix24@gmail.com Вызван метод: user.get с параметрами: {"auth":"2k81jh6ap1kkq7c3i3m7fo0oz4g6qqg3","order":"ASC","filter":{"ACTIVE":"1"},"start":0} 
23.05.17 15:42:08 vkbitrix24@gmail.com Вызван метод: user.current с параметрами: {"auth":"zfl1yrycsrkap35gp7dg8ty8d697ny7e"} 
23.05.17 15:42:09 vkbitrix24@gmail.com Вызван метод: crm.dealcategory.stage.list с параметрами: {"auth":"zfl1yrycsrkap35gp7dg8ty8d697ny7e"} 
23.05.17 15:42:09 vkbitrix24@gmail.com Вызван метод: user.get с параметрами: {"auth":"zfl1yrycsrkap35gp7dg8ty8d697ny7e","order":"ASC","filter":{"ACTIVE":"1"},"start":0} 
23.05.17 15:42:28 vkbitrix24@gmail.com Вызван метод: user.current с параметрами: {"auth":"n44mjkt9j8gv53jw70173gq3jb90a1lz"} 
23.05.17 15:42:29 vkbitrix24@gmail.com Вызван метод: crm.dealcategory.stage.list с параметрами: {"auth":"n44mjkt9j8gv53jw70173gq3jb90a1lz"} 
23.05.17 15:42:29 vkbitrix24@gmail.com Вызван метод: user.get с параметрами: {"auth":"n44mjkt9j8gv53jw70173gq3jb90a1lz","order":"ASC","filter":{"ACTIVE":"1"},"start":0} 
23.05.17 15:44:12 vkbitrix24@gmail.com Вызван метод: user.current с параметрами: {"auth":"qtuxmund64tncgdsmjs874wmvfbbd0ew"} 
23.05.17 15:44:12 vkbitrix24@gmail.com Вызван метод: crm.dealcategory.stage.list с параметрами: {"auth":"qtuxmund64tncgdsmjs874wmvfbbd0ew"} 
23.05.17 15:44:13 vkbitrix24@gmail.com Вызван метод: user.get с параметрами: {"auth":"qtuxmund64tncgdsmjs874wmvfbbd0ew","order":"ASC","filter":{"ACTIVE":"1"},"start":0} 
23.05.17 15:44:31 vkbitrix24@gmail.com Вызван метод: user.current с параметрами: {"auth":"dbt38kz79x9v0ios8stp6qmigg6jt7h1"} 
23.05.17 15:44:32 vkbitrix24@gmail.com Вызван метод: crm.dealcategory.stage.list с параметрами: {"auth":"dbt38kz79x9v0ios8stp6qmigg6jt7h1"} 
23.05.17 15:44:33 vkbitrix24@gmail.com Вызван метод: user.get с параметрами: {"auth":"dbt38kz79x9v0ios8stp6qmigg6jt7h1","order":"ASC","filter":{"ACTIVE":"1"},"start":0} 
23.05.17 16:12:21 vkbitrix24@gmail.com Вызван метод: user.current с параметрами: {"auth":"ln7toivcz1q4yf3rxjix2ufon4sauccn"} 
23.05.17 16:12:22 vkbitrix24@gmail.com Вызван метод: crm.dealcategory.stage.list с параметрами: {"auth":"ln7toivcz1q4yf3rxjix2ufon4sauccn"} 
23.05.17 16:12:22 vkbitrix24@gmail.com Вызван метод: user.get с параметрами: {"auth":"ln7toivcz1q4yf3rxjix2ufon4sauccn","order":"ASC","filter":{"ACTIVE":"1"},"start":0} 
23.05.17 16:19:18 vkbitrix24@gmail.com Вызван метод: user.current с параметрами: {"auth":"jvg1pe01o1wyl6v2fcj5azykboxe9cng"} 
23.05.17 16:19:19 vkbitrix24@gmail.com Вызван метод: crm.dealcategory.stage.list с параметрами: {"auth":"jvg1pe01o1wyl6v2fcj5azykboxe9cng"} 
23.05.17 16:19:19 vkbitrix24@gmail.com Вызван метод: user.get с параметрами: {"auth":"jvg1pe01o1wyl6v2fcj5azykboxe9cng","order":"ASC","filter":{"ACTIVE":"1"},"start":0} 
23.05.17 16:19:41 vkbitrix24@gmail.com Вызван метод: user.current с параметрами: {"auth":"zn9bnyhjdft87wnbcklz2laxgda6p1f9"} 
23.05.17 16:19:41 vkbitrix24@gmail.com Вызван метод: crm.dealcategory.stage.list с параметрами: {"auth":"zn9bnyhjdft87wnbcklz2laxgda6p1f9"} 
23.05.17 16:19:42 vkbitrix24@gmail.com Вызван метод: user.get с параметрами: {"auth":"zn9bnyhjdft87wnbcklz2laxgda6p1f9","order":"ASC","filter":{"ACTIVE":"1"},"start":0} 
23.05.17 16:20:01 vkbitrix24@gmail.com Вызван метод: user.current с параметрами: {"auth":"itjgvpxoyzr22l1n2kzvp18xm4ol0dw0"} 
23.05.17 16:20:02 vkbitrix24@gmail.com Вызван метод: crm.dealcategory.stage.list с параметрами: {"auth":"itjgvpxoyzr22l1n2kzvp18xm4ol0dw0"} 
23.05.17 16:20:02 vkbitrix24@gmail.com Вызван метод: user.get с параметрами: {"auth":"itjgvpxoyzr22l1n2kzvp18xm4ol0dw0","order":"ASC","filter":{"ACTIVE":"1"},"start":0} 
23.05.17 16:20:29 vkbitrix24@gmail.com Вызван метод: user.current с параметрами: {"auth":"zixdpg80rvzwz573gqul5327h1bwq3p9"} 
23.05.17 16:20:29 vkbitrix24@gmail.com Вызван метод: crm.dealcategory.stage.list с параметрами: {"auth":"zixdpg80rvzwz573gqul5327h1bwq3p9"} 
23.05.17 16:20:30 vkbitrix24@gmail.com Вызван метод: user.get с параметрами: {"auth":"zixdpg80rvzwz573gqul5327h1bwq3p9","order":"ASC","filter":{"ACTIVE":"1"},"start":0} 
23.05.17 16:20:55 vkbitrix24@gmail.com Вызван метод: user.current с параметрами: {"auth":"n3g8uoyb9xaas3onozpyptbri21u21je"} 
23.05.17 16:20:55 vkbitrix24@gmail.com Вызван метод: crm.dealcategory.stage.list с параметрами: {"auth":"n3g8uoyb9xaas3onozpyptbri21u21je"} 
23.05.17 16:20:56 vkbitrix24@gmail.com Вызван метод: user.get с параметрами: {"auth":"n3g8uoyb9xaas3onozpyptbri21u21je","order":"ASC","filter":{"ACTIVE":"1"},"start":0} 
23.05.17 16:22:58 vkbitrix24@gmail.com Вызван метод: user.current с параметрами: {"auth":"k4ycrzjodq2c5edzwnhdgyysuoy10v6m"} 
23.05.17 16:22:58 vkbitrix24@gmail.com Вызван метод: crm.dealcategory.stage.list с параметрами: {"auth":"k4ycrzjodq2c5edzwnhdgyysuoy10v6m"} 
23.05.17 16:23:00 vkbitrix24@gmail.com Вызван метод: user.get с параметрами: {"auth":"k4ycrzjodq2c5edzwnhdgyysuoy10v6m","order":"ASC","filter":{"ACTIVE":"1"},"start":0} 
23.05.17 16:23:21 vkbitrix24@gmail.com Вызван метод: user.current с параметрами: {"auth":"1wemwh7i7kg9ecvddxmvaun0s56kdouu"} 
23.05.17 16:23:22 vkbitrix24@gmail.com Вызван метод: crm.dealcategory.stage.list с параметрами: {"auth":"1wemwh7i7kg9ecvddxmvaun0s56kdouu"} 
23.05.17 16:23:22 vkbitrix24@gmail.com Вызван метод: user.get с параметрами: {"auth":"1wemwh7i7kg9ecvddxmvaun0s56kdouu","order":"ASC","filter":{"ACTIVE":"1"},"start":0} 
23.05.17 16:23:54 vkbitrix24@gmail.com Вызван метод: user.current с параметрами: {"auth":"lkyx2g7cnqz7cdgqnlo70dou08l873j1"} 
23.05.17 16:23:55 vkbitrix24@gmail.com Вызван метод: crm.dealcategory.stage.list с параметрами: {"auth":"lkyx2g7cnqz7cdgqnlo70dou08l873j1"} 
23.05.17 16:23:55 vkbitrix24@gmail.com Вызван метод: user.get с параметрами: {"auth":"lkyx2g7cnqz7cdgqnlo70dou08l873j1","order":"ASC","filter":{"ACTIVE":"1"},"start":0} 
23.05.17 16:29:04 vkbitrix24@gmail.com Вызван метод: user.current с параметрами: {"auth":"o35hxpjb4yzp3ypqf1lb4d8l5jed1srs"} 
23.05.17 16:29:04 vkbitrix24@gmail.com Вызван метод: crm.dealcategory.stage.list с параметрами: {"auth":"o35hxpjb4yzp3ypqf1lb4d8l5jed1srs"} 
23.05.17 16:29:04 vkbitrix24@gmail.com Вызван метод: user.get с параметрами: {"auth":"o35hxpjb4yzp3ypqf1lb4d8l5jed1srs","order":"ASC","filter":{"ACTIVE":"1"},"start":0} 
23.05.17 16:30:56 vkbitrix24@gmail.com Вызван метод: user.current с параметрами: {"auth":"w90na1hobr29u87h1sdcpc6v7z9s1qly"} 
23.05.17 16:30:57 vkbitrix24@gmail.com Вызван метод: crm.dealcategory.stage.list с параметрами: {"auth":"w90na1hobr29u87h1sdcpc6v7z9s1qly"} 
23.05.17 16:30:57 vkbitrix24@gmail.com Вызван метод: user.get с параметрами: {"auth":"w90na1hobr29u87h1sdcpc6v7z9s1qly","order":"ASC","filter":{"ACTIVE":"1"},"start":0} 
23.05.17 16:31:15 vkbitrix24@gmail.com Вызван метод: user.current с параметрами: {"auth":"7nmsy1772lfs8ees0qp6ecvys6eumd4x"} 
23.05.17 16:31:15 vkbitrix24@gmail.com Вызван метод: crm.dealcategory.stage.list с параметрами: {"auth":"7nmsy1772lfs8ees0qp6ecvys6eumd4x"} 
23.05.17 16:31:16 vkbitrix24@gmail.com Вызван метод: user.get с параметрами: {"auth":"7nmsy1772lfs8ees0qp6ecvys6eumd4x","order":"ASC","filter":{"ACTIVE":"1"},"start":0} 
23.05.17 16:32:23 vkbitrix24@gmail.com Вызван метод: user.current с параметрами: {"auth":"uk2utv50t763isl0w7az31r6pah0tew9"} 
23.05.17 16:32:24 vkbitrix24@gmail.com Вызван метод: crm.dealcategory.stage.list с параметрами: {"auth":"uk2utv50t763isl0w7az31r6pah0tew9"} 
23.05.17 16:32:24 vkbitrix24@gmail.com Вызван метод: user.get с параметрами: {"auth":"uk2utv50t763isl0w7az31r6pah0tew9","order":"ASC","filter":{"ACTIVE":"1"},"start":0} 
23.05.17 16:32:33 vkbitrix24@gmail.com Вызван метод: user.current с параметрами: {"auth":"4hfv51fs55qbm02mmeb1yak701jyy73u"} 
23.05.17 16:32:34 vkbitrix24@gmail.com Вызван метод: crm.dealcategory.stage.list с параметрами: {"auth":"4hfv51fs55qbm02mmeb1yak701jyy73u"} 
23.05.17 16:32:34 vkbitrix24@gmail.com Вызван метод: user.get с параметрами: {"auth":"4hfv51fs55qbm02mmeb1yak701jyy73u","order":"ASC","filter":{"ACTIVE":"1"},"start":0} 
23.05.17 16:32:51 vkbitrix24@gmail.com Вызван метод: user.current с параметрами: {"auth":"30m0p2dbv0sqbbjqxm1jw61o5jdvdj0x"} 
23.05.17 16:32:51 vkbitrix24@gmail.com Вызван метод: crm.dealcategory.stage.list с параметрами: {"auth":"30m0p2dbv0sqbbjqxm1jw61o5jdvdj0x"} 
23.05.17 16:32:52 vkbitrix24@gmail.com Вызван метод: user.get с параметрами: {"auth":"30m0p2dbv0sqbbjqxm1jw61o5jdvdj0x","order":"ASC","filter":{"ACTIVE":"1"},"start":0} 
23.05.17 16:33:07 vkbitrix24@gmail.com Вызван метод: user.current с параметрами: {"auth":"117ctd17trc573qz1061lnjk0xcl0704"} 
23.05.17 16:33:07 vkbitrix24@gmail.com Вызван метод: crm.dealcategory.stage.list с параметрами: {"auth":"117ctd17trc573qz1061lnjk0xcl0704"} 
23.05.17 16:33:08 vkbitrix24@gmail.com Вызван метод: user.get с параметрами: {"auth":"117ctd17trc573qz1061lnjk0xcl0704","order":"ASC","filter":{"ACTIVE":"1"},"start":0} 
23.05.17 16:34:33 vkbitrix24@gmail.com Вызван метод: event.get с параметрами: {"auth":"30m0p2dbv0sqbbjqxm1jw61o5jdvdj0x"} 
23.05.17 16:34:34 vkbitrix24@gmail.com ОШИБКА: ERROR_CORE(Unable to set event handler: Handler already binded) 
23.05.17 16:34:35 vkbitrix24@gmail.com ОШИБКА: ERROR_CORE(Unable to set event handler: Handler already binded) 
23.05.17 16:34:36 vkbitrix24@gmail.com ОШИБКА: ERROR_CORE(Unable to set event handler: Handler already binded) 
23.05.17 16:34:44 vkbitrix24@gmail.com Вызван метод: user.current с параметрами: {"auth":"b7eov6bj9ugaqsesdxh4yrhn1ngjhq2n"} 
23.05.17 16:34:45 vkbitrix24@gmail.com Вызван метод: crm.dealcategory.stage.list с параметрами: {"auth":"b7eov6bj9ugaqsesdxh4yrhn1ngjhq2n"} 
23.05.17 16:34:45 vkbitrix24@gmail.com Вызван метод: user.get с параметрами: {"auth":"b7eov6bj9ugaqsesdxh4yrhn1ngjhq2n","order":"ASC","filter":{"ACTIVE":"1"},"start":0} 
23.05.17 16:34:48 vkbitrix24@gmail.com Вызван метод: user.current с параметрами: {"auth":"hue8m67qf84zq661mg9zc2fabs3ma5o0"} 
23.05.17 16:34:48 vkbitrix24@gmail.com Вызван метод: crm.dealcategory.stage.list с параметрами: {"auth":"hue8m67qf84zq661mg9zc2fabs3ma5o0"} 
23.05.17 16:34:49 vkbitrix24@gmail.com Вызван метод: user.get с параметрами: {"auth":"hue8m67qf84zq661mg9zc2fabs3ma5o0","order":"ASC","filter":{"ACTIVE":"1"},"start":0} 
23.05.17 16:36:45 vkbitrix24@gmail.com Вызван метод: user.current с параметрами: {"auth":"qzy4fcob33zopym6yj1lmd3viu7rr709"} 
23.05.17 16:36:45 vkbitrix24@gmail.com Вызван метод: crm.dealcategory.stage.list с параметрами: {"auth":"qzy4fcob33zopym6yj1lmd3viu7rr709"} 
23.05.17 16:36:46 vkbitrix24@gmail.com Вызван метод: user.get с параметрами: {"auth":"qzy4fcob33zopym6yj1lmd3viu7rr709","order":"ASC","filter":{"ACTIVE":"1"},"start":0} 
23.05.17 16:39:38 vkbitrix24@gmail.com Вызван метод: user.current с параметрами: {"auth":"gll7pldo6brmjumpkszzcuqnbzc98mwe"} 
23.05.17 16:39:39 vkbitrix24@gmail.com Вызван метод: crm.dealcategory.stage.list с параметрами: {"auth":"gll7pldo6brmjumpkszzcuqnbzc98mwe"} 
23.05.17 16:39:39 vkbitrix24@gmail.com Вызван метод: user.get с параметрами: {"auth":"gll7pldo6brmjumpkszzcuqnbzc98mwe","order":"ASC","filter":{"ACTIVE":"1"},"start":0} 
23.05.17 16:39:41 vkbitrix24@gmail.com Вызван метод: user.current с параметрами: {"auth":"p2gbmg7kao1o1kpx66gfiuexqcmksbli"} 
23.05.17 16:39:42 vkbitrix24@gmail.com Вызван метод: crm.dealcategory.stage.list с параметрами: {"auth":"p2gbmg7kao1o1kpx66gfiuexqcmksbli"} 
23.05.17 16:39:42 vkbitrix24@gmail.com Вызван метод: user.get с параметрами: {"auth":"p2gbmg7kao1o1kpx66gfiuexqcmksbli","order":"ASC","filter":{"ACTIVE":"1"},"start":0} 
23.05.17 16:40:07 vkbitrix24@gmail.com Вызван метод: crm.dealcategory.stage.list с параметрами: {"auth":"vjpu4giriqjj64bu0qyeee4tft6f98v7"} 
23.05.17 16:40:08 vkbitrix24@gmail.com Вызван метод: user.get с параметрами: {"auth":"vjpu4giriqjj64bu0qyeee4tft6f98v7","order":"ASC","filter":{"ACTIVE":"1"},"start":0} 
23.05.17 16:40:54 vkbitrix24@gmail.com Вызван метод: user.current с параметрами: {"auth":"ho92ubiplhlvjc6lmslmxofvbponnmro"} 
23.05.17 16:40:54 vkbitrix24@gmail.com Вызван метод: crm.dealcategory.stage.list с параметрами: {"auth":"ho92ubiplhlvjc6lmslmxofvbponnmro"} 
23.05.17 16:40:55 vkbitrix24@gmail.com Вызван метод: user.get с параметрами: {"auth":"ho92ubiplhlvjc6lmslmxofvbponnmro","order":"ASC","filter":{"ACTIVE":"1"},"start":0} 
23.05.17 16:41:48 vkbitrix24@gmail.com Вызван метод: user.current с параметрами: {"auth":"0q5wovwfcbh717v7c4ak5dqi8k80mnan"} 
23.05.17 16:41:48 vkbitrix24@gmail.com Вызван метод: crm.dealcategory.stage.list с параметрами: {"auth":"0q5wovwfcbh717v7c4ak5dqi8k80mnan"} 
23.05.17 16:41:49 vkbitrix24@gmail.com Вызван метод: user.get с параметрами: {"auth":"0q5wovwfcbh717v7c4ak5dqi8k80mnan","order":"ASC","filter":{"ACTIVE":"1"},"start":0} 
23.05.17 16:42:01 vkbitrix24@gmail.com Вызван метод: user.current с параметрами: {"auth":"w76b0thgddocoyzq5n4ybaug1cnbns60"} 
23.05.17 16:42:02 vkbitrix24@gmail.com Вызван метод: crm.dealcategory.stage.list с параметрами: {"auth":"w76b0thgddocoyzq5n4ybaug1cnbns60"} 
23.05.17 16:42:02 vkbitrix24@gmail.com Вызван метод: user.get с параметрами: {"auth":"w76b0thgddocoyzq5n4ybaug1cnbns60","order":"ASC","filter":{"ACTIVE":"1"},"start":0} 
23.05.17 16:42:37 vkbitrix24@gmail.com Вызван метод: user.current с параметрами: {"auth":"vv6kpi4mye6ncxc7h0ia81q0q3qe730o"} 
23.05.17 16:42:38 vkbitrix24@gmail.com Вызван метод: crm.dealcategory.stage.list с параметрами: {"auth":"vv6kpi4mye6ncxc7h0ia81q0q3qe730o"} 
23.05.17 16:42:38 vkbitrix24@gmail.com Вызван метод: user.get с параметрами: {"auth":"vv6kpi4mye6ncxc7h0ia81q0q3qe730o","order":"ASC","filter":{"ACTIVE":"1"},"start":0} 
23.05.17 16:42:38 vkbitrix24@gmail.com Вызван метод: user.current с параметрами: {"auth":"n3a37p6coc1g3p19k9ckia8ti8lxp43x"} 
23.05.17 16:42:39 vkbitrix24@gmail.com Вызван метод: crm.dealcategory.stage.list с параметрами: {"auth":"n3a37p6coc1g3p19k9ckia8ti8lxp43x"} 
23.05.17 16:42:39 vkbitrix24@gmail.com Вызван метод: user.get с параметрами: {"auth":"n3a37p6coc1g3p19k9ckia8ti8lxp43x","order":"ASC","filter":{"ACTIVE":"1"},"start":0} 
23.05.17 16:42:56 vkbitrix24@gmail.com Вызван метод: crm.dealcategory.stage.list с параметрами: {"auth":"ljmmixl3wo6zmma0g25bup6z6kqm622y"} 
23.05.17 16:42:56 vkbitrix24@gmail.com Вызван метод: user.get с параметрами: {"auth":"ljmmixl3wo6zmma0g25bup6z6kqm622y","order":"ASC","filter":{"ACTIVE":"1"},"start":0} 
23.05.17 16:44:22 vkbitrix24@gmail.com Вызван метод: user.current с параметрами: {"auth":"bcy9dcclb63s1ld3r1iwpfjkwo9yrq7k"} 
23.05.17 16:44:23 vkbitrix24@gmail.com Вызван метод: crm.dealcategory.stage.list с параметрами: {"auth":"bcy9dcclb63s1ld3r1iwpfjkwo9yrq7k"} 
23.05.17 16:44:23 vkbitrix24@gmail.com Вызван метод: user.get с параметрами: {"auth":"bcy9dcclb63s1ld3r1iwpfjkwo9yrq7k","order":"ASC","filter":{"ACTIVE":"1"},"start":0} 
23.05.17 16:44:32 vkbitrix24@gmail.com Вызван метод: user.current с параметрами: {"auth":"ovhgm7im2fs7ffjcgjlxdp62ry8kotqa"} 
23.05.17 16:44:32 vkbitrix24@gmail.com Вызван метод: crm.dealcategory.stage.list с параметрами: {"auth":"ovhgm7im2fs7ffjcgjlxdp62ry8kotqa"} 
23.05.17 16:44:33 vkbitrix24@gmail.com Вызван метод: user.get с параметрами: {"auth":"ovhgm7im2fs7ffjcgjlxdp62ry8kotqa","order":"ASC","filter":{"ACTIVE":"1"},"start":0} 
23.05.17 16:44:48 vkbitrix24@gmail.com Вызван метод: user.current с параметрами: {"auth":"7q614559s9brqgqa8785ldodcdofi0n7"} 
23.05.17 16:44:49 vkbitrix24@gmail.com Вызван метод: crm.dealcategory.stage.list с параметрами: {"auth":"7q614559s9brqgqa8785ldodcdofi0n7"} 
23.05.17 16:44:49 vkbitrix24@gmail.com Вызван метод: user.get с параметрами: {"auth":"7q614559s9brqgqa8785ldodcdofi0n7","order":"ASC","filter":{"ACTIVE":"1"},"start":0} 
23.05.17 16:45:43 vkbitrix24@gmail.com Вызван метод: user.current с параметрами: {"auth":"qlwgfbz0fafod3ybqww3koykgh4sc77v"} 
23.05.17 16:45:43 vkbitrix24@gmail.com Вызван метод: crm.dealcategory.stage.list с параметрами: {"auth":"qlwgfbz0fafod3ybqww3koykgh4sc77v"} 
23.05.17 16:45:43 vkbitrix24@gmail.com Вызван метод: user.get с параметрами: {"auth":"qlwgfbz0fafod3ybqww3koykgh4sc77v","order":"ASC","filter":{"ACTIVE":"1"},"start":0} 
23.05.17 16:50:27 vkbitrix24@gmail.com Вызван метод: user.current с параметрами: {"auth":"as20mrk68pggc1o7b1h66ypszaaeef7j"} 
23.05.17 16:50:27 vkbitrix24@gmail.com Вызван метод: crm.dealcategory.stage.list с параметрами: {"auth":"as20mrk68pggc1o7b1h66ypszaaeef7j"} 
23.05.17 16:50:28 vkbitrix24@gmail.com Вызван метод: user.get с параметрами: {"auth":"as20mrk68pggc1o7b1h66ypszaaeef7j","order":"ASC","filter":{"ACTIVE":"1"},"start":0} 
23.05.17 16:53:07 vkbitrix24@gmail.com Вызван метод: user.current с параметрами: {"auth":"he5chi8kjgxuet7exs1wiw61qb3e3x76"} 
23.05.17 16:53:07 vkbitrix24@gmail.com Вызван метод: crm.dealcategory.stage.list с параметрами: {"auth":"he5chi8kjgxuet7exs1wiw61qb3e3x76"} 
23.05.17 16:53:08 vkbitrix24@gmail.com Вызван метод: user.get с параметрами: {"auth":"he5chi8kjgxuet7exs1wiw61qb3e3x76","order":"ASC","filter":{"ACTIVE":"1"},"start":0} 
23.05.17 16:54:05 vkbitrix24@gmail.com Вызван метод: user.current с параметрами: {"auth":"9es8dq229umwwawsddr0w8az80yc8mkr"} 
23.05.17 16:54:06 vkbitrix24@gmail.com Вызван метод: crm.dealcategory.stage.list с параметрами: {"auth":"9es8dq229umwwawsddr0w8az80yc8mkr"} 
23.05.17 16:54:06 vkbitrix24@gmail.com Вызван метод: user.get с параметрами: {"auth":"9es8dq229umwwawsddr0w8az80yc8mkr","order":"ASC","filter":{"ACTIVE":"1"},"start":0} 
23.05.17 16:55:12 vkbitrix24@gmail.com Вызван метод: user.current с параметрами: {"auth":"ar9uswwr000g55iqsl9bzm08ijfb6z2g"} 
23.05.17 16:55:13 vkbitrix24@gmail.com Вызван метод: crm.dealcategory.stage.list с параметрами: {"auth":"ar9uswwr000g55iqsl9bzm08ijfb6z2g"} 
23.05.17 16:55:13 vkbitrix24@gmail.com Вызван метод: user.get с параметрами: {"auth":"ar9uswwr000g55iqsl9bzm08ijfb6z2g","order":"ASC","filter":{"ACTIVE":"1"},"start":0} 
23.05.17 16:55:54 vkbitrix24@gmail.com Вызван метод: user.current с параметрами: {"auth":"h360iqq5awk30oyzd0sio00rw7x7tv2m"} 
23.05.17 16:55:54 vkbitrix24@gmail.com Вызван метод: crm.dealcategory.stage.list с параметрами: {"auth":"h360iqq5awk30oyzd0sio00rw7x7tv2m"} 
23.05.17 16:55:54 vkbitrix24@gmail.com Вызван метод: user.get с параметрами: {"auth":"h360iqq5awk30oyzd0sio00rw7x7tv2m","order":"ASC","filter":{"ACTIVE":"1"},"start":0} 
23.05.17 16:57:51 vkbitrix24@gmail.com Вызван метод: user.current с параметрами: {"auth":"f9bbfu3zaymmnum4bhbo2m3leyxuv8we"} 
23.05.17 16:57:52 vkbitrix24@gmail.com Вызван метод: crm.dealcategory.stage.list с параметрами: {"auth":"f9bbfu3zaymmnum4bhbo2m3leyxuv8we"} 
23.05.17 16:57:52 vkbitrix24@gmail.com Вызван метод: user.get с параметрами: {"auth":"f9bbfu3zaymmnum4bhbo2m3leyxuv8we","order":"ASC","filter":{"ACTIVE":"1"},"start":0} 
23.05.17 16:59:02 vkbitrix24@gmail.com Вызван метод: user.current с параметрами: {"auth":"sbyshmr4sa237b1pidq6azba35ydhf8b"} 
23.05.17 16:59:02 vkbitrix24@gmail.com Вызван метод: crm.dealcategory.stage.list с параметрами: {"auth":"sbyshmr4sa237b1pidq6azba35ydhf8b"} 
23.05.17 16:59:02 vkbitrix24@gmail.com Вызван метод: user.get с параметрами: {"auth":"sbyshmr4sa237b1pidq6azba35ydhf8b","order":"ASC","filter":{"ACTIVE":"1"},"start":0} 
23.05.17 16:59:25 vkbitrix24@gmail.com Вызван метод: user.current с параметрами: {"auth":"icfdm3u21vhnv0sl1u2qnoy0n5hz8l5z"} 
23.05.17 16:59:25 vkbitrix24@gmail.com Вызван метод: crm.dealcategory.stage.list с параметрами: {"auth":"icfdm3u21vhnv0sl1u2qnoy0n5hz8l5z"} 
23.05.17 16:59:25 vkbitrix24@gmail.com Вызван метод: user.get с параметрами: {"auth":"icfdm3u21vhnv0sl1u2qnoy0n5hz8l5z","order":"ASC","filter":{"ACTIVE":"1"},"start":0} 
23.05.17 17:00:39 vkbitrix24@gmail.com Вызван метод: user.current с параметрами: {"auth":"4acmbg7f88i75k9bfgpfp0x5usvgrwfc"} 
23.05.17 17:00:40 vkbitrix24@gmail.com Вызван метод: crm.dealcategory.stage.list с параметрами: {"auth":"4acmbg7f88i75k9bfgpfp0x5usvgrwfc"} 
23.05.17 17:00:40 vkbitrix24@gmail.com Вызван метод: user.get с параметрами: {"auth":"4acmbg7f88i75k9bfgpfp0x5usvgrwfc","order":"ASC","filter":{"ACTIVE":"1"},"start":0} 
23.05.17 17:01:16 vkbitrix24@gmail.com Вызван метод: user.current с параметрами: {"auth":"jl9by46gz03zhn03hzld8ambnfb7w7r1"} 
23.05.17 17:01:16 vkbitrix24@gmail.com Вызван метод: crm.dealcategory.stage.list с параметрами: {"auth":"jl9by46gz03zhn03hzld8ambnfb7w7r1"} 
23.05.17 17:01:17 vkbitrix24@gmail.com Вызван метод: user.get с параметрами: {"auth":"jl9by46gz03zhn03hzld8ambnfb7w7r1","order":"ASC","filter":{"ACTIVE":"1"},"start":0} 
23.05.17 17:01:50 vkbitrix24@gmail.com Вызван метод: event.get с параметрами: {"auth":"jl9by46gz03zhn03hzld8ambnfb7w7r1"} 
23.05.17 17:01:51 vkbitrix24@gmail.com ОШИБКА: ERROR_CORE(Unable to set event handler: Handler already binded) 
23.05.17 17:01:53 vkbitrix24@gmail.com ОШИБКА: ERROR_CORE(Unable to set event handler: Handler already binded) 
23.05.17 17:01:54 vkbitrix24@gmail.com ОШИБКА: ERROR_CORE(Unable to set event handler: Handler already binded) 
23.05.17 17:02:56 vkbitrix24@gmail.com Вызван метод: user.current с параметрами: {"auth":"nz3m0n7ho7r9y0mql6mtjruef474h0gl"} 
23.05.17 17:02:57 vkbitrix24@gmail.com Вызван метод: crm.dealcategory.stage.list с параметрами: {"auth":"nz3m0n7ho7r9y0mql6mtjruef474h0gl"} 
23.05.17 17:02:57 vkbitrix24@gmail.com Вызван метод: user.get с параметрами: {"auth":"nz3m0n7ho7r9y0mql6mtjruef474h0gl","order":"ASC","filter":{"ACTIVE":"1"},"start":0} 
23.05.17 17:05:20 vkbitrix24@gmail.com Вызван метод: event.get с параметрами: {"auth":"nz3m0n7ho7r9y0mql6mtjruef474h0gl"} 
23.05.17 17:05:21 vkbitrix24@gmail.com ОШИБКА: ERROR_CORE(Unable to set event handler: Handler already binded) 
23.05.17 17:05:22 vkbitrix24@gmail.com ОШИБКА: ERROR_CORE(Unable to set event handler: Handler already binded) 
23.05.17 17:05:24 vkbitrix24@gmail.com ОШИБКА: ERROR_CORE(Unable to set event handler: Handler already binded) 
23.05.17 17:08:10 vkbitrix24@gmail.com Вызван метод: user.current с параметрами: {"auth":"wdmftk2rsv3zdij0h25w3hu2z0tx86md"} 
23.05.17 17:08:11 vkbitrix24@gmail.com Вызван метод: crm.dealcategory.stage.list с параметрами: {"auth":"wdmftk2rsv3zdij0h25w3hu2z0tx86md"} 
23.05.17 17:08:11 vkbitrix24@gmail.com Вызван метод: user.get с параметрами: {"auth":"wdmftk2rsv3zdij0h25w3hu2z0tx86md","order":"ASC","filter":{"ACTIVE":"1"},"start":0} 
23.05.17 17:08:21 vkbitrix24@gmail.com Вызван метод: event.get с параметрами: {"auth":"wdmftk2rsv3zdij0h25w3hu2z0tx86md"} 
23.05.17 17:08:22 vkbitrix24@gmail.com ОШИБКА: ERROR_CORE(Unable to set event handler: Handler already binded) 
23.05.17 17:08:23 vkbitrix24@gmail.com ОШИБКА: ERROR_CORE(Unable to set event handler: Handler already binded) 
23.05.17 17:08:24 vkbitrix24@gmail.com ОШИБКА: ERROR_CORE(Unable to set event handler: Handler already binded) 
23.05.17 17:09:48 vkbitrix24@gmail.com Вызван метод: user.current с параметрами: {"auth":"5b9hg2omeuew3gtsm1ixllbabi1l2o15"} 
23.05.17 17:09:48 vkbitrix24@gmail.com Вызван метод: crm.dealcategory.stage.list с параметрами: {"auth":"5b9hg2omeuew3gtsm1ixllbabi1l2o15"} 
23.05.17 17:09:49 vkbitrix24@gmail.com Вызван метод: user.get с параметрами: {"auth":"5b9hg2omeuew3gtsm1ixllbabi1l2o15","order":"ASC","filter":{"ACTIVE":"1"},"start":0} 
23.05.17 17:09:55 vkbitrix24@gmail.com Вызван метод: event.get с параметрами: {"auth":"5b9hg2omeuew3gtsm1ixllbabi1l2o15"} 
23.05.17 17:09:56 vkbitrix24@gmail.com ОШИБКА: ERROR_CORE(Unable to set event handler: Handler already binded) 
23.05.17 17:09:57 vkbitrix24@gmail.com ОШИБКА: ERROR_CORE(Unable to set event handler: Handler already binded) 
23.05.17 17:09:58 vkbitrix24@gmail.com ОШИБКА: ERROR_CORE(Unable to set event handler: Handler already binded) 
23.05.17 17:11:17 vkbitrix24@gmail.com Вызван метод: user.current с параметрами: {"auth":"w4c1dw5djwv5emxfjyidfvjv5nzya757"} 
23.05.17 17:11:18 vkbitrix24@gmail.com Вызван метод: crm.dealcategory.stage.list с параметрами: {"auth":"w4c1dw5djwv5emxfjyidfvjv5nzya757"} 
23.05.17 17:11:18 vkbitrix24@gmail.com Вызван метод: user.get с параметрами: {"auth":"w4c1dw5djwv5emxfjyidfvjv5nzya757","order":"ASC","filter":{"ACTIVE":"1"},"start":0} 
23.05.17 17:11:24 vkbitrix24@gmail.com Вызван метод: event.get с параметрами: {"auth":"w4c1dw5djwv5emxfjyidfvjv5nzya757"} 
23.05.17 17:11:26 vkbitrix24@gmail.com ОШИБКА: ERROR_CORE(Unable to set event handler: Handler already binded) 
23.05.17 17:11:27 vkbitrix24@gmail.com ОШИБКА: ERROR_CORE(Unable to set event handler: Handler already binded) 
23.05.17 17:11:28 vkbitrix24@gmail.com ОШИБКА: ERROR_CORE(Unable to set event handler: Handler already binded) 
23.05.17 17:11:40 vkbitrix24@gmail.com Вызван метод: user.current с параметрами: {"auth":"9pte927ki6ny96w2i94yidtvenaxru00"} 
23.05.17 17:11:41 vkbitrix24@gmail.com Вызван метод: crm.dealcategory.stage.list с параметрами: {"auth":"9pte927ki6ny96w2i94yidtvenaxru00"} 
23.05.17 17:11:41 vkbitrix24@gmail.com Вызван метод: user.get с параметрами: {"auth":"9pte927ki6ny96w2i94yidtvenaxru00","order":"ASC","filter":{"ACTIVE":"1"},"start":0} 
23.05.17 17:13:43 vkbitrix24@gmail.com Вызван метод: user.current с параметрами: {"auth":"czt3fw8hxh4ca4wql02jxyn4s37d9xrn"} 
23.05.17 17:13:44 vkbitrix24@gmail.com Вызван метод: crm.dealcategory.stage.list с параметрами: {"auth":"czt3fw8hxh4ca4wql02jxyn4s37d9xrn"} 
23.05.17 17:13:44 vkbitrix24@gmail.com Вызван метод: user.get с параметрами: {"auth":"czt3fw8hxh4ca4wql02jxyn4s37d9xrn","order":"ASC","filter":{"ACTIVE":"1"},"start":0} 
23.05.17 17:14:43 vkbitrix24@gmail.com Вызван метод: user.current с параметрами: {"auth":"zbrzbq8dnl0hur5jijiq65kfcgauic6t"} 
23.05.17 17:14:44 vkbitrix24@gmail.com Вызван метод: crm.dealcategory.stage.list с параметрами: {"auth":"zbrzbq8dnl0hur5jijiq65kfcgauic6t"} 
23.05.17 17:14:44 vkbitrix24@gmail.com Вызван метод: user.get с параметрами: {"auth":"zbrzbq8dnl0hur5jijiq65kfcgauic6t","order":"ASC","filter":{"ACTIVE":"1"},"start":0} 
23.05.17 17:15:01 vkbitrix24@gmail.com Вызван метод: user.current с параметрами: {"auth":"8y27qjt73doy5hqstoo87r3l8x7243q2"} 
23.05.17 17:15:01 vkbitrix24@gmail.com Вызван метод: crm.dealcategory.stage.list с параметрами: {"auth":"8y27qjt73doy5hqstoo87r3l8x7243q2"} 
23.05.17 17:15:01 vkbitrix24@gmail.com Вызван метод: user.get с параметрами: {"auth":"8y27qjt73doy5hqstoo87r3l8x7243q2","order":"ASC","filter":{"ACTIVE":"1"},"start":0} 
23.05.17 17:16:24 vkbitrix24@gmail.com Вызван метод: user.current с параметрами: {"auth":"v0vd7alanztyy35bnwvs7ttrb7sau4tb"} 
23.05.17 17:16:24 vkbitrix24@gmail.com Вызван метод: crm.dealcategory.stage.list с параметрами: {"auth":"v0vd7alanztyy35bnwvs7ttrb7sau4tb"} 
23.05.17 17:16:25 vkbitrix24@gmail.com Вызван метод: user.get с параметрами: {"auth":"v0vd7alanztyy35bnwvs7ttrb7sau4tb","order":"ASC","filter":{"ACTIVE":"1"},"start":0} 
23.05.17 17:17:14 vkbitrix24@gmail.com Вызван метод: user.current с параметрами: {"auth":"jkiodolezsr7tdsk8bwyk0pbfmjq19ka"} 
23.05.17 17:17:14 vkbitrix24@gmail.com Вызван метод: crm.dealcategory.stage.list с параметрами: {"auth":"jkiodolezsr7tdsk8bwyk0pbfmjq19ka"} 
23.05.17 17:17:14 vkbitrix24@gmail.com Вызван метод: user.get с параметрами: {"auth":"jkiodolezsr7tdsk8bwyk0pbfmjq19ka","order":"ASC","filter":{"ACTIVE":"1"},"start":0} 
23.05.17 17:17:24 vkbitrix24@gmail.com Вызван метод: event.get с параметрами: {"auth":"jkiodolezsr7tdsk8bwyk0pbfmjq19ka"} 
23.05.17 17:17:25 vkbitrix24@gmail.com ОШИБКА: ERROR_CORE(Unable to set event handler: Handler already binded) 
23.05.17 17:17:27 vkbitrix24@gmail.com ОШИБКА: ERROR_CORE(Unable to set event handler: Handler already binded) 
23.05.17 17:17:28 vkbitrix24@gmail.com ОШИБКА: ERROR_CORE(Unable to set event handler: Handler already binded) 
23.05.17 17:17:35 vkbitrix24@gmail.com Вызван метод: user.current с параметрами: {"auth":"i6q63mgd80ubhdhylw2h6f114yv0j83d"} 
23.05.17 17:17:35 vkbitrix24@gmail.com Вызван метод: crm.dealcategory.stage.list с параметрами: {"auth":"i6q63mgd80ubhdhylw2h6f114yv0j83d"} 
23.05.17 17:17:35 vkbitrix24@gmail.com Вызван метод: user.get с параметрами: {"auth":"i6q63mgd80ubhdhylw2h6f114yv0j83d","order":"ASC","filter":{"ACTIVE":"1"},"start":0} 
23.05.17 17:17:56 vkbitrix24.bitrix24.ru ОШИБКА: invalid_request(No "refresh_token" parameter found) 
23.05.17 17:17:56 vkbitrix24.bitrix24.ru Вызван метод: crm.deal.get с параметрами: {"auth":"rbbh9qqrcowffsj9156ccox5o26dbvth","id":"6"} 
23.05.17 17:19:16 vkbitrix24.bitrix24.ru ОШИБКА: invalid_request(No "refresh_token" parameter found) 
23.05.17 17:19:17 vkbitrix24.bitrix24.ru Вызван метод: crm.deal.get с параметрами: {"auth":"ttlovcrznmse9hpbbxjc42ouvd7cyb1s","id":"6"} 
23.05.17 17:19:19 vkbitrix24.bitrix24.ru ОШИБКА: invalid_request(No "refresh_token" parameter found) 
23.05.17 17:19:25 vkbitrix24.bitrix24.ru Вызван метод: crm.deal.get с параметрами: {"auth":"qdoiy33lxjmqpo7g7g846o63kmgq710e","id":"6"} 
23.05.17 17:19:26 vkbitrix24.bitrix24.ru ОШИБКА: invalid_request(No "refresh_token" parameter found) 
23.05.17 17:19:27 vkbitrix24.bitrix24.ru Вызван метод: crm.deal.get с параметрами: {"auth":"y17fkhsb6u79dvjie9kk161sbjak9ztx","id":"6"} 
23.05.17 17:19:56 vkbitrix24.bitrix24.ru ОШИБКА: invalid_request(No "refresh_token" parameter found) 
23.05.17 17:19:57 vkbitrix24.bitrix24.ru Вызван метод: crm.deal.get с параметрами: {"auth":"uh7vwxpvv0paxv7rfuvbiooq3y3se6lw","id":"6"} 
23.05.17 17:20:32 vkbitrix24.bitrix24.ru ОШИБКА: invalid_request(No "refresh_token" parameter found) 
23.05.17 17:20:33 vkbitrix24.bitrix24.ru Вызван метод: crm.deal.get с параметрами: {"auth":"xi9oyr4ko0cawehv0stbixn17ro4e8hl","id":"6"} 
23.05.17 17:21:39 vkbitrix24.bitrix24.ru ОШИБКА: invalid_request(No "refresh_token" parameter found) 
23.05.17 17:21:39 vkbitrix24.bitrix24.ru Вызван метод: crm.deal.get с параметрами: {"auth":"2snkmnxjszcrwtno1lm06tnmre480067","id":"6"} 
23.05.17 17:22:51 vkbitrix24.bitrix24.ru ОШИБКА: invalid_request(No "refresh_token" parameter found) 
23.05.17 17:22:52 vkbitrix24.bitrix24.ru Вызван метод: crm.deal.get с параметрами: {"auth":"gdt9l8rtih5qaeyht0wffdraoes86w51","id":"6"} 
23.05.17 17:23:21 vkbitrix24.bitrix24.ru ОШИБКА: invalid_request(No "refresh_token" parameter found) 
23.05.17 17:23:22 vkbitrix24.bitrix24.ru Вызван метод: crm.deal.get с параметрами: {"auth":"31oj3bacu42392fuwwpy6lh3x4mt3jh4","id":"6"} 
23.05.17 17:23:23 vkbitrix24.bitrix24.ru Вызван метод: crm.deal.update с параметрами: {"auth":"31oj3bacu42392fuwwpy6lh3x4mt3jh4","id":"6","fields":{"ASSIGNED_BY_ID":"6"}} 
23.05.17 17:23:24 vkbitrix24.bitrix24.ru ОШИБКА: invalid_request(No "refresh_token" parameter found) 
23.05.17 17:23:25 vkbitrix24.bitrix24.ru Вызван метод: crm.deal.get с параметрами: {"auth":"zqrbznillhq0ew4sjgofnukeady2hmog","id":"6"} 
23.05.17 17:23:26 vkbitrix24.bitrix24.ru Вызван метод: crm.deal.update с параметрами: {"auth":"zqrbznillhq0ew4sjgofnukeady2hmog","id":"6","fields":{"ASSIGNED_BY_ID":"6"}} 
23.05.17 17:23:27 vkbitrix24.bitrix24.ru ОШИБКА: invalid_request(No "refresh_token" parameter found) 
23.05.17 17:23:28 vkbitrix24.bitrix24.ru Вызван метод: crm.deal.get с параметрами: {"auth":"hoqi03fn52qz3o7cf9h9h3ylhi11geyz","id":"6"} 
23.05.17 17:23:29 vkbitrix24.bitrix24.ru Вызван метод: crm.deal.update с параметрами: {"auth":"hoqi03fn52qz3o7cf9h9h3ylhi11geyz","id":"6","fields":{"ASSIGNED_BY_ID":"6"}} 
23.05.17 17:23:30 vkbitrix24.bitrix24.ru ОШИБКА: invalid_request(No "refresh_token" parameter found) 
23.05.17 17:23:31 vkbitrix24.bitrix24.ru Вызван метод: crm.deal.get с параметрами: {"auth":"y9hgn000wufhgmv5s8ljl9ft0qlysv7t","id":"6"} 
23.05.17 17:23:32 vkbitrix24.bitrix24.ru Вызван метод: crm.deal.update с параметрами: {"auth":"y9hgn000wufhgmv5s8ljl9ft0qlysv7t","id":"6","fields":{"ASSIGNED_BY_ID":"1"}} 
23.05.17 17:23:34 vkbitrix24.bitrix24.ru ОШИБКА: invalid_request(No "refresh_token" parameter found) 
23.05.17 17:23:34 vkbitrix24.bitrix24.ru Вызван метод: crm.deal.get с параметрами: {"auth":"c1cbrma6l1iiys1vunz3hym7syg7teay","id":"6"} 
23.05.17 17:23:35 vkbitrix24.bitrix24.ru Вызван метод: crm.deal.update с параметрами: {"auth":"c1cbrma6l1iiys1vunz3hym7syg7teay","id":"6","fields":{"ASSIGNED_BY_ID":"1"}} 
23.05.17 17:23:37 vkbitrix24.bitrix24.ru ОШИБКА: invalid_request(No "refresh_token" parameter found) 
23.05.17 17:23:37 vkbitrix24.bitrix24.ru Вызван метод: crm.deal.get с параметрами: {"auth":"61etc4e12xxj0wpze3q9eahmc4hknvo2","id":"6"} 
23.05.17 17:23:39 vkbitrix24.bitrix24.ru Вызван метод: crm.deal.update с параметрами: {"auth":"61etc4e12xxj0wpze3q9eahmc4hknvo2","id":"6","fields":{"ASSIGNED_BY_ID":"1"}} 
23.05.17 17:23:47 vkbitrix24.bitrix24.ru ОШИБКА: invalid_request(No "refresh_token" parameter found) 
23.05.17 17:23:48 vkbitrix24.bitrix24.ru Вызван метод: crm.deal.get с параметрами: {"auth":"chot4w76ir7blfbfh4ly1ooa0ugdkpnr","id":"6"} 
23.05.17 17:23:53 vkbitrix24@gmail.com Вызван метод: user.current с параметрами: {"auth":"psl5jlle1ffgpzoyrogs8mqyrqd2g3a0"} 
23.05.17 17:23:54 vkbitrix24@gmail.com Вызван метод: crm.dealcategory.stage.list с параметрами: {"auth":"psl5jlle1ffgpzoyrogs8mqyrqd2g3a0"} 
23.05.17 17:23:54 vkbitrix24@gmail.com Вызван метод: user.get с параметрами: {"auth":"psl5jlle1ffgpzoyrogs8mqyrqd2g3a0","order":"ASC","filter":{"ACTIVE":"1"},"start":0} 
23.05.17 17:24:09 vkbitrix24.bitrix24.ru ОШИБКА: invalid_request(No "refresh_token" parameter found) 
23.05.17 17:24:09 vkbitrix24.bitrix24.ru Вызван метод: crm.deal.get с параметрами: {"auth":"i6akoru9jlwg2a8nzwxp64s483btvzm3","id":"6"} 
23.05.17 17:24:11 vkbitrix24.bitrix24.ru Вызван метод: crm.deal.update с параметрами: {"auth":"i6akoru9jlwg2a8nzwxp64s483btvzm3","id":"6","fields":{"ASSIGNED_BY_ID":"6"}} 
23.05.17 17:24:12 vkbitrix24.bitrix24.ru ОШИБКА: invalid_request(No "refresh_token" parameter found) 
23.05.17 17:24:13 vkbitrix24.bitrix24.ru Вызван метод: crm.deal.get с параметрами: {"auth":"ctvooroy72owgaz9nmugs07ueu2sx033","id":"6"} 
23.05.17 17:24:14 vkbitrix24.bitrix24.ru Вызван метод: crm.deal.update с параметрами: {"auth":"ctvooroy72owgaz9nmugs07ueu2sx033","id":"6","fields":{"ASSIGNED_BY_ID":"6"}} 
23.05.17 17:24:15 vkbitrix24.bitrix24.ru ОШИБКА: invalid_request(No "refresh_token" parameter found) 
23.05.17 17:24:16 vkbitrix24.bitrix24.ru Вызван метод: crm.deal.get с параметрами: {"auth":"putl9am1lh3n9t2ir2b3pqyvvpqcn77z","id":"6"} 
23.05.17 17:24:17 vkbitrix24.bitrix24.ru Вызван метод: crm.deal.update с параметрами: {"auth":"putl9am1lh3n9t2ir2b3pqyvvpqcn77z","id":"6","fields":{"ASSIGNED_BY_ID":"6"}} 
23.05.17 17:24:18 vkbitrix24.bitrix24.ru ОШИБКА: invalid_request(No "refresh_token" parameter found) 
23.05.17 17:24:18 vkbitrix24.bitrix24.ru Вызван метод: crm.deal.get с параметрами: {"auth":"two0n4mpduyrqm0m9k7aotpvksarii7u","id":"6"} 
23.05.17 17:24:20 vkbitrix24.bitrix24.ru Вызван метод: crm.deal.update с параметрами: {"auth":"two0n4mpduyrqm0m9k7aotpvksarii7u","id":"6","fields":{"ASSIGNED_BY_ID":"1"}} 
23.05.17 17:24:21 vkbitrix24.bitrix24.ru ОШИБКА: invalid_request(No "refresh_token" parameter found) 
23.05.17 17:24:21 vkbitrix24.bitrix24.ru Вызван метод: crm.deal.get с параметрами: {"auth":"jm1yng23yl3ea6v3c935xbg1pid8qesi","id":"6"} 
23.05.17 17:24:23 vkbitrix24.bitrix24.ru Вызван метод: crm.deal.update с параметрами: {"auth":"jm1yng23yl3ea6v3c935xbg1pid8qesi","id":"6","fields":{"ASSIGNED_BY_ID":"1"}} 
23.05.17 17:24:24 vkbitrix24.bitrix24.ru ОШИБКА: invalid_request(No "refresh_token" parameter found) 
23.05.17 17:24:25 vkbitrix24.bitrix24.ru Вызван метод: crm.deal.get с параметрами: {"auth":"lhqjoetecw29kd0ag0pnv78z1mcs104o","id":"6"} 
23.05.17 17:24:26 vkbitrix24.bitrix24.ru Вызван метод: crm.deal.update с параметрами: {"auth":"lhqjoetecw29kd0ag0pnv78z1mcs104o","id":"6","fields":{"ASSIGNED_BY_ID":"1"}} 
23.05.17 17:24:36 vkbitrix24@gmail.com Вызван метод: user.current с параметрами: {"auth":"pf4lwbrmxih5n7zet3ryl3ctycvbv3n6"} 
23.05.17 17:24:36 vkbitrix24@gmail.com Вызван метод: crm.dealcategory.stage.list с параметрами: {"auth":"pf4lwbrmxih5n7zet3ryl3ctycvbv3n6"} 
23.05.17 17:24:37 vkbitrix24@gmail.com Вызван метод: user.get с параметрами: {"auth":"pf4lwbrmxih5n7zet3ryl3ctycvbv3n6","order":"ASC","filter":{"ACTIVE":"1"},"start":0} 
23.05.17 17:24:50 vkbitrix24@gmail.com Вызван метод: event.get с параметрами: {"auth":"pf4lwbrmxih5n7zet3ryl3ctycvbv3n6"} 
23.05.17 17:24:51 vkbitrix24@gmail.com ОШИБКА: ERROR_CORE(Unable to set event handler: Handler already binded) 
23.05.17 17:24:52 vkbitrix24@gmail.com ОШИБКА: ERROR_CORE(Unable to set event handler: Handler already binded) 
23.05.17 17:24:53 vkbitrix24@gmail.com ОШИБКА: ERROR_CORE(Unable to set event handler: Handler already binded) 
23.05.17 17:24:59 vkbitrix24@gmail.com Вызван метод: user.current с параметрами: {"auth":"dnpwal7csitb145hnp2r4jmfpyjz0a9g"} 
23.05.17 17:24:59 vkbitrix24@gmail.com Вызван метод: crm.dealcategory.stage.list с параметрами: {"auth":"dnpwal7csitb145hnp2r4jmfpyjz0a9g"} 
23.05.17 17:25:00 vkbitrix24@gmail.com Вызван метод: user.get с параметрами: {"auth":"dnpwal7csitb145hnp2r4jmfpyjz0a9g","order":"ASC","filter":{"ACTIVE":"1"},"start":0} 
23.05.17 17:25:11 vkbitrix24@gmail.com Вызван метод: user.current с параметрами: {"auth":"fuhgzvmrn2lsjid4uf0brkuj5mk6o2fu"} 
23.05.17 17:25:11 vkbitrix24@gmail.com Вызван метод: crm.dealcategory.stage.list с параметрами: {"auth":"fuhgzvmrn2lsjid4uf0brkuj5mk6o2fu"} 
23.05.17 17:25:12 vkbitrix24@gmail.com Вызван метод: user.get с параметрами: {"auth":"fuhgzvmrn2lsjid4uf0brkuj5mk6o2fu","order":"ASC","filter":{"ACTIVE":"1"},"start":0} 
23.05.17 17:30:13 vkbitrix24@gmail.com Вызван метод: user.current с параметрами: {"auth":"vsrofr50gqktd5itt818ipszm04vvd44"} 
23.05.17 17:30:13 vkbitrix24@gmail.com Вызван метод: crm.dealcategory.stage.list с параметрами: {"auth":"vsrofr50gqktd5itt818ipszm04vvd44"} 
23.05.17 17:30:13 vkbitrix24@gmail.com Вызван метод: user.get с параметрами: {"auth":"vsrofr50gqktd5itt818ipszm04vvd44","order":"ASC","filter":{"ACTIVE":"1"},"start":0} 
23.05.17 17:31:13 vkbitrix24@gmail.com Вызван метод: user.current с параметрами: {"auth":"lgd5rsmx51y9q5nrzrcu5q2hvsgwerre"} 
23.05.17 17:31:13 vkbitrix24@gmail.com Вызван метод: crm.dealcategory.stage.list с параметрами: {"auth":"lgd5rsmx51y9q5nrzrcu5q2hvsgwerre"} 
23.05.17 17:31:14 vkbitrix24@gmail.com Вызван метод: user.get с параметрами: {"auth":"lgd5rsmx51y9q5nrzrcu5q2hvsgwerre","order":"ASC","filter":{"ACTIVE":"1"},"start":0} 
23.05.17 17:33:03 vkbitrix24@gmail.com Вызван метод: user.current с параметрами: {"auth":"h1n1zbb21v8ags29f3k3ad8dqu7259i7"} 
23.05.17 17:33:03 vkbitrix24@gmail.com Вызван метод: crm.dealcategory.stage.list с параметрами: {"auth":"h1n1zbb21v8ags29f3k3ad8dqu7259i7"} 
23.05.17 17:33:03 vkbitrix24@gmail.com Вызван метод: user.get с параметрами: {"auth":"h1n1zbb21v8ags29f3k3ad8dqu7259i7","order":"ASC","filter":{"ACTIVE":"1"},"start":0} 
23.05.17 17:33:24 vkbitrix24@gmail.com Вызван метод: user.current с параметрами: {"auth":"ry421eqxkdu9alq913hlx63kogh9lh6s"} 
23.05.17 17:33:24 vkbitrix24@gmail.com Вызван метод: crm.dealcategory.stage.list с параметрами: {"auth":"ry421eqxkdu9alq913hlx63kogh9lh6s"} 
23.05.17 17:33:24 vkbitrix24@gmail.com Вызван метод: user.get с параметрами: {"auth":"ry421eqxkdu9alq913hlx63kogh9lh6s","order":"ASC","filter":{"ACTIVE":"1"},"start":0} 
23.05.17 17:34:22 vkbitrix24@gmail.com Вызван метод: user.current с параметрами: {"auth":"6cjpxkh7m3shy87zq5ey3p9q7excvp6o"} 
23.05.17 17:34:23 vkbitrix24@gmail.com Вызван метод: crm.dealcategory.stage.list с параметрами: {"auth":"6cjpxkh7m3shy87zq5ey3p9q7excvp6o"} 
23.05.17 17:34:23 vkbitrix24@gmail.com Вызван метод: user.get с параметрами: {"auth":"6cjpxkh7m3shy87zq5ey3p9q7excvp6o","order":"ASC","filter":{"ACTIVE":"1"},"start":0} 
23.05.17 17:35:51 vkbitrix24@gmail.com Вызван метод: event.get с параметрами: {"auth":"6cjpxkh7m3shy87zq5ey3p9q7excvp6o"} 
23.05.17 17:35:52 vkbitrix24@gmail.com ОШИБКА: ERROR_CORE(Unable to set event handler: Handler already binded) 
23.05.17 17:35:53 vkbitrix24@gmail.com ОШИБКА: ERROR_CORE(Unable to set event handler: Handler already binded) 
23.05.17 17:35:54 vkbitrix24@gmail.com ОШИБКА: ERROR_CORE(Unable to set event handler: Handler already binded) 
23.05.17 17:37:02 vkbitrix24@gmail.com Вызван метод: user.current с параметрами: {"auth":"3cpw3ysectsf32t1i1b94xye9nbkrs17"} 
23.05.17 17:37:03 vkbitrix24@gmail.com Вызван метод: crm.dealcategory.stage.list с параметрами: {"auth":"3cpw3ysectsf32t1i1b94xye9nbkrs17"} 
23.05.17 17:37:03 vkbitrix24@gmail.com Вызван метод: user.get с параметрами: {"auth":"3cpw3ysectsf32t1i1b94xye9nbkrs17","order":"ASC","filter":{"ACTIVE":"1"},"start":0} 
23.05.17 17:37:26 vkbitrix24@gmail.com Вызван метод: user.current с параметрами: {"auth":"u74kiww041kbyzjyhafd718nj07t0ekn"} 
23.05.17 17:37:27 vkbitrix24@gmail.com Вызван метод: crm.dealcategory.stage.list с параметрами: {"auth":"u74kiww041kbyzjyhafd718nj07t0ekn"} 
23.05.17 17:37:27 vkbitrix24@gmail.com Вызван метод: user.get с параметрами: {"auth":"u74kiww041kbyzjyhafd718nj07t0ekn","order":"ASC","filter":{"ACTIVE":"1"},"start":0} 
23.05.17 17:37:51 vkbitrix24@gmail.com Вызван метод: user.current с параметрами: {"auth":"ybm1mrbgnkuqldvuiy62v3vcthxq1cuz"} 
23.05.17 17:37:52 vkbitrix24@gmail.com Вызван метод: crm.dealcategory.stage.list с параметрами: {"auth":"ybm1mrbgnkuqldvuiy62v3vcthxq1cuz"} 
23.05.17 17:37:52 vkbitrix24@gmail.com Вызван метод: user.get с параметрами: {"auth":"ybm1mrbgnkuqldvuiy62v3vcthxq1cuz","order":"ASC","filter":{"ACTIVE":"1"},"start":0} 
23.05.17 17:38:16 vkbitrix24@gmail.com Вызван метод: user.current с параметрами: {"auth":"a90ktcbwnu6g8bc831oopkse3e72zssv"} 
23.05.17 17:38:16 vkbitrix24@gmail.com Вызван метод: crm.dealcategory.stage.list с параметрами: {"auth":"a90ktcbwnu6g8bc831oopkse3e72zssv"} 
23.05.17 17:38:16 vkbitrix24@gmail.com Вызван метод: user.get с параметрами: {"auth":"a90ktcbwnu6g8bc831oopkse3e72zssv","order":"ASC","filter":{"ACTIVE":"1"},"start":0} 
23.05.17 17:38:24 vkbitrix24@gmail.com Вызван метод: user.current с параметрами: {"auth":"zetkhqvedabs6vhzrq1meqhlbeurnuec"} 
23.05.17 17:38:25 vkbitrix24@gmail.com Вызван метод: crm.dealcategory.stage.list с параметрами: {"auth":"zetkhqvedabs6vhzrq1meqhlbeurnuec"} 
23.05.17 17:38:25 vkbitrix24@gmail.com Вызван метод: user.get с параметрами: {"auth":"zetkhqvedabs6vhzrq1meqhlbeurnuec","order":"ASC","filter":{"ACTIVE":"1"},"start":0} 
23.05.17 17:39:02 vkbitrix24@gmail.com Вызван метод: user.current с параметрами: {"auth":"rr1a294xwt9flc9q73inj3rxpvf9ho7q"} 
23.05.17 17:39:02 vkbitrix24@gmail.com Вызван метод: crm.dealcategory.stage.list с параметрами: {"auth":"rr1a294xwt9flc9q73inj3rxpvf9ho7q"} 
23.05.17 17:39:03 vkbitrix24@gmail.com Вызван метод: user.get с параметрами: {"auth":"rr1a294xwt9flc9q73inj3rxpvf9ho7q","order":"ASC","filter":{"ACTIVE":"1"},"start":0} 
23.05.17 17:39:35 vkbitrix24@gmail.com Вызван метод: user.current с параметрами: {"auth":"xkzwihh9sgb9v4veh3knrlc5r5ht5t0q"} 
23.05.17 17:39:35 vkbitrix24@gmail.com Вызван метод: crm.dealcategory.stage.list с параметрами: {"auth":"xkzwihh9sgb9v4veh3knrlc5r5ht5t0q"} 
23.05.17 17:39:36 vkbitrix24@gmail.com Вызван метод: user.get с параметрами: {"auth":"xkzwihh9sgb9v4veh3knrlc5r5ht5t0q","order":"ASC","filter":{"ACTIVE":"1"},"start":0} 
23.05.17 17:39:52 vkbitrix24@gmail.com Вызван метод: event.get с параметрами: {"auth":"xkzwihh9sgb9v4veh3knrlc5r5ht5t0q"} 
23.05.17 17:39:53 vkbitrix24@gmail.com ОШИБКА: ERROR_CORE(Unable to set event handler: Handler already binded) 
23.05.17 17:39:55 vkbitrix24@gmail.com ОШИБКА: ERROR_CORE(Unable to set event handler: Handler already binded) 
23.05.17 17:39:56 vkbitrix24@gmail.com ОШИБКА: ERROR_CORE(Unable to set event handler: Handler already binded) 
23.05.17 17:42:28 vkbitrix24@gmail.com Вызван метод: user.current с параметрами: {"auth":"q14x22u35hxo6nmygu52uokd40qrgzgd"} 
23.05.17 17:42:28 vkbitrix24@gmail.com Вызван метод: crm.dealcategory.stage.list с параметрами: {"auth":"q14x22u35hxo6nmygu52uokd40qrgzgd"} 
23.05.17 17:42:29 vkbitrix24@gmail.com Вызван метод: user.get с параметрами: {"auth":"q14x22u35hxo6nmygu52uokd40qrgzgd","order":"ASC","filter":{"ACTIVE":"1"},"start":0} 
23.05.17 17:42:47 vkbitrix24@gmail.com Вызван метод: user.current с параметрами: {"auth":"4o470a5am48byun8up8g3ew8ugxwwlf5"} 
23.05.17 17:42:48 vkbitrix24@gmail.com Вызван метод: crm.dealcategory.stage.list с параметрами: {"auth":"4o470a5am48byun8up8g3ew8ugxwwlf5"} 
23.05.17 17:42:48 vkbitrix24@gmail.com Вызван метод: user.get с параметрами: {"auth":"4o470a5am48byun8up8g3ew8ugxwwlf5","order":"ASC","filter":{"ACTIVE":"1"},"start":0} 
23.05.17 17:43:02 vkbitrix24@gmail.com Вызван метод: user.current с параметрами: {"auth":"x3atigoultuxenphs1heb4epf14ibo6d"} 
23.05.17 17:43:03 vkbitrix24@gmail.com Вызван метод: crm.dealcategory.stage.list с параметрами: {"auth":"x3atigoultuxenphs1heb4epf14ibo6d"} 
23.05.17 17:43:03 vkbitrix24@gmail.com Вызван метод: user.get с параметрами: {"auth":"x3atigoultuxenphs1heb4epf14ibo6d","order":"ASC","filter":{"ACTIVE":"1"},"start":0} 
23.05.17 17:43:38 vkbitrix24@gmail.com Вызван метод: user.current с параметрами: {"auth":"f22hpyxoup1q7hrb3z2x9ttnvw81xglo"} 
23.05.17 17:43:38 vkbitrix24@gmail.com Вызван метод: crm.dealcategory.stage.list с параметрами: {"auth":"f22hpyxoup1q7hrb3z2x9ttnvw81xglo"} 
23.05.17 17:43:39 vkbitrix24@gmail.com Вызван метод: user.get с параметрами: {"auth":"f22hpyxoup1q7hrb3z2x9ttnvw81xglo","order":"ASC","filter":{"ACTIVE":"1"},"start":0} 
23.05.17 17:44:41 vkbitrix24@gmail.com Вызван метод: user.current с параметрами: {"auth":"psubigidn7uu8d5sghb23fwa7vz5vpj1"} 
23.05.17 17:44:42 vkbitrix24@gmail.com Вызван метод: crm.dealcategory.stage.list с параметрами: {"auth":"psubigidn7uu8d5sghb23fwa7vz5vpj1"} 
23.05.17 17:44:42 vkbitrix24@gmail.com Вызван метод: user.get с параметрами: {"auth":"psubigidn7uu8d5sghb23fwa7vz5vpj1","order":"ASC","filter":{"ACTIVE":"1"},"start":0} 
23.05.17 17:47:25 vkbitrix24@gmail.com Вызван метод: user.current с параметрами: {"auth":"d5vfjbw7n05d1d15icsrelkytd8ytxf6"} 
23.05.17 17:47:25 vkbitrix24@gmail.com Вызван метод: crm.dealcategory.stage.list с параметрами: {"auth":"d5vfjbw7n05d1d15icsrelkytd8ytxf6"} 
23.05.17 17:47:26 vkbitrix24@gmail.com Вызван метод: user.get с параметрами: {"auth":"d5vfjbw7n05d1d15icsrelkytd8ytxf6","order":"ASC","filter":{"ACTIVE":"1"},"start":0} 
23.05.17 17:49:12 vkbitrix24@gmail.com Вызван метод: user.current с параметрами: {"auth":"immkf0ol26o1os9bknmi7f8xst7d7lep"} 
23.05.17 17:49:12 vkbitrix24@gmail.com Вызван метод: crm.dealcategory.stage.list с параметрами: {"auth":"immkf0ol26o1os9bknmi7f8xst7d7lep"} 
23.05.17 17:49:13 vkbitrix24@gmail.com Вызван метод: user.get с параметрами: {"auth":"immkf0ol26o1os9bknmi7f8xst7d7lep","order":"ASC","filter":{"ACTIVE":"1"},"start":0} 
23.05.17 17:49:58 vkbitrix24@gmail.com Вызван метод: user.current с параметрами: {"auth":"bzdddgpu0x76rz12ung3i253d4bzlh9v"} 
23.05.17 17:49:59 vkbitrix24@gmail.com Вызван метод: crm.dealcategory.stage.list с параметрами: {"auth":"bzdddgpu0x76rz12ung3i253d4bzlh9v"} 
23.05.17 17:49:59 vkbitrix24@gmail.com Вызван метод: user.get с параметрами: {"auth":"bzdddgpu0x76rz12ung3i253d4bzlh9v","order":"ASC","filter":{"ACTIVE":"1"},"start":0} 
23.05.17 17:52:09 vkbitrix24@gmail.com Вызван метод: user.current с параметрами: {"auth":"p0omd2hue5oxm7mm037nolgysm1df249"} 
23.05.17 17:52:09 vkbitrix24@gmail.com Вызван метод: crm.dealcategory.stage.list с параметрами: {"auth":"p0omd2hue5oxm7mm037nolgysm1df249"} 
23.05.17 17:52:09 vkbitrix24@gmail.com Вызван метод: user.get с параметрами: {"auth":"p0omd2hue5oxm7mm037nolgysm1df249","order":"ASC","filter":{"ACTIVE":"1"},"start":0} 
23.05.17 17:52:43 vkbitrix24@gmail.com Вызван метод: user.current с параметрами: {"auth":"dckq2gtxxf1xkys4o1kqik7avi64oj6u"} 
23.05.17 17:52:44 vkbitrix24@gmail.com Вызван метод: crm.dealcategory.stage.list с параметрами: {"auth":"dckq2gtxxf1xkys4o1kqik7avi64oj6u"} 
23.05.17 17:52:44 vkbitrix24@gmail.com Вызван метод: user.get с параметрами: {"auth":"dckq2gtxxf1xkys4o1kqik7avi64oj6u","order":"ASC","filter":{"ACTIVE":"1"},"start":0} 
23.05.17 17:52:58 vkbitrix24@gmail.com Вызван метод: user.current с параметрами: {"auth":"99vek1lzwwo9sza3u1ryohxk9qn54o0z"} 
23.05.17 17:52:59 vkbitrix24@gmail.com Вызван метод: crm.dealcategory.stage.list с параметрами: {"auth":"99vek1lzwwo9sza3u1ryohxk9qn54o0z"} 
23.05.17 17:52:59 vkbitrix24@gmail.com Вызван метод: user.get с параметрами: {"auth":"99vek1lzwwo9sza3u1ryohxk9qn54o0z","order":"ASC","filter":{"ACTIVE":"1"},"start":0} 
23.05.17 17:53:35 vkbitrix24@gmail.com Вызван метод: user.current с параметрами: {"auth":"x9euikd3fqqdi58lch253r3ciar354w8"} 
23.05.17 17:53:36 vkbitrix24@gmail.com Вызван метод: crm.dealcategory.stage.list с параметрами: {"auth":"x9euikd3fqqdi58lch253r3ciar354w8"} 
23.05.17 17:53:36 vkbitrix24@gmail.com Вызван метод: user.get с параметрами: {"auth":"x9euikd3fqqdi58lch253r3ciar354w8","order":"ASC","filter":{"ACTIVE":"1"},"start":0} 
23.05.17 17:53:59 vkbitrix24@gmail.com Вызван метод: user.current с параметрами: {"auth":"ymqjt97jes66m91tpm1ax0jh31u2g02c"} 
23.05.17 17:53:59 vkbitrix24@gmail.com Вызван метод: crm.dealcategory.stage.list с параметрами: {"auth":"ymqjt97jes66m91tpm1ax0jh31u2g02c"} 
23.05.17 17:54:00 vkbitrix24@gmail.com Вызван метод: user.get с параметрами: {"auth":"ymqjt97jes66m91tpm1ax0jh31u2g02c","order":"ASC","filter":{"ACTIVE":"1"},"start":0} 
23.05.17 17:54:08 vkbitrix24@gmail.com Вызван метод: event.get с параметрами: {"auth":"ymqjt97jes66m91tpm1ax0jh31u2g02c"} 
23.05.17 17:54:09 vkbitrix24@gmail.com ОШИБКА: ERROR_CORE(Unable to set event handler: Handler already binded) 
23.05.17 17:54:10 vkbitrix24@gmail.com ОШИБКА: ERROR_CORE(Unable to set event handler: Handler already binded) 
23.05.17 17:54:11 vkbitrix24@gmail.com ОШИБКА: ERROR_CORE(Unable to set event handler: Handler already binded) 
23.05.17 17:54:47 vkbitrix24@gmail.com Вызван метод: event.get с параметрами: {"auth":"ymqjt97jes66m91tpm1ax0jh31u2g02c"} 
23.05.17 17:54:48 vkbitrix24@gmail.com ОШИБКА: ERROR_CORE(Unable to set event handler: Handler already binded) 
23.05.17 17:54:49 vkbitrix24@gmail.com ОШИБКА: ERROR_CORE(Unable to set event handler: Handler already binded) 
23.05.17 17:54:50 vkbitrix24@gmail.com ОШИБКА: ERROR_CORE(Unable to set event handler: Handler already binded) 
23.05.17 17:54:56 vkbitrix24@gmail.com Вызван метод: user.current с параметрами: {"auth":"3cg6rpcfclzvflc23xom29vd7uzhwfu0"} 
23.05.17 17:54:57 vkbitrix24@gmail.com Вызван метод: crm.dealcategory.stage.list с параметрами: {"auth":"3cg6rpcfclzvflc23xom29vd7uzhwfu0"} 
23.05.17 17:54:57 vkbitrix24@gmail.com Вызван метод: user.get с параметрами: {"auth":"3cg6rpcfclzvflc23xom29vd7uzhwfu0","order":"ASC","filter":{"ACTIVE":"1"},"start":0} 
23.05.17 17:55:09 vkbitrix24@gmail.com Вызван метод: user.current с параметрами: {"auth":"2algombjmiha3l5blkr18nmqwfo9m4gz"} 
23.05.17 17:55:10 vkbitrix24@gmail.com Вызван метод: crm.dealcategory.stage.list с параметрами: {"auth":"2algombjmiha3l5blkr18nmqwfo9m4gz"} 
23.05.17 17:55:10 vkbitrix24@gmail.com Вызван метод: user.get с параметрами: {"auth":"2algombjmiha3l5blkr18nmqwfo9m4gz","order":"ASC","filter":{"ACTIVE":"1"},"start":0} 
23.05.17 17:55:23 vkbitrix24@gmail.com Вызван метод: user.current с параметрами: {"auth":"7pyj71t40re5syo3pswcc5nuecv7qgzc"} 
23.05.17 17:55:23 vkbitrix24@gmail.com Вызван метод: crm.dealcategory.stage.list с параметрами: {"auth":"7pyj71t40re5syo3pswcc5nuecv7qgzc"} 
23.05.17 17:55:24 vkbitrix24@gmail.com Вызван метод: user.get с параметрами: {"auth":"7pyj71t40re5syo3pswcc5nuecv7qgzc","order":"ASC","filter":{"ACTIVE":"1"},"start":0} 
23.05.17 17:55:34 vkbitrix24@gmail.com Вызван метод: user.current с параметрами: {"auth":"g5po0o3vkjtpccqqar3waxcch61d1cky"} 
23.05.17 17:55:34 vkbitrix24@gmail.com Вызван метод: crm.dealcategory.stage.list с параметрами: {"auth":"g5po0o3vkjtpccqqar3waxcch61d1cky"} 
23.05.17 17:55:35 vkbitrix24@gmail.com Вызван метод: user.get с параметрами: {"auth":"g5po0o3vkjtpccqqar3waxcch61d1cky","order":"ASC","filter":{"ACTIVE":"1"},"start":0} 
23.05.17 17:58:14 vkbitrix24@gmail.com Вызван метод: user.current с параметрами: {"auth":"ub5d2qo5p0793mbz8l7zf63umjn58xvp"} 
23.05.17 17:58:15 vkbitrix24@gmail.com Вызван метод: crm.dealcategory.stage.list с параметрами: {"auth":"ub5d2qo5p0793mbz8l7zf63umjn58xvp"} 
23.05.17 17:58:15 vkbitrix24@gmail.com Вызван метод: user.get с параметрами: {"auth":"ub5d2qo5p0793mbz8l7zf63umjn58xvp","order":"ASC","filter":{"ACTIVE":"1"},"start":0} 
23.05.17 17:58:26 vkbitrix24@gmail.com Вызван метод: user.current с параметрами: {"auth":"c12ofgi6g4v2kkpqt1z50zip6lv60rda"} 
23.05.17 17:58:26 vkbitrix24@gmail.com Вызван метод: crm.dealcategory.stage.list с параметрами: {"auth":"c12ofgi6g4v2kkpqt1z50zip6lv60rda"} 
23.05.17 17:58:27 vkbitrix24@gmail.com Вызван метод: user.get с параметрами: {"auth":"c12ofgi6g4v2kkpqt1z50zip6lv60rda","order":"ASC","filter":{"ACTIVE":"1"},"start":0} 
23.05.17 17:59:48 vkbitrix24@gmail.com Вызван метод: user.current с параметрами: {"auth":"llpbabff4fe2yibxauvf05un1px35kse"} 
23.05.17 17:59:49 vkbitrix24@gmail.com Вызван метод: crm.dealcategory.stage.list с параметрами: {"auth":"llpbabff4fe2yibxauvf05un1px35kse"} 
23.05.17 17:59:49 vkbitrix24@gmail.com Вызван метод: user.get с параметрами: {"auth":"llpbabff4fe2yibxauvf05un1px35kse","order":"ASC","filter":{"ACTIVE":"1"},"start":0} 
23.05.17 18:00:01 vkbitrix24@gmail.com Вызван метод: user.current с параметрами: {"auth":"1l364sgikgaefkwp0sslurfh9n9rhcqu"} 
23.05.17 18:00:01 vkbitrix24@gmail.com Вызван метод: crm.dealcategory.stage.list с параметрами: {"auth":"1l364sgikgaefkwp0sslurfh9n9rhcqu"} 
23.05.17 18:00:02 vkbitrix24@gmail.com Вызван метод: user.get с параметрами: {"auth":"1l364sgikgaefkwp0sslurfh9n9rhcqu","order":"ASC","filter":{"ACTIVE":"1"},"start":0} 
23.05.17 18:00:11 vkbitrix24@gmail.com Вызван метод: user.current с параметрами: {"auth":"gu1bsfjc2jvz80i2y2dtueqd1m6f4g8m"} 
23.05.17 18:00:12 vkbitrix24@gmail.com Вызван метод: crm.dealcategory.stage.list с параметрами: {"auth":"gu1bsfjc2jvz80i2y2dtueqd1m6f4g8m"} 
23.05.17 18:00:12 vkbitrix24@gmail.com Вызван метод: user.get с параметрами: {"auth":"gu1bsfjc2jvz80i2y2dtueqd1m6f4g8m","order":"ASC","filter":{"ACTIVE":"1"},"start":0} 
