24.06.17 18:19:17 vkbitrix24@gmail.com Вызван метод: crm.dealcategory.stage.list с параметрами: {"auth":"p0dmu58m6o4ld87xr56j4c54a89uai3i"} 
24.06.17 18:19:19 vkbitrix24@gmail.com Вызван метод: user.get с параметрами: {"auth":"p0dmu58m6o4ld87xr56j4c54a89uai3i","order":"ASC","filter":{"ACTIVE":"1"},"start":0} 
24.06.17 18:19:19 vkbitrix24@gmail.com Вызван метод: sonet_group.get с параметрами: {"auth":"p0dmu58m6o4ld87xr56j4c54a89uai3i","order":"ASC","filter":{"ACTIVE":"1"},"start":0} 
24.06.17 18:19:24 vkbitrix24@gmail.com Вызван метод: crm.dealcategory.stage.list с параметрами: {"auth":"hmo1izpzdlvi82wq36r006x528rmitvz"} 
24.06.17 18:19:26 vkbitrix24@gmail.com Вызван метод: user.get с параметрами: {"auth":"hmo1izpzdlvi82wq36r006x528rmitvz","order":"ASC","filter":{"ACTIVE":"1"},"start":0} 
24.06.17 18:19:26 vkbitrix24@gmail.com Вызван метод: sonet_group.get с параметрами: {"auth":"hmo1izpzdlvi82wq36r006x528rmitvz","order":"ASC","filter":{"ACTIVE":"1"},"start":0} 
24.06.17 18:19:52 vkbitrix24@gmail.com Вызван метод: user.current с параметрами: {"auth":"cmu0dtbk2pe0if2zb40h3t71aicl694u"} 
24.06.17 18:19:52 vkbitrix24@gmail.com Вызван метод: crm.dealcategory.stage.list с параметрами: {"auth":"cmu0dtbk2pe0if2zb40h3t71aicl694u"} 
24.06.17 18:19:54 vkbitrix24@gmail.com Вызван метод: user.get с параметрами: {"auth":"cmu0dtbk2pe0if2zb40h3t71aicl694u","order":"ASC","filter":{"ACTIVE":"1"},"start":0} 
24.06.17 18:19:54 vkbitrix24@gmail.com Вызван метод: sonet_group.get с параметрами: {"auth":"cmu0dtbk2pe0if2zb40h3t71aicl694u","order":"ASC","filter":{"ACTIVE":"1"},"start":0} 
24.06.17 18:20:44 vkbitrix24@gmail.com Вызван метод: user.current с параметрами: {"auth":"49zpnu3k71l9denqgpe075tdt8x3als6"} 
24.06.17 18:20:44 vkbitrix24@gmail.com Вызван метод: crm.dealcategory.stage.list с параметрами: {"auth":"49zpnu3k71l9denqgpe075tdt8x3als6"} 
24.06.17 18:20:46 vkbitrix24@gmail.com Вызван метод: user.get с параметрами: {"auth":"49zpnu3k71l9denqgpe075tdt8x3als6","order":"ASC","filter":{"ACTIVE":"1"},"start":0} 
24.06.17 18:20:46 vkbitrix24@gmail.com Вызван метод: sonet_group.get с параметрами: {"auth":"49zpnu3k71l9denqgpe075tdt8x3als6","order":"ASC","filter":{"ACTIVE":"1"},"start":0} 
24.06.17 18:21:44 vkbitrix24@gmail.com Вызван метод: user.current с параметрами: {"auth":"bo2clqj6n0a81m8hg0neqpdbarij00j6"} 
24.06.17 18:21:44 vkbitrix24@gmail.com Вызван метод: crm.dealcategory.stage.list с параметрами: {"auth":"bo2clqj6n0a81m8hg0neqpdbarij00j6"} 
24.06.17 18:21:45 vkbitrix24@gmail.com Вызван метод: user.get с параметрами: {"auth":"bo2clqj6n0a81m8hg0neqpdbarij00j6","order":"ASC","filter":{"ACTIVE":"1"},"start":0} 
24.06.17 18:21:46 vkbitrix24@gmail.com Вызван метод: sonet_group.get с параметрами: {"auth":"bo2clqj6n0a81m8hg0neqpdbarij00j6","order":"ASC","filter":{"ACTIVE":"1"},"start":0} 
24.06.17 18:25:17 vkbitrix24@gmail.com Вызван метод: user.current с параметрами: {"auth":"e3ob7sjezllrsmsy7iumq28qxnim1djy"} 
24.06.17 18:25:18 vkbitrix24@gmail.com Вызван метод: crm.dealcategory.stage.list с параметрами: {"auth":"e3ob7sjezllrsmsy7iumq28qxnim1djy"} 
24.06.17 18:25:19 vkbitrix24@gmail.com Вызван метод: user.get с параметрами: {"auth":"e3ob7sjezllrsmsy7iumq28qxnim1djy","order":"ASC","filter":{"ACTIVE":"1"},"start":0} 
24.06.17 18:25:19 vkbitrix24@gmail.com Вызван метод: sonet_group.get с параметрами: {"auth":"e3ob7sjezllrsmsy7iumq28qxnim1djy","order":"ASC","filter":{"ACTIVE":"1"},"start":0} 
24.06.17 18:25:21 vkbitrix24@gmail.com Вызван метод: user.current с параметрами: {"auth":"na6euai2ctlj3cuer3mz4qqey3wuenfw"} 
24.06.17 18:25:21 vkbitrix24@gmail.com Вызван метод: crm.dealcategory.stage.list с параметрами: {"auth":"na6euai2ctlj3cuer3mz4qqey3wuenfw"} 
24.06.17 18:25:22 vkbitrix24@gmail.com Вызван метод: user.get с параметрами: {"auth":"na6euai2ctlj3cuer3mz4qqey3wuenfw","order":"ASC","filter":{"ACTIVE":"1"},"start":0} 
24.06.17 18:25:22 vkbitrix24@gmail.com Вызван метод: sonet_group.get с параметрами: {"auth":"na6euai2ctlj3cuer3mz4qqey3wuenfw","order":"ASC","filter":{"ACTIVE":"1"},"start":0} 
24.06.17 18:27:14 vkbitrix24@gmail.com Вызван метод: user.current с параметрами: {"auth":"et6q8lzbdvnkrfo4qc4bwza9ecxaohga"} 
24.06.17 18:27:14 vkbitrix24@gmail.com Вызван метод: crm.dealcategory.stage.list с параметрами: {"auth":"et6q8lzbdvnkrfo4qc4bwza9ecxaohga"} 
24.06.17 18:27:16 vkbitrix24@gmail.com Вызван метод: user.get с параметрами: {"auth":"et6q8lzbdvnkrfo4qc4bwza9ecxaohga","order":"ASC","filter":{"ACTIVE":"1"},"start":0} 
24.06.17 18:27:16 vkbitrix24@gmail.com Вызван метод: sonet_group.get с параметрами: {"auth":"et6q8lzbdvnkrfo4qc4bwza9ecxaohga","order":"ASC","filter":{"ACTIVE":"1"},"start":0} 
24.06.17 18:28:05 vkbitrix24@gmail.com Вызван метод: user.current с параметрами: {"auth":"mtk4yz6o0ad31own27o6xhk4chhiyho9"} 
24.06.17 18:28:05 vkbitrix24@gmail.com Вызван метод: crm.dealcategory.stage.list с параметрами: {"auth":"mtk4yz6o0ad31own27o6xhk4chhiyho9"} 
24.06.17 18:28:06 vkbitrix24@gmail.com Вызван метод: user.get с параметрами: {"auth":"mtk4yz6o0ad31own27o6xhk4chhiyho9","order":"ASC","filter":{"ACTIVE":"1"},"start":0} 
24.06.17 18:28:06 vkbitrix24@gmail.com Вызван метод: sonet_group.get с параметрами: {"auth":"mtk4yz6o0ad31own27o6xhk4chhiyho9","order":"ASC","filter":{"ACTIVE":"1"},"start":0} 
24.06.17 18:28:16 vkbitrix24@gmail.com Вызван метод: user.current с параметрами: {"auth":"2e2a6c632pcfmomgljqkx4lxlximr1ph"} 
24.06.17 18:28:16 vkbitrix24@gmail.com Вызван метод: crm.dealcategory.stage.list с параметрами: {"auth":"2e2a6c632pcfmomgljqkx4lxlximr1ph"} 
24.06.17 18:28:18 vkbitrix24@gmail.com Вызван метод: user.get с параметрами: {"auth":"2e2a6c632pcfmomgljqkx4lxlximr1ph","order":"ASC","filter":{"ACTIVE":"1"},"start":0} 
24.06.17 18:28:18 vkbitrix24@gmail.com Вызван метод: sonet_group.get с параметрами: {"auth":"2e2a6c632pcfmomgljqkx4lxlximr1ph","order":"ASC","filter":{"ACTIVE":"1"},"start":0} 
24.06.17 18:32:27 vkbitrix24@gmail.com Вызван метод: user.current с параметрами: {"auth":"t11izgzjgj8oretuh0mhfhavh8qn2nln"} 
24.06.17 18:32:27 vkbitrix24@gmail.com Вызван метод: crm.dealcategory.stage.list с параметрами: {"auth":"t11izgzjgj8oretuh0mhfhavh8qn2nln"} 
24.06.17 18:32:29 vkbitrix24@gmail.com Вызван метод: user.get с параметрами: {"auth":"t11izgzjgj8oretuh0mhfhavh8qn2nln","order":"ASC","filter":{"ACTIVE":"1"},"start":0} 
24.06.17 18:32:29 vkbitrix24@gmail.com Вызван метод: sonet_group.get с параметрами: {"auth":"t11izgzjgj8oretuh0mhfhavh8qn2nln","order":"ASC","filter":{"ACTIVE":"1"},"start":0} 
24.06.17 18:32:30 vkbitrix24@gmail.com Вызван метод: crm.dealcategory.stage.list с параметрами: {"auth":"qayy2b7k563ckuqbszwiorn2mr7itu56"} 
24.06.17 18:32:31 vkbitrix24@gmail.com Вызван метод: user.get с параметрами: {"auth":"qayy2b7k563ckuqbszwiorn2mr7itu56","order":"ASC","filter":{"ACTIVE":"1"},"start":0} 
24.06.17 18:32:32 vkbitrix24@gmail.com Вызван метод: sonet_group.get с параметрами: {"auth":"qayy2b7k563ckuqbszwiorn2mr7itu56","order":"ASC","filter":{"ACTIVE":"1"},"start":0} 
