27.06.17 12:00:19 vkbitrix24@gmail.com Вызван метод: crm.dealcategory.stage.list с параметрами: {"auth":"b27gl1hb0b6xaojbhepem7xkx6hywsew"} 
27.06.17 12:00:19 vkbitrix24@gmail.com Вызван метод: crm.status.list с параметрами: {"auth":"b27gl1hb0b6xaojbhepem7xkx6hywsew"} 
27.06.17 12:00:19 vkbitrix24@gmail.com Вызван метод: crm.status.list с параметрами: {"auth":"b27gl1hb0b6xaojbhepem7xkx6hywsew"} 
27.06.17 12:00:20 vkbitrix24@gmail.com Вызван метод: user.get с параметрами: {"auth":"b27gl1hb0b6xaojbhepem7xkx6hywsew","order":"ASC","filter":{"ACTIVE":"1"},"start":0} 
27.06.17 12:00:20 vkbitrix24@gmail.com Вызван метод: sonet_group.get с параметрами: {"auth":"b27gl1hb0b6xaojbhepem7xkx6hywsew","order":"ASC","filter":{"ACTIVE":"1"},"start":0} 
27.06.17 12:00:20 vkbitrix24@gmail.com Вызван метод: event.get с параметрами: {"auth":"b27gl1hb0b6xaojbhepem7xkx6hywsew"} 
27.06.17 12:04:57 vkbitrix24@gmail.com Вызван метод: user.current с параметрами: {"auth":"3qnm0whdh080378iyy7prho806maga5f"} 
27.06.17 12:04:57 vkbitrix24@gmail.com Вызван метод: crm.dealcategory.stage.list с параметрами: {"auth":"3qnm0whdh080378iyy7prho806maga5f"} 
27.06.17 12:04:57 vkbitrix24@gmail.com Вызван метод: crm.status.list с параметрами: {"auth":"3qnm0whdh080378iyy7prho806maga5f"} 
27.06.17 12:04:57 vkbitrix24@gmail.com Вызван метод: crm.status.list с параметрами: {"auth":"3qnm0whdh080378iyy7prho806maga5f"} 
27.06.17 12:04:58 vkbitrix24@gmail.com Вызван метод: user.get с параметрами: {"auth":"3qnm0whdh080378iyy7prho806maga5f","order":"ASC","filter":{"ACTIVE":"1"},"start":0} 
27.06.17 12:04:58 vkbitrix24@gmail.com Вызван метод: sonet_group.get с параметрами: {"auth":"3qnm0whdh080378iyy7prho806maga5f","order":"ASC","filter":{"ACTIVE":"1"},"start":0} 
27.06.17 12:04:58 vkbitrix24@gmail.com Вызван метод: event.get с параметрами: {"auth":"3qnm0whdh080378iyy7prho806maga5f"} 
27.06.17 12:05:51 vkbitrix24@gmail.com Вызван метод: user.current с параметрами: {"auth":"q2ou9ra7yc9muqcrt24m3bf33uzchigz"} 
27.06.17 12:05:51 vkbitrix24@gmail.com Вызван метод: crm.dealcategory.stage.list с параметрами: {"auth":"q2ou9ra7yc9muqcrt24m3bf33uzchigz"} 
27.06.17 12:05:51 vkbitrix24@gmail.com Вызван метод: crm.status.list с параметрами: {"auth":"q2ou9ra7yc9muqcrt24m3bf33uzchigz"} 
27.06.17 12:05:52 vkbitrix24@gmail.com Вызван метод: crm.status.list с параметрами: {"auth":"q2ou9ra7yc9muqcrt24m3bf33uzchigz"} 
27.06.17 12:05:52 vkbitrix24@gmail.com Вызван метод: user.get с параметрами: {"auth":"q2ou9ra7yc9muqcrt24m3bf33uzchigz","order":"ASC","filter":{"ACTIVE":"1"},"start":0} 
27.06.17 12:05:52 vkbitrix24@gmail.com Вызван метод: sonet_group.get с параметрами: {"auth":"q2ou9ra7yc9muqcrt24m3bf33uzchigz","order":"ASC","filter":{"ACTIVE":"1"},"start":0} 
27.06.17 12:05:53 vkbitrix24@gmail.com Вызван метод: event.get с параметрами: {"auth":"q2ou9ra7yc9muqcrt24m3bf33uzchigz"} 
27.06.17 12:06:00 vkbitrix24@gmail.com Вызван метод: user.current с параметрами: {"auth":"h4ck0yvceg11j12okhrv58vj8upi94sq"} 
27.06.17 12:06:00 vkbitrix24@gmail.com Вызван метод: crm.dealcategory.stage.list с параметрами: {"auth":"h4ck0yvceg11j12okhrv58vj8upi94sq"} 
27.06.17 12:06:00 vkbitrix24@gmail.com Вызван метод: crm.status.list с параметрами: {"auth":"h4ck0yvceg11j12okhrv58vj8upi94sq"} 
27.06.17 12:06:01 vkbitrix24@gmail.com Вызван метод: crm.status.list с параметрами: {"auth":"h4ck0yvceg11j12okhrv58vj8upi94sq"} 
27.06.17 12:06:01 vkbitrix24@gmail.com Вызван метод: user.get с параметрами: {"auth":"h4ck0yvceg11j12okhrv58vj8upi94sq","order":"ASC","filter":{"ACTIVE":"1"},"start":0} 
27.06.17 12:06:01 vkbitrix24@gmail.com Вызван метод: sonet_group.get с параметрами: {"auth":"h4ck0yvceg11j12okhrv58vj8upi94sq","order":"ASC","filter":{"ACTIVE":"1"},"start":0} 
27.06.17 12:06:02 vkbitrix24@gmail.com Вызван метод: event.get с параметрами: {"auth":"h4ck0yvceg11j12okhrv58vj8upi94sq"} 
27.06.17 12:10:30 vkbitrix24@gmail.com Вызван метод: user.current с параметрами: {"auth":"ckvcorbllvke7la2bq08ciygwwvo5bgz"} 
27.06.17 12:10:31 vkbitrix24@gmail.com Вызван метод: crm.dealcategory.stage.list с параметрами: {"auth":"ckvcorbllvke7la2bq08ciygwwvo5bgz"} 
27.06.17 12:10:32 vkbitrix24@gmail.com Вызван метод: crm.status.list с параметрами: {"auth":"ckvcorbllvke7la2bq08ciygwwvo5bgz"} 
27.06.17 12:10:32 vkbitrix24@gmail.com Вызван метод: user.get с параметрами: {"auth":"ckvcorbllvke7la2bq08ciygwwvo5bgz","order":"ASC","filter":{"ACTIVE":"1"},"start":0} 
27.06.17 12:10:33 vkbitrix24@gmail.com Вызван метод: sonet_group.get с параметрами: {"auth":"ckvcorbllvke7la2bq08ciygwwvo5bgz","order":"ASC","filter":{"ACTIVE":"1"},"start":0} 
27.06.17 12:10:33 vkbitrix24@gmail.com Вызван метод: event.get с параметрами: {"auth":"ckvcorbllvke7la2bq08ciygwwvo5bgz"} 
27.06.17 15:17:49 vkbitrix24.bitrix24.ru ОШИБКА: invalid_request(No "refresh_token" parameter found) 
27.06.17 15:17:49 vkbitrix24.bitrix24.ru ОШИБКА: invalid_request(No "refresh_token" parameter found) 
27.06.17 15:17:50 vkbitrix24.bitrix24.ru Вызван метод: crm.lead.get с параметрами: {"auth":"zmd8o487gw4aphlfglw0cyrbrz53wkzg","id":"48"} 
27.06.17 15:18:02 vkbitrix24@gmail.com Вызван метод: crm.dealcategory.stage.list с параметрами: {"auth":"9viygomde0u5epvjxuy4jj0n07lsj3l5"} 
27.06.17 15:18:02 vkbitrix24@gmail.com Вызван метод: crm.status.list с параметрами: {"auth":"9viygomde0u5epvjxuy4jj0n07lsj3l5"} 
27.06.17 15:18:03 vkbitrix24@gmail.com Вызван метод: user.get с параметрами: {"auth":"9viygomde0u5epvjxuy4jj0n07lsj3l5","order":"ASC","filter":{"ACTIVE":"1"},"start":0} 
27.06.17 15:18:03 vkbitrix24@gmail.com Вызван метод: sonet_group.get с параметрами: {"auth":"9viygomde0u5epvjxuy4jj0n07lsj3l5","order":"ASC","filter":{"ACTIVE":"1"},"start":0} 
27.06.17 15:18:03 vkbitrix24@gmail.com Вызван метод: event.get с параметрами: {"auth":"9viygomde0u5epvjxuy4jj0n07lsj3l5"} 
27.06.17 15:19:11 vkbitrix24@gmail.com Вызван метод: user.current с параметрами: {"auth":"8m0r6r8ilipikjtl5njlybrg9gbhe56b"} 
27.06.17 15:19:12 vkbitrix24@gmail.com Вызван метод: crm.dealcategory.stage.list с параметрами: {"auth":"8m0r6r8ilipikjtl5njlybrg9gbhe56b"} 
27.06.17 15:19:12 vkbitrix24@gmail.com Вызван метод: crm.status.list с параметрами: {"auth":"8m0r6r8ilipikjtl5njlybrg9gbhe56b"} 
27.06.17 15:19:13 vkbitrix24@gmail.com Вызван метод: user.get с параметрами: {"auth":"8m0r6r8ilipikjtl5njlybrg9gbhe56b","order":"ASC","filter":{"ACTIVE":"1"},"start":0} 
27.06.17 15:19:13 vkbitrix24@gmail.com Вызван метод: sonet_group.get с параметрами: {"auth":"8m0r6r8ilipikjtl5njlybrg9gbhe56b","order":"ASC","filter":{"ACTIVE":"1"},"start":0} 
27.06.17 15:19:13 vkbitrix24@gmail.com Вызван метод: event.get с параметрами: {"auth":"8m0r6r8ilipikjtl5njlybrg9gbhe56b"} 
27.06.17 15:19:24 vkbitrix24@gmail.com Вызван метод: event.get с параметрами: {"auth":"8m0r6r8ilipikjtl5njlybrg9gbhe56b"} 
27.06.17 15:19:25 vkbitrix24@gmail.com ОШИБКА: ERROR_CORE(Unable to set event handler: Handler already binded) 
27.06.17 15:19:26 vkbitrix24@gmail.com ОШИБКА: ERROR_CORE(Unable to set event handler: Handler already binded) 
27.06.17 15:19:27 vkbitrix24@gmail.com ОШИБКА: ERROR_CORE(Unable to set event handler: Handler already binded) 
27.06.17 15:19:29 vkbitrix24@gmail.com ОШИБКА: ERROR_CORE(Unable to set event handler: Handler already binded) 
27.06.17 15:19:30 vkbitrix24@gmail.com ОШИБКА: ERROR_CORE(Unable to set event handler: Handler already binded) 
27.06.17 15:21:25 vkbitrix24@gmail.com Вызван метод: user.current с параметрами: {"auth":"5wvebicdeoykcsyhcaicvsjq6x9no7sc"} 
27.06.17 15:21:25 vkbitrix24@gmail.com Вызван метод: crm.dealcategory.stage.list с параметрами: {"auth":"5wvebicdeoykcsyhcaicvsjq6x9no7sc"} 
27.06.17 15:21:25 vkbitrix24@gmail.com Вызван метод: crm.status.list с параметрами: {"auth":"5wvebicdeoykcsyhcaicvsjq6x9no7sc"} 
27.06.17 15:21:26 vkbitrix24@gmail.com Вызван метод: user.get с параметрами: {"auth":"5wvebicdeoykcsyhcaicvsjq6x9no7sc","order":"ASC","filter":{"ACTIVE":"1"},"start":0} 
27.06.17 15:21:26 vkbitrix24@gmail.com Вызван метод: sonet_group.get с параметрами: {"auth":"5wvebicdeoykcsyhcaicvsjq6x9no7sc","order":"ASC","filter":{"ACTIVE":"1"},"start":0} 
27.06.17 15:21:26 vkbitrix24@gmail.com Вызван метод: event.get с параметрами: {"auth":"5wvebicdeoykcsyhcaicvsjq6x9no7sc"} 
