29.06.17 08:30:27 vkbitrix24@gmail.com Вызван метод: crm.dealcategory.stage.list с параметрами: {"auth":"nl64wlw6l5qtidl3cfa3ca0bviduegkn"} 
29.06.17 08:30:27 vkbitrix24@gmail.com Вызван метод: crm.status.list с параметрами: {"auth":"nl64wlw6l5qtidl3cfa3ca0bviduegkn"} 
29.06.17 08:30:28 vkbitrix24@gmail.com Вызван метод: user.get с параметрами: {"auth":"nl64wlw6l5qtidl3cfa3ca0bviduegkn","order":"ASC","filter":{"ACTIVE":"1"},"start":0} 
29.06.17 08:30:28 vkbitrix24@gmail.com Вызван метод: sonet_group.get с параметрами: {"auth":"nl64wlw6l5qtidl3cfa3ca0bviduegkn","order":"ASC","filter":{"ACTIVE":"1"},"start":0} 
29.06.17 08:30:28 vkbitrix24@gmail.com Вызван метод: event.get с параметрами: {"auth":"nl64wlw6l5qtidl3cfa3ca0bviduegkn"} 
29.06.17 08:31:25 vkbitrix24@gmail.com Вызван метод: user.current с параметрами: {"auth":"dgwqwcupi0p1mnc7hkko4nffvqe3x0dg"} 
29.06.17 08:31:25 vkbitrix24@gmail.com Вызван метод: crm.status.list с параметрами: {"auth":"dgwqwcupi0p1mnc7hkko4nffvqe3x0dg"} 
29.06.17 08:31:26 vkbitrix24@gmail.com Вызван метод: user.get с параметрами: {"auth":"dgwqwcupi0p1mnc7hkko4nffvqe3x0dg","order":"ASC","filter":{"ACTIVE":"1"},"start":0} 
29.06.17 08:31:26 vkbitrix24@gmail.com Вызван метод: sonet_group.get с параметрами: {"auth":"dgwqwcupi0p1mnc7hkko4nffvqe3x0dg","order":"ASC","filter":{"ACTIVE":"1"},"start":0} 
29.06.17 08:31:26 vkbitrix24@gmail.com Вызван метод: event.get с параметрами: {"auth":"dgwqwcupi0p1mnc7hkko4nffvqe3x0dg"} 
29.06.17 08:31:40 vkbitrix24@gmail.com Вызван метод: event.get с параметрами: {"auth":"dgwqwcupi0p1mnc7hkko4nffvqe3x0dg"} 
29.06.17 08:31:41 vkbitrix24@gmail.com ОШИБКА: ERROR_CORE(Unable to set event handler: Handler already binded) 
29.06.17 08:31:42 vkbitrix24@gmail.com ОШИБКА: ERROR_CORE(Unable to set event handler: Handler already binded) 
29.06.17 08:31:43 vkbitrix24@gmail.com ОШИБКА: ERROR_CORE(Unable to set event handler: Handler already binded) 
29.06.17 08:31:45 vkbitrix24@gmail.com ОШИБКА: ERROR_CORE(Unable to set event handler: Handler already binded) 
29.06.17 08:31:46 vkbitrix24@gmail.com ОШИБКА: ERROR_CORE(Unable to set event handler: Handler already binded) 
29.06.17 08:31:49 vkbitrix24@gmail.com Вызван метод: user.current с параметрами: {"auth":"6j2sdp4yom7uvx27uyt73p5amk3s2z99"} 
29.06.17 08:31:49 vkbitrix24@gmail.com Вызван метод: crm.status.list с параметрами: {"auth":"6j2sdp4yom7uvx27uyt73p5amk3s2z99"} 
29.06.17 08:31:50 vkbitrix24@gmail.com Вызван метод: user.get с параметрами: {"auth":"6j2sdp4yom7uvx27uyt73p5amk3s2z99","order":"ASC","filter":{"ACTIVE":"1"},"start":0} 
29.06.17 08:31:50 vkbitrix24@gmail.com Вызван метод: sonet_group.get с параметрами: {"auth":"6j2sdp4yom7uvx27uyt73p5amk3s2z99","order":"ASC","filter":{"ACTIVE":"1"},"start":0} 
29.06.17 08:31:50 vkbitrix24@gmail.com Вызван метод: event.get с параметрами: {"auth":"6j2sdp4yom7uvx27uyt73p5amk3s2z99"} 
29.06.17 08:33:13 vkbitrix24@gmail.com Вызван метод: event.get с параметрами: {"auth":"6j2sdp4yom7uvx27uyt73p5amk3s2z99"} 
29.06.17 08:33:14 vkbitrix24@gmail.com ОШИБКА: ERROR_CORE(Unable to set event handler: Handler already binded) 
29.06.17 08:33:15 vkbitrix24@gmail.com ОШИБКА: ERROR_CORE(Unable to set event handler: Handler already binded) 
29.06.17 08:33:16 vkbitrix24@gmail.com ОШИБКА: ERROR_CORE(Unable to set event handler: Handler already binded) 
29.06.17 08:33:17 vkbitrix24@gmail.com ОШИБКА: ERROR_CORE(Unable to set event handler: Handler already binded) 
29.06.17 08:33:19 vkbitrix24@gmail.com ОШИБКА: ERROR_CORE(Unable to set event handler: Handler already binded) 
29.06.17 08:33:23 vkbitrix24@gmail.com Вызван метод: user.current с параметрами: {"auth":"uhsb4xj63spew5qrv5daqwfp13dfs0hv"} 
29.06.17 08:33:23 vkbitrix24@gmail.com Вызван метод: crm.status.list с параметрами: {"auth":"uhsb4xj63spew5qrv5daqwfp13dfs0hv"} 
29.06.17 08:33:24 vkbitrix24@gmail.com Вызван метод: user.get с параметрами: {"auth":"uhsb4xj63spew5qrv5daqwfp13dfs0hv","order":"ASC","filter":{"ACTIVE":"1"},"start":0} 
29.06.17 08:33:24 vkbitrix24@gmail.com Вызван метод: sonet_group.get с параметрами: {"auth":"uhsb4xj63spew5qrv5daqwfp13dfs0hv","order":"ASC","filter":{"ACTIVE":"1"},"start":0} 
29.06.17 08:33:24 vkbitrix24@gmail.com Вызван метод: event.get с параметрами: {"auth":"uhsb4xj63spew5qrv5daqwfp13dfs0hv"} 
29.06.17 08:59:37 vkbitrix24.bitrix24.ru ОШИБКА: invalid_request(No "refresh_token" parameter found) 
29.06.17 08:59:37 vkbitrix24.bitrix24.ru ОШИБКА: invalid_request(No "refresh_token" parameter found) 
29.06.17 08:59:38 vkbitrix24.bitrix24.ru Вызван метод: crm.lead.get с параметрами: {"auth":"772i31hy0kdv77y64t8agbwe8yl6rv6z","id":"46"} 
29.06.17 08:59:40 vkbitrix24.bitrix24.ru Вызван метод: crm.lead.update с параметрами: {"auth":"772i31hy0kdv77y64t8agbwe8yl6rv6z","id":"46","fields":{"ASSIGNED_BY_ID":"16"}} 
29.06.17 08:59:41 vkbitrix24.bitrix24.ru ОШИБКА: invalid_request(No "refresh_token" parameter found) 
29.06.17 08:59:41 vkbitrix24.bitrix24.ru ОШИБКА: invalid_request(No "refresh_token" parameter found) 
29.06.17 08:59:42 vkbitrix24.bitrix24.ru Вызван метод: crm.lead.get с параметрами: {"auth":"zwbtpduybx61rm903iuwufppe6s1qbyq","id":"46"} 
29.06.17 08:59:43 vkbitrix24.bitrix24.ru Вызван метод: crm.lead.update с параметрами: {"auth":"zwbtpduybx61rm903iuwufppe6s1qbyq","id":"46","fields":{"ASSIGNED_BY_ID":"16"}} 
29.06.17 08:59:44 vkbitrix24.bitrix24.ru ОШИБКА: invalid_request(No "refresh_token" parameter found) 
29.06.17 08:59:45 vkbitrix24.bitrix24.ru ОШИБКА: invalid_request(No "refresh_token" parameter found) 
29.06.17 08:59:45 vkbitrix24.bitrix24.ru Вызван метод: crm.lead.get с параметрами: {"auth":"hw1b09rw2teoes2y9nix197mpaia2yb2","id":"46"} 
29.06.17 08:59:46 vkbitrix24.bitrix24.ru Вызван метод: crm.lead.update с параметрами: {"auth":"hw1b09rw2teoes2y9nix197mpaia2yb2","id":"46","fields":{"ASSIGNED_BY_ID":"16"}} 
29.06.17 09:00:01 vkbitrix24.bitrix24.ru ОШИБКА: invalid_request(No "refresh_token" parameter found) 
29.06.17 09:00:01 vkbitrix24.bitrix24.ru ОШИБКА: invalid_request(No "refresh_token" parameter found) 
29.06.17 09:00:02 vkbitrix24.bitrix24.ru Вызван метод: crm.lead.get с параметрами: {"auth":"vydm2wgzhu61ky7uux5jr14w3be49tv8","id":"54"} 
29.06.17 09:00:03 vkbitrix24.bitrix24.ru Вызван метод: crm.lead.update с параметрами: {"auth":"vydm2wgzhu61ky7uux5jr14w3be49tv8","id":"54","fields":{"ASSIGNED_BY_ID":"16"}} 
29.06.17 09:00:04 vkbitrix24.bitrix24.ru ОШИБКА: invalid_request(No "refresh_token" parameter found) 
29.06.17 09:00:05 vkbitrix24.bitrix24.ru ОШИБКА: invalid_request(No "refresh_token" parameter found) 
29.06.17 09:00:05 vkbitrix24.bitrix24.ru Вызван метод: crm.lead.get с параметрами: {"auth":"b7j6v7tkhg3yl7sbrc363k2wwllc07pj","id":"54"} 
29.06.17 09:00:06 vkbitrix24.bitrix24.ru Вызван метод: crm.lead.update с параметрами: {"auth":"b7j6v7tkhg3yl7sbrc363k2wwllc07pj","id":"54","fields":{"ASSIGNED_BY_ID":"16"}} 
29.06.17 09:00:08 vkbitrix24.bitrix24.ru ОШИБКА: invalid_request(No "refresh_token" parameter found) 
29.06.17 09:00:08 vkbitrix24.bitrix24.ru ОШИБКА: invalid_request(No "refresh_token" parameter found) 
29.06.17 09:00:08 vkbitrix24.bitrix24.ru Вызван метод: crm.lead.get с параметрами: {"auth":"eaybvhp3165ut8y2bnff529o4fxuwi0l","id":"54"} 
29.06.17 09:00:10 vkbitrix24.bitrix24.ru Вызван метод: crm.lead.update с параметрами: {"auth":"eaybvhp3165ut8y2bnff529o4fxuwi0l","id":"54","fields":{"ASSIGNED_BY_ID":"16"}} 
29.06.17 09:23:18 vkbitrix24.bitrix24.ru ОШИБКА: invalid_request(No "refresh_token" parameter found) 
29.06.17 09:23:18 vkbitrix24.bitrix24.ru ОШИБКА: invalid_request(No "refresh_token" parameter found) 
29.06.17 09:23:19 vkbitrix24.bitrix24.ru Вызван метод: crm.lead.get с параметрами: {"auth":"kjitan6tpsahiqjq57oh06zz46e10bcc","id":"56"} 
29.06.17 09:23:21 vkbitrix24.bitrix24.ru Вызван метод: crm.lead.update с параметрами: {"auth":"kjitan6tpsahiqjq57oh06zz46e10bcc","id":"56","fields":{"ASSIGNED_BY_ID":"16"}} 
29.06.17 09:23:22 vkbitrix24.bitrix24.ru ОШИБКА: invalid_request(No "refresh_token" parameter found) 
29.06.17 09:23:22 vkbitrix24.bitrix24.ru ОШИБКА: invalid_request(No "refresh_token" parameter found) 
29.06.17 09:23:23 vkbitrix24.bitrix24.ru Вызван метод: crm.lead.get с параметрами: {"auth":"695rql5h56f5wlfknmw7w4ir1ilauva6","id":"56"} 
29.06.17 09:23:24 vkbitrix24.bitrix24.ru Вызван метод: crm.lead.update с параметрами: {"auth":"695rql5h56f5wlfknmw7w4ir1ilauva6","id":"56","fields":{"ASSIGNED_BY_ID":"16"}} 
29.06.17 09:23:25 vkbitrix24.bitrix24.ru ОШИБКА: invalid_request(No "refresh_token" parameter found) 
29.06.17 09:23:25 vkbitrix24.bitrix24.ru ОШИБКА: invalid_request(No "refresh_token" parameter found) 
29.06.17 09:23:26 vkbitrix24.bitrix24.ru Вызван метод: crm.lead.get с параметрами: {"auth":"7ml5i4lw54xkr8jz46zn2opqxsyt2xc1","id":"56"} 
29.06.17 09:23:27 vkbitrix24.bitrix24.ru Вызван метод: crm.lead.update с параметрами: {"auth":"7ml5i4lw54xkr8jz46zn2opqxsyt2xc1","id":"56","fields":{"ASSIGNED_BY_ID":"16"}} 
29.06.17 09:45:40 vkbitrix24.bitrix24.ru ОШИБКА: invalid_request(No "refresh_token" parameter found) 
29.06.17 09:45:40 vkbitrix24.bitrix24.ru ОШИБКА: invalid_request(No "refresh_token" parameter found) 
29.06.17 09:45:41 vkbitrix24.bitrix24.ru Вызван метод: crm.lead.get с параметрами: {"auth":"rkzxfjhgwauyss22ijrsw74o7np4fwlf","id":"70"} 
29.06.17 09:45:42 vkbitrix24.bitrix24.ru Вызван метод: crm.lead.update с параметрами: {"auth":"rkzxfjhgwauyss22ijrsw74o7np4fwlf","id":"70","fields":{"ASSIGNED_BY_ID":"16"}} 
29.06.17 09:45:43 vkbitrix24.bitrix24.ru ОШИБКА: invalid_request(No "refresh_token" parameter found) 
29.06.17 09:45:44 vkbitrix24.bitrix24.ru ОШИБКА: invalid_request(No "refresh_token" parameter found) 
29.06.17 09:45:44 vkbitrix24.bitrix24.ru Вызван метод: crm.lead.get с параметрами: {"auth":"t1i889ubdai5zoi9eubob7to4lgp04px","id":"70"} 
29.06.17 09:45:45 vkbitrix24.bitrix24.ru Вызван метод: crm.lead.update с параметрами: {"auth":"t1i889ubdai5zoi9eubob7to4lgp04px","id":"70","fields":{"ASSIGNED_BY_ID":"16"}} 
29.06.17 09:45:47 vkbitrix24.bitrix24.ru ОШИБКА: invalid_request(No "refresh_token" parameter found) 
29.06.17 09:45:47 vkbitrix24.bitrix24.ru ОШИБКА: invalid_request(No "refresh_token" parameter found) 
29.06.17 09:45:48 vkbitrix24.bitrix24.ru Вызван метод: crm.lead.get с параметрами: {"auth":"bc6sz3h6n4sggddvreqr88lic35mrpbd","id":"70"} 
29.06.17 09:45:49 vkbitrix24.bitrix24.ru Вызван метод: crm.lead.update с параметрами: {"auth":"bc6sz3h6n4sggddvreqr88lic35mrpbd","id":"70","fields":{"ASSIGNED_BY_ID":"16"}} 
29.06.17 09:49:43 vkbitrix24.bitrix24.ru ОШИБКА: invalid_request(No "refresh_token" parameter found) 
29.06.17 09:49:44 vkbitrix24.bitrix24.ru ОШИБКА: invalid_request(No "refresh_token" parameter found) 
29.06.17 09:49:44 vkbitrix24.bitrix24.ru Вызван метод: crm.lead.get с параметрами: {"auth":"yr9njbrsnra0nnm596j0cwjqm8o7evh4","id":"72"} 
29.06.17 09:49:44 vkbitrix24.bitrix24.ru Вызван метод: crm.lead.get с параметрами: {"auth":"yr9njbrsnra0nnm596j0cwjqm8o7evh4","id":"72"} 
29.06.17 09:49:46 vkbitrix24.bitrix24.ru Вызван метод: crm.lead.update с параметрами: {"auth":"yr9njbrsnra0nnm596j0cwjqm8o7evh4","id":"72","fields":{"ASSIGNED_BY_ID":"16"}} 
29.06.17 09:49:47 vkbitrix24.bitrix24.ru ОШИБКА: invalid_request(No "refresh_token" parameter found) 
29.06.17 09:49:47 vkbitrix24.bitrix24.ru ОШИБКА: invalid_request(No "refresh_token" parameter found) 
29.06.17 09:49:48 vkbitrix24.bitrix24.ru Вызван метод: crm.lead.get с параметрами: {"auth":"8aa1ugms5933r65veoq07qin05732r3j","id":"72"} 
29.06.17 09:49:49 vkbitrix24.bitrix24.ru Вызван метод: crm.lead.update с параметрами: {"auth":"8aa1ugms5933r65veoq07qin05732r3j","id":"72","fields":{"ASSIGNED_BY_ID":"16"}} 
29.06.17 09:49:51 vkbitrix24.bitrix24.ru ОШИБКА: invalid_request(No "refresh_token" parameter found) 
29.06.17 09:49:51 vkbitrix24.bitrix24.ru ОШИБКА: invalid_request(No "refresh_token" parameter found) 
29.06.17 09:49:52 vkbitrix24.bitrix24.ru Вызван метод: crm.lead.get с параметрами: {"auth":"1ydhk6c9l23yspwkbayxle63biizg5ck","id":"72"} 
29.06.17 09:49:53 vkbitrix24.bitrix24.ru Вызван метод: crm.lead.update с параметрами: {"auth":"1ydhk6c9l23yspwkbayxle63biizg5ck","id":"72","fields":{"ASSIGNED_BY_ID":"16"}} 
29.06.17 09:52:44 vkbitrix24.bitrix24.ru ОШИБКА: invalid_request(No "refresh_token" parameter found) 
29.06.17 09:52:45 vkbitrix24.bitrix24.ru ОШИБКА: invalid_request(No "refresh_token" parameter found) 
29.06.17 09:52:47 vkbitrix24.bitrix24.ru Вызван метод: crm.lead.get с параметрами: {"auth":"bkbfw51ef4x4tat4jdwk1zdpafv5qyg3","id":"74"} 
29.06.17 09:52:47 vkbitrix24.bitrix24.ru Вызван метод: crm.lead.get с параметрами: {"auth":"bkbfw51ef4x4tat4jdwk1zdpafv5qyg3","id":"74"} 
29.06.17 09:52:48 vkbitrix24.bitrix24.ru Вызван метод: crm.lead.update с параметрами: {"auth":"bkbfw51ef4x4tat4jdwk1zdpafv5qyg3","id":"74","fields":{"ASSIGNED_BY_ID":"16"}} 
29.06.17 09:52:50 vkbitrix24.bitrix24.ru ОШИБКА: invalid_request(No "refresh_token" parameter found) 
29.06.17 09:52:50 vkbitrix24.bitrix24.ru ОШИБКА: invalid_request(No "refresh_token" parameter found) 
29.06.17 09:52:51 vkbitrix24.bitrix24.ru Вызван метод: crm.lead.get с параметрами: {"auth":"6r2m5oc2inh3twhnko10ja56lg9exsuz","id":"74"} 
29.06.17 09:52:52 vkbitrix24.bitrix24.ru Вызван метод: crm.lead.update с параметрами: {"auth":"6r2m5oc2inh3twhnko10ja56lg9exsuz","id":"74","fields":{"ASSIGNED_BY_ID":"16"}} 
29.06.17 09:52:53 vkbitrix24.bitrix24.ru ОШИБКА: invalid_request(No "refresh_token" parameter found) 
29.06.17 09:52:54 vkbitrix24.bitrix24.ru ОШИБКА: invalid_request(No "refresh_token" parameter found) 
29.06.17 09:52:54 vkbitrix24.bitrix24.ru Вызван метод: crm.lead.get с параметрами: {"auth":"e1qn7stoiyqkc08befw3qbaur5ua3gis","id":"74"} 
29.06.17 09:52:56 vkbitrix24.bitrix24.ru Вызван метод: crm.lead.update с параметрами: {"auth":"e1qn7stoiyqkc08befw3qbaur5ua3gis","id":"74","fields":{"ASSIGNED_BY_ID":"16"}} 
29.06.17 10:11:04 vkbitrix24.bitrix24.ru ОШИБКА: invalid_request(No "refresh_token" parameter found) 
29.06.17 10:11:05 vkbitrix24.bitrix24.ru ОШИБКА: invalid_request(No "refresh_token" parameter found) 
29.06.17 10:11:05 vkbitrix24.bitrix24.ru Вызван метод: crm.lead.get с параметрами: {"auth":"pgy0mt7nnpoccdmg31zx9wr0ygw3gwr9","id":"74"} 
29.06.17 10:11:51 vkbitrix24.bitrix24.ru ОШИБКА: invalid_request(No "refresh_token" parameter found) 
29.06.17 10:11:51 vkbitrix24.bitrix24.ru ОШИБКА: invalid_request(No "refresh_token" parameter found) 
29.06.17 10:11:52 vkbitrix24.bitrix24.ru Вызван метод: crm.lead.get с параметрами: {"auth":"xvhqjtj1hh3btqjib2rd2kfia8jdhxna","id":"74"} 
29.06.17 10:13:04 vkbitrix24.bitrix24.ru ОШИБКА: invalid_request(No "refresh_token" parameter found) 
29.06.17 10:13:05 vkbitrix24.bitrix24.ru ОШИБКА: invalid_request(No "refresh_token" parameter found) 
29.06.17 10:13:05 vkbitrix24.bitrix24.ru Вызван метод: crm.lead.get с параметрами: {"auth":"kadtty9ncmobij6zyenuna7mxgn093q3","id":"74"} 
29.06.17 10:19:16 vkbitrix24.bitrix24.ru ОШИБКА: invalid_request(No "refresh_token" parameter found) 
29.06.17 10:19:17 vkbitrix24.bitrix24.ru ОШИБКА: invalid_request(No "refresh_token" parameter found) 
29.06.17 10:19:18 vkbitrix24.bitrix24.ru Вызван метод: crm.lead.get с параметрами: {"auth":"8yby04dwcir7t8wbmgej9d1m0bp1lw73","id":"74"} 
29.06.17 10:19:37 vkbitrix24.bitrix24.ru ОШИБКА: invalid_request(No "refresh_token" parameter found) 
29.06.17 10:19:37 vkbitrix24.bitrix24.ru ОШИБКА: invalid_request(No "refresh_token" parameter found) 
29.06.17 10:19:38 vkbitrix24.bitrix24.ru Вызван метод: crm.lead.get с параметрами: {"auth":"avwfjqaqzez3svo7ugw39bt2qb8epzmb","id":"74"} 
29.06.17 10:23:46 vkbitrix24.bitrix24.ru ОШИБКА: invalid_request(No "refresh_token" parameter found) 
29.06.17 10:23:46 vkbitrix24.bitrix24.ru ОШИБКА: invalid_request(No "refresh_token" parameter found) 
29.06.17 10:23:47 vkbitrix24.bitrix24.ru Вызван метод: crm.lead.get с параметрами: {"auth":"o9g5d5fhbh7uio02qxrkqy5nuu0vy6ai","id":"74"} 
29.06.17 10:23:48 vkbitrix24.bitrix24.ru Вызван метод: sonet_group.user.get с параметрами: {"auth":"o9g5d5fhbh7uio02qxrkqy5nuu0vy6ai","ID":"12"} 
29.06.17 10:23:49 vkbitrix24.bitrix24.ru Вызван метод: crm.lead.update с параметрами: {"auth":"o9g5d5fhbh7uio02qxrkqy5nuu0vy6ai","id":"74","fields":{"ASSIGNED_BY_ID":"1"}} 
29.06.17 10:23:50 vkbitrix24.bitrix24.ru ОШИБКА: invalid_request(No "refresh_token" parameter found) 
29.06.17 10:23:51 vkbitrix24.bitrix24.ru ОШИБКА: invalid_request(No "refresh_token" parameter found) 
29.06.17 10:23:51 vkbitrix24.bitrix24.ru Вызван метод: crm.lead.get с параметрами: {"auth":"7dm283o3c2iluhb72fg25qpdiac05ox4","id":"74"} 
29.06.17 10:23:51 vkbitrix24.bitrix24.ru Вызван метод: sonet_group.user.get с параметрами: {"auth":"7dm283o3c2iluhb72fg25qpdiac05ox4","ID":"12"} 
29.06.17 10:23:53 vkbitrix24.bitrix24.ru Вызван метод: crm.lead.update с параметрами: {"auth":"7dm283o3c2iluhb72fg25qpdiac05ox4","id":"74","fields":{"ASSIGNED_BY_ID":"16"}} 
29.06.17 10:23:54 vkbitrix24.bitrix24.ru ОШИБКА: invalid_request(No "refresh_token" parameter found) 
29.06.17 10:23:54 vkbitrix24.bitrix24.ru ОШИБКА: invalid_request(No "refresh_token" parameter found) 
29.06.17 10:23:55 vkbitrix24.bitrix24.ru Вызван метод: crm.lead.get с параметрами: {"auth":"jp8ycipa1qbqo3l016t9oopo46z589gl","id":"74"} 
29.06.17 10:23:55 vkbitrix24.bitrix24.ru Вызван метод: sonet_group.user.get с параметрами: {"auth":"jp8ycipa1qbqo3l016t9oopo46z589gl","ID":"12"} 
29.06.17 10:23:56 vkbitrix24.bitrix24.ru Вызван метод: crm.lead.update с параметрами: {"auth":"jp8ycipa1qbqo3l016t9oopo46z589gl","id":"74","fields":{"ASSIGNED_BY_ID":"1"}} 
29.06.17 10:26:26 vkbitrix24.bitrix24.ru ОШИБКА: invalid_request(No "refresh_token" parameter found) 
29.06.17 10:26:26 vkbitrix24.bitrix24.ru ОШИБКА: invalid_request(No "refresh_token" parameter found) 
29.06.17 10:26:27 vkbitrix24.bitrix24.ru Вызван метод: crm.lead.get с параметрами: {"auth":"zr2xb9wgnfglba51qrjkssyezc511xit","id":"74"} 
29.06.17 10:26:28 vkbitrix24.bitrix24.ru Вызван метод: crm.lead.update с параметрами: {"auth":"zr2xb9wgnfglba51qrjkssyezc511xit","id":"74","fields":{"ASSIGNED_BY_ID":"16"}} 
29.06.17 10:26:30 vkbitrix24.bitrix24.ru ОШИБКА: invalid_request(No "refresh_token" parameter found) 
29.06.17 10:26:30 vkbitrix24.bitrix24.ru ОШИБКА: invalid_request(No "refresh_token" parameter found) 
29.06.17 10:26:31 vkbitrix24.bitrix24.ru Вызван метод: crm.lead.get с параметрами: {"auth":"wz8dgqn3h08gwgsx22vxt3juf3494tq7","id":"74"} 
29.06.17 10:26:32 vkbitrix24.bitrix24.ru Вызван метод: crm.lead.update с параметрами: {"auth":"wz8dgqn3h08gwgsx22vxt3juf3494tq7","id":"74","fields":{"ASSIGNED_BY_ID":"16"}} 
29.06.17 10:26:33 vkbitrix24.bitrix24.ru ОШИБКА: invalid_request(No "refresh_token" parameter found) 
29.06.17 10:26:34 vkbitrix24.bitrix24.ru ОШИБКА: invalid_request(No "refresh_token" parameter found) 
29.06.17 10:26:34 vkbitrix24.bitrix24.ru Вызван метод: crm.lead.get с параметрами: {"auth":"p0fpytv8urhp0tr68bdgrm02u3s7vup2","id":"74"} 
29.06.17 10:26:35 vkbitrix24.bitrix24.ru Вызван метод: crm.lead.update с параметрами: {"auth":"p0fpytv8urhp0tr68bdgrm02u3s7vup2","id":"74","fields":{"ASSIGNED_BY_ID":"16"}} 
29.06.17 10:27:17 vkbitrix24.bitrix24.ru ОШИБКА: invalid_request(No "refresh_token" parameter found) 
29.06.17 10:27:17 vkbitrix24.bitrix24.ru ОШИБКА: invalid_request(No "refresh_token" parameter found) 
29.06.17 10:27:18 vkbitrix24.bitrix24.ru Вызван метод: crm.lead.get с параметрами: {"auth":"d6k38aayx9t3m0l3k7oz3b47crrlzjca","id":"74"} 
29.06.17 10:27:18 vkbitrix24.bitrix24.ru Вызван метод: sonet_group.user.get с параметрами: {"auth":"d6k38aayx9t3m0l3k7oz3b47crrlzjca","ID":"12"} 
29.06.17 10:27:19 vkbitrix24.bitrix24.ru Вызван метод: crm.lead.update с параметрами: {"auth":"d6k38aayx9t3m0l3k7oz3b47crrlzjca","id":"74","fields":{"ASSIGNED_BY_ID":"16"}} 
29.06.17 10:27:21 vkbitrix24.bitrix24.ru ОШИБКА: invalid_request(No "refresh_token" parameter found) 
29.06.17 10:27:21 vkbitrix24.bitrix24.ru ОШИБКА: invalid_request(No "refresh_token" parameter found) 
29.06.17 10:27:22 vkbitrix24.bitrix24.ru Вызван метод: crm.lead.get с параметрами: {"auth":"t6yk3x0x2zqe6zfnakabkhor3dud8t1w","id":"74"} 
29.06.17 10:27:22 vkbitrix24.bitrix24.ru Вызван метод: sonet_group.user.get с параметрами: {"auth":"t6yk3x0x2zqe6zfnakabkhor3dud8t1w","ID":"12"} 
29.06.17 10:27:23 vkbitrix24.bitrix24.ru Вызван метод: crm.lead.update с параметрами: {"auth":"t6yk3x0x2zqe6zfnakabkhor3dud8t1w","id":"74","fields":{"ASSIGNED_BY_ID":"1"}} 
29.06.17 10:27:25 vkbitrix24.bitrix24.ru ОШИБКА: invalid_request(No "refresh_token" parameter found) 
29.06.17 10:27:25 vkbitrix24.bitrix24.ru ОШИБКА: invalid_request(No "refresh_token" parameter found) 
29.06.17 10:27:25 vkbitrix24.bitrix24.ru Вызван метод: crm.lead.get с параметрами: {"auth":"so5jkq3n0mngutkvpexk8bztys2smw0x","id":"74"} 
29.06.17 10:27:26 vkbitrix24.bitrix24.ru Вызван метод: sonet_group.user.get с параметрами: {"auth":"so5jkq3n0mngutkvpexk8bztys2smw0x","ID":"12"} 
29.06.17 10:27:27 vkbitrix24.bitrix24.ru Вызван метод: crm.lead.update с параметрами: {"auth":"so5jkq3n0mngutkvpexk8bztys2smw0x","id":"74","fields":{"ASSIGNED_BY_ID":"16"}} 
29.06.17 10:30:42 vkbitrix24.bitrix24.ru ОШИБКА: invalid_request(No "refresh_token" parameter found) 
29.06.17 10:30:42 vkbitrix24.bitrix24.ru ОШИБКА: invalid_request(No "refresh_token" parameter found) 
29.06.17 10:30:44 vkbitrix24.bitrix24.ru Вызван метод: crm.lead.get с параметрами: {"auth":"m8iwwwdm7fii5p0y9lgwrfhhxtmsdhgu","id":"74"} 
29.06.17 10:30:46 vkbitrix24.bitrix24.ru Вызван метод: crm.lead.update с параметрами: {"auth":"m8iwwwdm7fii5p0y9lgwrfhhxtmsdhgu","id":"74","fields":{"ASSIGNED_BY_ID":"16"}} 
29.06.17 10:30:47 vkbitrix24.bitrix24.ru ОШИБКА: invalid_request(No "refresh_token" parameter found) 
29.06.17 10:30:47 vkbitrix24.bitrix24.ru ОШИБКА: invalid_request(No "refresh_token" parameter found) 
29.06.17 10:30:48 vkbitrix24.bitrix24.ru Вызван метод: crm.lead.get с параметрами: {"auth":"llpjvs940twjrs3po60w98gvk91oihjp","id":"74"} 
29.06.17 10:31:29 vkbitrix24.bitrix24.ru ОШИБКА: invalid_request(No "refresh_token" parameter found) 
29.06.17 10:31:30 vkbitrix24.bitrix24.ru ОШИБКА: invalid_request(No "refresh_token" parameter found) 
29.06.17 10:31:30 vkbitrix24.bitrix24.ru Вызван метод: crm.lead.get с параметрами: {"auth":"9u5ankgtfjpwl4okhefenzl3cw89tr2c","id":"74"} 
29.06.17 10:32:15 vkbitrix24.bitrix24.ru ОШИБКА: invalid_request(No "refresh_token" parameter found) 
29.06.17 10:32:15 vkbitrix24.bitrix24.ru ОШИБКА: invalid_request(No "refresh_token" parameter found) 
29.06.17 10:32:16 vkbitrix24.bitrix24.ru Вызван метод: crm.lead.get с параметрами: {"auth":"pukbyx61icix8laz5oxip2xb3squ136e","id":"74"} 
29.06.17 10:32:54 vkbitrix24.bitrix24.ru ОШИБКА: invalid_request(No "refresh_token" parameter found) 
29.06.17 10:32:54 vkbitrix24.bitrix24.ru ОШИБКА: invalid_request(No "refresh_token" parameter found) 
29.06.17 10:32:55 vkbitrix24.bitrix24.ru Вызван метод: crm.lead.get с параметрами: {"auth":"dr3cnru0raq3eb13yv45737vx2gqq7fm","id":"74"} 
29.06.17 10:32:55 vkbitrix24.bitrix24.ru Вызван метод: sonet_group.user.get с параметрами: {"auth":"dr3cnru0raq3eb13yv45737vx2gqq7fm","ID":"12"} 
29.06.17 10:32:57 vkbitrix24.bitrix24.ru Вызван метод: crm.lead.update с параметрами: {"auth":"dr3cnru0raq3eb13yv45737vx2gqq7fm","id":"74","fields":{"ASSIGNED_BY_ID":"1"}} 
29.06.17 10:32:58 vkbitrix24.bitrix24.ru ОШИБКА: invalid_request(No "refresh_token" parameter found) 
29.06.17 10:32:58 vkbitrix24.bitrix24.ru ОШИБКА: invalid_request(No "refresh_token" parameter found) 
29.06.17 10:32:59 vkbitrix24.bitrix24.ru Вызван метод: crm.lead.get с параметрами: {"auth":"czol0pn74ctmarcplyf702ilu1xafzue","id":"74"} 
29.06.17 10:33:27 vkbitrix24.bitrix24.ru ОШИБКА: invalid_request(No "refresh_token" parameter found) 
29.06.17 10:33:28 vkbitrix24.bitrix24.ru ОШИБКА: invalid_request(No "refresh_token" parameter found) 
29.06.17 10:33:28 vkbitrix24.bitrix24.ru Вызван метод: crm.lead.get с параметрами: {"auth":"aqsdpst0pps8ju3dzy3lwktnw6g4hwbm","id":"74"} 
29.06.17 10:33:29 vkbitrix24.bitrix24.ru Вызван метод: crm.lead.update с параметрами: {"auth":"aqsdpst0pps8ju3dzy3lwktnw6g4hwbm","id":"74","fields":{"ASSIGNED_BY_ID":"16"}} 
29.06.17 10:33:31 vkbitrix24.bitrix24.ru ОШИБКА: invalid_request(No "refresh_token" parameter found) 
29.06.17 10:33:31 vkbitrix24.bitrix24.ru ОШИБКА: invalid_request(No "refresh_token" parameter found) 
29.06.17 10:33:32 vkbitrix24.bitrix24.ru Вызван метод: crm.lead.get с параметрами: {"auth":"egem0pjcm4vu0bv01zwl4nbrev3dloxd","id":"74"} 
29.06.17 10:33:47 vkbitrix24.bitrix24.ru ОШИБКА: invalid_request(No "refresh_token" parameter found) 
29.06.17 10:33:47 vkbitrix24.bitrix24.ru ОШИБКА: invalid_request(No "refresh_token" parameter found) 
29.06.17 10:33:48 vkbitrix24.bitrix24.ru Вызван метод: crm.lead.get с параметрами: {"auth":"vldjnnicp32uvoh64ouq91wvcpj9bu75","id":"74"} 
29.06.17 10:33:48 vkbitrix24.bitrix24.ru Вызван метод: sonet_group.user.get с параметрами: {"auth":"vldjnnicp32uvoh64ouq91wvcpj9bu75","ID":"12"} 
29.06.17 10:33:49 vkbitrix24.bitrix24.ru Вызван метод: crm.lead.update с параметрами: {"auth":"vldjnnicp32uvoh64ouq91wvcpj9bu75","id":"74","fields":{"ASSIGNED_BY_ID":"16"}} 
29.06.17 10:33:50 vkbitrix24.bitrix24.ru ОШИБКА: invalid_request(No "refresh_token" parameter found) 
29.06.17 10:33:51 vkbitrix24.bitrix24.ru ОШИБКА: invalid_request(No "refresh_token" parameter found) 
29.06.17 10:33:51 vkbitrix24.bitrix24.ru Вызван метод: crm.lead.get с параметрами: {"auth":"96d7z7tske1duo69ifw3vulov0ieu0vf","id":"74"} 
29.06.17 10:42:31 vkbitrix24.bitrix24.ru ОШИБКА: invalid_request(No "refresh_token" parameter found) 
29.06.17 10:42:31 vkbitrix24.bitrix24.ru ОШИБКА: invalid_request(No "refresh_token" parameter found) 
29.06.17 10:42:32 vkbitrix24.bitrix24.ru Вызван метод: crm.deal.get с параметрами: {"auth":"jxd2ks3hgm728dn72dp8y09cztedlkjg","id":"12"} 
29.06.17 10:45:53 vkbitrix24.bitrix24.ru ОШИБКА: invalid_request(No "refresh_token" parameter found) 
29.06.17 10:45:53 vkbitrix24.bitrix24.ru ОШИБКА: invalid_request(No "refresh_token" parameter found) 
29.06.17 10:45:54 vkbitrix24.bitrix24.ru Вызван метод: crm.deal.get с параметрами: {"auth":"vh1vtzdj0pyua9griwt19f16mjpmliy5","id":"14"} 
29.06.17 10:45:54 vkbitrix24.bitrix24.ru Вызван метод: sonet_group.user.get с параметрами: {"auth":"vh1vtzdj0pyua9griwt19f16mjpmliy5","ID":"12"} 
29.06.17 10:45:56 vkbitrix24.bitrix24.ru Вызван метод: crm.deal.update с параметрами: {"auth":"vh1vtzdj0pyua9griwt19f16mjpmliy5","id":"14","fields":{"ASSIGNED_BY_ID":"1"}} 
29.06.17 10:45:57 vkbitrix24.bitrix24.ru ОШИБКА: invalid_request(No "refresh_token" parameter found) 
29.06.17 10:45:57 vkbitrix24.bitrix24.ru ОШИБКА: invalid_request(No "refresh_token" parameter found) 
29.06.17 10:45:58 vkbitrix24.bitrix24.ru Вызван метод: crm.deal.get с параметрами: {"auth":"ilom5pa15m3aybv5kzsey2bq12if4anp","id":"14"} 
29.06.17 10:46:19 vkbitrix24.bitrix24.ru ОШИБКА: invalid_request(No "refresh_token" parameter found) 
29.06.17 10:46:19 vkbitrix24.bitrix24.ru ОШИБКА: invalid_request(No "refresh_token" parameter found) 
29.06.17 10:46:20 vkbitrix24.bitrix24.ru Вызван метод: crm.deal.get с параметрами: {"auth":"d5sehkk3vxt27z5qnhk1tf1fzqxsqhol","id":"14"} 
29.06.17 10:46:21 vkbitrix24.bitrix24.ru Вызван метод: crm.deal.update с параметрами: {"auth":"d5sehkk3vxt27z5qnhk1tf1fzqxsqhol","id":"14","fields":{"ASSIGNED_BY_ID":"16"}} 
29.06.17 10:46:23 vkbitrix24.bitrix24.ru ОШИБКА: invalid_request(No "refresh_token" parameter found) 
29.06.17 10:46:23 vkbitrix24.bitrix24.ru ОШИБКА: invalid_request(No "refresh_token" parameter found) 
29.06.17 10:46:23 vkbitrix24.bitrix24.ru Вызван метод: crm.deal.get с параметрами: {"auth":"xbmygvmwl9jjmhz3j1il8xajjgnrwnu3","id":"14"} 
29.06.17 10:46:48 vkbitrix24.bitrix24.ru ОШИБКА: invalid_request(No "refresh_token" parameter found) 
29.06.17 10:46:48 vkbitrix24.bitrix24.ru ОШИБКА: invalid_request(No "refresh_token" parameter found) 
29.06.17 10:46:49 vkbitrix24.bitrix24.ru Вызван метод: crm.deal.get с параметрами: {"auth":"pt861sk4k7j9z6w6nke1xaihvmnilg6d","id":"14"} 
29.06.17 11:22:28 vkbitrix24@gmail.com Вызван метод: user.current с параметрами: {"auth":"zd9m2w1qey0v8qajl05q4j06i9b2odqh"} 
29.06.17 11:22:29 vkbitrix24@gmail.com Вызван метод: crm.status.list с параметрами: {"auth":"zd9m2w1qey0v8qajl05q4j06i9b2odqh"} 
29.06.17 11:22:29 vkbitrix24@gmail.com Вызван метод: user.get с параметрами: {"auth":"zd9m2w1qey0v8qajl05q4j06i9b2odqh","order":"ASC","filter":{"ACTIVE":"1"},"start":0} 
29.06.17 11:22:30 vkbitrix24@gmail.com Вызван метод: sonet_group.get с параметрами: {"auth":"zd9m2w1qey0v8qajl05q4j06i9b2odqh","order":"ASC","filter":{"ACTIVE":"1"},"start":0} 
29.06.17 11:22:30 vkbitrix24@gmail.com Вызван метод: event.get с параметрами: {"auth":"zd9m2w1qey0v8qajl05q4j06i9b2odqh"} 
29.06.17 11:22:43 vkbitrix24@gmail.com Вызван метод: event.get с параметрами: {"auth":"zd9m2w1qey0v8qajl05q4j06i9b2odqh"} 
29.06.17 11:22:44 vkbitrix24@gmail.com Вызван метод: event.bind с параметрами: {"auth":"zd9m2w1qey0v8qajl05q4j06i9b2odqh","event":"onCrmLeadDelete","handler":"https:\/\/fishdayprod.ru\/stadia3\/deleteLead.php"} 
29.06.17 11:22:46 vkbitrix24@gmail.com Вызван метод: event.bind с параметрами: {"auth":"zd9m2w1qey0v8qajl05q4j06i9b2odqh","event":"onCrmDealDelete","handler":"https:\/\/fishdayprod.ru\/stadia3\/deleteDeal.php"} 
29.06.17 11:22:46 vkbitrix24@gmail.com ОШИБКА: ERROR_CORE(Unable to set event handler: Handler already binded) 
29.06.17 11:22:47 vkbitrix24@gmail.com ОШИБКА: ERROR_CORE(Unable to set event handler: Handler already binded) 
29.06.17 11:22:48 vkbitrix24@gmail.com ОШИБКА: ERROR_CORE(Unable to set event handler: Handler already binded) 
29.06.17 11:22:49 vkbitrix24@gmail.com ОШИБКА: ERROR_CORE(Unable to set event handler: Handler already binded) 
29.06.17 11:22:51 vkbitrix24@gmail.com ОШИБКА: ERROR_CORE(Unable to set event handler: Handler already binded) 
29.06.17 11:51:55 vkbitrix24@gmail.com Вызван метод: user.current с параметрами: {"auth":"p200r4rarxbnlk3xf19zm71k5kgom4zz"} 
29.06.17 11:51:55 vkbitrix24@gmail.com Вызван метод: crm.status.list с параметрами: {"auth":"p200r4rarxbnlk3xf19zm71k5kgom4zz"} 
29.06.17 11:51:56 vkbitrix24@gmail.com Вызван метод: user.get с параметрами: {"auth":"p200r4rarxbnlk3xf19zm71k5kgom4zz","order":"ASC","filter":{"ACTIVE":"1"},"start":0} 
29.06.17 11:51:56 vkbitrix24@gmail.com Вызван метод: sonet_group.get с параметрами: {"auth":"p200r4rarxbnlk3xf19zm71k5kgom4zz","order":"ASC","filter":{"ACTIVE":"1"},"start":0} 
29.06.17 11:51:56 vkbitrix24@gmail.com Вызван метод: event.get с параметрами: {"auth":"p200r4rarxbnlk3xf19zm71k5kgom4zz"} 
29.06.17 11:52:23 vkbitrix24@gmail.com Вызван метод: user.current с параметрами: {"auth":"0uqz02joza71pewdx33djoc2lk4nqwze"} 
29.06.17 11:52:23 vkbitrix24@gmail.com Вызван метод: crm.status.list с параметрами: {"auth":"0uqz02joza71pewdx33djoc2lk4nqwze"} 
29.06.17 11:52:24 vkbitrix24@gmail.com Вызван метод: user.get с параметрами: {"auth":"0uqz02joza71pewdx33djoc2lk4nqwze","order":"ASC","filter":{"ACTIVE":"1"},"start":0} 
29.06.17 11:52:24 vkbitrix24@gmail.com Вызван метод: sonet_group.get с параметрами: {"auth":"0uqz02joza71pewdx33djoc2lk4nqwze","order":"ASC","filter":{"ACTIVE":"1"},"start":0} 
29.06.17 11:52:24 vkbitrix24@gmail.com Вызван метод: event.get с параметрами: {"auth":"0uqz02joza71pewdx33djoc2lk4nqwze"} 
29.06.17 11:54:26 vkbitrix24@gmail.com Вызван метод: event.get с параметрами: {"auth":"0uqz02joza71pewdx33djoc2lk4nqwze"} 
29.06.17 11:54:26 vkbitrix24@gmail.com ОШИБКА: ERROR_CORE(Unable to set event handler: Handler already binded) 
29.06.17 11:54:27 vkbitrix24@gmail.com ОШИБКА: ERROR_CORE(Unable to set event handler: Handler already binded) 
29.06.17 11:54:28 vkbitrix24@gmail.com ОШИБКА: ERROR_CORE(Unable to set event handler: Handler already binded) 
29.06.17 11:54:28 vkbitrix24@gmail.com ОШИБКА: ERROR_CORE(Unable to set event handler: Handler already binded) 
29.06.17 11:54:29 vkbitrix24@gmail.com ОШИБКА: ERROR_CORE(Unable to set event handler: Handler already binded) 
29.06.17 11:54:29 vkbitrix24@gmail.com ОШИБКА: ERROR_CORE(Unable to set event handler: Handler already binded) 
29.06.17 11:54:30 vkbitrix24@gmail.com ОШИБКА: ERROR_CORE(Unable to set event handler: Handler already binded) 
29.06.17 11:55:02 vkbitrix24@gmail.com Вызван метод: user.current с параметрами: {"auth":"m50ohd2ftd2a0c7v6zbdg3fzfmkdu57c"} 
29.06.17 11:55:02 vkbitrix24@gmail.com Вызван метод: crm.status.list с параметрами: {"auth":"m50ohd2ftd2a0c7v6zbdg3fzfmkdu57c"} 
29.06.17 11:55:03 vkbitrix24@gmail.com Вызван метод: user.get с параметрами: {"auth":"m50ohd2ftd2a0c7v6zbdg3fzfmkdu57c","order":"ASC","filter":{"ACTIVE":"1"},"start":0} 
29.06.17 11:55:03 vkbitrix24@gmail.com Вызван метод: sonet_group.get с параметрами: {"auth":"m50ohd2ftd2a0c7v6zbdg3fzfmkdu57c","order":"ASC","filter":{"ACTIVE":"1"},"start":0} 
29.06.17 11:55:04 vkbitrix24@gmail.com Вызван метод: event.get с параметрами: {"auth":"m50ohd2ftd2a0c7v6zbdg3fzfmkdu57c"} 
29.06.17 11:55:29 vkbitrix24@gmail.com Вызван метод: user.current с параметрами: {"auth":"m4yojh6qapcml8z6z0ybgsqe3j9j28y8"} 
29.06.17 11:55:29 vkbitrix24@gmail.com Вызван метод: crm.status.list с параметрами: {"auth":"m4yojh6qapcml8z6z0ybgsqe3j9j28y8"} 
29.06.17 11:55:30 vkbitrix24@gmail.com Вызван метод: user.get с параметрами: {"auth":"m4yojh6qapcml8z6z0ybgsqe3j9j28y8","order":"ASC","filter":{"ACTIVE":"1"},"start":0} 
29.06.17 11:55:30 vkbitrix24@gmail.com Вызван метод: sonet_group.get с параметрами: {"auth":"m4yojh6qapcml8z6z0ybgsqe3j9j28y8","order":"ASC","filter":{"ACTIVE":"1"},"start":0} 
29.06.17 11:55:30 vkbitrix24@gmail.com Вызван метод: event.get с параметрами: {"auth":"m4yojh6qapcml8z6z0ybgsqe3j9j28y8"} 
29.06.17 11:56:07 vkbitrix24@gmail.com Вызван метод: event.get с параметрами: {"auth":"m4yojh6qapcml8z6z0ybgsqe3j9j28y8"} 
29.06.17 11:56:07 vkbitrix24@gmail.com ОШИБКА: ERROR_CORE(Unable to set event handler: Handler already binded) 
29.06.17 11:56:08 vkbitrix24@gmail.com ОШИБКА: ERROR_CORE(Unable to set event handler: Handler already binded) 
29.06.17 11:56:08 vkbitrix24@gmail.com ОШИБКА: ERROR_CORE(Unable to set event handler: Handler already binded) 
29.06.17 11:56:09 vkbitrix24@gmail.com ОШИБКА: ERROR_CORE(Unable to set event handler: Handler already binded) 
29.06.17 11:56:09 vkbitrix24@gmail.com ОШИБКА: ERROR_CORE(Unable to set event handler: Handler already binded) 
29.06.17 11:56:10 vkbitrix24@gmail.com ОШИБКА: ERROR_CORE(Unable to set event handler: Handler already binded) 
29.06.17 11:56:10 vkbitrix24@gmail.com ОШИБКА: ERROR_CORE(Unable to set event handler: Handler already binded) 
29.06.17 11:57:07 vkbitrix24@gmail.com Вызван метод: event.get с параметрами: {"auth":"m4yojh6qapcml8z6z0ybgsqe3j9j28y8"} 
29.06.17 11:57:08 vkbitrix24@gmail.com ОШИБКА: ERROR_CORE(Unable to set event handler: Handler already binded) 
29.06.17 11:57:08 vkbitrix24@gmail.com ОШИБКА: ERROR_CORE(Unable to set event handler: Handler already binded) 
29.06.17 11:57:09 vkbitrix24@gmail.com ОШИБКА: ERROR_CORE(Unable to set event handler: Handler already binded) 
29.06.17 11:57:09 vkbitrix24@gmail.com ОШИБКА: ERROR_CORE(Unable to set event handler: Handler already binded) 
29.06.17 11:57:10 vkbitrix24@gmail.com ОШИБКА: ERROR_CORE(Unable to set event handler: Handler already binded) 
29.06.17 11:57:10 vkbitrix24@gmail.com ОШИБКА: ERROR_CORE(Unable to set event handler: Handler already binded) 
29.06.17 11:57:11 vkbitrix24@gmail.com ОШИБКА: ERROR_CORE(Unable to set event handler: Handler already binded) 
29.06.17 11:57:34 vkbitrix24.bitrix24.ru ОШИБКА: invalid_request(No "refresh_token" parameter found) 
29.06.17 11:57:35 vkbitrix24.bitrix24.ru ОШИБКА: invalid_request(No "refresh_token" parameter found) 
29.06.17 11:57:35 vkbitrix24.bitrix24.ru Вызван метод: crm.lead.get с параметрами: {"auth":"0mfy45znyao87odg47sr4awfhlqtthot","id":"76"} 
29.06.17 11:57:37 vkbitrix24.bitrix24.ru Вызван метод: crm.lead.update с параметрами: {"auth":"0mfy45znyao87odg47sr4awfhlqtthot","id":"76","fields":{"ASSIGNED_BY_ID":"16"}} 
29.06.17 11:57:38 vkbitrix24.bitrix24.ru ОШИБКА: invalid_request(No "refresh_token" parameter found) 
29.06.17 11:57:38 vkbitrix24.bitrix24.ru ОШИБКА: invalid_request(No "refresh_token" parameter found) 
29.06.17 11:57:39 vkbitrix24.bitrix24.ru Вызван метод: crm.lead.get с параметрами: {"auth":"rgvg96kxvngkhxewlue51dxn8dtu2p1j","id":"76"} 
29.06.17 11:58:06 vkbitrix24.bitrix24.ru ОШИБКА: invalid_request(No "refresh_token" parameter found) 
29.06.17 11:58:07 vkbitrix24.bitrix24.ru ОШИБКА: invalid_request(No "refresh_token" parameter found) 
29.06.17 11:58:07 vkbitrix24.bitrix24.ru Вызван метод: crm.lead.get с параметрами: {"auth":"t4747q03dhzfkn25b0syuitf0kir4y69","id":"76"} 
29.06.17 11:58:14 vkbitrix24.bitrix24.ru ОШИБКА: invalid_request(No "refresh_token" parameter found) 
29.06.17 11:58:14 vkbitrix24.bitrix24.ru ОШИБКА: invalid_request(No "refresh_token" parameter found) 
29.06.17 11:58:14 vkbitrix24.bitrix24.ru Вызван метод: crm.lead.get с параметрами: {"auth":"x46jwghq23a2jrdotminjo2odto9b65o","id":"76"} 
29.06.17 11:58:16 vkbitrix24.bitrix24.ru Вызван метод: crm.lead.update с параметрами: {"auth":"x46jwghq23a2jrdotminjo2odto9b65o","id":"76","fields":{"ASSIGNED_BY_ID":"1"}} 
29.06.17 11:58:17 vkbitrix24.bitrix24.ru ОШИБКА: invalid_request(No "refresh_token" parameter found) 
29.06.17 11:58:17 vkbitrix24.bitrix24.ru ОШИБКА: invalid_request(No "refresh_token" parameter found) 
29.06.17 11:58:18 vkbitrix24.bitrix24.ru Вызван метод: crm.lead.get с параметрами: {"auth":"pmjb9xjl4mvjbp102srvuhk1qzz5ldep","id":"76"} 
29.06.17 13:12:48 vkbitrix24@gmail.com Вызван метод: user.current с параметрами: {"auth":"gnulabaxhqfb0g175l7ncrnxbs851n02"} 
29.06.17 13:12:48 vkbitrix24@gmail.com Вызван метод: crm.status.list с параметрами: {"auth":"gnulabaxhqfb0g175l7ncrnxbs851n02"} 
29.06.17 13:12:49 vkbitrix24@gmail.com Вызван метод: user.get с параметрами: {"auth":"gnulabaxhqfb0g175l7ncrnxbs851n02","order":"ASC","filter":{"ACTIVE":"1"},"start":0} 
29.06.17 13:12:49 vkbitrix24@gmail.com Вызван метод: sonet_group.get с параметрами: {"auth":"gnulabaxhqfb0g175l7ncrnxbs851n02","order":"ASC","filter":{"ACTIVE":"1"},"start":0} 
29.06.17 13:12:49 vkbitrix24@gmail.com Вызван метод: event.get с параметрами: {"auth":"gnulabaxhqfb0g175l7ncrnxbs851n02"} 
29.06.17 13:13:06 vkbitrix24@gmail.com Вызван метод: event.get с параметрами: {"auth":"gnulabaxhqfb0g175l7ncrnxbs851n02"} 
29.06.17 13:13:07 vkbitrix24@gmail.com ОШИБКА: ERROR_CORE(Unable to set event handler: Handler already binded) 
29.06.17 13:13:07 vkbitrix24@gmail.com ОШИБКА: ERROR_CORE(Unable to set event handler: Handler already binded) 
29.06.17 13:13:08 vkbitrix24@gmail.com ОШИБКА: ERROR_CORE(Unable to set event handler: Handler already binded) 
29.06.17 13:13:08 vkbitrix24@gmail.com ОШИБКА: ERROR_CORE(Unable to set event handler: Handler already binded) 
29.06.17 13:13:09 vkbitrix24@gmail.com ОШИБКА: ERROR_CORE(Unable to set event handler: Handler already binded) 
29.06.17 13:13:09 vkbitrix24@gmail.com ОШИБКА: ERROR_CORE(Unable to set event handler: Handler already binded) 
29.06.17 13:13:10 vkbitrix24@gmail.com ОШИБКА: ERROR_CORE(Unable to set event handler: Handler already binded) 
29.06.17 13:13:13 vkbitrix24@gmail.com Вызван метод: user.current с параметрами: {"auth":"xoz513o5qvg1fqopr2phlfi1xzaoi3rh"} 
29.06.17 13:13:13 vkbitrix24@gmail.com Вызван метод: crm.status.list с параметрами: {"auth":"xoz513o5qvg1fqopr2phlfi1xzaoi3rh"} 
29.06.17 13:13:14 vkbitrix24@gmail.com Вызван метод: user.get с параметрами: {"auth":"xoz513o5qvg1fqopr2phlfi1xzaoi3rh","order":"ASC","filter":{"ACTIVE":"1"},"start":0} 
29.06.17 13:13:14 vkbitrix24@gmail.com Вызван метод: sonet_group.get с параметрами: {"auth":"xoz513o5qvg1fqopr2phlfi1xzaoi3rh","order":"ASC","filter":{"ACTIVE":"1"},"start":0} 
29.06.17 13:13:14 vkbitrix24@gmail.com Вызван метод: event.get с параметрами: {"auth":"xoz513o5qvg1fqopr2phlfi1xzaoi3rh"} 
29.06.17 13:14:06 vkbitrix24@gmail.com Вызван метод: user.current с параметрами: {"auth":"0s0dw2s4ntx15hnzv6bew3ddlc3yf8ir"} 
29.06.17 13:14:06 vkbitrix24@gmail.com Вызван метод: crm.status.list с параметрами: {"auth":"0s0dw2s4ntx15hnzv6bew3ddlc3yf8ir"} 
29.06.17 13:14:07 vkbitrix24@gmail.com Вызван метод: user.get с параметрами: {"auth":"0s0dw2s4ntx15hnzv6bew3ddlc3yf8ir","order":"ASC","filter":{"ACTIVE":"1"},"start":0} 
29.06.17 13:14:07 vkbitrix24@gmail.com Вызван метод: sonet_group.get с параметрами: {"auth":"0s0dw2s4ntx15hnzv6bew3ddlc3yf8ir","order":"ASC","filter":{"ACTIVE":"1"},"start":0} 
29.06.17 13:14:07 vkbitrix24@gmail.com Вызван метод: event.get с параметрами: {"auth":"0s0dw2s4ntx15hnzv6bew3ddlc3yf8ir"} 
29.06.17 13:14:19 vkbitrix24@gmail.com Вызван метод: event.get с параметрами: {"auth":"0s0dw2s4ntx15hnzv6bew3ddlc3yf8ir"} 
29.06.17 13:14:20 vkbitrix24@gmail.com ОШИБКА: ERROR_CORE(Unable to set event handler: Handler already binded) 
29.06.17 13:14:20 vkbitrix24@gmail.com ОШИБКА: ERROR_CORE(Unable to set event handler: Handler already binded) 
29.06.17 13:14:21 vkbitrix24@gmail.com ОШИБКА: ERROR_CORE(Unable to set event handler: Handler already binded) 
29.06.17 13:14:21 vkbitrix24@gmail.com ОШИБКА: ERROR_CORE(Unable to set event handler: Handler already binded) 
29.06.17 13:14:22 vkbitrix24@gmail.com ОШИБКА: ERROR_CORE(Unable to set event handler: Handler already binded) 
29.06.17 13:14:22 vkbitrix24@gmail.com ОШИБКА: ERROR_CORE(Unable to set event handler: Handler already binded) 
29.06.17 13:14:23 vkbitrix24@gmail.com ОШИБКА: ERROR_CORE(Unable to set event handler: Handler already binded) 
29.06.17 13:14:50 vkbitrix24@gmail.com Вызван метод: user.current с параметрами: {"auth":"jt26digfu9dlfdfyay0tyajlrgv7bc6f"} 
29.06.17 13:14:50 vkbitrix24@gmail.com Вызван метод: crm.status.list с параметрами: {"auth":"jt26digfu9dlfdfyay0tyajlrgv7bc6f"} 
29.06.17 13:14:51 vkbitrix24@gmail.com Вызван метод: user.get с параметрами: {"auth":"jt26digfu9dlfdfyay0tyajlrgv7bc6f","order":"ASC","filter":{"ACTIVE":"1"},"start":0} 
29.06.17 13:14:51 vkbitrix24@gmail.com Вызван метод: sonet_group.get с параметрами: {"auth":"jt26digfu9dlfdfyay0tyajlrgv7bc6f","order":"ASC","filter":{"ACTIVE":"1"},"start":0} 
29.06.17 13:14:51 vkbitrix24@gmail.com Вызван метод: event.get с параметрами: {"auth":"jt26digfu9dlfdfyay0tyajlrgv7bc6f"} 
29.06.17 13:52:39 vkbitrix24@gmail.com Вызван метод: crm.status.list с параметрами: {"auth":"2atrtbmnpdfue1rlvvfxxe9vdxopo3zy"} 
29.06.17 13:52:40 vkbitrix24@gmail.com Вызван метод: user.get с параметрами: {"auth":"2atrtbmnpdfue1rlvvfxxe9vdxopo3zy","order":"ASC","filter":{"ACTIVE":"1"},"start":0} 
29.06.17 13:52:40 vkbitrix24@gmail.com Вызван метод: sonet_group.get с параметрами: {"auth":"2atrtbmnpdfue1rlvvfxxe9vdxopo3zy","order":"ASC","filter":{"ACTIVE":"1"},"start":0} 
29.06.17 13:52:40 vkbitrix24@gmail.com Вызван метод: event.get с параметрами: {"auth":"2atrtbmnpdfue1rlvvfxxe9vdxopo3zy"} 
29.06.17 13:55:09 vkbitrix24@gmail.com Вызван метод: user.current с параметрами: {"auth":"oi9v4j0r0c0lzaaen0zc644lhejmwzyq"} 
29.06.17 13:55:09 vkbitrix24@gmail.com Вызван метод: crm.status.list с параметрами: {"auth":"oi9v4j0r0c0lzaaen0zc644lhejmwzyq"} 
29.06.17 13:55:10 vkbitrix24@gmail.com Вызван метод: user.get с параметрами: {"auth":"oi9v4j0r0c0lzaaen0zc644lhejmwzyq","order":"ASC","filter":{"ACTIVE":"1"},"start":0} 
29.06.17 13:55:10 vkbitrix24@gmail.com Вызван метод: sonet_group.get с параметрами: {"auth":"oi9v4j0r0c0lzaaen0zc644lhejmwzyq","order":"ASC","filter":{"ACTIVE":"1"},"start":0} 
29.06.17 13:55:10 vkbitrix24@gmail.com Вызван метод: event.get с параметрами: {"auth":"oi9v4j0r0c0lzaaen0zc644lhejmwzyq"} 
29.06.17 13:56:32 vkbitrix24@gmail.com Вызван метод: user.current с параметрами: {"auth":"01c7z6jqclkyzul43e20zgp0le9t55al"} 
29.06.17 13:56:32 vkbitrix24@gmail.com Вызван метод: crm.status.list с параметрами: {"auth":"01c7z6jqclkyzul43e20zgp0le9t55al"} 
29.06.17 13:56:33 vkbitrix24@gmail.com Вызван метод: user.get с параметрами: {"auth":"01c7z6jqclkyzul43e20zgp0le9t55al","order":"ASC","filter":{"ACTIVE":"1"},"start":0} 
29.06.17 13:56:33 vkbitrix24@gmail.com Вызван метод: sonet_group.get с параметрами: {"auth":"01c7z6jqclkyzul43e20zgp0le9t55al","order":"ASC","filter":{"ACTIVE":"1"},"start":0} 
29.06.17 13:56:33 vkbitrix24@gmail.com Вызван метод: event.get с параметрами: {"auth":"01c7z6jqclkyzul43e20zgp0le9t55al"} 
29.06.17 13:56:44 vkbitrix24@gmail.com Вызван метод: user.current с параметрами: {"auth":"k3329zbrmkb9ren3caehtj1c7ek8jtm8"} 
29.06.17 13:56:44 vkbitrix24@gmail.com Вызван метод: crm.status.list с параметрами: {"auth":"k3329zbrmkb9ren3caehtj1c7ek8jtm8"} 
29.06.17 13:56:45 vkbitrix24@gmail.com Вызван метод: user.get с параметрами: {"auth":"k3329zbrmkb9ren3caehtj1c7ek8jtm8","order":"ASC","filter":{"ACTIVE":"1"},"start":0} 
29.06.17 13:56:45 vkbitrix24@gmail.com Вызван метод: sonet_group.get с параметрами: {"auth":"k3329zbrmkb9ren3caehtj1c7ek8jtm8","order":"ASC","filter":{"ACTIVE":"1"},"start":0} 
29.06.17 13:56:45 vkbitrix24@gmail.com Вызван метод: event.get с параметрами: {"auth":"k3329zbrmkb9ren3caehtj1c7ek8jtm8"} 
29.06.17 14:00:26 vkbitrix24.bitrix24.ru ОШИБКА: invalid_request(No "refresh_token" parameter found) 
29.06.17 14:00:26 vkbitrix24.bitrix24.ru ОШИБКА: invalid_request(No "refresh_token" parameter found) 
29.06.17 14:00:27 vkbitrix24.bitrix24.ru Вызван метод: crm.lead.get с параметрами: {"auth":"fluwf3kf5cil4gpb2hba03m13m45merw","id":"78"} 
29.06.17 14:00:34 vkbitrix24.bitrix24.ru ОШИБКА: invalid_request(No "refresh_token" parameter found) 
29.06.17 14:00:34 vkbitrix24.bitrix24.ru ОШИБКА: invalid_request(No "refresh_token" parameter found) 
29.06.17 14:00:35 vkbitrix24.bitrix24.ru Вызван метод: crm.lead.get с параметрами: {"auth":"ylv9k3ot1ncv4u7it8bbcpn3d7g272m3","id":"80"} 
29.06.17 14:00:37 vkbitrix24.bitrix24.ru ОШИБКА: invalid_request(No "refresh_token" parameter found) 
29.06.17 14:00:37 vkbitrix24.bitrix24.ru ОШИБКА: invalid_request(No "refresh_token" parameter found) 
29.06.17 14:00:38 vkbitrix24.bitrix24.ru Вызван метод: crm.lead.get с параметрами: {"auth":"13d9vh4ab35u6s7viv238szj9q9t0zku","id":"82"} 
29.06.17 14:01:12 vkbitrix24@gmail.com Вызван метод: sonet_group.user.get с параметрами: {"auth":"k3329zbrmkb9ren3caehtj1c7ek8jtm8","ID":"14"} 
29.06.17 14:01:13 vkbitrix24@gmail.com Вызван метод: event.get с параметрами: {"auth":"k3329zbrmkb9ren3caehtj1c7ek8jtm8"} 
29.06.17 14:01:13 vkbitrix24@gmail.com ОШИБКА: ERROR_CORE(Unable to set event handler: Handler already binded) 
29.06.17 14:01:14 vkbitrix24@gmail.com ОШИБКА: ERROR_CORE(Unable to set event handler: Handler already binded) 
29.06.17 14:01:14 vkbitrix24@gmail.com ОШИБКА: ERROR_CORE(Unable to set event handler: Handler already binded) 
29.06.17 14:01:15 vkbitrix24@gmail.com ОШИБКА: ERROR_CORE(Unable to set event handler: Handler already binded) 
29.06.17 14:01:15 vkbitrix24@gmail.com ОШИБКА: ERROR_CORE(Unable to set event handler: Handler already binded) 
29.06.17 14:01:16 vkbitrix24@gmail.com ОШИБКА: ERROR_CORE(Unable to set event handler: Handler already binded) 
29.06.17 14:01:16 vkbitrix24@gmail.com ОШИБКА: ERROR_CORE(Unable to set event handler: Handler already binded) 
29.06.17 14:01:33 vkbitrix24.bitrix24.ru ОШИБКА: invalid_request(No "refresh_token" parameter found) 
29.06.17 14:01:33 vkbitrix24.bitrix24.ru ОШИБКА: invalid_request(No "refresh_token" parameter found) 
29.06.17 14:01:34 vkbitrix24.bitrix24.ru Вызван метод: crm.lead.get с параметрами: {"auth":"3304dke35z747b4z1l3hi02pou8wq15j","id":"84"} 
29.06.17 14:01:34 vkbitrix24.bitrix24.ru Вызван метод: sonet_group.user.get с параметрами: {"auth":"3304dke35z747b4z1l3hi02pou8wq15j","ID":"14"} 
29.06.17 14:01:35 vkbitrix24.bitrix24.ru Вызван метод: crm.lead.update с параметрами: {"auth":"3304dke35z747b4z1l3hi02pou8wq15j","id":"84","fields":{"ASSIGNED_BY_ID":"18"}} 
29.06.17 14:01:36 vkbitrix24.bitrix24.ru ОШИБКА: invalid_request(No "refresh_token" parameter found) 
29.06.17 14:01:37 vkbitrix24.bitrix24.ru ОШИБКА: invalid_request(No "refresh_token" parameter found) 
29.06.17 14:01:37 vkbitrix24.bitrix24.ru Вызван метод: crm.lead.get с параметрами: {"auth":"7gp1yjxgu3zkn43jm01w26i9f9fjfe8i","id":"84"} 
29.06.17 14:01:53 vkbitrix24@gmail.com Вызван метод: event.get с параметрами: {"auth":"k3329zbrmkb9ren3caehtj1c7ek8jtm8"} 
29.06.17 14:01:54 vkbitrix24@gmail.com ОШИБКА: ERROR_CORE(Unable to set event handler: Handler already binded) 
29.06.17 14:01:54 vkbitrix24@gmail.com ОШИБКА: ERROR_CORE(Unable to set event handler: Handler already binded) 
29.06.17 14:01:55 vkbitrix24@gmail.com ОШИБКА: ERROR_CORE(Unable to set event handler: Handler already binded) 
29.06.17 14:01:55 vkbitrix24@gmail.com ОШИБКА: ERROR_CORE(Unable to set event handler: Handler already binded) 
29.06.17 14:01:56 vkbitrix24@gmail.com ОШИБКА: ERROR_CORE(Unable to set event handler: Handler already binded) 
29.06.17 14:01:56 vkbitrix24@gmail.com ОШИБКА: ERROR_CORE(Unable to set event handler: Handler already binded) 
29.06.17 14:01:57 vkbitrix24@gmail.com ОШИБКА: ERROR_CORE(Unable to set event handler: Handler already binded) 
29.06.17 14:03:40 vkbitrix24@gmail.com Вызван метод: event.get с параметрами: {"auth":"k3329zbrmkb9ren3caehtj1c7ek8jtm8"} 
29.06.17 14:03:40 vkbitrix24@gmail.com ОШИБКА: ERROR_CORE(Unable to set event handler: Handler already binded) 
29.06.17 14:03:41 vkbitrix24@gmail.com ОШИБКА: ERROR_CORE(Unable to set event handler: Handler already binded) 
29.06.17 14:03:41 vkbitrix24@gmail.com ОШИБКА: ERROR_CORE(Unable to set event handler: Handler already binded) 
29.06.17 14:03:42 vkbitrix24@gmail.com ОШИБКА: ERROR_CORE(Unable to set event handler: Handler already binded) 
29.06.17 14:03:42 vkbitrix24@gmail.com ОШИБКА: ERROR_CORE(Unable to set event handler: Handler already binded) 
29.06.17 14:03:43 vkbitrix24@gmail.com ОШИБКА: ERROR_CORE(Unable to set event handler: Handler already binded) 
29.06.17 14:03:44 vkbitrix24@gmail.com ОШИБКА: ERROR_CORE(Unable to set event handler: Handler already binded) 
29.06.17 14:03:57 vkbitrix24.bitrix24.ru ОШИБКА: invalid_request(No "refresh_token" parameter found) 
29.06.17 14:03:57 vkbitrix24.bitrix24.ru ОШИБКА: invalid_request(No "refresh_token" parameter found) 
29.06.17 14:03:58 vkbitrix24.bitrix24.ru Вызван метод: crm.lead.get с параметрами: {"auth":"hfrjojl1bd5bq1evuigz1tt2313z572k","id":"86"} 
29.06.17 14:03:58 vkbitrix24.bitrix24.ru Вызван метод: sonet_group.user.get с параметрами: {"auth":"hfrjojl1bd5bq1evuigz1tt2313z572k","ID":"14"} 
29.06.17 14:03:59 vkbitrix24.bitrix24.ru Вызван метод: crm.lead.update с параметрами: {"auth":"hfrjojl1bd5bq1evuigz1tt2313z572k","id":"86","fields":{"ASSIGNED_BY_ID":"6"}} 
29.06.17 14:04:00 vkbitrix24.bitrix24.ru ОШИБКА: invalid_request(No "refresh_token" parameter found) 
29.06.17 14:04:01 vkbitrix24.bitrix24.ru ОШИБКА: invalid_request(No "refresh_token" parameter found) 
29.06.17 14:04:01 vkbitrix24.bitrix24.ru Вызван метод: crm.lead.get с параметрами: {"auth":"xmwga5jubxvplaw3rib6hj2x52edkz9s","id":"86"} 
29.06.17 14:04:05 vkbitrix24.bitrix24.ru ОШИБКА: invalid_request(No "refresh_token" parameter found) 
29.06.17 14:04:06 vkbitrix24.bitrix24.ru ОШИБКА: invalid_request(No "refresh_token" parameter found) 
29.06.17 14:04:06 vkbitrix24.bitrix24.ru Вызван метод: crm.lead.get с параметрами: {"auth":"3avpzdo53iotl683ll3zx0tr87yvq1kq","id":"88"} 
29.06.17 14:04:06 vkbitrix24.bitrix24.ru Вызван метод: sonet_group.user.get с параметрами: {"auth":"3avpzdo53iotl683ll3zx0tr87yvq1kq","ID":"14"} 
29.06.17 14:04:08 vkbitrix24.bitrix24.ru Вызван метод: crm.lead.update с параметрами: {"auth":"3avpzdo53iotl683ll3zx0tr87yvq1kq","id":"88","fields":{"ASSIGNED_BY_ID":"18"}} 
29.06.17 14:04:09 vkbitrix24.bitrix24.ru ОШИБКА: invalid_request(No "refresh_token" parameter found) 
29.06.17 14:04:09 vkbitrix24.bitrix24.ru ОШИБКА: invalid_request(No "refresh_token" parameter found) 
29.06.17 14:04:10 vkbitrix24.bitrix24.ru Вызван метод: crm.lead.get с параметрами: {"auth":"cy7dmi5g5o5x5yqcpaif66asqn02qma8","id":"88"} 
29.06.17 14:06:28 vkbitrix24@gmail.com Вызван метод: event.get с параметрами: {"auth":"k3329zbrmkb9ren3caehtj1c7ek8jtm8"} 
29.06.17 14:06:29 vkbitrix24@gmail.com ОШИБКА: ERROR_CORE(Unable to set event handler: Handler already binded) 
29.06.17 14:06:29 vkbitrix24@gmail.com ОШИБКА: ERROR_CORE(Unable to set event handler: Handler already binded) 
29.06.17 14:06:30 vkbitrix24@gmail.com ОШИБКА: ERROR_CORE(Unable to set event handler: Handler already binded) 
29.06.17 14:06:30 vkbitrix24@gmail.com ОШИБКА: ERROR_CORE(Unable to set event handler: Handler already binded) 
29.06.17 14:06:31 vkbitrix24@gmail.com ОШИБКА: ERROR_CORE(Unable to set event handler: Handler already binded) 
29.06.17 14:06:31 vkbitrix24@gmail.com ОШИБКА: ERROR_CORE(Unable to set event handler: Handler already binded) 
29.06.17 14:06:32 vkbitrix24@gmail.com ОШИБКА: ERROR_CORE(Unable to set event handler: Handler already binded) 
29.06.17 14:10:01 vkbitrix24@gmail.com Вызван метод: event.get с параметрами: {"auth":"k3329zbrmkb9ren3caehtj1c7ek8jtm8"} 
29.06.17 14:10:02 vkbitrix24@gmail.com ОШИБКА: ERROR_CORE(Unable to set event handler: Handler already binded) 
29.06.17 14:10:03 vkbitrix24@gmail.com ОШИБКА: ERROR_CORE(Unable to set event handler: Handler already binded) 
29.06.17 14:10:03 vkbitrix24@gmail.com ОШИБКА: ERROR_CORE(Unable to set event handler: Handler already binded) 
29.06.17 14:10:04 vkbitrix24@gmail.com ОШИБКА: ERROR_CORE(Unable to set event handler: Handler already binded) 
29.06.17 14:10:04 vkbitrix24@gmail.com ОШИБКА: ERROR_CORE(Unable to set event handler: Handler already binded) 
29.06.17 14:10:05 vkbitrix24@gmail.com ОШИБКА: ERROR_CORE(Unable to set event handler: Handler already binded) 
29.06.17 14:10:05 vkbitrix24@gmail.com ОШИБКА: ERROR_CORE(Unable to set event handler: Handler already binded) 
29.06.17 14:10:26 vkbitrix24.bitrix24.ru ОШИБКА: invalid_request(No "refresh_token" parameter found) 
29.06.17 14:10:26 vkbitrix24.bitrix24.ru ОШИБКА: invalid_request(No "refresh_token" parameter found) 
29.06.17 14:10:27 vkbitrix24.bitrix24.ru Вызван метод: crm.lead.get с параметрами: {"auth":"yfiat2f95aqs9unfrmnn5z5kdsx30wa4","id":"90"} 
29.06.17 14:10:27 vkbitrix24.bitrix24.ru Вызван метод: sonet_group.user.get с параметрами: {"auth":"yfiat2f95aqs9unfrmnn5z5kdsx30wa4","ID":"14"} 
29.06.17 14:10:28 vkbitrix24.bitrix24.ru Вызван метод: crm.lead.update с параметрами: {"auth":"yfiat2f95aqs9unfrmnn5z5kdsx30wa4","id":"90","fields":{"ASSIGNED_BY_ID":"6"}} 
29.06.17 14:10:30 vkbitrix24.bitrix24.ru ОШИБКА: invalid_request(No "refresh_token" parameter found) 
29.06.17 14:10:30 vkbitrix24.bitrix24.ru ОШИБКА: invalid_request(No "refresh_token" parameter found) 
29.06.17 14:10:31 vkbitrix24.bitrix24.ru Вызван метод: crm.lead.get с параметрами: {"auth":"q00fdks0s0s0ubt85r9zxbpcfkz8ho4s","id":"90"} 
29.06.17 14:10:36 vkbitrix24.bitrix24.ru ОШИБКА: invalid_request(No "refresh_token" parameter found) 
29.06.17 14:10:36 vkbitrix24.bitrix24.ru ОШИБКА: invalid_request(No "refresh_token" parameter found) 
29.06.17 14:10:37 vkbitrix24.bitrix24.ru Вызван метод: crm.lead.get с параметрами: {"auth":"hg4ogumg9nlw0pw3nxvmrttxuss7fbmo","id":"92"} 
29.06.17 14:10:37 vkbitrix24.bitrix24.ru Вызван метод: sonet_group.user.get с параметрами: {"auth":"hg4ogumg9nlw0pw3nxvmrttxuss7fbmo","ID":"14"} 
29.06.17 14:10:38 vkbitrix24.bitrix24.ru Вызван метод: crm.lead.update с параметрами: {"auth":"hg4ogumg9nlw0pw3nxvmrttxuss7fbmo","id":"92","fields":{"ASSIGNED_BY_ID":"18"}} 
29.06.17 14:10:40 vkbitrix24.bitrix24.ru ОШИБКА: invalid_request(No "refresh_token" parameter found) 
29.06.17 14:10:40 vkbitrix24.bitrix24.ru ОШИБКА: invalid_request(No "refresh_token" parameter found) 
29.06.17 14:10:40 vkbitrix24.bitrix24.ru Вызван метод: crm.lead.get с параметрами: {"auth":"yqyza3t1l1qp0y442pmmdy1vtzb5wmvn","id":"92"} 
29.06.17 14:10:45 vkbitrix24.bitrix24.ru ОШИБКА: invalid_request(No "refresh_token" parameter found) 
29.06.17 14:10:45 vkbitrix24.bitrix24.ru ОШИБКА: invalid_request(No "refresh_token" parameter found) 
29.06.17 14:10:46 vkbitrix24.bitrix24.ru Вызван метод: crm.lead.get с параметрами: {"auth":"f9mevdf5gmvn5p2clcsi9g59dq8u0ng8","id":"94"} 
29.06.17 14:10:46 vkbitrix24.bitrix24.ru Вызван метод: sonet_group.user.get с параметрами: {"auth":"f9mevdf5gmvn5p2clcsi9g59dq8u0ng8","ID":"14"} 
29.06.17 14:10:47 vkbitrix24.bitrix24.ru Вызван метод: crm.lead.update с параметрами: {"auth":"f9mevdf5gmvn5p2clcsi9g59dq8u0ng8","id":"94","fields":{"ASSIGNED_BY_ID":"6"}} 
29.06.17 14:10:48 vkbitrix24.bitrix24.ru ОШИБКА: invalid_request(No "refresh_token" parameter found) 
29.06.17 14:10:49 vkbitrix24.bitrix24.ru ОШИБКА: invalid_request(No "refresh_token" parameter found) 
29.06.17 14:10:49 vkbitrix24.bitrix24.ru Вызван метод: crm.lead.get с параметрами: {"auth":"quuwxwbsl1ig3j2lnyql116udjxxr0g5","id":"94"} 
29.06.17 15:19:39 vkbitrix24@gmail.com Вызван метод: crm.status.list с параметрами: {"auth":"5c4ltjqprdhmkxejp2kbxharj4gg0c4z"} 
29.06.17 15:19:39 vkbitrix24@gmail.com ОШИБКА: invalid_grant() 
29.06.17 15:19:39 vkbitrix24@gmail.com ОШИБКА: invalid_grant() 
29.06.17 15:19:39 vkbitrix24@gmail.com Вызван метод: user.get с параметрами: {"auth":"5c4ltjqprdhmkxejp2kbxharj4gg0c4z","order":"ASC","filter":{"ACTIVE":"1"},"start":0} 
29.06.17 15:19:39 vkbitrix24@gmail.com Вызван метод: sonet_group.get с параметрами: {"auth":"5c4ltjqprdhmkxejp2kbxharj4gg0c4z","order":"ASC","filter":{"ACTIVE":"1"},"start":0} 
29.06.17 15:19:40 vkbitrix24@gmail.com Вызван метод: event.get с параметрами: {"auth":"5c4ltjqprdhmkxejp2kbxharj4gg0c4z"} 
29.06.17 15:23:20 vkbitrix24@gmail.com ОШИБКА: invalid_grant() 
29.06.17 15:23:21 vkbitrix24@gmail.com Вызван метод: user.current с параметрами: {"auth":"cbwx9z6emapr63m9lj7bcktb4qzp4zc7"} 
29.06.17 15:23:21 vkbitrix24@gmail.com Вызван метод: crm.status.list с параметрами: {"auth":"cbwx9z6emapr63m9lj7bcktb4qzp4zc7"} 
29.06.17 15:23:22 vkbitrix24@gmail.com ОШИБКА: invalid_grant() 
29.06.17 15:23:22 vkbitrix24@gmail.com ОШИБКА: invalid_grant() 
29.06.17 15:23:22 vkbitrix24@gmail.com Вызван метод: user.get с параметрами: {"auth":"cbwx9z6emapr63m9lj7bcktb4qzp4zc7","order":"ASC","filter":{"ACTIVE":"1"},"start":0} 
29.06.17 15:23:22 vkbitrix24@gmail.com Вызван метод: sonet_group.get с параметрами: {"auth":"cbwx9z6emapr63m9lj7bcktb4qzp4zc7","order":"ASC","filter":{"ACTIVE":"1"},"start":0} 
29.06.17 15:23:22 vkbitrix24@gmail.com Вызван метод: event.get с параметрами: {"auth":"cbwx9z6emapr63m9lj7bcktb4qzp4zc7"} 
