01.05.17 08:54:32 Вызван метод: user.current с параметрами: {"auth":"vbyabqtt3tgbdqlloc3o70kddfdj14di"} 
01.05.17 08:54:33 Вызван метод: crm.dealcategory.stage.list с параметрами: {"auth":"km76c27smm0wcs3znd4dmxyzuuvijubt"} 
01.05.17 08:54:34 Вызван метод: user.get с параметрами: {"auth":"lh670v0ltlfq3wrx6jg2d5jvhiv1nok1"} 
01.05.17 11:50:31 Вызван метод: user.current с параметрами: {"auth":"4gg4byu93ksoxrbgtumgev2402cb5i0t"} 
01.05.17 11:50:32 Вызван метод: crm.dealcategory.stage.list с параметрами: {"auth":"8cryqyzxvj3ocdzwcu7fi9cm3uj94ejd"} 
01.05.17 11:50:33 Вызван метод: user.get с параметрами: {"auth":"q2u3h2az69j1ea00ecyusugmj27dlahh"} 
01.05.17 11:51:07 Вызван метод: user.current с параметрами: {"auth":"6j4wvvmaeg0o3iu0dz674t48dofdpppt"} 
01.05.17 11:51:07 Вызван метод: crm.dealcategory.stage.list с параметрами: {"auth":"d5hsealukv4md2308kwkn5z108dt51fw"} 
01.05.17 11:51:08 Вызван метод: user.get с параметрами: {"auth":"vsui3socm9oajj7uaurgseqytmgy2ozn"} 
01.05.17 11:51:33 Вызван метод: user.current с параметрами: {"auth":"7uqm1aniiiigvtuwu4w3rsqvsn844p55"} 
01.05.17 11:51:33 Вызван метод: crm.dealcategory.stage.list с параметрами: {"auth":"10mzhk0niudoinc3y8ms9lzzirx6uncu"} 
01.05.17 11:51:34 Вызван метод: user.get с параметрами: {"auth":"tyce0wc1eeb2su8d1qrhea9djbzgumbv"} 
01.05.17 11:56:32 Вызван метод: user.current с параметрами: {"auth":"b2kqp3ousxfcvke93g38kuz89tvqbi5d"} 
01.05.17 11:56:33 Вызван метод: crm.dealcategory.stage.list с параметрами: {"auth":"97x4wl6bf17rkc5owvzr280yiz0ib5gr"} 
01.05.17 11:56:33 Вызван метод: user.get с параметрами: {"auth":"i7qpd809intw4ledy7br8tox5xsf37s3"} 
01.05.17 11:58:02 Вызван метод: user.current с параметрами: {"auth":"jcpxo6tjn5f3jijgvqnq9jlamasdml7l"} 
01.05.17 11:58:03 Вызван метод: crm.dealcategory.stage.list с параметрами: {"auth":"858adp347vk6c7rizhyafhxgxb4v991o"} 
01.05.17 11:58:04 Вызван метод: user.get с параметрами: {"auth":"u891qir94rdd2a77e20tvyljdeexttsk"} 
01.05.17 11:58:17 Вызван метод: user.current с параметрами: {"auth":"zrg4u3hogf8ap8xz5i0izgag1eqfry7z"} 
01.05.17 11:58:17 Вызван метод: crm.dealcategory.stage.list с параметрами: {"auth":"z7eeg3351b38ve8r02r4buu4bh23eqoc"} 
01.05.17 11:58:18 Вызван метод: user.get с параметрами: {"auth":"4yfaupjh9brxxu3oorwq3fq21226mafn"} 
01.05.17 12:05:31 Вызван метод: user.current с параметрами: {"auth":"vni9no9s95jqdwyrywpirb3gbwucyl7m"} 
01.05.17 12:05:32 Вызван метод: crm.dealcategory.stage.list с параметрами: {"auth":"gc5xsgciydi50txmuslgybjhwu157lcx"} 
01.05.17 12:05:33 Вызван метод: user.get с параметрами: {"auth":"3zrsitk6f0cuqu5xurfw6z2q22xwx2hw"} 
01.05.17 12:05:45 Вызван метод: user.current с параметрами: {"auth":"279s27n9ktyv38wsi1z5p3f60eyb1gzm"} 
01.05.17 12:05:46 Вызван метод: crm.dealcategory.stage.list с параметрами: {"auth":"twh1mr2vekpw1h2k2qqk10nfqoups5hn"} 
01.05.17 12:05:47 Вызван метод: user.get с параметрами: {"auth":"z3zupcxljk62vnplzfo41s5o60mx828x"} 
01.05.17 12:06:11 Вызван метод: user.current с параметрами: {"auth":"c329pzuamd5gxv52kg02qwsxm9a19yh8"} 
01.05.17 12:06:12 Вызван метод: crm.dealcategory.stage.list с параметрами: {"auth":"kfjqohtb3wmv4cah5x6a2b6w1nsxybpx"} 
01.05.17 12:06:13 Вызван метод: user.get с параметрами: {"auth":"r8df55gjulg9okq3j968dt3m5o81l3nq"} 
01.05.17 12:08:30 Вызван метод: user.current с параметрами: {"auth":"ophld4x9ub94u2h9uogzmur0wjs7w64b"} 
01.05.17 12:08:31 Вызван метод: crm.dealcategory.stage.list с параметрами: {"auth":"6hxzejaks7oipznzlxb1pge56vrgam0k"} 
01.05.17 12:08:32 Вызван метод: user.get с параметрами: {"auth":"0rqr5pmgfghulvrivn4b9cqkc68guhmd"} 
01.05.17 12:08:46 Вызван метод: user.current с параметрами: {"auth":"hnlklf0skjsyxtqm61m4cd64z4uhw3lb"} 
01.05.17 12:08:47 Вызван метод: crm.dealcategory.stage.list с параметрами: {"auth":"0ywotvlat33x5jydfad83f8tr166lddf"} 
01.05.17 12:08:48 Вызван метод: user.get с параметрами: {"auth":"mw15fmubkqymyqn69e8xcpq1b5rmvczy"} 
01.05.17 12:09:18 Вызван метод: user.current с параметрами: {"auth":"edno42f2hz15y8h15lfjy0t20wi1f2o2"} 
01.05.17 12:09:19 Вызван метод: crm.dealcategory.stage.list с параметрами: {"auth":"ezt6cbv46asqpcryaw0v3irgimpjys1o"} 
01.05.17 12:09:20 Вызван метод: user.get с параметрами: {"auth":"hy38uekewlntamt202xzrnnmbfimdz21"} 
01.05.17 12:10:03 Вызван метод: user.current с параметрами: {"auth":"z210c3d2du7aye3yyyd0jxaebk90n48u"} 
01.05.17 12:10:04 Вызван метод: crm.dealcategory.stage.list с параметрами: {"auth":"mikuyggkp36kxmy9mjagsm62py182asq"} 
01.05.17 12:10:05 Вызван метод: user.get с параметрами: {"auth":"27rm5p955wof1hekce5qj81zdlxj2sg6"} 
01.05.17 12:10:24 Вызван метод: user.current с параметрами: {"auth":"1xhap2wt1wcay642faqtlsyrl5r0blvy"} 
01.05.17 12:10:25 Вызван метод: crm.dealcategory.stage.list с параметрами: {"auth":"1q9wq8clwwrn2l5bomq28ud8m712zfju"} 
01.05.17 12:10:26 Вызван метод: user.get с параметрами: {"auth":"1wbdv1jh8c6xjnqqp6befixdnrlxglso"} 
01.05.17 12:13:36 Вызван метод: user.current с параметрами: {"auth":"f11jjd4apksvvev8b6sad19eyyar7gre"} 
01.05.17 12:13:37 Вызван метод: crm.dealcategory.stage.list с параметрами: {"auth":"1wnz73wm7xcf7if0u6qyksryhcbd0fwn"} 
01.05.17 12:13:38 Вызван метод: user.get с параметрами: {"auth":"8otbtvuv93k7dlobw6bnktl5vglktoth"} 
01.05.17 12:13:58 Вызван метод: user.current с параметрами: {"auth":"a9tklza65b3mibnlg52rqyjvdqbw97aw"} 
01.05.17 12:13:59 Вызван метод: crm.dealcategory.stage.list с параметрами: {"auth":"7x88f3f6x6b8igjg2e08gmjfkio5xuu1"} 
01.05.17 12:13:59 Вызван метод: user.get с параметрами: {"auth":"vmv49lv0sqnmzlyt8aif7y8o99tba3j5"} 
01.05.17 12:14:17 Вызван метод: user.current с параметрами: {"auth":"r2oxkqo9y00fcngx65rhjwzj3o1g6a0r"} 
01.05.17 12:14:18 Вызван метод: crm.dealcategory.stage.list с параметрами: {"auth":"rf2qqcroxfajzn9mg43w6j12jn0zoi1g"} 
01.05.17 12:14:19 Вызван метод: user.get с параметрами: {"auth":"t85v7k99nkbcga881h8rl19gxn8ymvzh"} 
01.05.17 12:25:28 Вызван метод: user.current с параметрами: {"auth":"jehbimaze7bz4wbxufmyqgdxpx23jwuj"} 
01.05.17 12:25:29 Вызван метод: crm.dealcategory.stage.list с параметрами: {"auth":"zhrlgccl2u39k61k43zo6lfzo2nn7jt1"} 
01.05.17 12:25:30 Вызван метод: user.get с параметрами: {"auth":"ymt11n9618kznweilip3n1k0d8ioiq6y"} 
01.05.17 19:56:28 Вызван метод: user.current с параметрами: {"auth":"jwcw8mlaraax0l6hjx1r8f2s0q9w1jhj"} 
01.05.17 19:56:29 Вызван метод: crm.dealcategory.stage.list с параметрами: {"auth":"nemiiktvuf12y3ws9n3v1qvwf66zu8hn"} 
01.05.17 19:56:30 Вызван метод: user.get с параметрами: {"auth":"uow3w7d4g20dsycuoprg1rh4nsks5en1"} 
01.05.17 20:00:38 Вызван метод: user.current с параметрами: {"auth":"wfkvq2xe4lshw27srnp8rpsqisjsvma1"} 
01.05.17 20:00:38 Вызван метод: crm.dealcategory.stage.list с параметрами: {"auth":"7udnzpltx7kdqb0qt4tchh0hm18gwbfu"} 
01.05.17 20:00:39 Вызван метод: user.get с параметрами: {"auth":"b1q7b6x8f0iob25fq1msyrtgu3hkgb9e"} 
01.05.17 20:00:58 Вызван метод: user.current с параметрами: {"auth":"pacaqsabj5hlo5tzvoohynpm3o978dm9"} 
01.05.17 20:00:58 Вызван метод: crm.dealcategory.stage.list с параметрами: {"auth":"na28k2az6wunx6aozfm0lv2aviv6y3ff"} 
01.05.17 20:00:59 Вызван метод: user.get с параметрами: {"auth":"3cb9xik4sctn04flhgneg9asxm4rbdnz"} 
01.05.17 20:01:30 Вызван метод: user.current с параметрами: {"auth":"3dw9vqa3oxlt1xa7iteacii1smlvp788"} 
01.05.17 20:01:31 Вызван метод: crm.dealcategory.stage.list с параметрами: {"auth":"hwk5ul8ganhlvycf07kse90iz3naqa54"} 
01.05.17 20:01:32 Вызван метод: user.get с параметрами: {"auth":"mfxlp1rtut1jetj9vueedjg255qi0x6q"} 
01.05.17 20:02:16 Вызван метод: user.current с параметрами: {"auth":"8lfp8n4o1pijbzmprmjgjh0cp475enmc"} 
01.05.17 20:02:17 Вызван метод: crm.dealcategory.stage.list с параметрами: {"auth":"dls7recocahyyb1xcvwkfnc908d4n1l3"} 
01.05.17 20:02:18 Вызван метод: user.get с параметрами: {"auth":"b1womoeqvetmcs7eh79ehtsi2saol1o3"} 
01.05.17 20:04:32 Вызван метод: user.current с параметрами: {"auth":"tg98eyfl6p66ap5xsfqldozwkdzq6ed8"} 
01.05.17 20:04:33 Вызван метод: crm.dealcategory.stage.list с параметрами: {"auth":"pdtdmz4obls66sgssbk0t80gtkomn7oz"} 
01.05.17 20:04:34 Вызван метод: user.get с параметрами: {"auth":"un6hltpndvap1jmd70qsiz6qg7e0wxw6"} 
01.05.17 20:04:59 Вызван метод: user.current с параметрами: {"auth":"6ezftoko0fuhjwu0ednyxsreok0ni13d"} 
01.05.17 20:05:00 Вызван метод: crm.dealcategory.stage.list с параметрами: {"auth":"7zpohqsvgb80x7oumuntu8ikwxc215mj"} 
01.05.17 20:05:01 Вызван метод: user.get с параметрами: {"auth":"5x8mhg3kv0ysdv2d10x0xgd7uktr4w02"} 
01.05.17 20:08:13 Вызван метод: user.current с параметрами: {"auth":"hj9updcx1571x9f1t8fj9qn06k7r4e09"} 
01.05.17 20:08:14 Вызван метод: crm.dealcategory.stage.list с параметрами: {"auth":"r5s3i3vtvphgjbnw6db08e7vdeh12aaa"} 
01.05.17 20:08:15 Вызван метод: user.get с параметрами: {"auth":"5ccujr773lerxhlqv8yuxclk7u18akvb"} 
01.05.17 20:08:21 Вызван метод: user.current с параметрами: {"auth":"hppyptmqytpp7qeiy1abesia465up3jx"} 
01.05.17 20:08:22 Вызван метод: crm.dealcategory.stage.list с параметрами: {"auth":"3a2vu864bvyqu12311ok7u3f11vj4007"} 
01.05.17 20:08:23 Вызван метод: user.get с параметрами: {"auth":"n96qm6wnx8xa1199p5x9gvue36wxtj0t"} 
01.05.17 20:08:50 Вызван метод: user.current с параметрами: {"auth":"dvykghifhv0jr6u2nwl61k39v99bvypo"} 
01.05.17 20:08:51 Вызван метод: crm.dealcategory.stage.list с параметрами: {"auth":"kbkaarjbfg4r40at4tj0a55phlo8d5oh"} 
01.05.17 20:08:52 Вызван метод: user.get с параметрами: {"auth":"tw0rmqz0kzfscc5hpq1q93ij65jbjkmh"} 
01.05.17 20:08:53 Вызван метод: user.current с параметрами: {"auth":"lmf9vqccvizuf4b6i6nu5j09inxcu30s"} 
01.05.17 20:08:54 Вызван метод: crm.dealcategory.stage.list с параметрами: {"auth":"m0qmqq7a4mbtd0ipl3sindybxvw03p1k"} 
01.05.17 20:08:55 Вызван метод: user.get с параметрами: {"auth":"fakyp663rkbfansbhbh6k1y5l4wz7b49"} 
01.05.17 20:08:57 Вызван метод: user.current с параметрами: {"auth":"1dsjnu0iblpibzv52ihk21rrr1mcomyc"} 
01.05.17 20:08:58 Вызван метод: crm.dealcategory.stage.list с параметрами: {"auth":"hxyijsha3r29h6o7b7nvmav8mzkb1kd6"} 
01.05.17 20:08:59 Вызван метод: user.get с параметрами: {"auth":"q3m9x3r335bpysuuusuch6bauw8y8v7o"} 
01.05.17 20:30:09 Вызван метод: user.current с параметрами: {"auth":"fg0x18imskxrd1hiw0u80ox89q553ea5"} 
01.05.17 20:30:14 Вызван метод: crm.dealcategory.stage.list с параметрами: {"auth":"asd7oyqki9vg96zwielhcotzs7ab9d67"} 
01.05.17 20:30:14 Вызван метод: user.get с параметрами: {"auth":"uhxa57irht7bj7j7gwyjgruj3ct9l2f5"} 
01.05.17 20:32:18 Вызван метод: user.current с параметрами: {"auth":"tkk15tt32nr897dwk9vt1gl6tdrz4ptp"} 
01.05.17 20:32:19 Вызван метод: crm.dealcategory.stage.list с параметрами: {"auth":"4bjy5jpiohtrkmsxv4om8zz7ctr2uy1a"} 
01.05.17 20:32:20 Вызван метод: user.get с параметрами: {"auth":"1w31zmi1trgbvg6qwthbmj0zccxx5da0"} 
01.05.17 20:32:22 Вызван метод: user.current с параметрами: {"auth":"lyp358maio7eo3vspnezd9i63y4fvtt6"} 
01.05.17 20:32:22 Вызван метод: crm.dealcategory.stage.list с параметрами: {"auth":"ymst7wwv6lligk6du7evuy613s2nu9vs"} 
01.05.17 20:32:23 Вызван метод: user.get с параметрами: {"auth":"emei0zs66d4zof0xpjjrm89sjj8211a7"} 
01.05.17 20:32:24 Вызван метод: user.current с параметрами: {"auth":"ivn867rik68zbns8k5pacmd2a8oyn8ne"} 
01.05.17 20:32:25 Вызван метод: crm.dealcategory.stage.list с параметрами: {"auth":"xpkjyd3kk75ok2bm5xl7q3amtdc8voqv"} 
01.05.17 20:32:26 Вызван метод: user.get с параметрами: {"auth":"5l5vn8rs3qd1l9ijlckyos56p8auxv53"} 
01.05.17 20:40:29 Вызван метод: user.current с параметрами: {"auth":"8q2budhjzbpcoqx74tpa32k4usqw9psx"} 
01.05.17 20:40:30 Вызван метод: crm.dealcategory.stage.list с параметрами: {"auth":"uwfyklcr5zxoka07bhmyw9936trolru1"} 
01.05.17 20:40:31 Вызван метод: user.get с параметрами: {"auth":"dr1bp6ef43gan92ap4yccgmzq10el1xj"} 
01.05.17 20:47:22 Вызван метод: user.current с параметрами: {"auth":"njb2b066td3lybnv7nmrvwtu2cfu323z"} 
01.05.17 20:47:23 Вызван метод: crm.dealcategory.stage.list с параметрами: {"auth":"1vboozcm355iqeakfkgsvwhmnk1ypweh"} 
01.05.17 20:47:24 Вызван метод: user.get с параметрами: {"auth":"sjd1dom9yrt0wxqvtrzye6zjsgtxvhsr"} 
01.05.17 21:02:04 Вызван метод: user.current с параметрами: {"auth":"7mbop4cc91c1htmspil4vghgci7helqm"} 
01.05.17 21:02:05 Вызван метод: crm.dealcategory.stage.list с параметрами: {"auth":"iyk5qqc4mkbas8oz700rax9jctu0awz9"} 
01.05.17 21:02:06 Вызван метод: user.get с параметрами: {"auth":"5c3xncj7u19taybv4w48qgcp538xbc1i"} 
01.05.17 21:34:05 Вызван метод: user.current с параметрами: {"auth":"rqtfie1zynijhw2iydvckdgffqhjy6gr"} 
01.05.17 21:34:06 Вызван метод: crm.dealcategory.stage.list с параметрами: {"auth":"18qc2y7c8t3kad19npwyt5l1erruqdub"} 
01.05.17 21:34:07 Вызван метод: user.get с параметрами: {"auth":"6mptivcf5y289jgugi010uh5wbx8zzk0"} 
01.05.17 21:34:22 Вызван метод: user.current с параметрами: {"auth":"mfmdmk6pk5r4wq2ciq01xte01e7gh31t"} 
01.05.17 21:34:22 Вызван метод: crm.dealcategory.stage.list с параметрами: {"auth":"2b52ulhajiiewczaw2eujxbe9kupmjyx"} 
01.05.17 21:34:23 Вызван метод: user.get с параметрами: {"auth":"llhfg89315budnkvmqpa18gsunlymmko"} 
01.05.17 21:35:44 Вызван метод: user.current с параметрами: {"auth":"534q5fz1t1t6y7xikbwy1d8v2voc3fiv"} 
01.05.17 21:35:44 Вызван метод: crm.dealcategory.stage.list с параметрами: {"auth":"oty6n78o17p2zfg2h9pgzuyovmemenx4"} 
01.05.17 21:35:45 Вызван метод: user.get с параметрами: {"auth":"pt3jptgdxn3grcfc5dc8nwvw0kwp918c"} 
01.05.17 21:36:29 Вызван метод: user.current с параметрами: {"auth":"7wjpfkid1ia3eapjzplt5nok6sl12iqy"} 
01.05.17 21:36:30 Вызван метод: crm.dealcategory.stage.list с параметрами: {"auth":"zdsefbwcfkcxlzgq2488kg2ty7damowv"} 
01.05.17 21:36:30 Вызван метод: user.get с параметрами: {"auth":"2kvmuazs51rpr85kqj618xcwpngyrohe"} 
01.05.17 21:37:07 Вызван метод: user.current с параметрами: {"auth":"qeqeh1vtbmbru21r1sjdy696q743h4ox"} 
01.05.17 21:37:08 Вызван метод: crm.dealcategory.stage.list с параметрами: {"auth":"r3k4io7a8emojav62sex4k8bgoy8u6sw"} 
01.05.17 21:37:09 Вызван метод: user.get с параметрами: {"auth":"mf04hikfw7tzu65hshdg2fgxhnc6m8h5"} 
01.05.17 21:37:51 Вызван метод: user.current с параметрами: {"auth":"6t8zs8qoyboqzg3x0m2czqrtp8hnxtqc"} 
01.05.17 21:37:52 Вызван метод: crm.dealcategory.stage.list с параметрами: {"auth":"km7xey5xrjs6b544j4awe4mgin3em0rr"} 
01.05.17 21:37:53 Вызван метод: user.get с параметрами: {"auth":"ey6ds2sj21uxobg7365w7tv1fn01kuwx"} 
01.05.17 21:38:23 Вызван метод: user.current с параметрами: {"auth":"whl8wk7hdgt93p6fubtqbsuf3ho7mefx"} 
01.05.17 21:38:24 Вызван метод: crm.dealcategory.stage.list с параметрами: {"auth":"zpy7noykwrzx6j47njqf5ehoe6ol8k4j"} 
01.05.17 21:38:25 Вызван метод: user.get с параметрами: {"auth":"fvnn2i1ah9msn8igrackse8jrko4jm94"} 
01.05.17 21:43:36 Вызван метод: user.current с параметрами: {"auth":"b8az28f6xoazvz2f14spnlx1dkudhpkv"} 
01.05.17 21:43:37 Вызван метод: crm.dealcategory.stage.list с параметрами: {"auth":"3j0x0qwbrof2kzdst7oiaewg8suu2mjk"} 
01.05.17 21:43:37 Вызван метод: user.get с параметрами: {"auth":"0i6c3ifkn9q9ut587xlro0g3ivvmhocj"} 
01.05.17 21:45:22 Вызван метод: user.current с параметрами: {"auth":"flk0fbi636yo0zzuqcwl6kwnctroxkr3"} 
01.05.17 21:45:23 Вызван метод: crm.dealcategory.stage.list с параметрами: {"auth":"ub9w3vekwrq4f13xg08ol4iay0eycn1p"} 
01.05.17 21:45:24 Вызван метод: user.get с параметрами: {"auth":"kzqg1q3qz3762hi7hse0bexufzrbmd0s"} 
01.05.17 21:45:29 Вызван метод: user.current с параметрами: {"auth":"fk9nmjgdigj0ade5grtvrdlp3lzv3t1z"} 
01.05.17 21:45:30 Вызван метод: crm.dealcategory.stage.list с параметрами: {"auth":"w1puh391t5hb45pwnit6tn9os8h1or6c"} 
01.05.17 21:45:31 Вызван метод: user.get с параметрами: {"auth":"4x6qob32b6ccn1ak2uku0s3wc39yl72y"} 
01.05.17 21:45:34 Вызван метод: user.current с параметрами: {"auth":"vxf6zsrauq4j89957hr5vfwa7igumbrx"} 
01.05.17 21:45:35 Вызван метод: crm.dealcategory.stage.list с параметрами: {"auth":"04jefrpq042vnezk5dzgk62rhtn82ul2"} 
01.05.17 21:45:36 Вызван метод: user.get с параметрами: {"auth":"lke2gtp913lcqh7s0moszy866zqh0hw0"} 
01.05.17 21:46:10 Вызван метод: user.current с параметрами: {"auth":"oo26dntvyuz1n8crurrtj657vdyr2x6b"} 
01.05.17 21:46:11 Вызван метод: crm.dealcategory.stage.list с параметрами: {"auth":"qh0rarpnjz7279qok4i3u6am8az14l09"} 
01.05.17 21:46:12 Вызван метод: user.get с параметрами: {"auth":"w9rgj9w95lzynm4dtls41gz4hh7zzfya"} 
01.05.17 21:46:16 Вызван метод: user.current с параметрами: {"auth":"0g5huef66pgy0tonawd81fbgmtvoc60g"} 
01.05.17 21:46:17 Вызван метод: crm.dealcategory.stage.list с параметрами: {"auth":"4evp1vxcieraropkgw9p51bfwbnye8nn"} 
01.05.17 21:46:18 Вызван метод: user.get с параметрами: {"auth":"4itndowvs6kn06wye4rhiu91lz9mokp3"} 
01.05.17 21:47:57 Вызван метод: user.current с параметрами: {"auth":"oy1lrkufv9okm33grjji4h8kklf9ka4c"} 
01.05.17 21:47:58 Вызван метод: crm.dealcategory.stage.list с параметрами: {"auth":"is1i3u4oqhcilqv6xs4j39dojomd9gda"} 
01.05.17 21:47:59 Вызван метод: user.get с параметрами: {"auth":"2ycp1emhghbqq7c66kzvn81fb1n1anfc"} 
01.05.17 21:48:28 Вызван метод: user.current с параметрами: {"auth":"bsvb6o7ohs4h3t9u75xj4uijbohpc7lf"} 
01.05.17 21:48:29 Вызван метод: crm.dealcategory.stage.list с параметрами: {"auth":"rpeorb3vm1fodruqx8zcj39it315u7sk"} 
01.05.17 21:48:30 Вызван метод: user.get с параметрами: {"auth":"31uyyu7zh0olv1kl4xqzvkfu4tgh7kbi"} 
01.05.17 21:48:40 Вызван метод: user.current с параметрами: {"auth":"1md8cxmulg0phnipl47feti4d908yai7"} 
01.05.17 21:48:41 Вызван метод: crm.dealcategory.stage.list с параметрами: {"auth":"56gy7b7trq2400iksiuwyuqq1d0w3id1"} 
01.05.17 21:48:42 Вызван метод: user.get с параметрами: {"auth":"zujyrextz0jhhhdwvkehk2rco73fwrs2"} 
01.05.17 21:48:55 Вызван метод: user.current с параметрами: {"auth":"84nxpa0ks38e357d92n0ub0adlm89y90"} 
01.05.17 21:48:55 Вызван метод: crm.dealcategory.stage.list с параметрами: {"auth":"c36x571r5w0wrplaojrjtdkeay1d7fek"} 
01.05.17 21:48:56 Вызван метод: user.get с параметрами: {"auth":"v82rsl2m1a7rzmqmrclxntj5bkmfsyex"} 
01.05.17 22:15:56 Вызван метод: user.current с параметрами: {"auth":"f63ggn8s0l8kuipaj8t9u18hk7avrv2x"} 
01.05.17 22:15:57 Вызван метод: crm.dealcategory.stage.list с параметрами: {"auth":"gs5rhbm8jybh00zxhzei9la1ag56yxk7"} 
01.05.17 22:15:57 Вызван метод: user.get с параметрами: {"auth":"dr56ujpc0s5ygdyay2fr3m24i4wotajx"} 
01.05.17 22:16:37 Вызван метод: user.current с параметрами: {"auth":"ogtvmhpnhe1gly53xmof6puevfd1gk06"} 
01.05.17 22:16:38 Вызван метод: crm.dealcategory.stage.list с параметрами: {"auth":"6mp3pqg6p61mqp0b8m086chgtbidxjxd"} 
01.05.17 22:16:39 Вызван метод: user.get с параметрами: {"auth":"1ni3cyrsurglul0ug85ee4st6klsgzjk"} 
01.05.17 22:16:56 Вызван метод: user.current с параметрами: {"auth":"p1wji84m0vldf554czkcdaxpatwxmpgi"} 
01.05.17 22:16:57 Вызван метод: crm.dealcategory.stage.list с параметрами: {"auth":"c2e6irvl887l3w3f1agms4nv0fcwmdha"} 
01.05.17 22:16:58 Вызван метод: user.get с параметрами: {"auth":"h61wi3n2fg1lc64oo6xu6cie9uzgzm71"} 
01.05.17 22:18:23 Вызван метод: user.current с параметрами: {"auth":"yq7wwn2qv5gq6rmg5s0r3cdsocd35rdk"} 
01.05.17 22:18:24 Вызван метод: crm.dealcategory.stage.list с параметрами: {"auth":"ls42sy8uh0z7h9rorl9lvczgqtmfvxf7"} 
01.05.17 22:18:25 Вызван метод: user.get с параметрами: {"auth":"2t4oi8te16azu7v0pc8egstgt5hopuau"} 
01.05.17 23:31:01 Вызван метод: event.get с параметрами: {"auth":"e1tx7206w4ykaek0m94tooukqnf3id59"} 
01.05.17 23:31:20 Вызван метод: event.get с параметрами: {"auth":"kmufil0kwznc79fqxdtnj5it10vmv4u0"} 
01.05.17 23:33:25 Вызван метод: event.get с параметрами: {"auth":"ihv28rujkjj3alukpd3h0z0pab10yntf"} 
01.05.17 23:33:25 Вызван метод: event.unbind с параметрами: {"auth":"ihv28rujkjj3alukpd3h0z0pab10yntf","event":"onCrmDealAdd","handler":"https:\/\/fishdayprod.ru\/kilkawidgets\/stadia\/testGetDeal.php"} 
01.05.17 23:33:30 Вызван метод: event.get с параметрами: {"auth":"gq6jy9v512wlseaah76pwt4zcw5akvbw"} 
01.05.17 23:33:31 Вызван метод: event.unbind с параметрами: {"auth":"gq6jy9v512wlseaah76pwt4zcw5akvbw","event":"onCrmDealAdd","handler":"https:\/\/fishdayprod.ru\/kilkawidgets\/stadia\/testGetDeal.php"} 
01.05.17 23:33:48 Вызван метод: event.get с параметрами: {"auth":"1ltq32ekj7fq4y1hgiioaafepzhwktgv"} 
01.05.17 23:33:48 Вызван метод: event.unbind с параметрами: {"auth":"1ltq32ekj7fq4y1hgiioaafepzhwktgv","event":"onCrmDealAdd","handler":"https:\/\/fishdayprod.ru\/kilkawidgets\/stadia\/testGetDeal.php"} 
01.05.17 23:36:58 Вызван метод: event.get с параметрами: {"auth":"p83v9ootzvgdxscs27ulklrpil9l0isp"} 
01.05.17 23:36:59 Вызван метод: event.bind с параметрами: {"auth":"p83v9ootzvgdxscs27ulklrpil9l0isp","event":"onCrmDealAdd","handler":"https:\/\/fishdayprod.ru\/kilkawidgets\/stadia\/testGetDeal.php"} 
01.05.17 23:37:00 Вызван метод: event.bind с параметрами: {"auth":"p83v9ootzvgdxscs27ulklrpil9l0isp","event":"onCrmDealUpdate","handler":"https:\/\/fishdayprod.ru\/kilkawidgets\/stadia\/testGetDeal.php"} 
01.05.17 23:37:02 Вызван метод: event.get с параметрами: {"auth":"1t6pol8efbrjb9xjv2jib8zxgz080vl1"} 
01.05.17 23:37:03 ОШИБКА: ERROR_CORE(Unable to set event handler: Handler already binded) 
01.05.17 23:37:05 ОШИБКА: ERROR_CORE(Unable to set event handler: Handler already binded) 
01.05.17 23:37:05 Вызван метод: event.get с параметрами: {"auth":"35baibxk16xi82ffigbhgi1t3dy5t7mb"} 
01.05.17 23:37:07 ОШИБКА: ERROR_CORE(Unable to set event handler: Handler already binded) 
01.05.17 23:37:08 ОШИБКА: ERROR_CORE(Unable to set event handler: Handler already binded) 
01.05.17 23:54:54 Вызван метод: user.current с параметрами: {"auth":"lez357hd0x24tlevckcfy92bbu0vl6ik"} 
01.05.17 23:54:55 Вызван метод: crm.dealcategory.stage.list с параметрами: {"auth":"xbgtp1leh40g239xtvie581qpnqhj9lb"} 
01.05.17 23:54:56 Вызван метод: user.get с параметрами: {"auth":"wdvjh6a7ouyx53bbjdrivjfgikayk3p7"} 
