30.04.17 00:01:23 Вызван метод: user.current с параметрами: {"auth":"dhxnyatr1fjrw1rou1vjeie68atb4jz5"} 
30.04.17 00:19:27 Вызван метод: crm.deal.list с параметрами: {"auth":"9m1kzxkac7l88n0417uvmx0m8pfbi8ld","filter":{">PROBABILITY":50},"select":["ID","TITLE","STAGE_ID","PROBABILITY","OPPORTUNITY","CURRENCY_ID"]} 
30.04.17 00:19:43 Вызван метод: crm.deal.list с параметрами: {"auth":"b444z1ncokw99k5tluxglqktbwducgkz","select":["ID","TITLE","STAGE_ID","PROBABILITY","OPPORTUNITY","CURRENCY_ID"]} 
30.04.17 09:23:43 Вызван метод: user.current с параметрами: {"auth":"3wi5tv04e7g4xobrgmtwqpe58x5h9w02"} 
30.04.17 09:23:47 Вызван метод: crm.deal.list с параметрами: {"auth":"f83m7wtay9jcglzp4inw1srhrk4cfd6l","select":["ID","TITLE","STAGE_ID","PROBABILITY","OPPORTUNITY","CURRENCY_ID"]} 
30.04.17 09:29:41 Вызван метод: crm.deal.productrows.get с параметрами: {"auth":"10mkrm4qbvvpw16xipmso62e2fzp0av1","id":2} 
30.04.17 09:50:02 Вызван метод: crm.deal.productrows.get с параметрами: {"auth":"p6pr6qcix7j8ynvxrz3lm0sjluwdkmpy","id":2} 
30.04.17 09:50:17 Вызван метод: crm.deal.productrows.get с параметрами: {"auth":"p3idondx97y1nb0yr8lmshkmlzh7rkwj","id":2} 
30.04.17 09:51:05 Вызван метод: crm.deal.productrows.get с параметрами: {"auth":"prh8a4u54g2s589d1jwkurl0zb3o8v7l","id":2} 
30.04.17 09:54:58 Вызван метод: crm.deal.productrows.get с параметрами: {"auth":"nn9e6jh7hkr60hf63wa3fvhihriq8ydn","id":2} 
30.04.17 09:55:21 Вызван метод: crm.deal.fields с параметрами: {"auth":"iqxj6gonx7pzfr3rz7to77b2fyd0zo5x"} 
30.04.17 09:56:30 Вызван метод: crm.deal.fields с параметрами: {"auth":"62qgb5m86cs4rgfbuyl36xp7xtrpca0o"} 
30.04.17 10:01:31 Вызван метод: crm.deal.fields с параметрами: {"auth":"8d5o21bm2z7a0voho1f577o07ycqy03e"} 
30.04.17 10:07:42 Вызван метод: crm.dealcategory.stage.list с параметрами: {"auth":"i6oge0899n50b8oghm6hemyvvk3bi4yh"} 
30.04.17 10:17:50 Вызван метод: user.current с параметрами: {"auth":"e7ee7iutm57mc27gqctzhxcttuh4plil"} 
30.04.17 10:20:56 Вызван метод: user.current с параметрами: {"auth":"atv3b0dea0hlcfdurchboeq39yn4jykv"} 
30.04.17 10:20:57 Вызван метод: crm.dealcategory.stage.list с параметрами: {"auth":"mzn8lo7yu8q4nzto1au3iro5r153m7k6"} 
30.04.17 10:25:18 Вызван метод: user.current с параметрами: {"auth":"sxp29lz6ur2kgfc84182bv4m6ew44xc4"} 
30.04.17 10:25:19 Вызван метод: crm.dealcategory.stage.list с параметрами: {"auth":"yfj24tbo0jl2oyicpm6ad8l8628j8db8"} 
30.04.17 10:34:51 Вызван метод: user.current с параметрами: {"auth":"ziy67778armxn17ggniu563apw9uxn46"} 
30.04.17 10:34:51 Вызван метод: crm.dealcategory.stage.list с параметрами: {"auth":"ou0lrfx3b1bzh08s98qvqusmzf7rkq62"} 
30.04.17 10:35:01 Вызван метод: user.get с параметрами: {"auth":"w5pe04lwj97s0wpr5q45bcd8i4y9jrpc"} 
30.04.17 10:36:30 Вызван метод: user.current с параметрами: {"auth":"4idigavad2suqzi52a23y9rzkteecv4z"} 
30.04.17 10:36:31 Вызван метод: crm.dealcategory.stage.list с параметрами: {"auth":"ui8d06qt7yku02mtvigozrxuyp75el0b"} 
30.04.17 10:36:32 Вызван метод: user.get с параметрами: {"auth":"yb2wpfprvz1li7p4uuwkxvu9cq6fz2p8"} 
30.04.17 10:40:11 Вызван метод: user.current с параметрами: {"auth":"ul2yqkdtnh91tkxawyuc2kb1vjqw81ff"} 
30.04.17 10:40:12 Вызван метод: crm.dealcategory.stage.list с параметрами: {"auth":"hlbgkfef02r88af07rv9szn0pj85xm7w"} 
30.04.17 10:40:12 Вызван метод: user.get с параметрами: {"auth":"gfal49qkzf6fqx7gmazst3kz9nhsdc38"} 
30.04.17 10:42:15 Вызван метод: user.current с параметрами: {"auth":"lhz2014iwvsxfaarjizz9w89ip4xnjhd"} 
30.04.17 10:42:16 Вызван метод: crm.dealcategory.stage.list с параметрами: {"auth":"mp3voej3byc99eles3cqfvqu869rf0hk"} 
30.04.17 10:42:16 Вызван метод: user.get с параметрами: {"auth":"xthmyj2nk793w4ruf1ztoogeeb35u5vu"} 
30.04.17 10:42:38 Вызван метод: user.current с параметрами: {"auth":"st58kibv3j2sdgl8f02av16popyks4kf"} 
30.04.17 10:42:38 Вызван метод: crm.dealcategory.stage.list с параметрами: {"auth":"almfh9lm83tbyjrc9h1i9cgydr6x1of0"} 
30.04.17 10:42:39 Вызван метод: user.get с параметрами: {"auth":"yeokvcj5pdphy4k09yiqflrmdvu0xk98"} 
30.04.17 10:42:51 Вызван метод: user.current с параметрами: {"auth":"2fxqd8ihf1w2wzoe59ol6e9k166krzil"} 
30.04.17 10:42:52 Вызван метод: crm.dealcategory.stage.list с параметрами: {"auth":"lgx0bujlxm531pb04tlm3ha4mgueupv8"} 
30.04.17 10:42:52 Вызван метод: user.get с параметрами: {"auth":"9nb2ql7pbfuelh25ecimpgktpqfec8zc"} 
30.04.17 10:43:10 Вызван метод: user.current с параметрами: {"auth":"73fwppds2xv8r1uti2mevi98kz02x807"} 
30.04.17 10:43:11 Вызван метод: crm.dealcategory.stage.list с параметрами: {"auth":"dypdg3hl77tfqqs1k7x7s7rpa873vdlv"} 
30.04.17 10:43:12 Вызван метод: user.get с параметрами: {"auth":"wrz5buumdsbhwcc2xk9rpas6z050nmhi"} 
30.04.17 10:49:22 Вызван метод: user.current с параметрами: {"auth":"flifqc7ymyxgr2hg178nnp6zv678qa10"} 
30.04.17 10:49:23 Вызван метод: crm.dealcategory.stage.list с параметрами: {"auth":"voqlr0gk8mliybikvmkywrocrhnlueha"} 
30.04.17 10:49:24 Вызван метод: user.get с параметрами: {"auth":"w0ot0rl3opxcdn7rv0id3iqy6reup753"} 
30.04.17 10:50:24 Вызван метод: user.current с параметрами: {"auth":"7l23uoi160me2l1j4i59q4aj22ye7g0y"} 
30.04.17 10:50:24 Вызван метод: crm.dealcategory.stage.list с параметрами: {"auth":"cdq4rtbugzqk9v9hehlhbjr4w88i4rk4"} 
30.04.17 10:50:25 Вызван метод: user.get с параметрами: {"auth":"8915ttm9g5ncxu3mziwprg8h8sraeypg"} 
30.04.17 14:17:00 Вызван метод: user.current с параметрами: {"auth":"olwusgmm9hwesie7d0t0e9i5ic2uaz5i"} 
30.04.17 14:17:01 Вызван метод: crm.dealcategory.stage.list с параметрами: {"auth":"oalkglu5lahhze3oqpdpj1f7mzuej8p1"} 
30.04.17 14:17:02 Вызван метод: user.get с параметрами: {"auth":"3w0m8r9vqqjmrsojlm7242h8czyeced9"} 
30.04.17 14:31:04 Вызван метод: user.current с параметрами: {"auth":"7f5dx2fcg8pu92kb7nbbcyou3sqm2mfw"} 
30.04.17 14:31:05 Вызван метод: crm.dealcategory.stage.list с параметрами: {"auth":"4nae0d2xkl7pzhab3314kekdzmqhzf5g"} 
30.04.17 14:31:06 Вызван метод: user.get с параметрами: {"auth":"notcteu88qyuykbgqwog2wfx64u5wqml"} 
30.04.17 14:41:49 Вызван метод: user.current с параметрами: {"auth":"v4ngta4578v7u6ilcnd7ibhkq2tt13hp"} 
30.04.17 14:41:50 Вызван метод: crm.dealcategory.stage.list с параметрами: {"auth":"rp8ke7r0dyl0n87bngnmfq2ip7pegzfv"} 
30.04.17 14:41:51 Вызван метод: user.get с параметрами: {"auth":"11pr6nk92a9luoxw5jedc15yue7cv20b"} 
30.04.17 18:31:00 Вызван метод: user.current с параметрами: {"auth":"ivqg7o02cnde2cy78sgcy7evmru4zhm7"} 
30.04.17 18:31:00 Вызван метод: crm.dealcategory.stage.list с параметрами: {"auth":"4u0kr4gmnw53ev58ezltfxcimc4p5tj1"} 
30.04.17 18:31:01 Вызван метод: user.get с параметрами: {"auth":"p4twrb23m87v4og2eswgwz9925ouk205"} 
30.04.17 18:44:10 Вызван метод: user.current с параметрами: {"auth":"3xdcnezwe3r28agv1ofnmdcsncv2ij7c"} 
30.04.17 18:44:11 Вызван метод: crm.dealcategory.stage.list с параметрами: {"auth":"5t60ifd59gni2vxesq3kzoial0flt6bd"} 
30.04.17 18:44:11 Вызван метод: user.get с параметрами: {"auth":"qpbg4uafatvf2fuxyonuj70vz3tdtl7h"} 
30.04.17 18:44:52 Вызван метод: user.current с параметрами: {"auth":"qwtyx31g3nfmr4ajgotd9yus3oc83z6p"} 
30.04.17 18:44:53 Вызван метод: crm.dealcategory.stage.list с параметрами: {"auth":"dcmiyk3ks4qtqnsz922a7curp4ftgkf7"} 
30.04.17 18:44:54 Вызван метод: user.get с параметрами: {"auth":"46flvulu1e9zb5kxg6vahv352p0tb8ls"} 
