03.04.17 08:49:47 ОШИБКА: User authorization failed: invalid access_token (4). 
03.04.17 08:49:47 ОШИБКА: У пользователя неправильный токен 
03.04.17 08:59:45 Вызван метод: user.current с параметрами: {"auth":"4awe7rysgal902cmrxx7k7ggo5akjykl"} 
03.04.17 08:59:48 Вызван метод: user.current с параметрами: {"auth":"tl1l8ojtn7sqh0z6bbt619gtfptpejvm"} 
03.04.17 08:59:48 Пользователь залогинился 
03.04.17 09:00:11 Вызван метод batch для добавления лидов, параметры: ["crm.lead.add?fields%5BTITLE%5D=%D0%A1%D0%B5%D0%BC%D0%B5%D0%BD+%D0%9F%D1%80%D0%BE%D0%B2%D0%B5%D1%80%D0%BE%D1%87%D0%BD%D1%8B%D0%B9+%5B%D0%9B%D0%B8%D0%B4+%D0%B8%D0%B7+%D0%B2%D0%BA%D0%BE%D0%BD%D1%82%D0%B0%D0%BA%D1%82%D0%B5%5D&fields%5BNAME%5D=%D0%A1%D0%B5%D0%BC%D0%B5%D0%BD&fields%5BLAST_NAME%5D=%D0%9F%D1%80%D0%BE%D0%B2%D0%B5%D1%80%D0%BE%D1%87%D0%BD%D1%8B%D0%B9&fields%5BCOMMENTS%5D=%3Cimg+src%3D%22https%3A%2F%2Fpp.userapi.com%2Fc638326%2Fv638326430%2F25341%2FbxdiUS4_w-8.jpg%22%3E&fields%5BSOURCE_ID%5D=VK+%D0%98%D0%9D%D0%A2%D0%95%D0%93%D0%A0%D0%90%D0%A6%D0%98%D0%AF&fields%5BSOURCE_DESCRIPTION%5D=https%3A%2F%2Fvk.com%2Fid356505430"] 
03.04.17 09:00:13 Было произведено пакетное добавление ЛИДОВ: {"result":{"result":[40],"result_error":[],"result_total":[],"result_next":[]}} 
03.04.17 09:00:13 Добавлен новый ЛИД, id: 40 
03.04.17 09:01:31 Вызван метод: user.current с параметрами: {"auth":"6alzxwo8zhbqym2hlzmpen774nzkaewf"} 
03.04.17 09:01:32 Пользователь залогинился 
03.04.17 09:02:12 Вызван метод batch для добавления лидов, параметры: ["crm.lead.add?fields%5BTITLE%5D=%D0%A1%D0%B5%D0%BC%D0%B5%D0%BD+%D0%9F%D1%80%D0%BE%D0%B2%D0%B5%D1%80%D0%BE%D1%87%D0%BD%D1%8B%D0%B9+%5B%D0%9B%D0%B8%D0%B4+%D0%B8%D0%B7+%D0%B2%D0%BA%D0%BE%D0%BD%D1%82%D0%B0%D0%BA%D1%82%D0%B5%5D&fields%5BNAME%5D=%D0%A1%D0%B5%D0%BC%D0%B5%D0%BD&fields%5BLAST_NAME%5D=%D0%9F%D1%80%D0%BE%D0%B2%D0%B5%D1%80%D0%BE%D1%87%D0%BD%D1%8B%D0%B9&fields%5BCOMMENTS%5D=%3Cimg+src%3D%22https%3A%2F%2Fpp.userapi.com%2Fc638326%2Fv638326430%2F25341%2FbxdiUS4_w-8.jpg%22%3E&fields%5BSOURCE_ID%5D=VK+%D0%98%D0%9D%D0%A2%D0%95%D0%93%D0%A0%D0%90%D0%A6%D0%98%D0%AF&fields%5BSOURCE_DESCRIPTION%5D=https%3A%2F%2Fvk.com%2Fid356505430"] 
03.04.17 09:02:13 Было произведено пакетное добавление ЛИДОВ: {"result":{"result":[42],"result_error":[],"result_total":[],"result_next":[]}} 
03.04.17 09:02:13 Добавлен новый ЛИД, id: 42 
03.04.17 10:56:24 Пользователь залогинился 
03.04.17 14:42:34 Пользователь залогинился 
03.04.17 14:43:34 Вызван метод: user.current с параметрами: {"auth":"npfp5dl1itf9b4k51izdpo5zxjsykbm8"} 
03.04.17 14:43:34 Пользователь залогинился 
03.04.17 14:43:43 Вызван метод: user.current с параметрами: {"auth":"x2e7mrme0l1f7b9gghcpjqoyc1u7ganh"} 
03.04.17 14:43:43 Пользователь залогинился 
03.04.17 14:43:56 Вызван метод: user.current с параметрами: {"auth":"udhwr3bi9s2mcc7pt5rvrtzlpa9dja9o"} 
03.04.17 14:43:56 Пользователь залогинился 
