11.02.17 13:20:58 Пользователь залогинился 
11.02.17 13:21:42 Вызван метод: user.current 
11.02.17 13:21:42 Пользователь залогинился 
11.02.17 13:27:02 Вызван метод: user.currentс параметрами: Array 
11.02.17 13:27:02 Пользователь залогинился 
11.02.17 13:27:18 ОШИБКА: User authorization failed: invalid access_token (4). 
11.02.17 13:27:18 ОШИБКА: У пользователя неправильный токен 
11.02.17 13:27:21 Вызван метод: user.currentс параметрами: Array 
11.02.17 13:27:23 Вызван метод: user.currentс параметрами: Array 
11.02.17 13:27:23 Пользователь залогинился 
11.02.17 13:28:22 ОШИБКА: User authorization failed: invalid access_token (4). 
11.02.17 13:28:22 ОШИБКА: У пользователя неправильный токен 
11.02.17 13:28:25 Вызван метод: user.current с параметрами: {"auth":"d8b3rgmndj44f2lry32zznjtuqmi8fzl"} 
11.02.17 13:28:27 Вызван метод: user.current с параметрами: {"auth":"27h1r4hwgntvttq35jflreob8mtj0o5s"} 
11.02.17 13:28:27 Пользователь залогинился 
11.02.17 13:32:31 Вызван метод batch для добавлением лидов, параметры: ["crm.lead.add?fields%5BTITLE%5D=%D0%A1%D0%B5%D0%BC%D0%B5%D0%BD+%D0%9F%D1%80%D0%BE%D0%B2%D0%B5%D1%80%D0%BE%D1%87%D0%BD%D1%8B%D0%B9+%5B%D0%9B%D0%B8%D0%B4+%D0%B8%D0%B7+%D0%B2%D0%BA%D0%BE%D0%BD%D1%82%D0%B0%D0%BA%D1%82%D0%B5%5D&fields%5BNAME%5D=%D0%A1%D0%B5%D0%BC%D0%B5%D0%BD&fields%5BLAST_NAME%5D=%D0%9F%D1%80%D0%BE%D0%B2%D0%B5%D1%80%D0%BE%D1%87%D0%BD%D1%8B%D0%B9&fields%5BCOMMENTS%5D=%3Cimg+src%3D%22http%3A%2F%2Fvk.com%2Fimages%2Fcamera_200.png%22%3E&fields%5BSOURCE_ID%5D=VK+%D0%98%D0%9D%D0%A2%D0%95%D0%93%D0%A0%D0%90%D0%A6%D0%98%D0%AF&fields%5BSOURCE_DESCRIPTION%5D=https%3A%2F%2Fvk.com%2Fid356505430"] 
11.02.17 13:32:32 Было произведено пакетное добавление ЛИДОВ: {"result":{"result":[16],"result_error":[],"result_total":[],"result_next":[]}} 
11.02.17 13:32:32 Добавлен новый ЛИД, id: 16 
11.02.17 14:05:20 Вызван метод: user.current с параметрами: {"auth":"k7ppsq04mz6x9m9txr1i72nlnkvi5udi"} 
11.02.17 14:05:20 Пользователь залогинился 
11.02.17 14:05:59 Вызван метод batch для добавления лидов, параметры: ["crm.lead.add?fields%5BTITLE%5D=%D0%A1%D0%B5%D0%BC%D0%B5%D0%BD+%D0%9F%D1%80%D0%BE%D0%B2%D0%B5%D1%80%D0%BE%D1%87%D0%BD%D1%8B%D0%B9+%5B%D0%9B%D0%B8%D0%B4+%D0%B8%D0%B7+%D0%B2%D0%BA%D0%BE%D0%BD%D1%82%D0%B0%D0%BA%D1%82%D0%B5%5D&fields%5BNAME%5D=%D0%A1%D0%B5%D0%BC%D0%B5%D0%BD&fields%5BLAST_NAME%5D=%D0%9F%D1%80%D0%BE%D0%B2%D0%B5%D1%80%D0%BE%D1%87%D0%BD%D1%8B%D0%B9&fields%5BCOMMENTS%5D=%3Cimg+src%3D%22http%3A%2F%2Fvk.com%2Fimages%2Fcamera_200.png%22%3E&fields%5BSOURCE_ID%5D=VK+%D0%98%D0%9D%D0%A2%D0%95%D0%93%D0%A0%D0%90%D0%A6%D0%98%D0%AF&fields%5BSOURCE_DESCRIPTION%5D=https%3A%2F%2Fvk.com%2Fid356505430","crm.lead.add?fields%5BTITLE%5D=Hari+Seldon+%5B%D0%9B%D0%B8%D0%B4+%D0%B8%D0%B7+%D0%B2%D0%BA%D0%BE%D0%BD%D1%82%D0%B0%D0%BA%D1%82%D0%B5%5D&fields%5BNAME%5D=Hari&fields%5BLAST_NAME%5D=Seldon&fields%5BBIRTHDATE%5D=7.1.1994&fields%5BCOMMENTS%5D=%3Cimg+src%3D%22https%3A%2F%2Fpp.vk.me%2Fc636418%2Fv636418394%2F4b4ed%2FvDLB_4PfXDY.jpg%22%3E&fields%5BSOURCE_ID%5D=VK+%D0%98%D0%9D%D0%A2%D0%95%D0%93%D0%A0%D0%90%D0%A6%D0%98%D0%AF&fields%5BSOURCE_DESCRIPTION%5D=https%3A%2F%2Fvk.com%2Fid408926394"] 
11.02.17 14:05:59 Было произведено пакетное добавление ЛИДОВ: {"result":{"result":[18,20],"result_error":[],"result_total":[],"result_next":[]}} 
11.02.17 14:05:59 Добавлен новый ЛИД, id: 18 
11.02.17 14:05:59 Добавлен новый ЛИД, id: 20 
11.02.17 14:07:20 Вызван метод: user.current с параметрами: {"auth":"qe0xvvuysa6l8nx7h8igxp08ks7fhs4j"} 
11.02.17 14:07:20 Пользователь залогинился 
11.02.17 14:07:53 Вызван метод: user.current с параметрами: {"auth":"5sdgtl2t69ndz1y1dnf2xw8vfxqiicvd"} 
11.02.17 14:07:53 Пользователь залогинился 
11.02.17 14:11:42 Вызван метод: user.current с параметрами: {"auth":"mda6ie1zymyd03luv6m9m0smkp9v8pk3"} 
11.02.17 14:11:42 Пользователь залогинился 
